info|2019-12-18 02:55:59.890114|[INITIALIZER][initGlobalConfig],enableCompress=true,compatibilityVersion=2.1.0,versionNumber=33619968,chainId=1
info|2019-12-18 02:56:00.207421|[NETWORK][Host]Connecting to node,endpoint=127.0.0.1:30300
info|2019-12-18 02:56:00.207684|[NETWORK][Host]Connecting to node,endpoint=127.0.0.1:30301
info|2019-12-18 02:56:00.207766|[NETWORK][Host]Connecting to node,endpoint=127.0.0.1:30302
info|2019-12-18 02:56:00.207961|[NETWORK][Host]Connecting to node,endpoint=127.0.0.1:30303
info|2019-12-18 02:56:00.208022|[P2P][Service] heartBeat,connected count=0
info|2019-12-18 02:56:00.212491|[CHANNEL]ChannelRPCServer started
info|2019-12-18 02:56:00.212970|[INITIALIZER][RPCInitializer]ChannelRPCHttpServer started.
info|2019-12-18 02:56:00.213210|[LedgerInitializer],groupConfigPath=conf/
info|2019-12-18 02:56:00.213735|[INITIALIZER][initSingleLedger] [GroupId]:  1
info|2019-12-18 02:56:00.214170|[NETWORK][Host]P2P StartAccept,Host=0.0.0.0:30300
info|2019-12-18 02:56:00.215156|[NETWORK][ASIO]asyncResolveConnect,endpoint=127.0.0.1:30300
info|2019-12-18 02:56:00.215689|[NETWORK][ASIO]asyncResolveConnect,endpoint=127.0.0.1:30301
info|2019-12-18 02:56:00.215995|[NETWORK][ASIO]asyncResolveConnect,endpoint=127.0.0.1:30302
info|2019-12-18 02:56:00.216274|[NETWORK][ASIO]asyncResolveConnect,endpoint=127.0.0.1:30303
info|2019-12-18 02:56:00.217017|[NETWORK][Host]P2P Recv Connect, From=127.0.0.1:36912
info|2019-12-18 02:56:00.217158|[NETWORK][Host]P2P StartAccept,Host=0.0.0.0:30300
info|2019-12-18 02:56:00.226089|[g:1][LEDGER]LedgerConstructor,configPath=conf/group.1.genesis,baseDir=data//group1
info|2019-12-18 02:56:00.226236|[g:1][LEDGER][initGenesisConfig]initConsensusConfig/initDBConfig/initTxConfig,configFile=conf/group.1.genesis
info|2019-12-18 02:56:00.226610|[g:1][LEDGER][initConsensusConfig],it.first=95edd296a1b637d90acc7f7b0c99a233fc816f6a2bb84564c90f991b0d0766417de5e4025c78fd6918ad831178ee39c387e3ffc45bda061945d45e367660a209
info|2019-12-18 02:56:00.226718|[g:1][LEDGER][initConsensusConfig],it.first=493ace4fab92d0185d161d2091601fd0138eaff9538dc0461bb51097ebd4eab28e98f6432e4063239467cc37d96a1e1ace7a0e1ebb02a0c17ef726dc00a5a93b
info|2019-12-18 02:56:00.226903|[g:1][LEDGER][initConsensusConfig],it.first=d2f5130fbde32fe8ae68a12df7c51d3e16d8526eb2a54cfd864330987063242acdce510cf7b40823cd2d90b20776c4e2925757b25dea2a1995320eea155fefca
info|2019-12-18 02:56:00.227031|[g:1][LEDGER][initConsensusConfig],it.first=546baaf5b229fc2052feeaeddd778fbacc56bae0761f0713179899dfd87ec367186805dc44b2459507fcf2c7cbbcf0ef04b9bfcf0698236b3490848a83922697
info|2019-12-18 02:56:00.227219|[g:1][LEDGER][initIniConfig]initTxPoolConfig/initSyncConfig/initTxExecuteConfig,configFile=conf/group.1.ini
info|2019-12-18 02:56:00.227888|[g:1][LEDGER][initLedger][DBInitializer]
info|2019-12-18 02:56:00.228012|[g:1][DBINITIALIZER] [initRocksDBStorage]
info|2019-12-18 02:56:00.229067|[g:1][ROCKSDB]open rocksDB handler
info|2019-12-18 02:56:00.383276|[g:1][g:0][STORAGE][CachedStorage]Init flushStorage thread
info|2019-12-18 02:56:00.387833|[g:1][g:1][STORAGE][CachedStorage]CachedStorage commit: 4 hash: 2396c71454ab0ebabae85ebf0de677be06ddc43c771c6f30631a1b1d77350764 num: 0
info|2019-12-18 02:56:00.388518|[g:1][STORAGE]Submited block task: 0, current syncd block: 0
info|2019-12-18 02:56:00.393779|[g:1][BLOCKCHAIN][#checkAndBuildGenesisBlock]Insert the 0th block
info|2019-12-18 02:56:00.396533|[g:1][CONSENSUS][PBFT]Register handler for PBFTEngine
info|2019-12-18 02:56:00.397483|[STORAGE]Start commit block: 0 to backend storage
info|2019-12-18 02:56:00.405307|[g:1][CONSENSUS][PBFT],minBlockGenerationTime=500
info|2019-12-18 02:56:00.409254|[LedgerInitializer init group succ],groupID=1
info|2019-12-18 02:56:00.409742|[STORAGE][g:1]
---------------------------------------------------------------------
Commit block: 0 to backend storage finished, current cached block: 0
Flush elapsed time: 0.0127s
---------------------------------------------------------------------

info|2019-12-18 02:56:00.416235|[INITIALIZER][RPCInitializer]JsonrpcHttpServer started.
info|2019-12-18 02:56:00.416408|[g:1][LEDGER]startAll...
info|2019-12-18 02:56:00.419820|[g:1][CONSENSUS][PBFT]^^^^^^^^Report,num=0,sealerIdx=0,hash=2396c714...,next=1,tx=0,nodeIdx=2
info|2019-12-18 02:56:00.440917|[g:1][CONSENSUS][PBFT][PBFT init env successfully]
info|2019-12-18 02:56:00.441144|[g:1][CONSENSUS][ConsensusEngine][Start ConsensusEngineBase]
info|2019-12-18 02:56:00.446856|[g:1][CONSENSUS][PBFT][Start PBFTEngine...]
info|2019-12-18 02:56:00.446895|[g:1][CONSENSUS][SEALER][Start sealer module]
info|2019-12-18 02:56:00.447298|[g:1][CONSENSUS][PBFT]^^^^^^^^Report,num=0,sealerIdx=0,hash=2396c714...,next=1,tx=0,nodeIdx=2
info|2019-12-18 02:56:00.454852|[g:1][EVENT][EventLogFilterManager]start,m_maxBlockRange=0,m_maxBlockPerLoopFilter=3
info|2019-12-18 02:56:00.539814|[NETWORK][Host]startPeerSession, From=127.0.0.1:36912,nodeID=95edd296...
info|2019-12-18 02:56:00.558525|[NETWORK][Host]startPeerSession, From=127.0.0.1:30300,nodeID=95edd296...
info|2019-12-18 02:56:00.560063|[NETWORK][Host]startPeerSession, From=127.0.0.1:30302,nodeID=d2f5130f...
info|2019-12-18 02:56:00.560929|[P2P][Service] Connection established,nodeID=493ace4f...,endpoint=127.0.0.1:30301
info|2019-12-18 02:56:00.561325|[NETWORK][Host]startPeerSession, From=127.0.0.1:30301,nodeID=493ace4f...
info|2019-12-18 02:56:00.561877|[P2P][Service] Connection established,nodeID=d2f5130f...,endpoint=127.0.0.1:30302
info|2019-12-18 02:56:00.573114|[NETWORK][Host]startPeerSession, From=127.0.0.1:30303,nodeID=546baaf5...
info|2019-12-18 02:56:00.575205|[P2P][Service] Connection established,nodeID=546baaf5...,endpoint=127.0.0.1:30303
warning|2019-12-18 02:56:00.604139|[SYNC][id:95edd296...][Status]Peer data not found,nodeId=d2f5130f...
warning|2019-12-18 02:56:00.625932|[SYNC][id:95edd296...][Status]Peer data not found,nodeId=546baaf5...
warning|2019-12-18 02:56:00.637534|[SYNC][id:95edd296...][Status]Peer data not found,nodeId=493ace4f...
info|2019-12-18 02:56:01.444558|[g:1][CONSENSUS]addRawPrepare,height=1,reqIdx=0,hash=6fe30463...
info|2019-12-18 02:56:01.453380|[g:1][CONSENSUS][PBFT]checkTimeout Succ,view=0,toView=1,nodeIdx=2,changeCycle=0,myNode=95edd296...,timecost=2.983
info|2019-12-18 02:56:01.531772|[g:1][CONSENSUS][PBFT]checkAndChangeView: Reach consensus,org_view=0,org_changeCycle=0,cur_changeCycle=0,to_view=1
info|2019-12-18 02:56:02.543545|[g:1][CONSENSUS]addRawPrepare,height=1,reqIdx=1,hash=9f801824...
info|2019-12-18 02:56:02.566829|[g:1][CONSENSUS][PBFT]checkTimeout Succ,view=1,toView=2,nodeIdx=2,changeCycle=0,myNode=95edd296...,timecost=20.797
info|2019-12-18 02:56:02.577808|[g:1][CONSENSUS][PBFT]checkAndChangeView: Reach consensus,org_view=1,org_changeCycle=0,cur_changeCycle=0,to_view=2
info|2019-12-18 02:56:03.578759|[g:1][CONSENSUS][SEALER]++++++++++++++++ Generating seal on,blkNum=1,tx=0,nodeIdx=2,hash=476209d1...
info|2019-12-18 02:56:03.588851|[g:1][CONSENSUS][PBFT]checkTimeout Succ,view=2,toView=3,nodeIdx=2,changeCycle=0,myNode=95edd296...,timecost=0.704
info|2019-12-18 02:56:03.613355|[g:1][CONSENSUS][PBFT]checkAndChangeView: Reach consensus,org_view=2,org_changeCycle=0,cur_changeCycle=0,to_view=3
info|2019-12-18 02:56:04.690057|[g:1][CONSENSUS]addRawPrepare,height=1,reqIdx=3,hash=ef7a8a31...
info|2019-12-18 02:56:04.700603|[g:1][CONSENSUS][PBFT]checkTimeout Succ,view=3,toView=4,nodeIdx=2,changeCycle=0,myNode=95edd296...,timecost=2.802
info|2019-12-18 02:56:04.723324|[g:1][CONSENSUS][PBFT]checkAndChangeView: Reach consensus,org_view=3,org_changeCycle=0,cur_changeCycle=0,to_view=4
info|2019-12-18 02:56:05.742277|[g:1][CONSENSUS]addRawPrepare,height=1,reqIdx=0,hash=d2e467c0...
info|2019-12-18 02:56:05.777853|[g:1][CONSENSUS][PBFT]checkTimeout Succ,view=4,toView=5,nodeIdx=2,changeCycle=0,myNode=95edd296...,timecost=2.195
info|2019-12-18 02:56:05.807232|[g:1][CONSENSUS][PBFT]checkAndChangeView: Reach consensus,org_view=4,org_changeCycle=0,cur_changeCycle=0,to_view=5
info|2019-12-18 02:56:06.829067|[g:1][CONSENSUS]addRawPrepare,height=1,reqIdx=1,hash=333abb85...
info|2019-12-18 02:56:06.831406|[g:1][CONSENSUS][PBFT]checkTimeout Succ,view=5,toView=6,nodeIdx=2,changeCycle=0,myNode=95edd296...,timecost=0.807
info|2019-12-18 02:56:06.898906|[g:1][CONSENSUS][PBFT]checkAndChangeView: Reach consensus,org_view=5,org_changeCycle=0,cur_changeCycle=0,to_view=6
info|2019-12-18 02:56:07.900694|[g:1][CONSENSUS][SEALER]++++++++++++++++ Generating seal on,blkNum=1,tx=0,nodeIdx=2,hash=af68aa32...
info|2019-12-18 02:56:07.915029|[g:1][CONSENSUS][PBFT]checkTimeout Succ,view=6,toView=7,nodeIdx=2,changeCycle=0,myNode=95edd296...,timecost=10.359
info|2019-12-18 02:56:07.940625|[g:1][CONSENSUS][PBFT]checkAndChangeView: Reach consensus,org_view=6,org_changeCycle=0,cur_changeCycle=0,to_view=7
info|2019-12-18 02:56:08.961777|[g:1][CONSENSUS]addRawPrepare,height=1,reqIdx=3,hash=8006f96a...
info|2019-12-18 02:56:08.970095|[g:1][CONSENSUS][PBFT]checkTimeout Succ,view=7,toView=8,nodeIdx=2,changeCycle=0,myNode=95edd296...,timecost=1.454
info|2019-12-18 02:56:08.973025|[g:1][CONSENSUS][PBFT]checkAndChangeView: Reach consensus,org_view=7,org_changeCycle=0,cur_changeCycle=0,to_view=8
info|2019-12-18 02:56:09.992788|[g:1][CONSENSUS]addRawPrepare,height=1,reqIdx=0,hash=faba0a9c...
info|2019-12-18 02:56:09.998676|[g:1][CONSENSUS][PBFT]checkTimeout Succ,view=8,toView=9,nodeIdx=2,changeCycle=0,myNode=95edd296...,timecost=5.402
info|2019-12-18 02:56:10.012776|[g:1][CONSENSUS][PBFT]checkAndChangeView: Reach consensus,org_view=8,org_changeCycle=0,cur_changeCycle=0,to_view=9
info|2019-12-18 02:56:10.153363|[NETWORK][Host]P2P Recv Connect, From=127.0.0.1:36920
info|2019-12-18 02:56:10.153520|[NETWORK][Host]P2P StartAccept,Host=0.0.0.0:30300
info|2019-12-18 02:56:10.185009|[NETWORK][Host]P2P Recv Connect, From=127.0.0.1:36924
info|2019-12-18 02:56:10.194601|[NETWORK][Host]P2P StartAccept,Host=0.0.0.0:30300
info|2019-12-18 02:56:10.222741|[P2P][Service] heartBeat,connected count=3
info|2019-12-18 02:56:10.225075|[NETWORK][Host]P2P Recv Connect, From=127.0.0.1:36928
info|2019-12-18 02:56:10.225609|[NETWORK][Host]P2P StartAccept,Host=0.0.0.0:30300
info|2019-12-18 02:56:10.280096|[NETWORK][Host]startPeerSession, From=127.0.0.1:36924,nodeID=d2f5130f...
info|2019-12-18 02:56:10.280736|[NETWORK][Host]startPeerSession, From=127.0.0.1:36920,nodeID=546baaf5...
info|2019-12-18 02:56:10.293931|[NETWORK][Host]startPeerSession, From=127.0.0.1:36928,nodeID=493ace4f...
info|2019-12-18 02:56:11.019158|[g:1][CONSENSUS]addRawPrepare,height=1,reqIdx=1,hash=bfebf9ce...
info|2019-12-18 02:56:11.022522|[g:1][CONSENSUS][PBFT]checkTimeout Succ,view=9,toView=10,nodeIdx=2,changeCycle=0,myNode=95edd296...,timecost=2.759
info|2019-12-18 02:56:11.037039|[g:1][CONSENSUS][PBFT]checkAndChangeView: Reach consensus,org_view=9,org_changeCycle=0,cur_changeCycle=0,to_view=10
info|2019-12-18 02:56:12.039508|[g:1][CONSENSUS][SEALER]++++++++++++++++ Generating seal on,blkNum=1,tx=0,nodeIdx=2,hash=2c6eee5c...
info|2019-12-18 02:56:12.088141|[g:1][CONSENSUS][PBFT]checkTimeout Succ,view=10,toView=11,nodeIdx=2,changeCycle=0,myNode=95edd296...,timecost=3.701
info|2019-12-18 02:56:12.113551|[g:1][CONSENSUS][PBFT]checkAndChangeView: Reach consensus,org_view=10,org_changeCycle=0,cur_changeCycle=0,to_view=11
info|2019-12-18 02:56:13.159973|[g:1][CONSENSUS]addRawPrepare,height=1,reqIdx=3,hash=a4f528cf...
info|2019-12-18 02:56:13.173305|[g:1][CONSENSUS][PBFT]checkTimeout Succ,view=11,toView=12,nodeIdx=2,changeCycle=0,myNode=95edd296...,timecost=6.118
info|2019-12-18 02:56:13.186797|[g:1][CONSENSUS][PBFT]checkAndChangeView: Reach consensus,org_view=11,org_changeCycle=0,cur_changeCycle=0,to_view=12
info|2019-12-18 02:56:14.199128|[g:1][CONSENSUS]addRawPrepare,height=1,reqIdx=0,hash=a291121b...
info|2019-12-18 02:56:14.225109|[g:1][CONSENSUS][PBFT]checkTimeout Succ,view=12,toView=13,nodeIdx=2,changeCycle=0,myNode=95edd296...,timecost=19.753
info|2019-12-18 02:56:14.249504|[g:1][CONSENSUS][PBFT]checkAndChangeView: Reach consensus,org_view=12,org_changeCycle=0,cur_changeCycle=0,to_view=13
info|2019-12-18 02:56:15.255369|[g:1][CONSENSUS]addRawPrepare,height=1,reqIdx=1,hash=d4bb2c77...
info|2019-12-18 02:56:15.264783|[g:1][CONSENSUS][PBFT]checkTimeout Succ,view=13,toView=14,nodeIdx=2,changeCycle=0,myNode=95edd296...,timecost=3.952
info|2019-12-18 02:56:15.282070|[g:1][CONSENSUS][PBFT]checkAndChangeView: Reach consensus,org_view=13,org_changeCycle=0,cur_changeCycle=0,to_view=14
info|2019-12-18 02:56:16.284802|[g:1][CONSENSUS][SEALER]++++++++++++++++ Generating seal on,blkNum=1,tx=0,nodeIdx=2,hash=d931222f...
info|2019-12-18 02:56:16.295361|[g:1][CONSENSUS][PBFT]checkTimeout Succ,view=14,toView=15,nodeIdx=2,changeCycle=0,myNode=95edd296...,timecost=2.005
info|2019-12-18 02:56:16.324520|[g:1][CONSENSUS][PBFT]checkAndChangeView: Reach consensus,org_view=14,org_changeCycle=0,cur_changeCycle=0,to_view=15
info|2019-12-18 02:56:17.364722|[g:1][CONSENSUS]addRawPrepare,height=1,reqIdx=3,hash=2e6a7538...
info|2019-12-18 02:56:17.416432|[g:1][CONSENSUS][PBFT]checkTimeout Succ,view=15,toView=16,nodeIdx=2,changeCycle=0,myNode=95edd296...,timecost=7.512
info|2019-12-18 02:56:17.423462|[g:1][CONSENSUS][PBFT]checkAndChangeView: Reach consensus,org_view=15,org_changeCycle=0,cur_changeCycle=0,to_view=16
info|2019-12-18 02:56:18.416337|[g:1][CONSENSUS]addRawPrepare,height=1,reqIdx=0,hash=ee3ae2b3...
info|2019-12-18 02:56:18.440879|[g:1][CONSENSUS][PBFT]checkTimeout Succ,view=16,toView=17,nodeIdx=2,changeCycle=0,myNode=95edd296...,timecost=23.606
info|2019-12-18 02:56:18.531208|[g:1][CONSENSUS][PBFT]checkAndChangeView: Reach consensus,org_view=16,org_changeCycle=0,cur_changeCycle=0,to_view=17
info|2019-12-18 02:56:19.519549|[g:1][CONSENSUS]addRawPrepare,height=1,reqIdx=1,hash=bc31abbf...
info|2019-12-18 02:56:19.547702|[g:1][CONSENSUS][PBFT]checkTimeout Succ,view=17,toView=18,nodeIdx=2,changeCycle=0,myNode=95edd296...,timecost=14.694
info|2019-12-18 02:56:19.567625|[g:1][CONSENSUS][PBFT]checkAndChangeView: Reach consensus,org_view=17,org_changeCycle=0,cur_changeCycle=0,to_view=18
info|2019-12-18 02:56:20.223456|[P2P][Service] heartBeat,connected count=3
info|2019-12-18 02:56:20.568010|[g:1][CONSENSUS][SEALER]++++++++++++++++ Generating seal on,blkNum=1,tx=0,nodeIdx=2,hash=bd7bf537...
info|2019-12-18 02:56:20.576241|[g:1][CONSENSUS][PBFT]checkTimeout Succ,view=18,toView=19,nodeIdx=2,changeCycle=0,myNode=95edd296...,timecost=1.289
info|2019-12-18 02:56:20.583942|[g:1][CONSENSUS][PBFT]checkAndChangeView: Reach consensus,org_view=18,org_changeCycle=0,cur_changeCycle=0,to_view=19
info|2019-12-18 02:56:21.596302|[g:1][CONSENSUS]addRawPrepare,height=1,reqIdx=3,hash=b102f682...
info|2019-12-18 02:56:21.597557|[g:1][CONSENSUS][PBFT]checkTimeout Succ,view=19,toView=20,nodeIdx=2,changeCycle=0,myNode=95edd296...,timecost=1.057
info|2019-12-18 02:56:21.606795|[g:1][CONSENSUS][PBFT]checkAndChangeView: Reach consensus,org_view=19,org_changeCycle=0,cur_changeCycle=0,to_view=20
info|2019-12-18 02:56:22.619364|[g:1][CONSENSUS]addRawPrepare,height=1,reqIdx=0,hash=810f7c28...
info|2019-12-18 02:56:22.622985|[g:1][CONSENSUS][PBFT]checkTimeout Succ,view=20,toView=21,nodeIdx=2,changeCycle=0,myNode=95edd296...,timecost=2.651
info|2019-12-18 02:56:22.638082|[g:1][CONSENSUS][PBFT]checkAndChangeView: Reach consensus,org_view=20,org_changeCycle=0,cur_changeCycle=0,to_view=21
info|2019-12-18 02:56:23.669838|[g:1][CONSENSUS]addRawPrepare,height=1,reqIdx=1,hash=54872c99...
info|2019-12-18 02:56:23.716578|[g:1][CONSENSUS][PBFT]checkTimeout Succ,view=21,toView=22,nodeIdx=2,changeCycle=0,myNode=95edd296...,timecost=24.999
info|2019-12-18 02:56:23.752557|[g:1][CONSENSUS][PBFT]checkAndChangeView: Reach consensus,org_view=21,org_changeCycle=0,cur_changeCycle=0,to_view=22
info|2019-12-18 02:56:24.753440|[g:1][CONSENSUS][SEALER]++++++++++++++++ Generating seal on,blkNum=1,tx=0,nodeIdx=2,hash=746442a1...
info|2019-12-18 02:56:24.845866|[g:1][CONSENSUS][PBFT]checkTimeout Succ,view=22,toView=23,nodeIdx=2,changeCycle=0,myNode=95edd296...,timecost=72.05
info|2019-12-18 02:56:24.974056|[g:1][CONSENSUS][PBFT]checkAndChangeView: Reach consensus,org_view=22,org_changeCycle=0,cur_changeCycle=0,to_view=23
info|2019-12-18 02:56:26.141005|[g:1][CONSENSUS]addRawPrepare,height=1,reqIdx=3,hash=101c34b4...
info|2019-12-18 02:56:26.179014|[g:1][CONSENSUS][PBFT]checkTimeout Succ,view=23,toView=24,nodeIdx=2,changeCycle=0,myNode=95edd296...,timecost=3.841
info|2019-12-18 02:56:26.307041|[g:1][CONSENSUS][PBFT]checkAndChangeView: Reach consensus,org_view=23,org_changeCycle=0,cur_changeCycle=0,to_view=24
info|2019-12-18 02:56:27.285096|[g:1][CONSENSUS]addRawPrepare,height=1,reqIdx=0,hash=3421ea32...
info|2019-12-18 02:56:27.286562|[g:1][CONSENSUS][PBFT]checkTimeout Succ,view=24,toView=25,nodeIdx=2,changeCycle=0,myNode=95edd296...,timecost=1.112
info|2019-12-18 02:56:27.298248|[g:1][CONSENSUS][PBFT]checkAndChangeView: Reach consensus,org_view=24,org_changeCycle=0,cur_changeCycle=0,to_view=25
info|2019-12-18 02:56:28.312976|[g:1][CONSENSUS]addRawPrepare,height=1,reqIdx=1,hash=95cebbe1...
info|2019-12-18 02:56:28.327204|[g:1][CONSENSUS][PBFT]checkTimeout Succ,view=25,toView=26,nodeIdx=2,changeCycle=0,myNode=95edd296...,timecost=10.938
info|2019-12-18 02:56:28.349247|[g:1][CONSENSUS][PBFT]checkAndChangeView: Reach consensus,org_view=25,org_changeCycle=0,cur_changeCycle=0,to_view=26
info|2019-12-18 02:56:29.350937|[g:1][CONSENSUS][SEALER]++++++++++++++++ Generating seal on,blkNum=1,tx=0,nodeIdx=2,hash=8e5352df...
info|2019-12-18 02:56:29.511702|[g:1][CONSENSUS][PBFT]checkTimeout Succ,view=26,toView=27,nodeIdx=2,changeCycle=0,myNode=95edd296...,timecost=37.368
info|2019-12-18 02:56:29.670651|[g:1][CONSENSUS][PBFT]checkAndChangeView: Reach consensus,org_view=26,org_changeCycle=0,cur_changeCycle=0,to_view=27
info|2019-12-18 02:56:30.224264|[P2P][Service] heartBeat,connected count=3
info|2019-12-18 02:56:30.787869|[g:1][CONSENSUS]addRawPrepare,height=1,reqIdx=3,hash=a518a3b1...
info|2019-12-18 02:56:30.817732|[g:1][CONSENSUS][PBFT]checkTimeout Succ,view=27,toView=28,nodeIdx=2,changeCycle=0,myNode=95edd296...,timecost=19.109
info|2019-12-18 02:56:30.828878|[g:1][CONSENSUS][PBFT]checkAndChangeView: Reach consensus,org_view=27,org_changeCycle=0,cur_changeCycle=0,to_view=28
info|2019-12-18 02:56:31.923637|[g:1][CONSENSUS]addRawPrepare,height=1,reqIdx=0,hash=71ba405f...
info|2019-12-18 02:56:31.999277|[g:1][CONSENSUS][PBFT]checkTimeout Succ,view=28,toView=29,nodeIdx=2,changeCycle=0,myNode=95edd296...,timecost=14.443
info|2019-12-18 02:56:32.016869|[g:1][CONSENSUS][PBFT]checkAndChangeView: Reach consensus,org_view=28,org_changeCycle=0,cur_changeCycle=0,to_view=29
info|2019-12-18 02:56:33.048129|[g:1][CONSENSUS]addRawPrepare,height=1,reqIdx=1,hash=44b1415f...
info|2019-12-18 02:56:33.059969|[g:1][CONSENSUS][PBFT]checkTimeout Succ,view=29,toView=30,nodeIdx=2,changeCycle=0,myNode=95edd296...,timecost=1.494
info|2019-12-18 02:56:33.078939|[g:1][CONSENSUS][PBFT]checkAndChangeView: Reach consensus,org_view=29,org_changeCycle=0,cur_changeCycle=0,to_view=30
info|2019-12-18 02:56:34.083734|[g:1][CONSENSUS][SEALER]++++++++++++++++ Generating seal on,blkNum=1,tx=0,nodeIdx=2,hash=9446ac97...
info|2019-12-18 02:56:34.161239|[g:1][CONSENSUS][PBFT]checkTimeout Succ,view=30,toView=31,nodeIdx=2,changeCycle=0,myNode=95edd296...,timecost=4.42
info|2019-12-18 02:56:34.170610|[g:1][CONSENSUS][PBFT]checkAndChangeView: Reach consensus,org_view=30,org_changeCycle=0,cur_changeCycle=0,to_view=31
info|2019-12-18 02:56:35.206202|[g:1][CONSENSUS]addRawPrepare,height=1,reqIdx=3,hash=bb9c1c4c...
info|2019-12-18 02:56:35.225916|[g:1][CONSENSUS][PBFT]checkTimeout Succ,view=31,toView=32,nodeIdx=2,changeCycle=0,myNode=95edd296...,timecost=19.429
info|2019-12-18 02:56:35.245794|[g:1][CONSENSUS][PBFT]checkAndChangeView: Reach consensus,org_view=31,org_changeCycle=0,cur_changeCycle=0,to_view=32
info|2019-12-18 02:56:36.274297|[g:1][CONSENSUS]addRawPrepare,height=1,reqIdx=0,hash=2c7986db...
info|2019-12-18 02:56:36.276563|[g:1][CONSENSUS][PBFT]checkTimeout Succ,view=32,toView=33,nodeIdx=2,changeCycle=0,myNode=95edd296...,timecost=1.754
info|2019-12-18 02:56:36.288436|[g:1][CONSENSUS][PBFT]checkAndChangeView: Reach consensus,org_view=32,org_changeCycle=0,cur_changeCycle=0,to_view=33
info|2019-12-18 02:56:37.294876|[g:1][CONSENSUS]addRawPrepare,height=1,reqIdx=1,hash=cc0b3661...
info|2019-12-18 02:56:37.303382|[g:1][CONSENSUS][PBFT]checkTimeout Succ,view=33,toView=34,nodeIdx=2,changeCycle=0,myNode=95edd296...,timecost=7.831
info|2019-12-18 02:56:37.317852|[g:1][CONSENSUS][PBFT]checkAndChangeView: Reach consensus,org_view=33,org_changeCycle=0,cur_changeCycle=0,to_view=34
info|2019-12-18 02:56:38.319476|[g:1][CONSENSUS][SEALER]++++++++++++++++ Generating seal on,blkNum=1,tx=0,nodeIdx=2,hash=75a7d845...
info|2019-12-18 02:56:38.341468|[g:1][CONSENSUS][PBFT]checkTimeout Succ,view=34,toView=35,nodeIdx=2,changeCycle=0,myNode=95edd296...,timecost=3.238
info|2019-12-18 02:56:38.371560|[g:1][CONSENSUS][PBFT]checkAndChangeView: Reach consensus,org_view=34,org_changeCycle=0,cur_changeCycle=0,to_view=35
info|2019-12-18 02:56:39.391305|[g:1][CONSENSUS]addRawPrepare,height=1,reqIdx=3,hash=1cea3fa4...
info|2019-12-18 02:56:39.394012|[g:1][CONSENSUS][PBFT]checkTimeout Succ,view=35,toView=36,nodeIdx=2,changeCycle=0,myNode=95edd296...,timecost=2.243
info|2019-12-18 02:56:39.428065|[g:1][CONSENSUS][PBFT]checkAndChangeView: Reach consensus,org_view=35,org_changeCycle=0,cur_changeCycle=0,to_view=36
info|2019-12-18 02:56:40.225390|[P2P][Service] heartBeat,connected count=3
info|2019-12-18 02:56:40.443834|[g:1][CONSENSUS]addRawPrepare,height=1,reqIdx=0,hash=ec0ada36...
info|2019-12-18 02:56:40.525100|[g:1][CONSENSUS][PBFT]checkTimeout Succ,view=36,toView=37,nodeIdx=2,changeCycle=0,myNode=95edd296...,timecost=44.398
info|2019-12-18 02:56:40.549219|[g:1][CONSENSUS][PBFT]checkAndChangeView: Reach consensus,org_view=36,org_changeCycle=0,cur_changeCycle=0,to_view=37
info|2019-12-18 02:56:41.604596|[g:1][CONSENSUS]addRawPrepare,height=1,reqIdx=1,hash=8272ebc1...
info|2019-12-18 02:56:41.652499|[g:1][CONSENSUS][PBFT]checkTimeout Succ,view=37,toView=38,nodeIdx=2,changeCycle=0,myNode=95edd296...,timecost=37.392
info|2019-12-18 02:56:41.693330|[g:1][CONSENSUS][PBFT]checkAndChangeView: Reach consensus,org_view=37,org_changeCycle=0,cur_changeCycle=0,to_view=38
info|2019-12-18 02:56:42.695432|[g:1][CONSENSUS][SEALER]++++++++++++++++ Generating seal on,blkNum=1,tx=0,nodeIdx=2,hash=eccb5f0d...
info|2019-12-18 02:56:42.716917|[g:1][CONSENSUS][PBFT]checkTimeout Succ,view=38,toView=39,nodeIdx=2,changeCycle=0,myNode=95edd296...,timecost=12.794
info|2019-12-18 02:56:42.827158|[g:1][CONSENSUS][PBFT]checkAndChangeView: Reach consensus,org_view=38,org_changeCycle=0,cur_changeCycle=0,to_view=39
info|2019-12-18 02:56:43.811621|[g:1][CONSENSUS]addRawPrepare,height=1,reqIdx=3,hash=0bcebb6b...
info|2019-12-18 02:56:43.817679|[g:1][CONSENSUS][PBFT]checkTimeout Succ,view=39,toView=40,nodeIdx=2,changeCycle=0,myNode=95edd296...,timecost=4.534
info|2019-12-18 02:56:43.836150|[g:1][CONSENSUS][PBFT]checkAndChangeView: Reach consensus,org_view=39,org_changeCycle=0,cur_changeCycle=0,to_view=40
info|2019-12-18 02:56:44.845888|[g:1][CONSENSUS]addRawPrepare,height=1,reqIdx=0,hash=ae62bcbf...
info|2019-12-18 02:56:44.849011|[g:1][CONSENSUS][PBFT]checkTimeout Succ,view=40,toView=41,nodeIdx=2,changeCycle=0,myNode=95edd296...,timecost=1.166
info|2019-12-18 02:56:44.872034|[g:1][CONSENSUS][PBFT]checkAndChangeView: Reach consensus,org_view=40,org_changeCycle=0,cur_changeCycle=0,to_view=41
info|2019-12-18 02:56:46.062987|[g:1][CONSENSUS]addRawPrepare,height=1,reqIdx=1,hash=aa7a82b3...
info|2019-12-18 02:56:46.141208|[g:1][CONSENSUS][PBFT]checkTimeout Succ,view=41,toView=42,nodeIdx=2,changeCycle=0,myNode=95edd296...,timecost=75.787
info|2019-12-18 02:56:46.202110|[g:1][CONSENSUS][PBFT]checkAndChangeView: Reach consensus,org_view=41,org_changeCycle=0,cur_changeCycle=0,to_view=42
info|2019-12-18 02:56:47.212213|[g:1][CONSENSUS][SEALER]++++++++++++++++ Generating seal on,blkNum=1,tx=0,nodeIdx=2,hash=c4758f4a...
info|2019-12-18 02:56:47.225338|[g:1][CONSENSUS][PBFT]checkTimeout Succ,view=42,toView=43,nodeIdx=2,changeCycle=0,myNode=95edd296...,timecost=11.126
info|2019-12-18 02:56:47.233542|[g:1][CONSENSUS][PBFT]checkAndChangeView: Reach consensus,org_view=42,org_changeCycle=0,cur_changeCycle=0,to_view=43
info|2019-12-18 02:56:48.260496|[g:1][CONSENSUS]addRawPrepare,height=1,reqIdx=3,hash=58b0dd2b...
info|2019-12-18 02:56:48.263751|[g:1][CONSENSUS][PBFT]checkTimeout Succ,view=43,toView=44,nodeIdx=2,changeCycle=0,myNode=95edd296...,timecost=3.024
info|2019-12-18 02:56:48.273683|[g:1][CONSENSUS][PBFT]checkAndChangeView: Reach consensus,org_view=43,org_changeCycle=0,cur_changeCycle=0,to_view=44
info|2019-12-18 02:56:49.299319|[g:1][CONSENSUS]addRawPrepare,height=1,reqIdx=0,hash=f62b03ed...
info|2019-12-18 02:56:49.302526|[g:1][CONSENSUS][PBFT]checkTimeout Succ,view=44,toView=45,nodeIdx=2,changeCycle=0,myNode=95edd296...,timecost=2.226
info|2019-12-18 02:56:49.318411|[g:1][CONSENSUS][PBFT]checkAndChangeView: Reach consensus,org_view=44,org_changeCycle=0,cur_changeCycle=0,to_view=45
info|2019-12-18 02:56:50.226143|[P2P][Service] heartBeat,connected count=3
info|2019-12-18 02:56:50.353489|[g:1][CONSENSUS]addRawPrepare,height=1,reqIdx=1,hash=075bac7b...
info|2019-12-18 02:56:50.360563|[g:1][CONSENSUS][PBFT]checkTimeout Succ,view=45,toView=46,nodeIdx=2,changeCycle=0,myNode=95edd296...,timecost=6.379
info|2019-12-18 02:56:50.387743|[g:1][CONSENSUS][PBFT]checkAndChangeView: Reach consensus,org_view=45,org_changeCycle=0,cur_changeCycle=0,to_view=46
info|2019-12-18 02:56:51.390102|[g:1][CONSENSUS][SEALER]++++++++++++++++ Generating seal on,blkNum=1,tx=0,nodeIdx=2,hash=f2529872...
info|2019-12-18 02:56:51.426422|[g:1][CONSENSUS][PBFT]checkTimeout Succ,view=46,toView=47,nodeIdx=2,changeCycle=0,myNode=95edd296...,timecost=1.54
info|2019-12-18 02:56:51.433357|[g:1][CONSENSUS][PBFT]checkAndChangeView: Reach consensus,org_view=46,org_changeCycle=0,cur_changeCycle=0,to_view=47
info|2019-12-18 02:56:52.452264|[g:1][CONSENSUS]addRawPrepare,height=1,reqIdx=3,hash=2f632eb2...
info|2019-12-18 02:56:52.462580|[g:1][CONSENSUS][PBFT]checkTimeout Succ,view=47,toView=48,nodeIdx=2,changeCycle=0,myNode=95edd296...,timecost=10.102
info|2019-12-18 02:56:52.493175|[g:1][CONSENSUS][PBFT]checkAndChangeView: Reach consensus,org_view=47,org_changeCycle=0,cur_changeCycle=0,to_view=48
info|2019-12-18 02:56:53.519196|[g:1][CONSENSUS]addRawPrepare,height=1,reqIdx=0,hash=c8916137...
info|2019-12-18 02:56:53.533306|[g:1][CONSENSUS][PBFT]checkTimeout Succ,view=48,toView=49,nodeIdx=2,changeCycle=0,myNode=95edd296...,timecost=10.524
info|2019-12-18 02:56:53.551994|[g:1][CONSENSUS][PBFT]checkAndChangeView: Reach consensus,org_view=48,org_changeCycle=0,cur_changeCycle=0,to_view=49
info|2019-12-18 02:56:54.583860|[g:1][CONSENSUS]addRawPrepare,height=1,reqIdx=1,hash=c222f671...
info|2019-12-18 02:56:54.609862|[g:1][CONSENSUS][PBFT]checkTimeout Succ,view=49,toView=50,nodeIdx=2,changeCycle=0,myNode=95edd296...,timecost=23.135
info|2019-12-18 02:56:54.633107|[g:1][CONSENSUS][PBFT]checkAndChangeView: Reach consensus,org_view=49,org_changeCycle=0,cur_changeCycle=0,to_view=50
info|2019-12-18 02:56:55.635175|[g:1][CONSENSUS][SEALER]++++++++++++++++ Generating seal on,blkNum=1,tx=0,nodeIdx=2,hash=9b2d2ca3...
info|2019-12-18 02:56:55.678627|[g:1][CONSENSUS][PBFT]checkTimeout Succ,view=50,toView=51,nodeIdx=2,changeCycle=0,myNode=95edd296...,timecost=3.429
info|2019-12-18 02:56:55.704869|[g:1][CONSENSUS][PBFT]checkAndChangeView: Reach consensus,org_view=50,org_changeCycle=0,cur_changeCycle=0,to_view=51
info|2019-12-18 02:56:56.704462|[g:1][CONSENSUS]addRawPrepare,height=1,reqIdx=3,hash=1f8c2aae...
info|2019-12-18 02:56:56.709100|[g:1][CONSENSUS][PBFT]checkTimeout Succ,view=51,toView=52,nodeIdx=2,changeCycle=0,myNode=95edd296...,timecost=3.869
info|2019-12-18 02:56:56.749816|[g:1][CONSENSUS][PBFT]checkAndChangeView: Reach consensus,org_view=51,org_changeCycle=0,cur_changeCycle=0,to_view=52
info|2019-12-18 02:56:57.769740|[g:1][CONSENSUS]addRawPrepare,height=1,reqIdx=0,hash=0404565b...
info|2019-12-18 02:56:57.793406|[g:1][CONSENSUS][PBFT]checkTimeout Succ,view=52,toView=53,nodeIdx=2,changeCycle=0,myNode=95edd296...,timecost=17.867
info|2019-12-18 02:56:57.822742|[g:1][CONSENSUS][PBFT]checkAndChangeView: Reach consensus,org_view=52,org_changeCycle=0,cur_changeCycle=0,to_view=53
info|2019-12-18 02:56:58.827706|[g:1][CONSENSUS]addRawPrepare,height=1,reqIdx=1,hash=9956f06d...
info|2019-12-18 02:56:58.861734|[g:1][CONSENSUS][PBFT]checkTimeout Succ,view=53,toView=54,nodeIdx=2,changeCycle=0,myNode=95edd296...,timecost=7.895
info|2019-12-18 02:56:58.877135|[g:1][CONSENSUS][PBFT]checkAndChangeView: Reach consensus,org_view=53,org_changeCycle=0,cur_changeCycle=0,to_view=54
info|2019-12-18 02:56:59.877957|[g:1][CONSENSUS][SEALER]++++++++++++++++ Generating seal on,blkNum=1,tx=0,nodeIdx=2,hash=5fa6f8b0...
info|2019-12-18 02:56:59.911361|[g:1][CONSENSUS][PBFT]checkTimeout Succ,view=54,toView=55,nodeIdx=2,changeCycle=0,myNode=95edd296...,timecost=2.349
info|2019-12-18 02:56:59.931823|[g:1][CONSENSUS][PBFT]checkAndChangeView: Reach consensus,org_view=54,org_changeCycle=0,cur_changeCycle=0,to_view=55
info|2019-12-18 02:57:00.226609|[P2P][Service] heartBeat,connected count=3
info|2019-12-18 02:57:00.922023|[g:1][CONSENSUS]addRawPrepare,height=1,reqIdx=3,hash=b20d9f6b...
info|2019-12-18 02:57:00.930158|[g:1][CONSENSUS][PBFT]checkTimeout Succ,view=55,toView=56,nodeIdx=2,changeCycle=0,myNode=95edd296...,timecost=6.712
info|2019-12-18 02:57:00.978712|[g:1][CONSENSUS][PBFT]checkAndChangeView: Reach consensus,org_view=55,org_changeCycle=0,cur_changeCycle=0,to_view=56
info|2019-12-18 02:57:01.972661|[g:1][CONSENSUS]addRawPrepare,height=1,reqIdx=0,hash=d379f017...
info|2019-12-18 02:57:01.974535|[g:1][CONSENSUS][PBFT]checkTimeout Succ,view=56,toView=57,nodeIdx=2,changeCycle=0,myNode=95edd296...,timecost=1.298
info|2019-12-18 02:57:02.024895|[g:1][CONSENSUS][PBFT]checkAndChangeView: Reach consensus,org_view=56,org_changeCycle=0,cur_changeCycle=0,to_view=57
info|2019-12-18 02:57:03.045697|[g:1][CONSENSUS]addRawPrepare,height=1,reqIdx=1,hash=ac37cab3...
info|2019-12-18 02:57:03.070738|[g:1][CONSENSUS][PBFT]checkTimeout Succ,view=57,toView=58,nodeIdx=2,changeCycle=0,myNode=95edd296...,timecost=14.29
info|2019-12-18 02:57:03.109408|[g:1][CONSENSUS][PBFT]checkAndChangeView: Reach consensus,org_view=57,org_changeCycle=0,cur_changeCycle=0,to_view=58
info|2019-12-18 02:57:04.117274|[g:1][CONSENSUS][SEALER]++++++++++++++++ Generating seal on,blkNum=1,tx=0,nodeIdx=2,hash=651b32d3...
info|2019-12-18 02:57:04.126148|[g:1][CONSENSUS][PBFT]checkTimeout Succ,view=58,toView=59,nodeIdx=2,changeCycle=0,myNode=95edd296...,timecost=2.081
info|2019-12-18 02:57:04.173641|[g:1][CONSENSUS][PBFT]checkAndChangeView: Reach consensus,org_view=58,org_changeCycle=0,cur_changeCycle=0,to_view=59
info|2019-12-18 02:57:05.172456|[g:1][CONSENSUS]addRawPrepare,height=1,reqIdx=3,hash=ad364d59...
info|2019-12-18 02:57:05.177330|[g:1][CONSENSUS][PBFT]checkTimeout Succ,view=59,toView=60,nodeIdx=2,changeCycle=0,myNode=95edd296...,timecost=4.661
info|2019-12-18 02:57:05.221973|[g:1][CONSENSUS][PBFT]checkAndChangeView: Reach consensus,org_view=59,org_changeCycle=0,cur_changeCycle=0,to_view=60
info|2019-12-18 02:57:06.246389|[g:1][CONSENSUS]addRawPrepare,height=1,reqIdx=0,hash=60fc5189...
info|2019-12-18 02:57:06.278597|[g:1][CONSENSUS][PBFT]checkTimeout Succ,view=60,toView=61,nodeIdx=2,changeCycle=0,myNode=95edd296...,timecost=25.126
info|2019-12-18 02:57:06.291568|[g:1][CONSENSUS][PBFT]checkAndChangeView: Reach consensus,org_view=60,org_changeCycle=0,cur_changeCycle=0,to_view=61
info|2019-12-18 02:57:07.311612|[g:1][CONSENSUS]addRawPrepare,height=1,reqIdx=1,hash=f241c37e...
info|2019-12-18 02:57:07.316958|[g:1][CONSENSUS][PBFT]checkTimeout Succ,view=61,toView=62,nodeIdx=2,changeCycle=0,myNode=95edd296...,timecost=3.493
info|2019-12-18 02:57:07.342854|[g:1][CONSENSUS][PBFT]checkAndChangeView: Reach consensus,org_view=61,org_changeCycle=0,cur_changeCycle=0,to_view=62
info|2019-12-18 02:57:08.344804|[g:1][CONSENSUS][SEALER]++++++++++++++++ Generating seal on,blkNum=1,tx=0,nodeIdx=2,hash=c1c8670d...
info|2019-12-18 02:57:08.406446|[g:1][CONSENSUS][PBFT]checkTimeout Succ,view=62,toView=63,nodeIdx=2,changeCycle=0,myNode=95edd296...,timecost=6.843
info|2019-12-18 02:57:08.428054|[g:1][CONSENSUS][PBFT]checkAndChangeView: Reach consensus,org_view=62,org_changeCycle=0,cur_changeCycle=0,to_view=63
info|2019-12-18 02:57:09.437115|[g:1][CONSENSUS]addRawPrepare,height=1,reqIdx=3,hash=b51cf6b2...
info|2019-12-18 02:57:09.453289|[g:1][CONSENSUS][PBFT]checkTimeout Succ,view=63,toView=64,nodeIdx=2,changeCycle=0,myNode=95edd296...,timecost=15.522
info|2019-12-18 02:57:09.495060|[g:1][CONSENSUS][PBFT]checkAndChangeView: Reach consensus,org_view=63,org_changeCycle=0,cur_changeCycle=0,to_view=64
info|2019-12-18 02:57:10.227558|[P2P][Service] heartBeat,connected count=3
info|2019-12-18 02:57:10.518382|[g:1][CONSENSUS]addRawPrepare,height=1,reqIdx=0,hash=b5953614...
info|2019-12-18 02:57:10.522321|[g:1][CONSENSUS][PBFT]checkTimeout Succ,view=64,toView=65,nodeIdx=2,changeCycle=0,myNode=95edd296...,timecost=3.145
info|2019-12-18 02:57:10.529894|[g:1][CONSENSUS][PBFT]checkAndChangeView: Reach consensus,org_view=64,org_changeCycle=0,cur_changeCycle=0,to_view=65
info|2019-12-18 02:57:11.592570|[g:1][CONSENSUS]addRawPrepare,height=1,reqIdx=1,hash=8b632480...
info|2019-12-18 02:57:11.622250|[g:1][CONSENSUS][PBFT]checkTimeout Succ,view=65,toView=66,nodeIdx=2,changeCycle=0,myNode=95edd296...,timecost=19.768
info|2019-12-18 02:57:11.659398|[g:1][CONSENSUS][PBFT]checkAndChangeView: Reach consensus,org_view=65,org_changeCycle=0,cur_changeCycle=0,to_view=66
info|2019-12-18 02:57:12.668418|[g:1][CONSENSUS][SEALER]++++++++++++++++ Generating seal on,blkNum=1,tx=0,nodeIdx=2,hash=6f68f2aa...
info|2019-12-18 02:57:12.672951|[g:1][CONSENSUS][PBFT]checkTimeout Succ,view=66,toView=67,nodeIdx=2,changeCycle=0,myNode=95edd296...,timecost=1.972
info|2019-12-18 02:57:12.751798|[g:1][CONSENSUS][PBFT]checkAndChangeView: Reach consensus,org_view=66,org_changeCycle=0,cur_changeCycle=0,to_view=67
info|2019-12-18 02:57:13.779300|[g:1][CONSENSUS]addRawPrepare,height=1,reqIdx=3,hash=8e6e2ce3...
info|2019-12-18 02:57:13.781301|[g:1][CONSENSUS][PBFT]checkTimeout Succ,view=67,toView=68,nodeIdx=2,changeCycle=0,myNode=95edd296...,timecost=1.784
info|2019-12-18 02:57:13.832666|[g:1][CONSENSUS][PBFT]checkAndChangeView: Reach consensus,org_view=67,org_changeCycle=0,cur_changeCycle=0,to_view=68
info|2019-12-18 02:57:14.858549|[g:1][CONSENSUS]addRawPrepare,height=1,reqIdx=0,hash=7a754300...
info|2019-12-18 02:57:14.861399|[g:1][CONSENSUS][PBFT]checkTimeout Succ,view=68,toView=69,nodeIdx=2,changeCycle=0,myNode=95edd296...,timecost=2.43
info|2019-12-18 02:57:14.903844|[g:1][CONSENSUS][PBFT]checkAndChangeView: Reach consensus,org_view=68,org_changeCycle=0,cur_changeCycle=0,to_view=69
info|2019-12-18 02:57:15.924153|[g:1][CONSENSUS]addRawPrepare,height=1,reqIdx=1,hash=ec83c4fb...
info|2019-12-18 02:57:15.940401|[g:1][CONSENSUS][PBFT]checkTimeout Succ,view=69,toView=70,nodeIdx=2,changeCycle=0,myNode=95edd296...,timecost=15.644
info|2019-12-18 02:57:16.002950|[g:1][CONSENSUS][PBFT]checkAndChangeView: Reach consensus,org_view=69,org_changeCycle=0,cur_changeCycle=0,to_view=70
info|2019-12-18 02:57:17.005592|[g:1][CONSENSUS][SEALER]++++++++++++++++ Generating seal on,blkNum=1,tx=0,nodeIdx=2,hash=14c3e62b...
info|2019-12-18 02:57:17.013509|[g:1][CONSENSUS][PBFT]checkTimeout Succ,view=70,toView=71,nodeIdx=2,changeCycle=0,myNode=95edd296...,timecost=1.84
info|2019-12-18 02:57:17.048086|[g:1][CONSENSUS][PBFT]checkAndChangeView: Reach consensus,org_view=70,org_changeCycle=0,cur_changeCycle=0,to_view=71
info|2019-12-18 02:57:18.079809|[g:1][CONSENSUS]addRawPrepare,height=1,reqIdx=3,hash=a6c60c06...
info|2019-12-18 02:57:18.081881|[g:1][CONSENSUS][PBFT]checkTimeout Succ,view=71,toView=72,nodeIdx=2,changeCycle=0,myNode=95edd296...,timecost=1.82
info|2019-12-18 02:57:18.136333|[g:1][CONSENSUS][PBFT]checkAndChangeView: Reach consensus,org_view=71,org_changeCycle=0,cur_changeCycle=0,to_view=72
info|2019-12-18 02:57:19.129716|[g:1][CONSENSUS]addRawPrepare,height=1,reqIdx=0,hash=2d9a802f...
info|2019-12-18 02:57:19.135465|[g:1][CONSENSUS][PBFT]checkTimeout Succ,view=72,toView=73,nodeIdx=2,changeCycle=0,myNode=95edd296...,timecost=5.531
info|2019-12-18 02:57:19.148151|[g:1][CONSENSUS][PBFT]checkAndChangeView: Reach consensus,org_view=72,org_changeCycle=0,cur_changeCycle=0,to_view=73
info|2019-12-18 02:57:20.174229|[g:1][CONSENSUS]addRawPrepare,height=1,reqIdx=1,hash=2478a02a...
info|2019-12-18 02:57:20.193232|[g:1][CONSENSUS][PBFT]checkTimeout Succ,view=73,toView=74,nodeIdx=2,changeCycle=0,myNode=95edd296...,timecost=18.361
info|2019-12-18 02:57:20.229736|[P2P][Service] heartBeat,connected count=3
info|2019-12-18 02:57:20.232155|[g:1][CONSENSUS][PBFT]checkAndChangeView: Reach consensus,org_view=73,org_changeCycle=0,cur_changeCycle=0,to_view=74
info|2019-12-18 02:57:21.235235|[g:1][CONSENSUS][SEALER]++++++++++++++++ Generating seal on,blkNum=1,tx=0,nodeIdx=2,hash=cff9da38...
info|2019-12-18 02:57:21.255867|[g:1][CONSENSUS][PBFT]checkTimeout Succ,view=74,toView=75,nodeIdx=2,changeCycle=0,myNode=95edd296...,timecost=5.704
info|2019-12-18 02:57:21.295585|[g:1][CONSENSUS][PBFT]checkAndChangeView: Reach consensus,org_view=74,org_changeCycle=0,cur_changeCycle=0,to_view=75
info|2019-12-18 02:57:22.321838|[g:1][CONSENSUS]addRawPrepare,height=1,reqIdx=3,hash=bb5db3ca...
info|2019-12-18 02:57:22.335664|[g:1][CONSENSUS][PBFT]checkTimeout Succ,view=75,toView=76,nodeIdx=2,changeCycle=0,myNode=95edd296...,timecost=13.08
info|2019-12-18 02:57:22.384175|[g:1][CONSENSUS][PBFT]checkAndChangeView: Reach consensus,org_view=75,org_changeCycle=0,cur_changeCycle=0,to_view=76
info|2019-12-18 02:57:23.401224|[g:1][CONSENSUS]addRawPrepare,height=1,reqIdx=0,hash=8432c89a...
info|2019-12-18 02:57:23.406849|[g:1][CONSENSUS][PBFT]checkTimeout Succ,view=76,toView=77,nodeIdx=2,changeCycle=0,myNode=95edd296...,timecost=5.51
info|2019-12-18 02:57:23.447922|[g:1][CONSENSUS][PBFT]checkAndChangeView: Reach consensus,org_view=76,org_changeCycle=0,cur_changeCycle=0,to_view=77
info|2019-12-18 02:57:24.457834|[g:1][CONSENSUS]addRawPrepare,height=1,reqIdx=1,hash=410c8638...
info|2019-12-18 02:57:24.487345|[g:1][CONSENSUS][PBFT]checkTimeout Succ,view=77,toView=78,nodeIdx=2,changeCycle=0,myNode=95edd296...,timecost=18.671
info|2019-12-18 02:57:24.519354|[g:1][CONSENSUS][PBFT]checkAndChangeView: Reach consensus,org_view=77,org_changeCycle=0,cur_changeCycle=0,to_view=78
info|2019-12-18 02:57:25.520422|[g:1][CONSENSUS][SEALER]++++++++++++++++ Generating seal on,blkNum=1,tx=0,nodeIdx=2,hash=fb925aae...
info|2019-12-18 02:57:25.554129|[g:1][CONSENSUS][PBFT]checkTimeout Succ,view=78,toView=79,nodeIdx=2,changeCycle=0,myNode=95edd296...,timecost=1.316
info|2019-12-18 02:57:25.573552|[g:1][CONSENSUS][PBFT]checkAndChangeView: Reach consensus,org_view=78,org_changeCycle=0,cur_changeCycle=0,to_view=79
info|2019-12-18 02:57:26.604463|[g:1][CONSENSUS]addRawPrepare,height=1,reqIdx=3,hash=d2e87ee9...
info|2019-12-18 02:57:26.637133|[g:1][CONSENSUS][PBFT]checkTimeout Succ,view=79,toView=80,nodeIdx=2,changeCycle=0,myNode=95edd296...,timecost=32.416
info|2019-12-18 02:57:26.676683|[g:1][CONSENSUS][PBFT]checkAndChangeView: Reach consensus,org_view=79,org_changeCycle=0,cur_changeCycle=0,to_view=80
info|2019-12-18 02:57:27.680765|[g:1][CONSENSUS]addRawPrepare,height=1,reqIdx=0,hash=474ee44c...
info|2019-12-18 02:57:27.712871|[g:1][CONSENSUS][PBFT]checkTimeout Succ,view=80,toView=81,nodeIdx=2,changeCycle=0,myNode=95edd296...,timecost=23.227
info|2019-12-18 02:57:27.735156|[g:1][CONSENSUS][PBFT]checkAndChangeView: Reach consensus,org_view=80,org_changeCycle=0,cur_changeCycle=0,to_view=81
info|2019-12-18 02:57:28.736504|[g:1][CONSENSUS]addRawPrepare,height=1,reqIdx=1,hash=648c9ac4...
info|2019-12-18 02:57:28.743620|[g:1][CONSENSUS][PBFT]checkTimeout Succ,view=81,toView=82,nodeIdx=2,changeCycle=0,myNode=95edd296...,timecost=3.747
info|2019-12-18 02:57:28.780098|[g:1][CONSENSUS][PBFT]checkAndChangeView: Reach consensus,org_view=81,org_changeCycle=0,cur_changeCycle=0,to_view=82
info|2019-12-18 02:57:29.780895|[g:1][CONSENSUS][SEALER]++++++++++++++++ Generating seal on,blkNum=1,tx=0,nodeIdx=2,hash=a28c107f...
info|2019-12-18 02:57:29.827138|[g:1][CONSENSUS][PBFT]checkTimeout Succ,view=82,toView=83,nodeIdx=2,changeCycle=0,myNode=95edd296...,timecost=41.659
info|2019-12-18 02:57:29.835445|[g:1][CONSENSUS][PBFT]checkAndChangeView: Reach consensus,org_view=82,org_changeCycle=0,cur_changeCycle=0,to_view=83
info|2019-12-18 02:57:30.231288|[P2P][Service] heartBeat,connected count=3
info|2019-12-18 02:57:30.865307|[g:1][CONSENSUS]addRawPrepare,height=1,reqIdx=3,hash=6b7a3a14...
info|2019-12-18 02:57:30.875337|[g:1][CONSENSUS][PBFT]checkTimeout Succ,view=83,toView=84,nodeIdx=2,changeCycle=0,myNode=95edd296...,timecost=9.639
info|2019-12-18 02:57:30.896759|[g:1][CONSENSUS][PBFT]checkAndChangeView: Reach consensus,org_view=83,org_changeCycle=0,cur_changeCycle=0,to_view=84
info|2019-12-18 02:57:31.927782|[g:1][CONSENSUS]addRawPrepare,height=1,reqIdx=0,hash=6ecc49f5...
info|2019-12-18 02:57:31.954855|[g:1][CONSENSUS][PBFT]checkTimeout Succ,view=84,toView=85,nodeIdx=2,changeCycle=0,myNode=95edd296...,timecost=14.828
info|2019-12-18 02:57:31.988741|[g:1][CONSENSUS][PBFT]checkAndChangeView: Reach consensus,org_view=84,org_changeCycle=0,cur_changeCycle=0,to_view=85
info|2019-12-18 02:57:33.010804|[g:1][CONSENSUS]addRawPrepare,height=1,reqIdx=1,hash=07e9731a...
info|2019-12-18 02:57:33.025918|[g:1][CONSENSUS][PBFT]checkTimeout Succ,view=85,toView=86,nodeIdx=2,changeCycle=0,myNode=95edd296...,timecost=14.113
info|2019-12-18 02:57:33.068352|[g:1][CONSENSUS][PBFT]checkAndChangeView: Reach consensus,org_view=85,org_changeCycle=0,cur_changeCycle=0,to_view=86
info|2019-12-18 02:57:34.071643|[g:1][CONSENSUS][SEALER]++++++++++++++++ Generating seal on,blkNum=1,tx=0,nodeIdx=2,hash=bf9245f8...
info|2019-12-18 02:57:34.127558|[g:1][CONSENSUS][PBFT]checkTimeout Succ,view=86,toView=87,nodeIdx=2,changeCycle=0,myNode=95edd296...,timecost=8.356
info|2019-12-18 02:57:34.140442|[g:1][CONSENSUS][PBFT]checkAndChangeView: Reach consensus,org_view=86,org_changeCycle=0,cur_changeCycle=0,to_view=87
info|2019-12-18 02:57:35.170378|[g:1][CONSENSUS]addRawPrepare,height=1,reqIdx=3,hash=089785e6...
info|2019-12-18 02:57:35.175372|[g:1][CONSENSUS][PBFT]checkTimeout Succ,view=87,toView=88,nodeIdx=2,changeCycle=0,myNode=95edd296...,timecost=4.577
info|2019-12-18 02:57:35.215573|[g:1][CONSENSUS][PBFT]checkAndChangeView: Reach consensus,org_view=87,org_changeCycle=0,cur_changeCycle=0,to_view=88
info|2019-12-18 02:57:36.207173|[g:1][CONSENSUS]addRawPrepare,height=1,reqIdx=0,hash=a3cb00ae...
info|2019-12-18 02:57:36.212936|[g:1][CONSENSUS][PBFT]checkTimeout Succ,view=88,toView=89,nodeIdx=2,changeCycle=0,myNode=95edd296...,timecost=5.571
info|2019-12-18 02:57:36.245810|[g:1][CONSENSUS][PBFT]checkAndChangeView: Reach consensus,org_view=88,org_changeCycle=0,cur_changeCycle=0,to_view=89
info|2019-12-18 02:57:37.256121|[g:1][CONSENSUS]addRawPrepare,height=1,reqIdx=1,hash=b5881dce...
info|2019-12-18 02:57:37.271383|[g:1][CONSENSUS][PBFT]checkTimeout Succ,view=89,toView=90,nodeIdx=2,changeCycle=0,myNode=95edd296...,timecost=14.345
info|2019-12-18 02:57:37.325453|[g:1][CONSENSUS][PBFT]checkAndChangeView: Reach consensus,org_view=89,org_changeCycle=0,cur_changeCycle=0,to_view=90
info|2019-12-18 02:57:38.327167|[g:1][CONSENSUS][SEALER]++++++++++++++++ Generating seal on,blkNum=1,tx=0,nodeIdx=2,hash=7533155f...
info|2019-12-18 02:57:38.336831|[g:1][CONSENSUS][PBFT]checkTimeout Succ,view=90,toView=91,nodeIdx=2,changeCycle=0,myNode=95edd296...,timecost=3.177
info|2019-12-18 02:57:38.370018|[g:1][CONSENSUS][PBFT]checkAndChangeView: Reach consensus,org_view=90,org_changeCycle=0,cur_changeCycle=0,to_view=91
info|2019-12-18 02:57:39.402581|[g:1][CONSENSUS]addRawPrepare,height=1,reqIdx=3,hash=0742b320...
info|2019-12-18 02:57:39.409136|[g:1][CONSENSUS][PBFT]checkTimeout Succ,view=91,toView=92,nodeIdx=2,changeCycle=0,myNode=95edd296...,timecost=5.18
info|2019-12-18 02:57:39.433191|[g:1][CONSENSUS][PBFT]checkAndChangeView: Reach consensus,org_view=91,org_changeCycle=0,cur_changeCycle=0,to_view=92
info|2019-12-18 02:57:40.231900|[P2P][Service] heartBeat,connected count=3
info|2019-12-18 02:57:40.463440|[g:1][CONSENSUS]addRawPrepare,height=1,reqIdx=0,hash=47aec797...
info|2019-12-18 02:57:40.467015|[g:1][CONSENSUS][PBFT]checkTimeout Succ,view=92,toView=93,nodeIdx=2,changeCycle=0,myNode=95edd296...,timecost=3.065
info|2019-12-18 02:57:40.516304|[g:1][CONSENSUS][PBFT]checkAndChangeView: Reach consensus,org_view=92,org_changeCycle=0,cur_changeCycle=0,to_view=93
info|2019-12-18 02:57:41.516535|[g:1][CONSENSUS]addRawPrepare,height=1,reqIdx=1,hash=e8160a24...
info|2019-12-18 02:57:41.522085|[g:1][CONSENSUS][PBFT]checkTimeout Succ,view=93,toView=94,nodeIdx=2,changeCycle=0,myNode=95edd296...,timecost=4.569
info|2019-12-18 02:57:41.560781|[g:1][CONSENSUS][PBFT]checkAndChangeView: Reach consensus,org_view=93,org_changeCycle=0,cur_changeCycle=0,to_view=94
info|2019-12-18 02:57:42.562927|[g:1][CONSENSUS][SEALER]++++++++++++++++ Generating seal on,blkNum=1,tx=0,nodeIdx=2,hash=50e0e673...
info|2019-12-18 02:57:42.596483|[g:1][CONSENSUS][PBFT]checkTimeout Succ,view=94,toView=95,nodeIdx=2,changeCycle=0,myNode=95edd296...,timecost=22.828
info|2019-12-18 02:57:42.617096|[g:1][CONSENSUS][PBFT]checkAndChangeView: Reach consensus,org_view=94,org_changeCycle=0,cur_changeCycle=0,to_view=95
info|2019-12-18 02:57:43.651666|[g:1][CONSENSUS]addRawPrepare,height=1,reqIdx=3,hash=e85582fd...
info|2019-12-18 02:57:43.677772|[g:1][CONSENSUS][PBFT]checkTimeout Succ,view=95,toView=96,nodeIdx=2,changeCycle=0,myNode=95edd296...,timecost=19.19
info|2019-12-18 02:57:43.712371|[g:1][CONSENSUS][PBFT]checkAndChangeView: Reach consensus,org_view=95,org_changeCycle=0,cur_changeCycle=0,to_view=96
info|2019-12-18 02:57:44.729285|[g:1][CONSENSUS]addRawPrepare,height=1,reqIdx=0,hash=d7ed53e7...
info|2019-12-18 02:57:44.760492|[g:1][CONSENSUS][PBFT]checkTimeout Succ,view=96,toView=97,nodeIdx=2,changeCycle=0,myNode=95edd296...,timecost=7.486
info|2019-12-18 02:57:44.801168|[g:1][CONSENSUS][PBFT]checkAndChangeView: Reach consensus,org_view=96,org_changeCycle=0,cur_changeCycle=0,to_view=97
info|2019-12-18 02:57:45.789642|[g:1][CONSENSUS]addRawPrepare,height=1,reqIdx=1,hash=b776f43d...
info|2019-12-18 02:57:45.798579|[g:1][CONSENSUS][PBFT]checkTimeout Succ,view=97,toView=98,nodeIdx=2,changeCycle=0,myNode=95edd296...,timecost=3.346
info|2019-12-18 02:57:45.828610|[g:1][CONSENSUS][PBFT]checkAndChangeView: Reach consensus,org_view=97,org_changeCycle=0,cur_changeCycle=0,to_view=98
info|2019-12-18 02:57:46.830781|[g:1][CONSENSUS][SEALER]++++++++++++++++ Generating seal on,blkNum=1,tx=0,nodeIdx=2,hash=ed396d9d...
info|2019-12-18 02:57:46.855995|[g:1][CONSENSUS][PBFT]checkTimeout Succ,view=98,toView=99,nodeIdx=2,changeCycle=0,myNode=95edd296...,timecost=19.784
info|2019-12-18 02:57:46.872556|[g:1][CONSENSUS][PBFT]checkAndChangeView: Reach consensus,org_view=98,org_changeCycle=0,cur_changeCycle=0,to_view=99
info|2019-12-18 02:57:47.897385|[g:1][CONSENSUS]addRawPrepare,height=1,reqIdx=3,hash=855de965...
info|2019-12-18 02:57:47.922187|[g:1][CONSENSUS][PBFT]checkTimeout Succ,view=99,toView=100,nodeIdx=2,changeCycle=0,myNode=95edd296...,timecost=15.717
info|2019-12-18 02:57:47.945007|[g:1][CONSENSUS][PBFT]checkAndChangeView: Reach consensus,org_view=99,org_changeCycle=0,cur_changeCycle=0,to_view=100
info|2019-12-18 02:57:48.964612|[g:1][CONSENSUS]addRawPrepare,height=1,reqIdx=0,hash=aa9f6629...
info|2019-12-18 02:57:48.970421|[g:1][CONSENSUS][PBFT]checkTimeout Succ,view=100,toView=101,nodeIdx=2,changeCycle=0,myNode=95edd296...,timecost=3.293
info|2019-12-18 02:57:48.991685|[g:1][CONSENSUS][PBFT]checkAndChangeView: Reach consensus,org_view=100,org_changeCycle=0,cur_changeCycle=0,to_view=101
info|2019-12-18 02:57:50.009329|[g:1][CONSENSUS]addRawPrepare,height=1,reqIdx=1,hash=8f5a9e3e...
info|2019-12-18 02:57:50.018176|[g:1][CONSENSUS][PBFT]checkTimeout Succ,view=101,toView=102,nodeIdx=2,changeCycle=0,myNode=95edd296...,timecost=5.622
info|2019-12-18 02:57:50.035250|[g:1][CONSENSUS][PBFT]checkAndChangeView: Reach consensus,org_view=101,org_changeCycle=0,cur_changeCycle=0,to_view=102
info|2019-12-18 02:57:50.232851|[P2P][Service] heartBeat,connected count=3
info|2019-12-18 02:57:51.036439|[g:1][CONSENSUS][SEALER]++++++++++++++++ Generating seal on,blkNum=1,tx=0,nodeIdx=2,hash=b9298588...
info|2019-12-18 02:57:51.044307|[g:1][CONSENSUS][PBFT]checkTimeout Succ,view=102,toView=103,nodeIdx=2,changeCycle=0,myNode=95edd296...,timecost=1.597
info|2019-12-18 02:57:51.073027|[g:1][CONSENSUS][PBFT]checkAndChangeView: Reach consensus,org_view=102,org_changeCycle=0,cur_changeCycle=0,to_view=103
info|2019-12-18 02:57:52.110035|[g:1][CONSENSUS]addRawPrepare,height=1,reqIdx=3,hash=f51a2242...
info|2019-12-18 02:57:52.115645|[g:1][CONSENSUS][PBFT]checkTimeout Succ,view=103,toView=104,nodeIdx=2,changeCycle=0,myNode=95edd296...,timecost=3.606
info|2019-12-18 02:57:52.145919|[g:1][CONSENSUS][PBFT]checkAndChangeView: Reach consensus,org_view=103,org_changeCycle=0,cur_changeCycle=0,to_view=104
info|2019-12-18 02:57:53.190655|[g:1][CONSENSUS]addRawPrepare,height=1,reqIdx=0,hash=f3c21e22...
info|2019-12-18 02:57:53.210309|[g:1][CONSENSUS][PBFT]checkTimeout Succ,view=104,toView=105,nodeIdx=2,changeCycle=0,myNode=95edd296...,timecost=19.02
info|2019-12-18 02:57:53.244352|[g:1][CONSENSUS][PBFT]checkAndChangeView: Reach consensus,org_view=104,org_changeCycle=0,cur_changeCycle=0,to_view=105
info|2019-12-18 02:57:54.268368|[g:1][CONSENSUS]addRawPrepare,height=1,reqIdx=1,hash=cdad6958...
info|2019-12-18 02:57:54.290009|[g:1][CONSENSUS][PBFT]checkTimeout Succ,view=105,toView=106,nodeIdx=2,changeCycle=0,myNode=95edd296...,timecost=10.157
info|2019-12-18 02:57:54.302384|[g:1][CONSENSUS][PBFT]checkAndChangeView: Reach consensus,org_view=105,org_changeCycle=0,cur_changeCycle=0,to_view=106
info|2019-12-18 02:57:55.304190|[g:1][CONSENSUS][SEALER]++++++++++++++++ Generating seal on,blkNum=1,tx=0,nodeIdx=2,hash=65651209...
info|2019-12-18 02:57:55.349287|[g:1][CONSENSUS][PBFT]checkTimeout Succ,view=106,toView=107,nodeIdx=2,changeCycle=0,myNode=95edd296...,timecost=7.6
info|2019-12-18 02:57:55.362981|[g:1][CONSENSUS][PBFT]checkAndChangeView: Reach consensus,org_view=106,org_changeCycle=0,cur_changeCycle=0,to_view=107
info|2019-12-18 02:57:56.355001|[g:1][CONSENSUS]addRawPrepare,height=1,reqIdx=3,hash=3aecbc0f...
info|2019-12-18 02:57:56.360546|[g:1][CONSENSUS][PBFT]checkTimeout Succ,view=107,toView=108,nodeIdx=2,changeCycle=0,myNode=95edd296...,timecost=5.198
info|2019-12-18 02:57:56.387525|[g:1][CONSENSUS][PBFT]checkAndChangeView: Reach consensus,org_view=107,org_changeCycle=0,cur_changeCycle=0,to_view=108
info|2019-12-18 02:57:57.417265|[g:1][CONSENSUS]addRawPrepare,height=1,reqIdx=0,hash=88dad573...
info|2019-12-18 02:57:57.423465|[g:1][CONSENSUS][PBFT]checkTimeout Succ,view=108,toView=109,nodeIdx=2,changeCycle=0,myNode=95edd296...,timecost=5.554
info|2019-12-18 02:57:57.456506|[g:1][CONSENSUS][PBFT]checkAndChangeView: Reach consensus,org_view=108,org_changeCycle=0,cur_changeCycle=0,to_view=109
info|2019-12-18 02:57:58.480158|[g:1][CONSENSUS]addRawPrepare,height=1,reqIdx=1,hash=6268fbb4...
info|2019-12-18 02:57:58.520119|[g:1][CONSENSUS][PBFT]checkTimeout Succ,view=109,toView=110,nodeIdx=2,changeCycle=0,myNode=95edd296...,timecost=17.129
info|2019-12-18 02:57:58.537874|[g:1][CONSENSUS][PBFT]checkAndChangeView: Reach consensus,org_view=109,org_changeCycle=0,cur_changeCycle=0,to_view=110
info|2019-12-18 02:57:59.540330|[g:1][CONSENSUS][SEALER]++++++++++++++++ Generating seal on,blkNum=1,tx=0,nodeIdx=2,hash=8ddf6a8d...
info|2019-12-18 02:57:59.578697|[g:1][CONSENSUS][PBFT]checkTimeout Succ,view=110,toView=111,nodeIdx=2,changeCycle=0,myNode=95edd296...,timecost=2.483
info|2019-12-18 02:57:59.618781|[g:1][CONSENSUS][PBFT]checkAndChangeView: Reach consensus,org_view=110,org_changeCycle=0,cur_changeCycle=0,to_view=111
info|2019-12-18 02:58:00.233386|[P2P][Service] heartBeat,connected count=3
info|2019-12-18 02:58:00.605285|[g:1][CONSENSUS]addRawPrepare,height=1,reqIdx=3,hash=6af89762...
info|2019-12-18 02:58:00.636119|[g:1][CONSENSUS][PBFT]checkTimeout Succ,view=111,toView=112,nodeIdx=2,changeCycle=0,myNode=95edd296...,timecost=21.058
info|2019-12-18 02:58:00.655365|[g:1][CONSENSUS][PBFT]checkAndChangeView: Reach consensus,org_view=111,org_changeCycle=0,cur_changeCycle=0,to_view=112
info|2019-12-18 02:58:01.672286|[g:1][CONSENSUS]addRawPrepare,height=1,reqIdx=0,hash=ac92d13a...
info|2019-12-18 02:58:01.680985|[g:1][CONSENSUS][PBFT]checkTimeout Succ,view=112,toView=113,nodeIdx=2,changeCycle=0,myNode=95edd296...,timecost=5.672
info|2019-12-18 02:58:01.716820|[g:1][CONSENSUS][PBFT]checkAndChangeView: Reach consensus,org_view=112,org_changeCycle=0,cur_changeCycle=0,to_view=113
info|2019-12-18 02:58:02.733220|[g:1][CONSENSUS]addRawPrepare,height=1,reqIdx=1,hash=6a871b9c...
info|2019-12-18 02:58:02.767043|[g:1][CONSENSUS][PBFT]checkTimeout Succ,view=113,toView=114,nodeIdx=2,changeCycle=0,myNode=95edd296...,timecost=14.569
info|2019-12-18 02:58:02.794994|[g:1][CONSENSUS][PBFT]checkAndChangeView: Reach consensus,org_view=113,org_changeCycle=0,cur_changeCycle=0,to_view=114
info|2019-12-18 02:58:03.796307|[g:1][CONSENSUS][SEALER]++++++++++++++++ Generating seal on,blkNum=1,tx=0,nodeIdx=2,hash=491e1f10...
info|2019-12-18 02:58:03.843812|[g:1][CONSENSUS][PBFT]checkTimeout Succ,view=114,toView=115,nodeIdx=2,changeCycle=0,myNode=95edd296...,timecost=42.685
info|2019-12-18 02:58:03.861214|[g:1][CONSENSUS][PBFT]checkAndChangeView: Reach consensus,org_view=114,org_changeCycle=0,cur_changeCycle=0,to_view=115
info|2019-12-18 02:58:04.892753|[g:1][CONSENSUS]addRawPrepare,height=1,reqIdx=3,hash=8654bcaf...
info|2019-12-18 02:58:04.899082|[g:1][CONSENSUS][PBFT]checkTimeout Succ,view=115,toView=116,nodeIdx=2,changeCycle=0,myNode=95edd296...,timecost=4.873
info|2019-12-18 02:58:04.934736|[g:1][CONSENSUS][PBFT]checkAndChangeView: Reach consensus,org_view=115,org_changeCycle=0,cur_changeCycle=0,to_view=116
info|2019-12-18 02:58:05.952381|[g:1][CONSENSUS]addRawPrepare,height=1,reqIdx=0,hash=7e4481e9...
info|2019-12-18 02:58:05.974458|[g:1][CONSENSUS][PBFT]checkTimeout Succ,view=116,toView=117,nodeIdx=2,changeCycle=0,myNode=95edd296...,timecost=17.187
info|2019-12-18 02:58:05.990993|[g:1][CONSENSUS][PBFT]checkAndChangeView: Reach consensus,org_view=116,org_changeCycle=0,cur_changeCycle=0,to_view=117
info|2019-12-18 02:58:07.004760|[g:1][CONSENSUS]addRawPrepare,height=1,reqIdx=1,hash=9f3b8a65...
info|2019-12-18 02:58:07.012809|[g:1][CONSENSUS][PBFT]checkTimeout Succ,view=117,toView=118,nodeIdx=2,changeCycle=0,myNode=95edd296...,timecost=4.248
info|2019-12-18 02:58:07.038349|[g:1][CONSENSUS][PBFT]checkAndChangeView: Reach consensus,org_view=117,org_changeCycle=0,cur_changeCycle=0,to_view=118
info|2019-12-18 02:58:08.038816|[g:1][CONSENSUS][SEALER]++++++++++++++++ Generating seal on,blkNum=1,tx=0,nodeIdx=2,hash=44264646...
info|2019-12-18 02:58:08.094018|[g:1][CONSENSUS][PBFT]checkTimeout Succ,view=118,toView=119,nodeIdx=2,changeCycle=0,myNode=95edd296...,timecost=49.326
info|2019-12-18 02:58:08.103054|[g:1][CONSENSUS][PBFT]checkAndChangeView: Reach consensus,org_view=118,org_changeCycle=0,cur_changeCycle=0,to_view=119
info|2019-12-18 02:58:09.116449|[g:1][CONSENSUS]addRawPrepare,height=1,reqIdx=3,hash=d4143c9b...
info|2019-12-18 02:58:09.128220|[g:1][CONSENSUS][PBFT]checkTimeout Succ,view=119,toView=120,nodeIdx=2,changeCycle=0,myNode=95edd296...,timecost=11.012
info|2019-12-18 02:58:09.180177|[g:1][CONSENSUS][PBFT]checkAndChangeView: Reach consensus,org_view=119,org_changeCycle=0,cur_changeCycle=0,to_view=120
info|2019-12-18 02:58:10.181043|[g:1][CONSENSUS]addRawPrepare,height=1,reqIdx=0,hash=2ed41df8...
info|2019-12-18 02:58:10.196778|[g:1][CONSENSUS][PBFT]checkTimeout Succ,view=120,toView=121,nodeIdx=2,changeCycle=0,myNode=95edd296...,timecost=15.228
info|2019-12-18 02:58:10.234848|[P2P][Service] heartBeat,connected count=3
info|2019-12-18 02:58:10.239777|[g:1][CONSENSUS][PBFT]checkAndChangeView: Reach consensus,org_view=120,org_changeCycle=0,cur_changeCycle=0,to_view=121
info|2019-12-18 02:58:11.255506|[g:1][CONSENSUS]addRawPrepare,height=1,reqIdx=1,hash=bc892f44...
info|2019-12-18 02:58:11.268128|[g:1][CONSENSUS][PBFT]checkTimeout Succ,view=121,toView=122,nodeIdx=2,changeCycle=0,myNode=95edd296...,timecost=12.109
info|2019-12-18 02:58:11.298101|[g:1][CONSENSUS][PBFT]checkAndChangeView: Reach consensus,org_view=121,org_changeCycle=0,cur_changeCycle=0,to_view=122
info|2019-12-18 02:58:12.299016|[g:1][CONSENSUS][SEALER]++++++++++++++++ Generating seal on,blkNum=1,tx=0,nodeIdx=2,hash=b38f22f7...
info|2019-12-18 02:58:12.314373|[g:1][CONSENSUS][PBFT]checkTimeout Succ,view=122,toView=123,nodeIdx=2,changeCycle=0,myNode=95edd296...,timecost=13.026
info|2019-12-18 02:58:12.345045|[g:1][CONSENSUS][PBFT]checkAndChangeView: Reach consensus,org_view=122,org_changeCycle=0,cur_changeCycle=0,to_view=123
info|2019-12-18 02:58:13.345115|[g:1][CONSENSUS]addRawPrepare,height=1,reqIdx=3,hash=172a1714...
info|2019-12-18 02:58:13.365669|[g:1][CONSENSUS][PBFT]checkTimeout Succ,view=123,toView=124,nodeIdx=2,changeCycle=0,myNode=95edd296...,timecost=16.494
info|2019-12-18 02:58:13.399589|[g:1][CONSENSUS][PBFT]checkAndChangeView: Reach consensus,org_view=123,org_changeCycle=0,cur_changeCycle=0,to_view=124
info|2019-12-18 02:58:14.419768|[g:1][CONSENSUS]addRawPrepare,height=1,reqIdx=0,hash=37c033bc...
info|2019-12-18 02:58:14.441912|[g:1][CONSENSUS][PBFT]checkTimeout Succ,view=124,toView=125,nodeIdx=2,changeCycle=0,myNode=95edd296...,timecost=13.535
info|2019-12-18 02:58:14.480146|[g:1][CONSENSUS][PBFT]checkAndChangeView: Reach consensus,org_view=124,org_changeCycle=0,cur_changeCycle=0,to_view=125
info|2019-12-18 02:58:15.477416|[g:1][CONSENSUS]addRawPrepare,height=1,reqIdx=1,hash=49a7a60a...
info|2019-12-18 02:58:15.488057|[g:1][CONSENSUS][PBFT]checkTimeout Succ,view=125,toView=126,nodeIdx=2,changeCycle=0,myNode=95edd296...,timecost=5.554
info|2019-12-18 02:58:15.515348|[g:1][CONSENSUS][PBFT]checkAndChangeView: Reach consensus,org_view=125,org_changeCycle=0,cur_changeCycle=0,to_view=126
info|2019-12-18 02:58:16.516391|[g:1][CONSENSUS][SEALER]++++++++++++++++ Generating seal on,blkNum=1,tx=0,nodeIdx=2,hash=24a1ff6b...
info|2019-12-18 02:58:16.553358|[g:1][CONSENSUS][PBFT]checkTimeout Succ,view=126,toView=127,nodeIdx=2,changeCycle=0,myNode=95edd296...,timecost=31.046
info|2019-12-18 02:58:16.570828|[g:1][CONSENSUS][PBFT]checkAndChangeView: Reach consensus,org_view=126,org_changeCycle=0,cur_changeCycle=0,to_view=127
info|2019-12-18 02:58:17.590017|[g:1][CONSENSUS]addRawPrepare,height=1,reqIdx=3,hash=4e0a4234...
info|2019-12-18 02:58:17.601442|[g:1][CONSENSUS][PBFT]checkTimeout Succ,view=127,toView=128,nodeIdx=2,changeCycle=0,myNode=95edd296...,timecost=9.503
info|2019-12-18 02:58:17.613792|[g:1][CONSENSUS][PBFT]checkAndChangeView: Reach consensus,org_view=127,org_changeCycle=0,cur_changeCycle=0,to_view=128
info|2019-12-18 02:58:18.647481|[g:1][CONSENSUS]addRawPrepare,height=1,reqIdx=0,hash=80f86dd3...
info|2019-12-18 02:58:18.657091|[g:1][CONSENSUS][PBFT]checkTimeout Succ,view=128,toView=129,nodeIdx=2,changeCycle=0,myNode=95edd296...,timecost=10.869
info|2019-12-18 02:58:18.672415|[g:1][CONSENSUS][PBFT]checkAndChangeView: Reach consensus,org_view=128,org_changeCycle=0,cur_changeCycle=0,to_view=129
info|2019-12-18 02:58:19.704403|[g:1][CONSENSUS]addRawPrepare,height=1,reqIdx=1,hash=822672e4...
info|2019-12-18 02:58:19.716179|[g:1][CONSENSUS][PBFT]checkTimeout Succ,view=129,toView=130,nodeIdx=2,changeCycle=0,myNode=95edd296...,timecost=9.969
info|2019-12-18 02:58:19.742847|[g:1][CONSENSUS][PBFT]checkAndChangeView: Reach consensus,org_view=129,org_changeCycle=0,cur_changeCycle=0,to_view=130
info|2019-12-18 02:58:20.235912|[P2P][Service] heartBeat,connected count=3
info|2019-12-18 02:58:20.744441|[g:1][CONSENSUS][SEALER]++++++++++++++++ Generating seal on,blkNum=1,tx=0,nodeIdx=2,hash=4bc7fd62...
info|2019-12-18 02:58:20.751995|[g:1][CONSENSUS][PBFT]checkTimeout Succ,view=130,toView=131,nodeIdx=2,changeCycle=0,myNode=95edd296...,timecost=1.927
info|2019-12-18 02:58:20.801864|[g:1][CONSENSUS][PBFT]checkAndChangeView: Reach consensus,org_view=130,org_changeCycle=0,cur_changeCycle=0,to_view=131
info|2019-12-18 02:58:21.894418|[g:1][CONSENSUS]addRawPrepare,height=1,reqIdx=3,hash=83a1919a...
info|2019-12-18 02:58:21.896904|[g:1][CONSENSUS][PBFT]checkTimeout Succ,view=131,toView=132,nodeIdx=2,changeCycle=0,myNode=95edd296...,timecost=1.543
info|2019-12-18 02:58:22.004876|[g:1][CONSENSUS][PBFT]checkAndChangeView: Reach consensus,org_view=131,org_changeCycle=0,cur_changeCycle=0,to_view=132
info|2019-12-18 02:58:23.032677|[g:1][CONSENSUS]addRawPrepare,height=1,reqIdx=0,hash=5c68d90f...
info|2019-12-18 02:58:23.034862|[g:1][CONSENSUS][PBFT]checkTimeout Succ,view=132,toView=133,nodeIdx=2,changeCycle=0,myNode=95edd296...,timecost=1.646
info|2019-12-18 02:58:23.061978|[g:1][CONSENSUS][PBFT]checkAndChangeView: Reach consensus,org_view=132,org_changeCycle=0,cur_changeCycle=0,to_view=133
info|2019-12-18 02:58:24.083112|[g:1][CONSENSUS]addRawPrepare,height=1,reqIdx=1,hash=701ff03f...
info|2019-12-18 02:58:24.084734|[g:1][CONSENSUS][PBFT]checkTimeout Succ,view=133,toView=134,nodeIdx=2,changeCycle=0,myNode=95edd296...,timecost=1.051
info|2019-12-18 02:58:24.097401|[g:1][CONSENSUS][PBFT]checkAndChangeView: Reach consensus,org_view=133,org_changeCycle=0,cur_changeCycle=0,to_view=134
info|2019-12-18 02:58:25.099256|[g:1][CONSENSUS][SEALER]++++++++++++++++ Generating seal on,blkNum=1,tx=0,nodeIdx=2,hash=4c396f41...
info|2019-12-18 02:58:25.108937|[g:1][CONSENSUS][PBFT]checkTimeout Succ,view=134,toView=135,nodeIdx=2,changeCycle=0,myNode=95edd296...,timecost=0.849
info|2019-12-18 02:58:25.112715|[g:1][CONSENSUS][PBFT]checkAndChangeView: Reach consensus,org_view=134,org_changeCycle=0,cur_changeCycle=0,to_view=135
info|2019-12-18 02:58:26.129183|[g:1][CONSENSUS]addRawPrepare,height=1,reqIdx=3,hash=2a721d1d...
info|2019-12-18 02:58:26.131620|[g:1][CONSENSUS][PBFT]checkTimeout Succ,view=135,toView=136,nodeIdx=2,changeCycle=0,myNode=95edd296...,timecost=2.191
info|2019-12-18 02:58:26.144134|[g:1][CONSENSUS][PBFT]checkAndChangeView: Reach consensus,org_view=135,org_changeCycle=0,cur_changeCycle=0,to_view=136
info|2019-12-18 02:58:27.162729|[g:1][CONSENSUS]addRawPrepare,height=1,reqIdx=0,hash=3151b7dc...
info|2019-12-18 02:58:27.182741|[g:1][CONSENSUS][PBFT]checkTimeout Succ,view=136,toView=137,nodeIdx=2,changeCycle=0,myNode=95edd296...,timecost=0.655
info|2019-12-18 02:58:27.183790|[g:1][CONSENSUS][PBFT]checkAndChangeView: Reach consensus,org_view=136,org_changeCycle=0,cur_changeCycle=0,to_view=137
info|2019-12-18 02:58:28.189571|[g:1][CONSENSUS]addRawPrepare,height=1,reqIdx=1,hash=5d3a12b2...
info|2019-12-18 02:58:28.190356|[g:1][CONSENSUS][PBFT]checkTimeout Succ,view=137,toView=138,nodeIdx=2,changeCycle=0,myNode=95edd296...,timecost=0.595
info|2019-12-18 02:58:28.192958|[g:1][CONSENSUS][PBFT]checkAndChangeView: Reach consensus,org_view=137,org_changeCycle=0,cur_changeCycle=0,to_view=138
info|2019-12-18 02:58:29.194604|[g:1][CONSENSUS][SEALER]++++++++++++++++ Generating seal on,blkNum=1,tx=0,nodeIdx=2,hash=e4d2e9bb...
info|2019-12-18 02:58:29.211378|[g:1][CONSENSUS][PBFT]checkTimeout Succ,view=138,toView=139,nodeIdx=2,changeCycle=0,myNode=95edd296...,timecost=2.873
info|2019-12-18 02:58:29.257535|[g:1][CONSENSUS][PBFT]checkAndChangeView: Reach consensus,org_view=138,org_changeCycle=0,cur_changeCycle=0,to_view=139
info|2019-12-18 02:58:30.237063|[P2P][Service] heartBeat,connected count=3
info|2019-12-18 02:58:30.271680|[g:1][CONSENSUS]addRawPrepare,height=1,reqIdx=3,hash=576d6d66...
info|2019-12-18 02:58:30.283583|[g:1][CONSENSUS][PBFT]checkTimeout Succ,view=139,toView=140,nodeIdx=2,changeCycle=0,myNode=95edd296...,timecost=11.703
info|2019-12-18 02:58:30.343929|[g:1][CONSENSUS][PBFT]checkAndChangeView: Reach consensus,org_view=139,org_changeCycle=0,cur_changeCycle=0,to_view=140
info|2019-12-18 02:58:31.375993|[g:1][CONSENSUS]addRawPrepare,height=1,reqIdx=0,hash=63091a71...
info|2019-12-18 02:58:31.383128|[g:1][CONSENSUS][PBFT]checkTimeout Succ,view=140,toView=141,nodeIdx=2,changeCycle=0,myNode=95edd296...,timecost=6.761
info|2019-12-18 02:58:31.401001|[g:1][CONSENSUS][PBFT]checkAndChangeView: Reach consensus,org_view=140,org_changeCycle=0,cur_changeCycle=0,to_view=141
info|2019-12-18 02:58:32.436180|[g:1][CONSENSUS]addRawPrepare,height=1,reqIdx=1,hash=5eb3562b...
info|2019-12-18 02:58:32.478489|[g:1][CONSENSUS][PBFT]checkTimeout Succ,view=141,toView=142,nodeIdx=2,changeCycle=0,myNode=95edd296...,timecost=41.542
info|2019-12-18 02:58:32.516918|[g:1][CONSENSUS][PBFT]checkAndChangeView: Reach consensus,org_view=141,org_changeCycle=0,cur_changeCycle=0,to_view=142
info|2019-12-18 02:58:33.519993|[g:1][CONSENSUS][SEALER]++++++++++++++++ Generating seal on,blkNum=1,tx=0,nodeIdx=2,hash=464848cc...
info|2019-12-18 02:58:33.556548|[g:1][CONSENSUS][PBFT]checkTimeout Succ,view=142,toView=143,nodeIdx=2,changeCycle=0,myNode=95edd296...,timecost=1.664
info|2019-12-18 02:58:33.571936|[g:1][CONSENSUS][PBFT]checkAndChangeView: Reach consensus,org_view=142,org_changeCycle=0,cur_changeCycle=0,to_view=143
info|2019-12-18 02:58:34.611491|[g:1][CONSENSUS]addRawPrepare,height=1,reqIdx=3,hash=fd794b5a...
info|2019-12-18 02:58:34.617257|[g:1][CONSENSUS][PBFT]checkTimeout Succ,view=143,toView=144,nodeIdx=2,changeCycle=0,myNode=95edd296...,timecost=5.401
info|2019-12-18 02:58:34.656608|[g:1][CONSENSUS][PBFT]checkAndChangeView: Reach consensus,org_view=143,org_changeCycle=0,cur_changeCycle=0,to_view=144
info|2019-12-18 02:58:35.690564|[g:1][CONSENSUS]addRawPrepare,height=1,reqIdx=0,hash=3bea1b7c...
info|2019-12-18 02:58:35.707024|[g:1][CONSENSUS][PBFT]checkTimeout Succ,view=144,toView=145,nodeIdx=2,changeCycle=0,myNode=95edd296...,timecost=15.169
info|2019-12-18 02:58:35.774020|[g:1][CONSENSUS][PBFT]checkAndChangeView: Reach consensus,org_view=144,org_changeCycle=0,cur_changeCycle=0,to_view=145
info|2019-12-18 02:58:36.794456|[g:1][CONSENSUS]addRawPrepare,height=1,reqIdx=1,hash=d380231f...
info|2019-12-18 02:58:36.825698|[g:1][CONSENSUS][PBFT]checkTimeout Succ,view=145,toView=146,nodeIdx=2,changeCycle=0,myNode=95edd296...,timecost=21.36
info|2019-12-18 02:58:36.859774|[g:1][CONSENSUS][PBFT]checkAndChangeView: Reach consensus,org_view=145,org_changeCycle=0,cur_changeCycle=0,to_view=146
info|2019-12-18 02:58:37.862711|[g:1][CONSENSUS][SEALER]++++++++++++++++ Generating seal on,blkNum=1,tx=0,nodeIdx=2,hash=c71c7948...
info|2019-12-18 02:58:37.885429|[g:1][CONSENSUS][PBFT]checkTimeout Succ,view=146,toView=147,nodeIdx=2,changeCycle=0,myNode=95edd296...,timecost=9.935
info|2019-12-18 02:58:37.924698|[g:1][CONSENSUS][PBFT]checkAndChangeView: Reach consensus,org_view=146,org_changeCycle=0,cur_changeCycle=0,to_view=147
info|2019-12-18 02:58:38.930261|[g:1][CONSENSUS]addRawPrepare,height=1,reqIdx=3,hash=e9be7beb...
info|2019-12-18 02:58:38.952664|[g:1][CONSENSUS][PBFT]checkTimeout Succ,view=147,toView=148,nodeIdx=2,changeCycle=0,myNode=95edd296...,timecost=8.875
info|2019-12-18 02:58:38.980949|[g:1][CONSENSUS][PBFT]checkAndChangeView: Reach consensus,org_view=147,org_changeCycle=0,cur_changeCycle=0,to_view=148
info|2019-12-18 02:58:40.004034|[g:1][CONSENSUS]addRawPrepare,height=1,reqIdx=0,hash=ba8fa814...
info|2019-12-18 02:58:40.021047|[g:1][CONSENSUS][PBFT]checkTimeout Succ,view=148,toView=149,nodeIdx=2,changeCycle=0,myNode=95edd296...,timecost=14.207
info|2019-12-18 02:58:40.034640|[g:1][CONSENSUS][PBFT]checkAndChangeView: Reach consensus,org_view=148,org_changeCycle=0,cur_changeCycle=0,to_view=149
info|2019-12-18 02:58:40.237866|[P2P][Service] heartBeat,connected count=3
info|2019-12-18 02:58:41.061135|[g:1][CONSENSUS]addRawPrepare,height=1,reqIdx=1,hash=6171bb0f...
info|2019-12-18 02:58:41.078453|[g:1][CONSENSUS][PBFT]checkTimeout Succ,view=149,toView=150,nodeIdx=2,changeCycle=0,myNode=95edd296...,timecost=13.023
info|2019-12-18 02:58:41.098346|[g:1][CONSENSUS][PBFT]checkAndChangeView: Reach consensus,org_view=149,org_changeCycle=0,cur_changeCycle=0,to_view=150
info|2019-12-18 02:58:42.099574|[g:1][CONSENSUS][SEALER]++++++++++++++++ Generating seal on,blkNum=1,tx=0,nodeIdx=2,hash=d60468b2...
info|2019-12-18 02:58:42.128678|[g:1][CONSENSUS][PBFT]checkTimeout Succ,view=150,toView=151,nodeIdx=2,changeCycle=0,myNode=95edd296...,timecost=2.07
info|2019-12-18 02:58:42.152478|[g:1][CONSENSUS][PBFT]checkAndChangeView: Reach consensus,org_view=150,org_changeCycle=0,cur_changeCycle=0,to_view=151
info|2019-12-18 02:58:43.210328|[g:1][CONSENSUS]addRawPrepare,height=1,reqIdx=3,hash=bd3c7e4c...
info|2019-12-18 02:58:43.212862|[g:1][CONSENSUS][PBFT]checkTimeout Succ,view=151,toView=152,nodeIdx=2,changeCycle=0,myNode=95edd296...,timecost=2.007
info|2019-12-18 02:58:43.224467|[g:1][CONSENSUS][PBFT]checkAndChangeView: Reach consensus,org_view=151,org_changeCycle=0,cur_changeCycle=0,to_view=152
info|2019-12-18 02:58:44.265332|[g:1][CONSENSUS]addRawPrepare,height=1,reqIdx=0,hash=75825d0f...
info|2019-12-18 02:58:44.271752|[g:1][CONSENSUS][PBFT]checkTimeout Succ,view=152,toView=153,nodeIdx=2,changeCycle=0,myNode=95edd296...,timecost=4.186
info|2019-12-18 02:58:44.289428|[g:1][CONSENSUS][PBFT]checkAndChangeView: Reach consensus,org_view=152,org_changeCycle=0,cur_changeCycle=0,to_view=153
info|2019-12-18 02:58:45.323390|[g:1][CONSENSUS]addRawPrepare,height=1,reqIdx=1,hash=4c315ec2...
info|2019-12-18 02:58:45.359319|[g:1][CONSENSUS][PBFT]checkTimeout Succ,view=153,toView=154,nodeIdx=2,changeCycle=0,myNode=95edd296...,timecost=30.901
info|2019-12-18 02:58:45.399230|[g:1][CONSENSUS][PBFT]checkAndChangeView: Reach consensus,org_view=153,org_changeCycle=0,cur_changeCycle=0,to_view=154
info|2019-12-18 02:58:46.400978|[g:1][CONSENSUS][SEALER]++++++++++++++++ Generating seal on,blkNum=1,tx=0,nodeIdx=2,hash=580f0eb7...
info|2019-12-18 02:58:46.422749|[g:1][CONSENSUS][PBFT]checkTimeout Succ,view=154,toView=155,nodeIdx=2,changeCycle=0,myNode=95edd296...,timecost=15.226
info|2019-12-18 02:58:46.437203|[g:1][CONSENSUS][PBFT]checkAndChangeView: Reach consensus,org_view=154,org_changeCycle=0,cur_changeCycle=0,to_view=155
info|2019-12-18 02:58:47.475580|[g:1][CONSENSUS]addRawPrepare,height=1,reqIdx=3,hash=cebf4b37...
info|2019-12-18 02:58:47.492032|[g:1][CONSENSUS][PBFT]checkTimeout Succ,view=155,toView=156,nodeIdx=2,changeCycle=0,myNode=95edd296...,timecost=13.768
info|2019-12-18 02:58:47.531185|[g:1][CONSENSUS][PBFT]checkAndChangeView: Reach consensus,org_view=155,org_changeCycle=0,cur_changeCycle=0,to_view=156
info|2019-12-18 02:58:48.508557|[g:1][CONSENSUS]addRawPrepare,height=1,reqIdx=0,hash=ab1c2046...
info|2019-12-18 02:58:48.551926|[g:1][CONSENSUS][PBFT]checkTimeout Succ,view=156,toView=157,nodeIdx=2,changeCycle=0,myNode=95edd296...,timecost=28.327
info|2019-12-18 02:58:48.579669|[g:1][CONSENSUS][PBFT]checkAndChangeView: Reach consensus,org_view=156,org_changeCycle=0,cur_changeCycle=0,to_view=157
info|2019-12-18 02:58:49.557310|[g:1][CONSENSUS]addRawPrepare,height=1,reqIdx=1,hash=aa8d81ad...
info|2019-12-18 02:58:49.564129|[g:1][CONSENSUS][PBFT]checkTimeout Succ,view=157,toView=158,nodeIdx=2,changeCycle=0,myNode=95edd296...,timecost=5.993
info|2019-12-18 02:58:49.614498|[g:1][CONSENSUS][PBFT]checkAndChangeView: Reach consensus,org_view=157,org_changeCycle=0,cur_changeCycle=0,to_view=158
info|2019-12-18 02:58:50.238477|[P2P][Service] heartBeat,connected count=3
info|2019-12-18 02:58:50.616012|[g:1][CONSENSUS][SEALER]++++++++++++++++ Generating seal on,blkNum=1,tx=0,nodeIdx=2,hash=48e8b3fa...
info|2019-12-18 02:58:50.650487|[g:1][CONSENSUS][PBFT]checkTimeout Succ,view=158,toView=159,nodeIdx=2,changeCycle=0,myNode=95edd296...,timecost=1.89
info|2019-12-18 02:58:50.670909|[g:1][CONSENSUS][PBFT]checkAndChangeView: Reach consensus,org_view=158,org_changeCycle=0,cur_changeCycle=0,to_view=159
info|2019-12-18 02:58:51.708797|[g:1][CONSENSUS]addRawPrepare,height=1,reqIdx=3,hash=aa21d80a...
info|2019-12-18 02:58:51.744952|[g:1][CONSENSUS][PBFT]checkTimeout Succ,view=159,toView=160,nodeIdx=2,changeCycle=0,myNode=95edd296...,timecost=35.838
info|2019-12-18 02:58:51.763510|[g:1][CONSENSUS][PBFT]checkAndChangeView: Reach consensus,org_view=159,org_changeCycle=0,cur_changeCycle=0,to_view=160
info|2019-12-18 02:58:52.738325|[g:1][CONSENSUS]addRawPrepare,height=1,reqIdx=0,hash=b2586aad...
info|2019-12-18 02:58:52.742912|[g:1][CONSENSUS][PBFT]checkTimeout Succ,view=160,toView=161,nodeIdx=2,changeCycle=0,myNode=95edd296...,timecost=2.249
info|2019-12-18 02:58:52.796152|[g:1][CONSENSUS][PBFT]checkAndChangeView: Reach consensus,org_view=160,org_changeCycle=0,cur_changeCycle=0,to_view=161
info|2019-12-18 02:58:53.806108|[g:1][CONSENSUS]addRawPrepare,height=1,reqIdx=1,hash=32fc5002...
info|2019-12-18 02:58:53.823857|[g:1][CONSENSUS][PBFT]checkTimeout Succ,view=161,toView=162,nodeIdx=2,changeCycle=0,myNode=95edd296...,timecost=10.58
info|2019-12-18 02:58:53.835222|[g:1][CONSENSUS][PBFT]checkAndChangeView: Reach consensus,org_view=161,org_changeCycle=0,cur_changeCycle=0,to_view=162
info|2019-12-18 02:58:54.843313|[g:1][CONSENSUS][SEALER]++++++++++++++++ Generating seal on,blkNum=1,tx=0,nodeIdx=2,hash=b7d1176d...
info|2019-12-18 02:58:54.884727|[g:1][CONSENSUS][PBFT]checkTimeout Succ,view=162,toView=163,nodeIdx=2,changeCycle=0,myNode=95edd296...,timecost=5.831
info|2019-12-18 02:58:54.895349|[g:1][CONSENSUS][PBFT]checkAndChangeView: Reach consensus,org_view=162,org_changeCycle=0,cur_changeCycle=0,to_view=163
info|2019-12-18 02:58:55.931935|[g:1][CONSENSUS]addRawPrepare,height=1,reqIdx=3,hash=aa4e95cd...
info|2019-12-18 02:58:55.952649|[g:1][CONSENSUS][PBFT]checkTimeout Succ,view=163,toView=164,nodeIdx=2,changeCycle=0,myNode=95edd296...,timecost=20.31
info|2019-12-18 02:58:55.991875|[g:1][CONSENSUS][PBFT]checkAndChangeView: Reach consensus,org_view=163,org_changeCycle=0,cur_changeCycle=0,to_view=164
info|2019-12-18 02:58:57.013819|[g:1][CONSENSUS]addRawPrepare,height=1,reqIdx=0,hash=0d873358...
info|2019-12-18 02:58:57.035530|[g:1][CONSENSUS][PBFT]checkTimeout Succ,view=164,toView=165,nodeIdx=2,changeCycle=0,myNode=95edd296...,timecost=21.17
info|2019-12-18 02:58:57.071217|[g:1][CONSENSUS][PBFT]checkAndChangeView: Reach consensus,org_view=164,org_changeCycle=0,cur_changeCycle=0,to_view=165
info|2019-12-18 02:58:58.095635|[g:1][CONSENSUS]addRawPrepare,height=1,reqIdx=1,hash=016588ae...
info|2019-12-18 02:58:58.100284|[g:1][CONSENSUS][PBFT]checkTimeout Succ,view=165,toView=166,nodeIdx=2,changeCycle=0,myNode=95edd296...,timecost=3.852
info|2019-12-18 02:58:58.139743|[g:1][CONSENSUS][PBFT]checkAndChangeView: Reach consensus,org_view=165,org_changeCycle=0,cur_changeCycle=0,to_view=166
info|2019-12-18 02:58:59.141886|[g:1][CONSENSUS][SEALER]++++++++++++++++ Generating seal on,blkNum=1,tx=0,nodeIdx=2,hash=6735b661...
info|2019-12-18 02:58:59.161251|[g:1][CONSENSUS][PBFT]checkTimeout Succ,view=166,toView=167,nodeIdx=2,changeCycle=0,myNode=95edd296...,timecost=1.67
info|2019-12-18 02:58:59.192176|[g:1][CONSENSUS][PBFT]checkAndChangeView: Reach consensus,org_view=166,org_changeCycle=0,cur_changeCycle=0,to_view=167
info|2019-12-18 02:59:00.240633|[P2P][Service] heartBeat,connected count=3
info|2019-12-18 02:59:00.243824|[g:1][CONSENSUS]addRawPrepare,height=1,reqIdx=3,hash=496d8c40...
info|2019-12-18 02:59:00.278346|[g:1][CONSENSUS][PBFT]checkTimeout Succ,view=167,toView=168,nodeIdx=2,changeCycle=0,myNode=95edd296...,timecost=33.396
info|2019-12-18 02:59:00.304252|[g:1][CONSENSUS][PBFT]checkAndChangeView: Reach consensus,org_view=167,org_changeCycle=0,cur_changeCycle=0,to_view=168
info|2019-12-18 02:59:01.293644|[g:1][CONSENSUS]addRawPrepare,height=1,reqIdx=0,hash=2a001d9b...
info|2019-12-18 02:59:01.305634|[g:1][CONSENSUS][PBFT]checkTimeout Succ,view=168,toView=169,nodeIdx=2,changeCycle=0,myNode=95edd296...,timecost=2.874
info|2019-12-18 02:59:01.323966|[g:1][CONSENSUS][PBFT]checkAndChangeView: Reach consensus,org_view=168,org_changeCycle=0,cur_changeCycle=0,to_view=169
info|2019-12-18 02:59:02.365303|[g:1][CONSENSUS]addRawPrepare,height=1,reqIdx=1,hash=135d2b34...
info|2019-12-18 02:59:02.381804|[g:1][CONSENSUS][PBFT]checkTimeout Succ,view=169,toView=170,nodeIdx=2,changeCycle=0,myNode=95edd296...,timecost=10.681
info|2019-12-18 02:59:02.396631|[g:1][CONSENSUS][PBFT]checkAndChangeView: Reach consensus,org_view=169,org_changeCycle=0,cur_changeCycle=0,to_view=170
info|2019-12-18 02:59:03.399892|[g:1][CONSENSUS][SEALER]++++++++++++++++ Generating seal on,blkNum=1,tx=0,nodeIdx=2,hash=7defd677...
info|2019-12-18 02:59:03.404250|[g:1][CONSENSUS][PBFT]checkTimeout Succ,view=170,toView=171,nodeIdx=2,changeCycle=0,myNode=95edd296...,timecost=2.066
info|2019-12-18 02:59:03.446485|[g:1][CONSENSUS][PBFT]checkAndChangeView: Reach consensus,org_view=170,org_changeCycle=0,cur_changeCycle=0,to_view=171
info|2019-12-18 02:59:04.466048|[g:1][CONSENSUS]addRawPrepare,height=1,reqIdx=3,hash=e2dbb443...
info|2019-12-18 02:59:04.484654|[g:1][CONSENSUS][PBFT]checkTimeout Succ,view=171,toView=172,nodeIdx=2,changeCycle=0,myNode=95edd296...,timecost=8.487
info|2019-12-18 02:59:04.521057|[g:1][CONSENSUS][PBFT]checkAndChangeView: Reach consensus,org_view=171,org_changeCycle=0,cur_changeCycle=0,to_view=172
info|2019-12-18 02:59:05.511362|[g:1][CONSENSUS]addRawPrepare,height=1,reqIdx=0,hash=98367c67...
info|2019-12-18 02:59:05.556510|[g:1][CONSENSUS][PBFT]checkTimeout Succ,view=172,toView=173,nodeIdx=2,changeCycle=0,myNode=95edd296...,timecost=21.451
info|2019-12-18 02:59:05.580791|[g:1][CONSENSUS][PBFT]checkAndChangeView: Reach consensus,org_view=172,org_changeCycle=0,cur_changeCycle=0,to_view=173
info|2019-12-18 02:59:06.600473|[g:1][CONSENSUS]addRawPrepare,height=1,reqIdx=1,hash=94798d1a...
info|2019-12-18 02:59:06.628318|[g:1][CONSENSUS][PBFT]checkTimeout Succ,view=173,toView=174,nodeIdx=2,changeCycle=0,myNode=95edd296...,timecost=9.331
info|2019-12-18 02:59:06.636526|[g:1][CONSENSUS][PBFT]checkAndChangeView: Reach consensus,org_view=173,org_changeCycle=0,cur_changeCycle=0,to_view=174
info|2019-12-18 02:59:07.636652|[g:1][CONSENSUS][SEALER]++++++++++++++++ Generating seal on,blkNum=1,tx=0,nodeIdx=2,hash=4b51a46d...
info|2019-12-18 02:59:07.661370|[g:1][CONSENSUS][PBFT]checkTimeout Succ,view=174,toView=175,nodeIdx=2,changeCycle=0,myNode=95edd296...,timecost=19.832
info|2019-12-18 02:59:07.680748|[g:1][CONSENSUS][PBFT]checkAndChangeView: Reach consensus,org_view=174,org_changeCycle=0,cur_changeCycle=0,to_view=175
info|2019-12-18 02:59:08.736374|[g:1][CONSENSUS]addRawPrepare,height=1,reqIdx=3,hash=3f77211e...
info|2019-12-18 02:59:08.756646|[g:1][CONSENSUS][PBFT]checkTimeout Succ,view=175,toView=176,nodeIdx=2,changeCycle=0,myNode=95edd296...,timecost=12.892
info|2019-12-18 02:59:08.788968|[g:1][CONSENSUS][PBFT]checkAndChangeView: Reach consensus,org_view=175,org_changeCycle=0,cur_changeCycle=0,to_view=176
info|2019-12-18 02:59:09.803487|[g:1][CONSENSUS]addRawPrepare,height=1,reqIdx=0,hash=153c0e7c...
info|2019-12-18 02:59:09.812136|[g:1][CONSENSUS][PBFT]checkTimeout Succ,view=176,toView=177,nodeIdx=2,changeCycle=0,myNode=95edd296...,timecost=4.986
info|2019-12-18 02:59:09.832632|[g:1][CONSENSUS][PBFT]checkAndChangeView: Reach consensus,org_view=176,org_changeCycle=0,cur_changeCycle=0,to_view=177
info|2019-12-18 02:59:10.240968|[P2P][Service] heartBeat,connected count=3
info|2019-12-18 02:59:10.855345|[g:1][CONSENSUS]addRawPrepare,height=1,reqIdx=1,hash=e0adda22...
info|2019-12-18 02:59:10.878973|[g:1][CONSENSUS][PBFT]checkTimeout Succ,view=177,toView=178,nodeIdx=2,changeCycle=0,myNode=95edd296...,timecost=20.803
info|2019-12-18 02:59:10.905966|[g:1][CONSENSUS][PBFT]checkAndChangeView: Reach consensus,org_view=177,org_changeCycle=0,cur_changeCycle=0,to_view=178
info|2019-12-18 02:59:11.907538|[g:1][CONSENSUS][SEALER]++++++++++++++++ Generating seal on,blkNum=1,tx=0,nodeIdx=2,hash=f7b52345...
info|2019-12-18 02:59:11.925989|[g:1][CONSENSUS][PBFT]checkTimeout Succ,view=178,toView=179,nodeIdx=2,changeCycle=0,myNode=95edd296...,timecost=7.646
info|2019-12-18 02:59:11.959185|[g:1][CONSENSUS][PBFT]checkAndChangeView: Reach consensus,org_view=178,org_changeCycle=0,cur_changeCycle=0,to_view=179
info|2019-12-18 02:59:13.005009|[g:1][CONSENSUS]addRawPrepare,height=1,reqIdx=3,hash=d92cbde4...
info|2019-12-18 02:59:13.020832|[g:1][CONSENSUS][PBFT]checkTimeout Succ,view=179,toView=180,nodeIdx=2,changeCycle=0,myNode=95edd296...,timecost=15.604
info|2019-12-18 02:59:13.071583|[g:1][CONSENSUS][PBFT]checkAndChangeView: Reach consensus,org_view=179,org_changeCycle=0,cur_changeCycle=0,to_view=180
info|2019-12-18 02:59:14.100317|[g:1][CONSENSUS]addRawPrepare,height=1,reqIdx=0,hash=9879901a...
info|2019-12-18 02:59:14.107210|[g:1][CONSENSUS][PBFT]checkTimeout Succ,view=180,toView=181,nodeIdx=2,changeCycle=0,myNode=95edd296...,timecost=6.384
info|2019-12-18 02:59:14.123740|[g:1][CONSENSUS][PBFT]checkAndChangeView: Reach consensus,org_view=180,org_changeCycle=0,cur_changeCycle=0,to_view=181
info|2019-12-18 02:59:15.176689|[g:1][CONSENSUS]addRawPrepare,height=1,reqIdx=1,hash=5732172f...
info|2019-12-18 02:59:15.193243|[g:1][CONSENSUS][PBFT]checkTimeout Succ,view=181,toView=182,nodeIdx=2,changeCycle=0,myNode=95edd296...,timecost=14.409
info|2019-12-18 02:59:15.234244|[g:1][CONSENSUS][PBFT]checkAndChangeView: Reach consensus,org_view=181,org_changeCycle=0,cur_changeCycle=0,to_view=182
info|2019-12-18 02:59:16.235082|[g:1][CONSENSUS][SEALER]++++++++++++++++ Generating seal on,blkNum=1,tx=0,nodeIdx=2,hash=bf526de1...
info|2019-12-18 02:59:16.240719|[g:1][CONSENSUS][PBFT]checkTimeout Succ,view=182,toView=183,nodeIdx=2,changeCycle=0,myNode=95edd296...,timecost=1.734
info|2019-12-18 02:59:16.275398|[g:1][CONSENSUS][PBFT]checkAndChangeView: Reach consensus,org_view=182,org_changeCycle=0,cur_changeCycle=0,to_view=183
info|2019-12-18 02:59:17.292540|[g:1][CONSENSUS]addRawPrepare,height=1,reqIdx=3,hash=7eb48e19...
info|2019-12-18 02:59:17.329191|[g:1][CONSENSUS][PBFT]checkTimeout Succ,view=183,toView=184,nodeIdx=2,changeCycle=0,myNode=95edd296...,timecost=36.697
info|2019-12-18 02:59:17.350865|[g:1][CONSENSUS][PBFT]checkAndChangeView: Reach consensus,org_view=183,org_changeCycle=0,cur_changeCycle=0,to_view=184
info|2019-12-18 02:59:18.365242|[g:1][CONSENSUS]addRawPrepare,height=1,reqIdx=0,hash=556eba64...
info|2019-12-18 02:59:18.388131|[g:1][CONSENSUS][PBFT]checkTimeout Succ,view=184,toView=185,nodeIdx=2,changeCycle=0,myNode=95edd296...,timecost=22.314
info|2019-12-18 02:59:18.411555|[g:1][CONSENSUS][PBFT]checkAndChangeView: Reach consensus,org_view=184,org_changeCycle=0,cur_changeCycle=0,to_view=185
info|2019-12-18 02:59:19.401752|[g:1][CONSENSUS]addRawPrepare,height=1,reqIdx=1,hash=510b6ffd...
info|2019-12-18 02:59:19.416347|[g:1][CONSENSUS][PBFT]checkTimeout Succ,view=185,toView=186,nodeIdx=2,changeCycle=0,myNode=95edd296...,timecost=12.408
info|2019-12-18 02:59:19.464536|[g:1][CONSENSUS][PBFT]checkAndChangeView: Reach consensus,org_view=185,org_changeCycle=0,cur_changeCycle=0,to_view=186
info|2019-12-18 02:59:20.241317|[P2P][Service] heartBeat,connected count=3
info|2019-12-18 02:59:20.465123|[g:1][CONSENSUS][SEALER]++++++++++++++++ Generating seal on,blkNum=1,tx=0,nodeIdx=2,hash=609fc819...
info|2019-12-18 02:59:20.500681|[g:1][CONSENSUS][PBFT]checkTimeout Succ,view=186,toView=187,nodeIdx=2,changeCycle=0,myNode=95edd296...,timecost=20.483
info|2019-12-18 02:59:20.535738|[g:1][CONSENSUS][PBFT]checkAndChangeView: Reach consensus,org_view=186,org_changeCycle=0,cur_changeCycle=0,to_view=187
info|2019-12-18 02:59:21.565556|[g:1][CONSENSUS]addRawPrepare,height=1,reqIdx=3,hash=da33fc4d...
info|2019-12-18 02:59:21.569789|[g:1][CONSENSUS][PBFT]checkTimeout Succ,view=187,toView=188,nodeIdx=2,changeCycle=0,myNode=95edd296...,timecost=2.755
info|2019-12-18 02:59:21.595906|[g:1][CONSENSUS][PBFT]checkAndChangeView: Reach consensus,org_view=187,org_changeCycle=0,cur_changeCycle=0,to_view=188
info|2019-12-18 02:59:22.615659|[g:1][CONSENSUS]addRawPrepare,height=1,reqIdx=0,hash=b994e81f...
info|2019-12-18 02:59:22.617657|[g:1][CONSENSUS][PBFT]checkTimeout Succ,view=188,toView=189,nodeIdx=2,changeCycle=0,myNode=95edd296...,timecost=1.734
info|2019-12-18 02:59:22.641089|[g:1][CONSENSUS][PBFT]checkAndChangeView: Reach consensus,org_view=188,org_changeCycle=0,cur_changeCycle=0,to_view=189
info|2019-12-18 02:59:23.718656|[g:1][CONSENSUS]addRawPrepare,height=1,reqIdx=1,hash=3aca0995...
info|2019-12-18 02:59:23.745809|[g:1][CONSENSUS][PBFT]checkTimeout Succ,view=189,toView=190,nodeIdx=2,changeCycle=0,myNode=95edd296...,timecost=14.804
info|2019-12-18 02:59:23.764273|[g:1][CONSENSUS][PBFT]checkAndChangeView: Reach consensus,org_view=189,org_changeCycle=0,cur_changeCycle=0,to_view=190
info|2019-12-18 02:59:24.767780|[g:1][CONSENSUS][SEALER]++++++++++++++++ Generating seal on,blkNum=1,tx=0,nodeIdx=2,hash=11f7e5c8...
info|2019-12-18 02:59:24.799179|[g:1][CONSENSUS][PBFT]checkTimeout Succ,view=190,toView=191,nodeIdx=2,changeCycle=0,myNode=95edd296...,timecost=7.482
info|2019-12-18 02:59:24.836806|[g:1][CONSENSUS][PBFT]checkAndChangeView: Reach consensus,org_view=190,org_changeCycle=0,cur_changeCycle=0,to_view=191
info|2019-12-18 02:59:25.824919|[g:1][CONSENSUS]addRawPrepare,height=1,reqIdx=3,hash=fe4632c0...
info|2019-12-18 02:59:25.845429|[g:1][CONSENSUS][PBFT]checkTimeout Succ,view=191,toView=192,nodeIdx=2,changeCycle=0,myNode=95edd296...,timecost=20.173
info|2019-12-18 02:59:25.883946|[g:1][CONSENSUS][PBFT]checkAndChangeView: Reach consensus,org_view=191,org_changeCycle=0,cur_changeCycle=0,to_view=192
info|2019-12-18 02:59:26.903050|[g:1][CONSENSUS]addRawPrepare,height=1,reqIdx=0,hash=ecb3f53a...
info|2019-12-18 02:59:26.956477|[g:1][CONSENSUS][PBFT]checkTimeout Succ,view=192,toView=193,nodeIdx=2,changeCycle=0,myNode=95edd296...,timecost=42.053
info|2019-12-18 02:59:26.988017|[g:1][CONSENSUS][PBFT]checkAndChangeView: Reach consensus,org_view=192,org_changeCycle=0,cur_changeCycle=0,to_view=193
info|2019-12-18 02:59:27.970330|[g:1][CONSENSUS]addRawPrepare,height=1,reqIdx=1,hash=4520fb6c...
info|2019-12-18 02:59:27.986271|[g:1][CONSENSUS][PBFT]checkTimeout Succ,view=193,toView=194,nodeIdx=2,changeCycle=0,myNode=95edd296...,timecost=3.646
info|2019-12-18 02:59:28.021446|[g:1][CONSENSUS][PBFT]checkAndChangeView: Reach consensus,org_view=193,org_changeCycle=0,cur_changeCycle=0,to_view=194
info|2019-12-18 02:59:29.029134|[g:1][CONSENSUS][SEALER]++++++++++++++++ Generating seal on,blkNum=1,tx=0,nodeIdx=2,hash=7f496fc3...
info|2019-12-18 02:59:29.036954|[g:1][CONSENSUS][PBFT]checkTimeout Succ,view=194,toView=195,nodeIdx=2,changeCycle=0,myNode=95edd296...,timecost=1.48
info|2019-12-18 02:59:29.069590|[g:1][CONSENSUS][PBFT]checkAndChangeView: Reach consensus,org_view=194,org_changeCycle=0,cur_changeCycle=0,to_view=195
info|2019-12-18 02:59:30.092890|[g:1][CONSENSUS]addRawPrepare,height=1,reqIdx=3,hash=f13117da...
info|2019-12-18 02:59:30.112734|[g:1][CONSENSUS][PBFT]checkTimeout Succ,view=195,toView=196,nodeIdx=2,changeCycle=0,myNode=95edd296...,timecost=9.909
info|2019-12-18 02:59:30.136292|[g:1][CONSENSUS][PBFT]checkAndChangeView: Reach consensus,org_view=195,org_changeCycle=0,cur_changeCycle=0,to_view=196
info|2019-12-18 02:59:30.242082|[P2P][Service] heartBeat,connected count=3
info|2019-12-18 02:59:31.143021|[g:1][CONSENSUS]addRawPrepare,height=1,reqIdx=0,hash=e024cad7...
info|2019-12-18 02:59:31.189729|[g:1][CONSENSUS][PBFT]checkTimeout Succ,view=196,toView=197,nodeIdx=2,changeCycle=0,myNode=95edd296...,timecost=17.065
info|2019-12-18 02:59:31.203190|[g:1][CONSENSUS][PBFT]checkAndChangeView: Reach consensus,org_view=196,org_changeCycle=0,cur_changeCycle=0,to_view=197
info|2019-12-18 02:59:32.225558|[g:1][CONSENSUS]addRawPrepare,height=1,reqIdx=1,hash=aebf47c7...
info|2019-12-18 02:59:32.257427|[g:1][CONSENSUS][PBFT]checkTimeout Succ,view=197,toView=198,nodeIdx=2,changeCycle=0,myNode=95edd296...,timecost=21.866
info|2019-12-18 02:59:32.281898|[g:1][CONSENSUS][PBFT]checkAndChangeView: Reach consensus,org_view=197,org_changeCycle=0,cur_changeCycle=0,to_view=198
info|2019-12-18 02:59:33.284030|[g:1][CONSENSUS][SEALER]++++++++++++++++ Generating seal on,blkNum=1,tx=0,nodeIdx=2,hash=eb885750...
info|2019-12-18 02:59:33.301053|[g:1][CONSENSUS][PBFT]checkTimeout Succ,view=198,toView=199,nodeIdx=2,changeCycle=0,myNode=95edd296...,timecost=7.883
info|2019-12-18 02:59:33.328273|[g:1][CONSENSUS][PBFT]checkAndChangeView: Reach consensus,org_view=198,org_changeCycle=0,cur_changeCycle=0,to_view=199
info|2019-12-18 02:59:34.368590|[g:1][CONSENSUS]addRawPrepare,height=1,reqIdx=3,hash=b1001e67...
info|2019-12-18 02:59:34.388207|[g:1][CONSENSUS][PBFT]checkTimeout Succ,view=199,toView=200,nodeIdx=2,changeCycle=0,myNode=95edd296...,timecost=19.293
info|2019-12-18 02:59:34.405768|[g:1][CONSENSUS][PBFT]checkAndChangeView: Reach consensus,org_view=199,org_changeCycle=0,cur_changeCycle=0,to_view=200
info|2019-12-18 02:59:35.405987|[g:1][CONSENSUS]addRawPrepare,height=1,reqIdx=0,hash=9cf13d8b...
info|2019-12-18 02:59:35.431028|[g:1][CONSENSUS][PBFT]checkTimeout Succ,view=200,toView=201,nodeIdx=2,changeCycle=0,myNode=95edd296...,timecost=14.367
info|2019-12-18 02:59:35.449645|[g:1][CONSENSUS][PBFT]checkAndChangeView: Reach consensus,org_view=200,org_changeCycle=0,cur_changeCycle=0,to_view=201
info|2019-12-18 02:59:36.456969|[g:1][CONSENSUS]addRawPrepare,height=1,reqIdx=1,hash=2112b421...
info|2019-12-18 02:59:36.476828|[g:1][CONSENSUS][PBFT]checkTimeout Succ,view=201,toView=202,nodeIdx=2,changeCycle=0,myNode=95edd296...,timecost=7.071
info|2019-12-18 02:59:36.494914|[g:1][CONSENSUS][PBFT]checkAndChangeView: Reach consensus,org_view=201,org_changeCycle=0,cur_changeCycle=0,to_view=202
info|2019-12-18 02:59:37.495567|[g:1][CONSENSUS][SEALER]++++++++++++++++ Generating seal on,blkNum=1,tx=0,nodeIdx=2,hash=7cd0f30f...
info|2019-12-18 02:59:37.515024|[g:1][CONSENSUS][PBFT]checkTimeout Succ,view=202,toView=203,nodeIdx=2,changeCycle=0,myNode=95edd296...,timecost=3.925
info|2019-12-18 02:59:37.536358|[g:1][CONSENSUS][PBFT]checkAndChangeView: Reach consensus,org_view=202,org_changeCycle=0,cur_changeCycle=0,to_view=203
info|2019-12-18 02:59:38.585883|[g:1][CONSENSUS]addRawPrepare,height=1,reqIdx=3,hash=075c5945...
info|2019-12-18 02:59:38.596116|[g:1][CONSENSUS][PBFT]checkTimeout Succ,view=203,toView=204,nodeIdx=2,changeCycle=0,myNode=95edd296...,timecost=8.459
info|2019-12-18 02:59:38.618670|[g:1][CONSENSUS][PBFT]checkAndChangeView: Reach consensus,org_view=203,org_changeCycle=0,cur_changeCycle=0,to_view=204
info|2019-12-18 02:59:39.632466|[g:1][CONSENSUS]addRawPrepare,height=1,reqIdx=0,hash=642774ae...
info|2019-12-18 02:59:39.642655|[g:1][CONSENSUS][PBFT]checkTimeout Succ,view=204,toView=205,nodeIdx=2,changeCycle=0,myNode=95edd296...,timecost=5.365
info|2019-12-18 02:59:39.654365|[g:1][CONSENSUS][PBFT]checkAndChangeView: Reach consensus,org_view=204,org_changeCycle=0,cur_changeCycle=0,to_view=205
info|2019-12-18 02:59:40.242920|[P2P][Service] heartBeat,connected count=3
info|2019-12-18 02:59:40.687647|[g:1][CONSENSUS]addRawPrepare,height=1,reqIdx=1,hash=63ac53c9...
info|2019-12-18 02:59:40.692408|[g:1][CONSENSUS][PBFT]checkTimeout Succ,view=205,toView=206,nodeIdx=2,changeCycle=0,myNode=95edd296...,timecost=3
info|2019-12-18 02:59:40.726501|[g:1][CONSENSUS][PBFT]checkAndChangeView: Reach consensus,org_view=205,org_changeCycle=0,cur_changeCycle=0,to_view=206
info|2019-12-18 02:59:41.728156|[g:1][CONSENSUS][SEALER]++++++++++++++++ Generating seal on,blkNum=1,tx=0,nodeIdx=2,hash=407fed99...
info|2019-12-18 02:59:41.760600|[g:1][CONSENSUS][PBFT]checkTimeout Succ,view=206,toView=207,nodeIdx=2,changeCycle=0,myNode=95edd296...,timecost=18.913
info|2019-12-18 02:59:41.771918|[g:1][CONSENSUS][PBFT]checkAndChangeView: Reach consensus,org_view=206,org_changeCycle=0,cur_changeCycle=0,to_view=207
info|2019-12-18 02:59:42.807861|[g:1][CONSENSUS]addRawPrepare,height=1,reqIdx=3,hash=c3180a7a...
info|2019-12-18 02:59:42.816910|[g:1][CONSENSUS][PBFT]checkTimeout Succ,view=207,toView=208,nodeIdx=2,changeCycle=0,myNode=95edd296...,timecost=8.251
info|2019-12-18 02:59:42.849363|[g:1][CONSENSUS][PBFT]checkAndChangeView: Reach consensus,org_view=207,org_changeCycle=0,cur_changeCycle=0,to_view=208
info|2019-12-18 02:59:43.867927|[g:1][CONSENSUS]addRawPrepare,height=1,reqIdx=0,hash=6a49a490...
info|2019-12-18 02:59:43.889444|[g:1][CONSENSUS][PBFT]checkTimeout Succ,view=208,toView=209,nodeIdx=2,changeCycle=0,myNode=95edd296...,timecost=20.467
info|2019-12-18 02:59:43.938082|[g:1][CONSENSUS][PBFT]checkAndChangeView: Reach consensus,org_view=208,org_changeCycle=0,cur_changeCycle=0,to_view=209
info|2019-12-18 02:59:44.966654|[g:1][CONSENSUS]addRawPrepare,height=1,reqIdx=1,hash=1cd598ad...
info|2019-12-18 02:59:44.980251|[g:1][CONSENSUS][PBFT]checkTimeout Succ,view=209,toView=210,nodeIdx=2,changeCycle=0,myNode=95edd296...,timecost=4.17
info|2019-12-18 02:59:45.007937|[g:1][CONSENSUS][PBFT]checkAndChangeView: Reach consensus,org_view=209,org_changeCycle=0,cur_changeCycle=0,to_view=210
info|2019-12-18 02:59:46.009072|[g:1][CONSENSUS][SEALER]++++++++++++++++ Generating seal on,blkNum=1,tx=0,nodeIdx=2,hash=367430f5...
info|2019-12-18 02:59:46.039277|[g:1][CONSENSUS][PBFT]checkTimeout Succ,view=210,toView=211,nodeIdx=2,changeCycle=0,myNode=95edd296...,timecost=11.31
info|2019-12-18 02:59:46.065204|[g:1][CONSENSUS][PBFT]checkAndChangeView: Reach consensus,org_view=210,org_changeCycle=0,cur_changeCycle=0,to_view=211
info|2019-12-18 02:59:47.097720|[g:1][CONSENSUS]addRawPrepare,height=1,reqIdx=3,hash=a897a473...
info|2019-12-18 02:59:47.128701|[g:1][CONSENSUS][PBFT]checkTimeout Succ,view=211,toView=212,nodeIdx=2,changeCycle=0,myNode=95edd296...,timecost=6.706
info|2019-12-18 02:59:47.163607|[g:1][CONSENSUS][PBFT]checkAndChangeView: Reach consensus,org_view=211,org_changeCycle=0,cur_changeCycle=0,to_view=212
info|2019-12-18 02:59:48.156047|[g:1][CONSENSUS]addRawPrepare,height=1,reqIdx=0,hash=006afd36...
info|2019-12-18 02:59:48.165824|[g:1][CONSENSUS][PBFT]checkTimeout Succ,view=212,toView=213,nodeIdx=2,changeCycle=0,myNode=95edd296...,timecost=2.707
info|2019-12-18 02:59:48.182774|[g:1][CONSENSUS][PBFT]checkAndChangeView: Reach consensus,org_view=212,org_changeCycle=0,cur_changeCycle=0,to_view=213
info|2019-12-18 02:59:49.204551|[g:1][CONSENSUS]addRawPrepare,height=1,reqIdx=1,hash=df1c0550...
info|2019-12-18 02:59:49.211696|[g:1][CONSENSUS][PBFT]checkTimeout Succ,view=213,toView=214,nodeIdx=2,changeCycle=0,myNode=95edd296...,timecost=6.97
info|2019-12-18 02:59:49.232271|[g:1][CONSENSUS][PBFT]checkAndChangeView: Reach consensus,org_view=213,org_changeCycle=0,cur_changeCycle=0,to_view=214
info|2019-12-18 02:59:50.232767|[g:1][CONSENSUS][SEALER]++++++++++++++++ Generating seal on,blkNum=1,tx=0,nodeIdx=2,hash=b394573b...
info|2019-12-18 02:59:50.260469|[P2P][Service] heartBeat,connected count=3
info|2019-12-18 02:59:50.270992|[g:1][CONSENSUS][PBFT]checkTimeout Succ,view=214,toView=215,nodeIdx=2,changeCycle=0,myNode=95edd296...,timecost=5.603
info|2019-12-18 02:59:50.298210|[g:1][CONSENSUS][PBFT]checkAndChangeView: Reach consensus,org_view=214,org_changeCycle=0,cur_changeCycle=0,to_view=215
info|2019-12-18 02:59:51.315207|[g:1][CONSENSUS]addRawPrepare,height=1,reqIdx=3,hash=8a84bf6c...
info|2019-12-18 02:59:51.322310|[g:1][CONSENSUS][PBFT]checkTimeout Succ,view=215,toView=216,nodeIdx=2,changeCycle=0,myNode=95edd296...,timecost=5.842
info|2019-12-18 02:59:51.331908|[g:1][CONSENSUS][PBFT]checkAndChangeView: Reach consensus,org_view=215,org_changeCycle=0,cur_changeCycle=0,to_view=216
info|2019-12-18 02:59:52.336935|[g:1][CONSENSUS]addRawPrepare,height=1,reqIdx=0,hash=43b76a0f...
info|2019-12-18 02:59:52.355727|[g:1][CONSENSUS][PBFT]checkTimeout Succ,view=216,toView=217,nodeIdx=2,changeCycle=0,myNode=95edd296...,timecost=6.564
info|2019-12-18 02:59:52.384574|[g:1][CONSENSUS][PBFT]checkAndChangeView: Reach consensus,org_view=216,org_changeCycle=0,cur_changeCycle=0,to_view=217
info|2019-12-18 02:59:53.401821|[g:1][CONSENSUS]addRawPrepare,height=1,reqIdx=1,hash=9751e34d...
info|2019-12-18 02:59:53.416707|[g:1][CONSENSUS][PBFT]checkTimeout Succ,view=217,toView=218,nodeIdx=2,changeCycle=0,myNode=95edd296...,timecost=6.064
info|2019-12-18 02:59:53.456332|[g:1][CONSENSUS][PBFT]checkAndChangeView: Reach consensus,org_view=217,org_changeCycle=0,cur_changeCycle=0,to_view=218
info|2019-12-18 02:59:54.469086|[g:1][CONSENSUS][SEALER]++++++++++++++++ Generating seal on,blkNum=1,tx=0,nodeIdx=2,hash=1df4c2c5...
info|2019-12-18 02:59:54.486590|[g:1][CONSENSUS][PBFT]checkTimeout Succ,view=218,toView=219,nodeIdx=2,changeCycle=0,myNode=95edd296...,timecost=13.812
info|2019-12-18 02:59:54.505019|[g:1][CONSENSUS][PBFT]checkAndChangeView: Reach consensus,org_view=218,org_changeCycle=0,cur_changeCycle=0,to_view=219
info|2019-12-18 02:59:55.518552|[g:1][CONSENSUS]addRawPrepare,height=1,reqIdx=3,hash=f049d92f...
info|2019-12-18 02:59:55.527933|[g:1][CONSENSUS][PBFT]checkTimeout Succ,view=219,toView=220,nodeIdx=2,changeCycle=0,myNode=95edd296...,timecost=8.856
info|2019-12-18 02:59:55.546039|[g:1][CONSENSUS][PBFT]checkAndChangeView: Reach consensus,org_view=219,org_changeCycle=0,cur_changeCycle=0,to_view=220
info|2019-12-18 02:59:56.545577|[g:1][CONSENSUS]addRawPrepare,height=1,reqIdx=0,hash=1441acf4...
info|2019-12-18 02:59:56.560081|[g:1][CONSENSUS][PBFT]checkTimeout Succ,view=220,toView=221,nodeIdx=2,changeCycle=0,myNode=95edd296...,timecost=12.013
info|2019-12-18 02:59:56.594594|[g:1][CONSENSUS][PBFT]checkAndChangeView: Reach consensus,org_view=220,org_changeCycle=0,cur_changeCycle=0,to_view=221
info|2019-12-18 02:59:57.600471|[g:1][CONSENSUS]addRawPrepare,height=1,reqIdx=1,hash=0f973063...
info|2019-12-18 02:59:57.614341|[g:1][CONSENSUS][PBFT]checkTimeout Succ,view=221,toView=222,nodeIdx=2,changeCycle=0,myNode=95edd296...,timecost=1.29
info|2019-12-18 02:59:57.639777|[g:1][CONSENSUS][PBFT]checkAndChangeView: Reach consensus,org_view=221,org_changeCycle=0,cur_changeCycle=0,to_view=222
info|2019-12-18 02:59:58.641790|[g:1][CONSENSUS][SEALER]++++++++++++++++ Generating seal on,blkNum=1,tx=0,nodeIdx=2,hash=46245947...
info|2019-12-18 02:59:58.647286|[g:1][CONSENSUS][PBFT]checkTimeout Succ,view=222,toView=223,nodeIdx=2,changeCycle=0,myNode=95edd296...,timecost=2.453
info|2019-12-18 02:59:58.686202|[g:1][CONSENSUS][PBFT]checkAndChangeView: Reach consensus,org_view=222,org_changeCycle=0,cur_changeCycle=0,to_view=223
info|2019-12-18 02:59:59.717151|[g:1][CONSENSUS]addRawPrepare,height=1,reqIdx=3,hash=7ad633ab...
info|2019-12-18 02:59:59.726497|[g:1][CONSENSUS][PBFT]checkTimeout Succ,view=223,toView=224,nodeIdx=2,changeCycle=0,myNode=95edd296...,timecost=8.383
info|2019-12-18 02:59:59.754782|[g:1][CONSENSUS][PBFT]checkAndChangeView: Reach consensus,org_view=223,org_changeCycle=0,cur_changeCycle=0,to_view=224
