info|2020-01-05 03:00:00.867963|[g:1][CONSENSUS]addRawPrepare,height=821,reqIdx=1,hash=29af6bcc...
info|2020-01-05 03:00:00.873729|[g:1][CONSENSUS][PBFT]checkTimeout Succ,view=645,toView=646,nodeIdx=2,changeCycle=0,myNode=95edd296...,timecost=2.802
info|2020-01-05 03:00:00.886041|[g:1][CONSENSUS][PBFT]checkAndChangeView: Reach consensus,org_view=645,org_changeCycle=0,cur_changeCycle=0,to_view=646
info|2020-01-05 03:00:01.891278|[g:1][CONSENSUS][SEALER]++++++++++++++++ Generating seal on,blkNum=821,tx=0,nodeIdx=2,hash=40a0c9f7...
info|2020-01-05 03:00:01.927983|[g:1][CONSENSUS][PBFT]checkTimeout Succ,view=646,toView=647,nodeIdx=2,changeCycle=0,myNode=95edd296...,timecost=1.896
info|2020-01-05 03:00:01.934686|[g:1][CONSENSUS][PBFT]checkAndChangeView: Reach consensus,org_view=646,org_changeCycle=0,cur_changeCycle=0,to_view=647
info|2020-01-05 03:00:02.970789|[P2P][Service] heartBeat,connected count=3
info|2020-01-05 03:00:02.972562|[g:1][CONSENSUS]addRawPrepare,height=821,reqIdx=3,hash=50829b8f...
info|2020-01-05 03:00:03.005371|[g:1][CONSENSUS][PBFT]checkTimeout Succ,view=647,toView=648,nodeIdx=2,changeCycle=0,myNode=95edd296...,timecost=2.399
info|2020-01-05 03:00:03.013628|[g:1][CONSENSUS][PBFT]checkAndChangeView: Reach consensus,org_view=647,org_changeCycle=0,cur_changeCycle=0,to_view=648
info|2020-01-05 03:00:04.004686|[g:1][CONSENSUS]addRawPrepare,height=821,reqIdx=0,hash=1f8740d7...
info|2020-01-05 03:00:04.013205|[g:1][CONSENSUS][PBFT]checkTimeout Succ,view=648,toView=649,nodeIdx=2,changeCycle=0,myNode=95edd296...,timecost=0.826
info|2020-01-05 03:00:04.025750|[g:1][CONSENSUS][PBFT]checkAndChangeView: Reach consensus,org_view=648,org_changeCycle=0,cur_changeCycle=0,to_view=649
info|2020-01-05 03:00:05.039407|[g:1][CONSENSUS]addRawPrepare,height=821,reqIdx=1,hash=a74b9dfb...
info|2020-01-05 03:00:05.059446|[g:1][CONSENSUS][PBFT]checkTimeout Succ,view=649,toView=650,nodeIdx=2,changeCycle=0,myNode=95edd296...,timecost=8.889
info|2020-01-05 03:00:05.064216|[g:1][CONSENSUS][PBFT]checkAndChangeView: Reach consensus,org_view=649,org_changeCycle=0,cur_changeCycle=0,to_view=650
info|2020-01-05 03:00:06.072320|[g:1][CONSENSUS][SEALER]++++++++++++++++ Generating seal on,blkNum=821,tx=0,nodeIdx=2,hash=4d41b9ed...
info|2020-01-05 03:00:06.110040|[g:1][CONSENSUS][PBFT]checkTimeout Succ,view=650,toView=651,nodeIdx=2,changeCycle=0,myNode=95edd296...,timecost=1.436
info|2020-01-05 03:00:06.124233|[g:1][CONSENSUS][PBFT]checkAndChangeView: Reach consensus,org_view=650,org_changeCycle=0,cur_changeCycle=0,to_view=651
info|2020-01-05 03:00:07.131089|[g:1][CONSENSUS]addRawPrepare,height=821,reqIdx=3,hash=573c97e1...
info|2020-01-05 03:00:07.164124|[g:1][CONSENSUS][PBFT]checkTimeout Succ,view=651,toView=652,nodeIdx=2,changeCycle=0,myNode=95edd296...,timecost=32.886
info|2020-01-05 03:00:07.177381|[g:1][CONSENSUS][PBFT]checkAndChangeView: Reach consensus,org_view=651,org_changeCycle=0,cur_changeCycle=0,to_view=652
info|2020-01-05 03:00:08.163235|[g:1][CONSENSUS]addRawPrepare,height=821,reqIdx=0,hash=59dfe35e...
info|2020-01-05 03:00:08.165212|[g:1][CONSENSUS][PBFT]checkTimeout Succ,view=652,toView=653,nodeIdx=2,changeCycle=0,myNode=95edd296...,timecost=1.189
info|2020-01-05 03:00:08.196053|[g:1][CONSENSUS][PBFT]checkAndChangeView: Reach consensus,org_view=652,org_changeCycle=0,cur_changeCycle=0,to_view=653
info|2020-01-05 03:00:09.256034|[g:1][CONSENSUS]addRawPrepare,height=821,reqIdx=1,hash=b5a57da6...
info|2020-01-05 03:00:09.260731|[g:1][CONSENSUS][PBFT]checkTimeout Succ,view=653,toView=654,nodeIdx=2,changeCycle=0,myNode=95edd296...,timecost=2.055
info|2020-01-05 03:00:09.286957|[g:1][CONSENSUS][PBFT]checkAndChangeView: Reach consensus,org_view=653,org_changeCycle=0,cur_changeCycle=0,to_view=654
info|2020-01-05 03:00:10.289252|[g:1][CONSENSUS][SEALER]++++++++++++++++ Generating seal on,blkNum=821,tx=0,nodeIdx=2,hash=6ecf625f...
info|2020-01-05 03:00:10.449887|[g:1][CONSENSUS][PBFT]checkTimeout Succ,view=654,toView=655,nodeIdx=2,changeCycle=0,myNode=95edd296...,timecost=1.694
info|2020-01-05 03:00:10.485076|[g:1][CONSENSUS][PBFT]checkAndChangeView: Reach consensus,org_view=654,org_changeCycle=0,cur_changeCycle=0,to_view=655
info|2020-01-05 03:00:11.476252|[g:1][CONSENSUS]addRawPrepare,height=821,reqIdx=3,hash=60740dbe...
info|2020-01-05 03:00:11.479065|[g:1][CONSENSUS][PBFT]checkTimeout Succ,view=655,toView=656,nodeIdx=2,changeCycle=0,myNode=95edd296...,timecost=1.282
info|2020-01-05 03:00:11.529044|[g:1][CONSENSUS][PBFT]checkAndChangeView: Reach consensus,org_view=655,org_changeCycle=0,cur_changeCycle=0,to_view=656
info|2020-01-05 03:00:12.546081|[g:1][CONSENSUS]addRawPrepare,height=821,reqIdx=0,hash=778ee92c...
info|2020-01-05 03:00:12.548446|[g:1][CONSENSUS][PBFT]checkTimeout Succ,view=656,toView=657,nodeIdx=2,changeCycle=0,myNode=95edd296...,timecost=1.465
info|2020-01-05 03:00:12.594158|[g:1][CONSENSUS][PBFT]checkAndChangeView: Reach consensus,org_view=656,org_changeCycle=0,cur_changeCycle=0,to_view=657
info|2020-01-05 03:00:12.971988|[P2P][Service] heartBeat,connected count=3
info|2020-01-05 03:00:13.601190|[g:1][CONSENSUS]addRawPrepare,height=821,reqIdx=1,hash=c0027f08...
info|2020-01-05 03:00:13.660391|[g:1][CONSENSUS][PBFT]checkTimeout Succ,view=657,toView=658,nodeIdx=2,changeCycle=0,myNode=95edd296...,timecost=15.502
info|2020-01-05 03:00:13.671350|[g:1][CONSENSUS][PBFT]checkAndChangeView: Reach consensus,org_view=657,org_changeCycle=0,cur_changeCycle=0,to_view=658
info|2020-01-05 03:00:14.694216|[g:1][CONSENSUS][SEALER]++++++++++++++++ Generating seal on,blkNum=821,tx=0,nodeIdx=2,hash=758f161c...
info|2020-01-05 03:00:14.711152|[g:1][CONSENSUS][PBFT]checkTimeout Succ,view=658,toView=659,nodeIdx=2,changeCycle=0,myNode=95edd296...,timecost=3.37
info|2020-01-05 03:00:14.731562|[g:1][CONSENSUS][PBFT]checkAndChangeView: Reach consensus,org_view=658,org_changeCycle=0,cur_changeCycle=0,to_view=659
info|2020-01-05 03:00:15.788081|[g:1][CONSENSUS]addRawPrepare,height=821,reqIdx=3,hash=a4ee305a...
info|2020-01-05 03:00:15.795264|[g:1][CONSENSUS][PBFT]checkTimeout Succ,view=659,toView=660,nodeIdx=2,changeCycle=0,myNode=95edd296...,timecost=5.684
info|2020-01-05 03:00:15.842817|[g:1][CONSENSUS][PBFT]checkAndChangeView: Reach consensus,org_view=659,org_changeCycle=0,cur_changeCycle=0,to_view=660
info|2020-01-05 03:00:16.834055|[g:1][CONSENSUS]addRawPrepare,height=821,reqIdx=0,hash=f432bd9d...
info|2020-01-05 03:00:16.845026|[g:1][CONSENSUS][PBFT]checkTimeout Succ,view=660,toView=661,nodeIdx=2,changeCycle=0,myNode=95edd296...,timecost=10.751
info|2020-01-05 03:00:16.858606|[g:1][CONSENSUS][PBFT]checkAndChangeView: Reach consensus,org_view=660,org_changeCycle=0,cur_changeCycle=0,to_view=661
info|2020-01-05 03:00:17.875038|[g:1][CONSENSUS]addRawPrepare,height=821,reqIdx=1,hash=66724bac...
info|2020-01-05 03:00:17.971250|[g:1][CONSENSUS][PBFT]checkTimeout Succ,view=661,toView=662,nodeIdx=2,changeCycle=0,myNode=95edd296...,timecost=95.882
info|2020-01-05 03:00:17.985513|[g:1][CONSENSUS][PBFT]checkAndChangeView: Reach consensus,org_view=661,org_changeCycle=0,cur_changeCycle=0,to_view=662
info|2020-01-05 03:00:19.002528|[g:1][CONSENSUS][SEALER]++++++++++++++++ Generating seal on,blkNum=821,tx=0,nodeIdx=2,hash=514a057f...
info|2020-01-05 03:00:19.137842|[g:1][CONSENSUS][PBFT]checkTimeout Succ,view=662,toView=663,nodeIdx=2,changeCycle=0,myNode=95edd296...,timecost=2.618
info|2020-01-05 03:00:19.160893|[g:1][CONSENSUS][PBFT]checkAndChangeView: Reach consensus,org_view=662,org_changeCycle=0,cur_changeCycle=0,to_view=663
info|2020-01-05 03:00:20.189828|[g:1][CONSENSUS]addRawPrepare,height=821,reqIdx=3,hash=7eb4dc04...
info|2020-01-05 03:00:20.247060|[g:1][CONSENSUS][PBFT]checkTimeout Succ,view=663,toView=664,nodeIdx=2,changeCycle=0,myNode=95edd296...,timecost=57.084
info|2020-01-05 03:00:20.287187|[g:1][CONSENSUS][PBFT]checkAndChangeView: Reach consensus,org_view=663,org_changeCycle=0,cur_changeCycle=0,to_view=664
info|2020-01-05 03:00:21.327477|[g:1][CONSENSUS]addRawPrepare,height=821,reqIdx=0,hash=493266bb...
info|2020-01-05 03:00:21.366269|[g:1][CONSENSUS][PBFT]checkTimeout Succ,view=664,toView=665,nodeIdx=2,changeCycle=0,myNode=95edd296...,timecost=7.089
info|2020-01-05 03:00:21.379546|[g:1][CONSENSUS][PBFT]checkAndChangeView: Reach consensus,org_view=664,org_changeCycle=0,cur_changeCycle=0,to_view=665
info|2020-01-05 03:00:22.441123|[g:1][CONSENSUS]addRawPrepare,height=821,reqIdx=1,hash=7e5a26c1...
info|2020-01-05 03:00:22.441746|[g:1][CONSENSUS][PBFT]checkTimeout Succ,view=665,toView=666,nodeIdx=2,changeCycle=0,myNode=95edd296...,timecost=0.472
info|2020-01-05 03:00:22.449819|[g:1][CONSENSUS][PBFT]checkAndChangeView: Reach consensus,org_view=665,org_changeCycle=0,cur_changeCycle=0,to_view=666
info|2020-01-05 03:00:22.972785|[P2P][Service] heartBeat,connected count=3
info|2020-01-05 03:00:23.455461|[g:1][CONSENSUS][SEALER]++++++++++++++++ Generating seal on,blkNum=821,tx=0,nodeIdx=2,hash=37db21fc...
info|2020-01-05 03:00:23.490327|[g:1][CONSENSUS][PBFT]checkTimeout Succ,view=666,toView=667,nodeIdx=2,changeCycle=0,myNode=95edd296...,timecost=0.83
info|2020-01-05 03:00:23.495804|[g:1][CONSENSUS][PBFT]checkAndChangeView: Reach consensus,org_view=666,org_changeCycle=0,cur_changeCycle=0,to_view=667
info|2020-01-05 03:00:24.498526|[g:1][CONSENSUS]addRawPrepare,height=821,reqIdx=3,hash=d1067f51...
info|2020-01-05 03:00:24.505946|[g:1][CONSENSUS][PBFT]checkTimeout Succ,view=667,toView=668,nodeIdx=2,changeCycle=0,myNode=95edd296...,timecost=7.273
info|2020-01-05 03:00:24.525505|[g:1][CONSENSUS][PBFT]checkAndChangeView: Reach consensus,org_view=667,org_changeCycle=0,cur_changeCycle=0,to_view=668
info|2020-01-05 03:00:25.523851|[g:1][CONSENSUS]addRawPrepare,height=821,reqIdx=0,hash=61085cd2...
info|2020-01-05 03:00:25.540645|[g:1][CONSENSUS][PBFT]checkTimeout Succ,view=668,toView=669,nodeIdx=2,changeCycle=0,myNode=95edd296...,timecost=6.732
info|2020-01-05 03:00:25.549459|[g:1][CONSENSUS][PBFT]checkAndChangeView: Reach consensus,org_view=668,org_changeCycle=0,cur_changeCycle=0,to_view=669
info|2020-01-05 03:00:26.553906|[g:1][CONSENSUS]addRawPrepare,height=821,reqIdx=1,hash=fd0c66f0...
info|2020-01-05 03:00:26.566116|[g:1][CONSENSUS][PBFT]checkTimeout Succ,view=669,toView=670,nodeIdx=2,changeCycle=0,myNode=95edd296...,timecost=11.893
info|2020-01-05 03:00:26.575791|[g:1][CONSENSUS][PBFT]checkAndChangeView: Reach consensus,org_view=669,org_changeCycle=0,cur_changeCycle=0,to_view=670
info|2020-01-05 03:00:27.580045|[g:1][CONSENSUS][SEALER]++++++++++++++++ Generating seal on,blkNum=821,tx=0,nodeIdx=2,hash=e9d2d696...
info|2020-01-05 03:00:27.612414|[g:1][CONSENSUS][PBFT]checkTimeout Succ,view=670,toView=671,nodeIdx=2,changeCycle=0,myNode=95edd296...,timecost=0.993
info|2020-01-05 03:00:27.621211|[g:1][CONSENSUS][PBFT]checkAndChangeView: Reach consensus,org_view=670,org_changeCycle=0,cur_changeCycle=0,to_view=671
info|2020-01-05 03:00:28.616590|[g:1][CONSENSUS]addRawPrepare,height=821,reqIdx=3,hash=58520e1b...
info|2020-01-05 03:00:28.623802|[g:1][CONSENSUS][PBFT]checkTimeout Succ,view=671,toView=672,nodeIdx=2,changeCycle=0,myNode=95edd296...,timecost=7.042
info|2020-01-05 03:00:28.633199|[g:1][CONSENSUS][PBFT]checkAndChangeView: Reach consensus,org_view=671,org_changeCycle=0,cur_changeCycle=0,to_view=672
info|2020-01-05 03:00:29.642349|[g:1][CONSENSUS]addRawPrepare,height=821,reqIdx=0,hash=70b8a8ea...
info|2020-01-05 03:00:29.669632|[g:1][CONSENSUS][PBFT]checkTimeout Succ,view=672,toView=673,nodeIdx=2,changeCycle=0,myNode=95edd296...,timecost=26.973
info|2020-01-05 03:00:29.689738|[g:1][CONSENSUS][PBFT]checkAndChangeView: Reach consensus,org_view=672,org_changeCycle=0,cur_changeCycle=0,to_view=673
info|2020-01-05 03:00:30.696233|[g:1][CONSENSUS]addRawPrepare,height=821,reqIdx=1,hash=88cf44b6...
info|2020-01-05 03:00:30.697900|[g:1][CONSENSUS][PBFT]checkTimeout Succ,view=673,toView=674,nodeIdx=2,changeCycle=0,myNode=95edd296...,timecost=1.32
info|2020-01-05 03:00:30.755076|[g:1][CONSENSUS][PBFT]checkAndChangeView: Reach consensus,org_view=673,org_changeCycle=0,cur_changeCycle=0,to_view=674
info|2020-01-05 03:00:31.756241|[g:1][CONSENSUS][SEALER]++++++++++++++++ Generating seal on,blkNum=821,tx=0,nodeIdx=2,hash=8e8ea1c6...
info|2020-01-05 03:00:31.783522|[g:1][CONSENSUS][PBFT]checkTimeout Succ,view=674,toView=675,nodeIdx=2,changeCycle=0,myNode=95edd296...,timecost=19.729
info|2020-01-05 03:00:31.922492|[g:1][CONSENSUS][PBFT]checkAndChangeView: Reach consensus,org_view=674,org_changeCycle=0,cur_changeCycle=0,to_view=675
info|2020-01-05 03:00:32.887553|[g:1][CONSENSUS]addRawPrepare,height=821,reqIdx=3,hash=389ef7ca...
info|2020-01-05 03:00:32.890486|[g:1][CONSENSUS][PBFT]checkTimeout Succ,view=675,toView=676,nodeIdx=2,changeCycle=0,myNode=95edd296...,timecost=1.408
info|2020-01-05 03:00:32.945323|[g:1][CONSENSUS][PBFT]checkAndChangeView: Reach consensus,org_view=675,org_changeCycle=0,cur_changeCycle=0,to_view=676
info|2020-01-05 03:00:32.974362|[P2P][Service] heartBeat,connected count=3
info|2020-01-05 03:00:34.066916|[g:1][CONSENSUS]addRawPrepare,height=821,reqIdx=0,hash=35d7c96e...
info|2020-01-05 03:00:34.150027|[g:1][CONSENSUS][PBFT]checkTimeout Succ,view=676,toView=677,nodeIdx=2,changeCycle=0,myNode=95edd296...,timecost=27.965
info|2020-01-05 03:00:34.155234|[g:1][CONSENSUS][PBFT]checkAndChangeView: Reach consensus,org_view=676,org_changeCycle=0,cur_changeCycle=0,to_view=677
info|2020-01-05 03:00:35.161237|[g:1][CONSENSUS]addRawPrepare,height=821,reqIdx=1,hash=b8c7bf1c...
info|2020-01-05 03:00:35.163810|[g:1][CONSENSUS][PBFT]checkTimeout Succ,view=677,toView=678,nodeIdx=2,changeCycle=0,myNode=95edd296...,timecost=0.587
info|2020-01-05 03:00:35.193791|[g:1][CONSENSUS][PBFT]checkAndChangeView: Reach consensus,org_view=677,org_changeCycle=0,cur_changeCycle=0,to_view=678
info|2020-01-05 03:00:36.195249|[g:1][CONSENSUS][SEALER]++++++++++++++++ Generating seal on,blkNum=821,tx=0,nodeIdx=2,hash=86d5c423...
info|2020-01-05 03:00:36.198225|[g:1][CONSENSUS][PBFT]checkTimeout Succ,view=678,toView=679,nodeIdx=2,changeCycle=0,myNode=95edd296...,timecost=0.877
info|2020-01-05 03:00:36.341848|[g:1][CONSENSUS][PBFT]checkAndChangeView: Reach consensus,org_view=678,org_changeCycle=0,cur_changeCycle=0,to_view=679
info|2020-01-05 03:00:37.363364|[g:1][CONSENSUS]addRawPrepare,height=821,reqIdx=3,hash=38ccab5b...
info|2020-01-05 03:00:37.369855|[g:1][CONSENSUS][PBFT]checkTimeout Succ,view=679,toView=680,nodeIdx=2,changeCycle=0,myNode=95edd296...,timecost=0.647
info|2020-01-05 03:00:37.384441|[g:1][CONSENSUS][PBFT]checkAndChangeView: Reach consensus,org_view=679,org_changeCycle=0,cur_changeCycle=0,to_view=680
info|2020-01-05 03:00:38.395529|[g:1][CONSENSUS]addRawPrepare,height=821,reqIdx=0,hash=b7dd540f...
info|2020-01-05 03:00:38.397007|[g:1][CONSENSUS][PBFT]checkTimeout Succ,view=680,toView=681,nodeIdx=2,changeCycle=0,myNode=95edd296...,timecost=0.954
info|2020-01-05 03:00:38.410335|[g:1][CONSENSUS][PBFT]checkAndChangeView: Reach consensus,org_view=680,org_changeCycle=0,cur_changeCycle=0,to_view=681
info|2020-01-05 03:00:39.422079|[g:1][CONSENSUS]addRawPrepare,height=821,reqIdx=1,hash=5cea260c...
info|2020-01-05 03:00:39.422663|[g:1][CONSENSUS][PBFT]checkTimeout Succ,view=681,toView=682,nodeIdx=2,changeCycle=0,myNode=95edd296...,timecost=0.381
info|2020-01-05 03:00:39.434959|[g:1][CONSENSUS][PBFT]checkAndChangeView: Reach consensus,org_view=681,org_changeCycle=0,cur_changeCycle=0,to_view=682
info|2020-01-05 03:00:40.435910|[g:1][CONSENSUS][SEALER]++++++++++++++++ Generating seal on,blkNum=821,tx=0,nodeIdx=2,hash=1c34f7d8...
info|2020-01-05 03:00:40.455901|[g:1][CONSENSUS][PBFT]checkTimeout Succ,view=682,toView=683,nodeIdx=2,changeCycle=0,myNode=95edd296...,timecost=0.428
info|2020-01-05 03:00:40.463535|[g:1][CONSENSUS][PBFT]checkAndChangeView: Reach consensus,org_view=682,org_changeCycle=0,cur_changeCycle=0,to_view=683
info|2020-01-05 03:00:41.451142|[g:1][CONSENSUS]addRawPrepare,height=821,reqIdx=3,hash=4af5ae3c...
info|2020-01-05 03:00:41.462021|[g:1][CONSENSUS][PBFT]checkTimeout Succ,view=683,toView=684,nodeIdx=2,changeCycle=0,myNode=95edd296...,timecost=0.624
info|2020-01-05 03:00:41.491415|[g:1][CONSENSUS][PBFT]checkAndChangeView: Reach consensus,org_view=683,org_changeCycle=0,cur_changeCycle=0,to_view=684
info|2020-01-05 03:00:42.518417|[g:1][CONSENSUS]addRawPrepare,height=821,reqIdx=0,hash=de948bcb...
info|2020-01-05 03:00:42.537778|[g:1][CONSENSUS][PBFT]checkTimeout Succ,view=684,toView=685,nodeIdx=2,changeCycle=0,myNode=95edd296...,timecost=18.13
info|2020-01-05 03:00:42.547450|[g:1][CONSENSUS][PBFT]checkAndChangeView: Reach consensus,org_view=684,org_changeCycle=0,cur_changeCycle=0,to_view=685
info|2020-01-05 03:00:42.974704|[P2P][Service] heartBeat,connected count=3
info|2020-01-05 03:00:43.547524|[g:1][CONSENSUS]addRawPrepare,height=821,reqIdx=1,hash=b962f6d7...
info|2020-01-05 03:00:43.548143|[g:1][CONSENSUS][PBFT]checkTimeout Succ,view=685,toView=686,nodeIdx=2,changeCycle=0,myNode=95edd296...,timecost=0.353
info|2020-01-05 03:00:43.564820|[g:1][CONSENSUS][PBFT]checkAndChangeView: Reach consensus,org_view=685,org_changeCycle=0,cur_changeCycle=0,to_view=686
info|2020-01-05 03:00:44.564550|[g:1][CONSENSUS][SEALER]++++++++++++++++ Generating seal on,blkNum=821,tx=0,nodeIdx=2,hash=ae9a67c6...
info|2020-01-05 03:00:44.572532|[g:1][CONSENSUS][PBFT]checkTimeout Succ,view=686,toView=687,nodeIdx=2,changeCycle=0,myNode=95edd296...,timecost=0.861
info|2020-01-05 03:00:44.605902|[g:1][CONSENSUS][PBFT]checkAndChangeView: Reach consensus,org_view=686,org_changeCycle=0,cur_changeCycle=0,to_view=687
info|2020-01-05 03:00:45.665904|[g:1][CONSENSUS]addRawPrepare,height=821,reqIdx=3,hash=dd3a34b8...
info|2020-01-05 03:00:45.667273|[g:1][CONSENSUS][PBFT]checkTimeout Succ,view=687,toView=688,nodeIdx=2,changeCycle=0,myNode=95edd296...,timecost=1.233
info|2020-01-05 03:00:45.693142|[g:1][CONSENSUS][PBFT]checkAndChangeView: Reach consensus,org_view=687,org_changeCycle=0,cur_changeCycle=0,to_view=688
info|2020-01-05 03:00:46.727326|[g:1][CONSENSUS]addRawPrepare,height=821,reqIdx=0,hash=1aa47d46...
info|2020-01-05 03:00:46.738903|[g:1][CONSENSUS][PBFT]checkTimeout Succ,view=688,toView=689,nodeIdx=2,changeCycle=0,myNode=95edd296...,timecost=0.811
info|2020-01-05 03:00:46.751237|[g:1][CONSENSUS][PBFT]checkAndChangeView: Reach consensus,org_view=688,org_changeCycle=0,cur_changeCycle=0,to_view=689
info|2020-01-05 03:00:47.786347|[g:1][CONSENSUS]addRawPrepare,height=821,reqIdx=1,hash=a15576bc...
info|2020-01-05 03:00:47.810138|[g:1][CONSENSUS][PBFT]checkTimeout Succ,view=689,toView=690,nodeIdx=2,changeCycle=0,myNode=95edd296...,timecost=22.996
info|2020-01-05 03:00:47.846921|[g:1][CONSENSUS][PBFT]checkAndChangeView: Reach consensus,org_view=689,org_changeCycle=0,cur_changeCycle=0,to_view=690
info|2020-01-05 03:00:48.848486|[g:1][CONSENSUS][SEALER]++++++++++++++++ Generating seal on,blkNum=821,tx=0,nodeIdx=2,hash=405d8826...
info|2020-01-05 03:00:48.889124|[g:1][CONSENSUS][PBFT]checkTimeout Succ,view=690,toView=691,nodeIdx=2,changeCycle=0,myNode=95edd296...,timecost=1.986
info|2020-01-05 03:00:48.898359|[g:1][CONSENSUS][PBFT]checkAndChangeView: Reach consensus,org_view=690,org_changeCycle=0,cur_changeCycle=0,to_view=691
info|2020-01-05 03:00:49.917254|[g:1][CONSENSUS]addRawPrepare,height=821,reqIdx=3,hash=9783c110...
info|2020-01-05 03:00:49.930701|[g:1][CONSENSUS][PBFT]checkTimeout Succ,view=691,toView=692,nodeIdx=2,changeCycle=0,myNode=95edd296...,timecost=12.729
info|2020-01-05 03:00:49.941596|[g:1][CONSENSUS][PBFT]checkAndChangeView: Reach consensus,org_view=691,org_changeCycle=0,cur_changeCycle=0,to_view=692
info|2020-01-05 03:00:50.981038|[g:1][CONSENSUS]addRawPrepare,height=821,reqIdx=0,hash=462099da...
info|2020-01-05 03:00:50.982656|[g:1][CONSENSUS][PBFT]checkTimeout Succ,view=692,toView=693,nodeIdx=2,changeCycle=0,myNode=95edd296...,timecost=1.223
info|2020-01-05 03:00:51.033013|[g:1][CONSENSUS][PBFT]checkAndChangeView: Reach consensus,org_view=692,org_changeCycle=0,cur_changeCycle=0,to_view=693
info|2020-01-05 03:00:52.086019|[g:1][CONSENSUS]addRawPrepare,height=821,reqIdx=1,hash=3fe47e2f...
info|2020-01-05 03:00:52.106471|[g:1][CONSENSUS][PBFT]checkTimeout Succ,view=693,toView=694,nodeIdx=2,changeCycle=0,myNode=95edd296...,timecost=19.996
info|2020-01-05 03:00:52.146724|[g:1][CONSENSUS][PBFT]checkAndChangeView: Reach consensus,org_view=693,org_changeCycle=0,cur_changeCycle=0,to_view=694
info|2020-01-05 03:00:52.975169|[P2P][Service] heartBeat,connected count=3
info|2020-01-05 03:00:53.152805|[g:1][CONSENSUS][SEALER]++++++++++++++++ Generating seal on,blkNum=821,tx=0,nodeIdx=2,hash=cd2488a1...
info|2020-01-05 03:00:53.192879|[g:1][CONSENSUS][PBFT]checkTimeout Succ,view=694,toView=695,nodeIdx=2,changeCycle=0,myNode=95edd296...,timecost=35.489
info|2020-01-05 03:00:53.198110|[g:1][CONSENSUS][PBFT]checkAndChangeView: Reach consensus,org_view=694,org_changeCycle=0,cur_changeCycle=0,to_view=695
