warning|2019-12-30 15:29:08.851231|[g:1][CONSENSUS][PBFT]ViewChangeWarning: not caused by omit empty block ,v=5235,toV=5236,curNum=22,hash=15bda79c...,nodeIdx=2,myNode=95edd296...
info|2019-12-30 15:29:08.851386|[g:1][CONSENSUS][PBFT]checkTimeout Succ,view=5235,toView=5236,nodeIdx=2,changeCycle=2,myNode=95edd296...,timecost=0.486
info|2019-12-30 15:29:09.659447|[g:1][CONSENSUS][PBFT]checkAndChangeView: Reach consensus,org_view=5235,org_changeCycle=2,cur_changeCycle=2,to_view=5236
info|2019-12-30 15:29:10.660161|[g:1][CONSENSUS][SEALER]++++++++++++++++ Generating seal on,blkNum=23,tx=0,nodeIdx=2,hash=2cd6d5d8...
info|2019-12-30 15:29:10.892912|[g:1][CONSENSUS][PBFT]checkTimeout Succ,view=5236,toView=5237,nodeIdx=2,changeCycle=0,myNode=95edd296...,timecost=0.616
info|2019-12-30 15:29:11.265683|[g:1][CONSENSUS][PBFT]checkAndChangeView: Reach consensus,org_view=5236,org_changeCycle=0,cur_changeCycle=0,to_view=5237
info|2019-12-30 15:29:12.270705|[g:1][CONSENSUS]addRawPrepare,height=23,reqIdx=3,hash=4d6815b5...
info|2019-12-30 15:29:12.271792|[g:1][CONSENSUS][PBFT]checkTimeout Succ,view=5237,toView=5238,nodeIdx=2,changeCycle=0,myNode=95edd296...,timecost=0.878
info|2019-12-30 15:29:12.302998|[g:1][CONSENSUS][PBFT]checkAndChangeView: Reach consensus,org_view=5237,org_changeCycle=0,cur_changeCycle=0,to_view=5238
info|2019-12-30 15:29:13.629439|[g:1][CONSENSUS]addRawPrepare,height=23,reqIdx=0,hash=f813c061...
info|2019-12-30 15:29:13.630329|[g:1][CONSENSUS][PBFT]checkTimeout Succ,view=5238,toView=5239,nodeIdx=2,changeCycle=0,myNode=95edd296...,timecost=0.701
info|2019-12-30 15:29:13.841394|[P2P][Service] heartBeat,connected count=3
info|2019-12-30 15:29:13.842533|[g:1][CONSENSUS][PBFT]checkAndChangeView: Reach consensus,org_view=5238,org_changeCycle=0,cur_changeCycle=0,to_view=5239
info|2019-12-30 15:29:14.864234|[g:1][CONSENSUS]addRawPrepare,height=23,reqIdx=1,hash=e57cb501...
info|2019-12-30 15:29:14.865722|[g:1][CONSENSUS][PBFT]checkTimeout Succ,view=5239,toView=5240,nodeIdx=2,changeCycle=0,myNode=95edd296...,timecost=0.848
info|2019-12-30 15:29:14.936803|[g:1][CONSENSUS][PBFT]checkAndChangeView: Reach consensus,org_view=5239,org_changeCycle=0,cur_changeCycle=0,to_view=5240
info|2019-12-30 15:29:15.937777|[g:1][CONSENSUS][SEALER]++++++++++++++++ Generating seal on,blkNum=23,tx=0,nodeIdx=2,hash=623dad30...
info|2019-12-30 15:29:15.943278|[g:1][CONSENSUS][PBFT]checkTimeout Succ,view=5240,toView=5241,nodeIdx=2,changeCycle=0,myNode=95edd296...,timecost=0.626
info|2019-12-30 15:29:16.027807|[g:1][CONSENSUS][PBFT]checkAndChangeView: Reach consensus,org_view=5240,org_changeCycle=0,cur_changeCycle=0,to_view=5241
info|2019-12-30 15:29:17.022718|[g:1][CONSENSUS]addRawPrepare,height=23,reqIdx=3,hash=49bf9260...
info|2019-12-30 15:29:17.023810|[g:1][CONSENSUS][PBFT]checkTimeout Succ,view=5241,toView=5242,nodeIdx=2,changeCycle=0,myNode=95edd296...,timecost=0.49
info|2019-12-30 15:29:17.057620|[g:1][CONSENSUS][PBFT]checkAndChangeView: Reach consensus,org_view=5241,org_changeCycle=0,cur_changeCycle=0,to_view=5242
info|2019-12-30 15:29:18.115869|[g:1][CONSENSUS]addRawPrepare,height=23,reqIdx=0,hash=b3a31b0e...
info|2019-12-30 15:29:18.116891|[g:1][CONSENSUS][PBFT]checkTimeout Succ,view=5242,toView=5243,nodeIdx=2,changeCycle=0,myNode=95edd296...,timecost=0.72
info|2019-12-30 15:29:18.132123|[g:1][CONSENSUS][PBFT]checkAndChangeView: Reach consensus,org_view=5242,org_changeCycle=0,cur_changeCycle=0,to_view=5243
info|2019-12-30 15:29:19.341895|[g:1][CONSENSUS]addRawPrepare,height=23,reqIdx=1,hash=5d6fe5d0...
info|2019-12-30 15:29:19.343148|[g:1][CONSENSUS][PBFT]checkTimeout Succ,view=5243,toView=5244,nodeIdx=2,changeCycle=0,myNode=95edd296...,timecost=0.788
info|2019-12-30 15:29:19.445373|[g:1][CONSENSUS][PBFT]checkAndChangeView: Reach consensus,org_view=5243,org_changeCycle=0,cur_changeCycle=0,to_view=5244
info|2019-12-30 15:29:20.519378|[g:1][CONSENSUS][SEALER]++++++++++++++++ Generating seal on,blkNum=23,tx=0,nodeIdx=2,hash=86285bf3...
info|2019-12-30 15:29:20.530472|[g:1][CONSENSUS][PBFT]checkTimeout Succ,view=5244,toView=5245,nodeIdx=2,changeCycle=0,myNode=95edd296...,timecost=1.238
info|2019-12-30 15:29:20.654725|[g:1][CONSENSUS][PBFT]checkAndChangeView: Reach consensus,org_view=5244,org_changeCycle=0,cur_changeCycle=0,to_view=5245
info|2019-12-30 15:29:21.688083|[g:1][CONSENSUS]addRawPrepare,height=23,reqIdx=3,hash=5b76acf3...
info|2019-12-30 15:29:21.697425|[g:1][CONSENSUS][PBFT]checkTimeout Succ,view=5245,toView=5246,nodeIdx=2,changeCycle=0,myNode=95edd296...,timecost=6.449
info|2019-12-30 15:29:21.703363|[g:1][CONSENSUS][PBFT]checkAndChangeView: Reach consensus,org_view=5245,org_changeCycle=0,cur_changeCycle=0,to_view=5246
info|2019-12-30 15:29:22.708737|[g:1][CONSENSUS]addRawPrepare,height=23,reqIdx=0,hash=bcb157b8...
info|2019-12-30 15:29:22.713895|[g:1][CONSENSUS][PBFT]checkTimeout Succ,view=5246,toView=5247,nodeIdx=2,changeCycle=0,myNode=95edd296...,timecost=4.983
info|2019-12-30 15:29:22.723324|[g:1][CONSENSUS][PBFT]checkAndChangeView: Reach consensus,org_view=5246,org_changeCycle=0,cur_changeCycle=0,to_view=5247
info|2019-12-30 15:29:23.719831|[g:1][CONSENSUS]addRawPrepare,height=23,reqIdx=1,hash=b8bb946f...
info|2019-12-30 15:29:23.738368|[g:1][CONSENSUS][PBFT]checkTimeout Succ,view=5247,toView=5248,nodeIdx=2,changeCycle=0,myNode=95edd296...,timecost=17.938
info|2019-12-30 15:29:23.747947|[g:1][CONSENSUS][PBFT]checkAndChangeView: Reach consensus,org_view=5247,org_changeCycle=0,cur_changeCycle=0,to_view=5248
info|2019-12-30 15:29:23.842357|[P2P][Service] heartBeat,connected count=3
info|2019-12-30 15:29:24.749054|[g:1][CONSENSUS][SEALER]++++++++++++++++ Generating seal on,blkNum=23,tx=0,nodeIdx=2,hash=9b203224...
info|2019-12-30 15:29:24.765270|[g:1][CONSENSUS][PBFT]checkTimeout Succ,view=5248,toView=5249,nodeIdx=2,changeCycle=0,myNode=95edd296...,timecost=15.122
info|2019-12-30 15:29:24.767062|[g:1][CONSENSUS][PBFT]checkAndChangeView: Reach consensus,org_view=5248,org_changeCycle=0,cur_changeCycle=0,to_view=5249
info|2019-12-30 15:29:25.785245|[g:1][CONSENSUS]addRawPrepare,height=23,reqIdx=3,hash=0bc6a1f8...
info|2019-12-30 15:29:25.848588|[g:1][CONSENSUS][PBFT]checkTimeout Succ,view=5249,toView=5250,nodeIdx=2,changeCycle=0,myNode=95edd296...,timecost=62.783
info|2019-12-30 15:29:25.850001|[g:1][CONSENSUS][PBFT]checkAndChangeView: Reach consensus,org_view=5249,org_changeCycle=0,cur_changeCycle=0,to_view=5250
info|2019-12-30 15:29:26.876255|[g:1][CONSENSUS]addRawPrepare,height=23,reqIdx=0,hash=4940e37e...
info|2019-12-30 15:29:26.876670|[g:1][CONSENSUS][PBFT]checkTimeout Succ,view=5250,toView=5251,nodeIdx=2,changeCycle=0,myNode=95edd296...,timecost=0.3
info|2019-12-30 15:29:26.878949|[g:1][CONSENSUS][PBFT]checkAndChangeView: Reach consensus,org_view=5250,org_changeCycle=0,cur_changeCycle=0,to_view=5251
info|2019-12-30 15:29:27.885852|[g:1][CONSENSUS]addRawPrepare,height=23,reqIdx=1,hash=66733abe...
info|2019-12-30 15:29:27.886647|[g:1][CONSENSUS][PBFT]checkTimeout Succ,view=5251,toView=5252,nodeIdx=2,changeCycle=0,myNode=95edd296...,timecost=0.513
info|2019-12-30 15:29:27.894686|[g:1][CONSENSUS][PBFT]checkAndChangeView: Reach consensus,org_view=5251,org_changeCycle=0,cur_changeCycle=0,to_view=5252
info|2019-12-30 15:29:28.895574|[g:1][CONSENSUS][SEALER]++++++++++++++++ Generating seal on,blkNum=23,tx=0,nodeIdx=2,hash=cb7f9abd...
info|2019-12-30 15:29:28.897607|[g:1][CONSENSUS][PBFT]checkTimeout Succ,view=5252,toView=5253,nodeIdx=2,changeCycle=0,myNode=95edd296...,timecost=0.591
info|2019-12-30 15:29:28.907191|[g:1][CONSENSUS][PBFT]checkAndChangeView: Reach consensus,org_view=5252,org_changeCycle=0,cur_changeCycle=0,to_view=5253
info|2019-12-30 15:29:29.914978|[g:1][CONSENSUS]addRawPrepare,height=23,reqIdx=3,hash=479392a3...
info|2019-12-30 15:29:29.932169|[g:1][CONSENSUS][PBFT]checkTimeout Succ,view=5253,toView=5254,nodeIdx=2,changeCycle=0,myNode=95edd296...,timecost=16.131
info|2019-12-30 15:29:29.937849|[g:1][CONSENSUS][PBFT]checkAndChangeView: Reach consensus,org_view=5253,org_changeCycle=0,cur_changeCycle=0,to_view=5254
info|2019-12-30 15:29:30.941730|[g:1][CONSENSUS]addRawPrepare,height=23,reqIdx=0,hash=7faede14...
info|2019-12-30 15:29:30.945618|[g:1][CONSENSUS][PBFT]checkTimeout Succ,view=5254,toView=5255,nodeIdx=2,changeCycle=0,myNode=95edd296...,timecost=3.788
info|2019-12-30 15:29:30.949842|[g:1][CONSENSUS][PBFT]checkAndChangeView: Reach consensus,org_view=5254,org_changeCycle=0,cur_changeCycle=0,to_view=5255
info|2019-12-30 15:29:31.951077|[g:1][CONSENSUS]addRawPrepare,height=23,reqIdx=1,hash=bed232cb...
info|2019-12-30 15:29:31.956158|[g:1][CONSENSUS][PBFT]checkTimeout Succ,view=5255,toView=5256,nodeIdx=2,changeCycle=0,myNode=95edd296...,timecost=4.925
info|2019-12-30 15:29:31.970157|[g:1][CONSENSUS][PBFT]checkAndChangeView: Reach consensus,org_view=5255,org_changeCycle=0,cur_changeCycle=0,to_view=5256
info|2019-12-30 15:29:32.970561|[g:1][CONSENSUS][SEALER]++++++++++++++++ Generating seal on,blkNum=23,tx=0,nodeIdx=2,hash=a7daa4bc...
info|2019-12-30 15:29:32.972368|[g:1][CONSENSUS][PBFT]checkTimeout Succ,view=5256,toView=5257,nodeIdx=2,changeCycle=0,myNode=95edd296...,timecost=0.696
info|2019-12-30 15:29:33.010879|[g:1][CONSENSUS][PBFT]checkAndChangeView: Reach consensus,org_view=5256,org_changeCycle=0,cur_changeCycle=0,to_view=5257
info|2019-12-30 15:29:33.884289|[P2P][Service] heartBeat,connected count=3
info|2019-12-30 15:29:34.037971|[g:1][CONSENSUS]addRawPrepare,height=23,reqIdx=3,hash=c4fda87b...
info|2019-12-30 15:29:34.039152|[g:1][CONSENSUS][PBFT]checkTimeout Succ,view=5257,toView=5258,nodeIdx=2,changeCycle=0,myNode=95edd296...,timecost=0.878
info|2019-12-30 15:29:34.041039|[g:1][CONSENSUS][PBFT]checkAndChangeView: Reach consensus,org_view=5257,org_changeCycle=0,cur_changeCycle=0,to_view=5258
info|2019-12-30 15:29:35.054759|[g:1][CONSENSUS]addRawPrepare,height=23,reqIdx=0,hash=44e83667...
info|2019-12-30 15:29:35.055376|[g:1][CONSENSUS][PBFT]checkTimeout Succ,view=5258,toView=5259,nodeIdx=2,changeCycle=0,myNode=95edd296...,timecost=0.375
info|2019-12-30 15:29:35.074033|[g:1][CONSENSUS][PBFT]checkAndChangeView: Reach consensus,org_view=5258,org_changeCycle=0,cur_changeCycle=0,to_view=5259
info|2019-12-30 15:29:36.121245|[g:1][CONSENSUS]addRawPrepare,height=23,reqIdx=1,hash=feaef905...
info|2019-12-30 15:29:36.134913|[g:1][CONSENSUS][PBFT]checkTimeout Succ,view=5259,toView=5260,nodeIdx=2,changeCycle=0,myNode=95edd296...,timecost=13.535
info|2019-12-30 15:29:36.186908|[g:1][CONSENSUS][PBFT]checkAndChangeView: Reach consensus,org_view=5259,org_changeCycle=0,cur_changeCycle=0,to_view=5260
info|2019-12-30 15:29:37.188134|[g:1][CONSENSUS][SEALER]++++++++++++++++ Generating seal on,blkNum=23,tx=0,nodeIdx=2,hash=c187355a...
info|2019-12-30 15:29:37.208395|[g:1][CONSENSUS][PBFT]checkTimeout Succ,view=5260,toView=5261,nodeIdx=2,changeCycle=0,myNode=95edd296...,timecost=0.664
info|2019-12-30 15:29:37.210697|[g:1][CONSENSUS][PBFT]checkAndChangeView: Reach consensus,org_view=5260,org_changeCycle=0,cur_changeCycle=0,to_view=5261
warning|2019-12-30 15:29:41.920590|[g:1][CONSENSUS][PBFT]ViewChangeWarning: not caused by omit empty block ,v=5261,toV=5262,curNum=22,hash=15bda79c...,nodeIdx=2,myNode=95edd296...
info|2019-12-30 15:29:41.920730|[g:1][CONSENSUS][PBFT]checkTimeout Succ,view=5261,toView=5262,nodeIdx=2,changeCycle=1,myNode=95edd296...,timecost=0.457
