info|2019-12-31 10:00:00.959868|[g:1][CONSENSUS]addRawPrepare,height=89,reqIdx=1,hash=6be5f785...
info|2019-12-31 10:00:00.978763|[g:1][CONSENSUS][PBFT]checkTimeout Succ,view=12097,toView=12098,nodeIdx=2,changeCycle=0,myNode=95edd296...,timecost=12.04
info|2019-12-31 10:00:01.002193|[g:1][CONSENSUS][PBFT]checkAndChangeView: Reach consensus,org_view=12097,org_changeCycle=0,cur_changeCycle=0,to_view=12098
info|2019-12-31 10:00:02.007210|[g:1][CONSENSUS][SEALER]++++++++++++++++ Generating seal on,blkNum=89,tx=0,nodeIdx=2,hash=96cb5af2...
info|2019-12-31 10:00:02.042628|[g:1][CONSENSUS][PBFT]checkTimeout Succ,view=12098,toView=12099,nodeIdx=2,changeCycle=0,myNode=95edd296...,timecost=2.863
info|2019-12-31 10:00:02.048721|[g:1][CONSENSUS][PBFT]checkAndChangeView: Reach consensus,org_view=12098,org_changeCycle=0,cur_changeCycle=0,to_view=12099
info|2019-12-31 10:00:03.075284|[g:1][CONSENSUS]addRawPrepare,height=89,reqIdx=3,hash=dfed927e...
info|2019-12-31 10:00:03.090011|[g:1][CONSENSUS][PBFT]checkTimeout Succ,view=12099,toView=12100,nodeIdx=2,changeCycle=0,myNode=95edd296...,timecost=1.769
info|2019-12-31 10:00:03.125283|[g:1][CONSENSUS][PBFT]checkAndChangeView: Reach consensus,org_view=12099,org_changeCycle=0,cur_changeCycle=0,to_view=12100
info|2019-12-31 10:00:04.158248|[g:1][CONSENSUS]addRawPrepare,height=89,reqIdx=0,hash=e533810b...
info|2019-12-31 10:00:04.164859|[g:1][CONSENSUS][PBFT]checkTimeout Succ,view=12100,toView=12101,nodeIdx=2,changeCycle=0,myNode=95edd296...,timecost=5.95
info|2019-12-31 10:00:04.187636|[g:1][CONSENSUS][PBFT]checkAndChangeView: Reach consensus,org_view=12100,org_changeCycle=0,cur_changeCycle=0,to_view=12101
info|2019-12-31 10:00:05.193446|[g:1][CONSENSUS]addRawPrepare,height=89,reqIdx=1,hash=45defde4...
info|2019-12-31 10:00:05.197048|[g:1][CONSENSUS][PBFT]checkTimeout Succ,view=12101,toView=12102,nodeIdx=2,changeCycle=0,myNode=95edd296...,timecost=3.01
info|2019-12-31 10:00:05.219802|[g:1][CONSENSUS][PBFT]checkAndChangeView: Reach consensus,org_view=12101,org_changeCycle=0,cur_changeCycle=0,to_view=12102
info|2019-12-31 10:00:06.221843|[g:1][CONSENSUS][SEALER]++++++++++++++++ Generating seal on,blkNum=89,tx=0,nodeIdx=2,hash=7814c968...
info|2019-12-31 10:00:06.254149|[g:1][CONSENSUS][PBFT]checkTimeout Succ,view=12102,toView=12103,nodeIdx=2,changeCycle=0,myNode=95edd296...,timecost=1.699
info|2019-12-31 10:00:06.259496|[g:1][CONSENSUS][PBFT]checkAndChangeView: Reach consensus,org_view=12102,org_changeCycle=0,cur_changeCycle=0,to_view=12103
info|2019-12-31 10:00:07.287623|[g:1][CONSENSUS]addRawPrepare,height=89,reqIdx=3,hash=874776c6...
info|2019-12-31 10:00:07.293714|[g:1][CONSENSUS][PBFT]checkTimeout Succ,view=12103,toView=12104,nodeIdx=2,changeCycle=0,myNode=95edd296...,timecost=5.551
info|2019-12-31 10:00:07.307502|[g:1][CONSENSUS][PBFT]checkAndChangeView: Reach consensus,org_view=12103,org_changeCycle=0,cur_changeCycle=0,to_view=12104
info|2019-12-31 10:00:08.334171|[g:1][CONSENSUS]addRawPrepare,height=89,reqIdx=0,hash=11fc1c32...
info|2019-12-31 10:00:08.340276|[g:1][CONSENSUS][PBFT]checkTimeout Succ,view=12104,toView=12105,nodeIdx=2,changeCycle=0,myNode=95edd296...,timecost=3.844
info|2019-12-31 10:00:08.366053|[g:1][CONSENSUS][PBFT]checkAndChangeView: Reach consensus,org_view=12104,org_changeCycle=0,cur_changeCycle=0,to_view=12105
info|2019-12-31 10:00:09.106330|[P2P][Service] heartBeat,connected count=3
info|2019-12-31 10:00:09.382238|[g:1][CONSENSUS]addRawPrepare,height=89,reqIdx=1,hash=c2c820a5...
info|2019-12-31 10:00:09.385837|[g:1][CONSENSUS][PBFT]checkTimeout Succ,view=12105,toView=12106,nodeIdx=2,changeCycle=0,myNode=95edd296...,timecost=2.676
info|2019-12-31 10:00:09.415980|[g:1][CONSENSUS][PBFT]checkAndChangeView: Reach consensus,org_view=12105,org_changeCycle=0,cur_changeCycle=0,to_view=12106
info|2019-12-31 10:00:10.418118|[g:1][CONSENSUS][SEALER]++++++++++++++++ Generating seal on,blkNum=89,tx=0,nodeIdx=2,hash=2800aca7...
info|2019-12-31 10:00:10.454055|[g:1][CONSENSUS][PBFT]checkTimeout Succ,view=12106,toView=12107,nodeIdx=2,changeCycle=0,myNode=95edd296...,timecost=2.215
info|2019-12-31 10:00:10.465443|[g:1][CONSENSUS][PBFT]checkAndChangeView: Reach consensus,org_view=12106,org_changeCycle=0,cur_changeCycle=0,to_view=12107
info|2019-12-31 10:00:11.475836|[g:1][CONSENSUS]addRawPrepare,height=89,reqIdx=3,hash=6a6759e9...
info|2019-12-31 10:00:11.490460|[g:1][CONSENSUS][PBFT]checkTimeout Succ,view=12107,toView=12108,nodeIdx=2,changeCycle=0,myNode=95edd296...,timecost=4.682
info|2019-12-31 10:00:11.509718|[g:1][CONSENSUS][PBFT]checkAndChangeView: Reach consensus,org_view=12107,org_changeCycle=0,cur_changeCycle=0,to_view=12108
info|2019-12-31 10:00:12.540946|[g:1][CONSENSUS]addRawPrepare,height=89,reqIdx=0,hash=fb85ff85...
info|2019-12-31 10:00:12.550795|[g:1][CONSENSUS][PBFT]checkTimeout Succ,view=12108,toView=12109,nodeIdx=2,changeCycle=0,myNode=95edd296...,timecost=9.063
info|2019-12-31 10:00:12.569790|[g:1][CONSENSUS][PBFT]checkAndChangeView: Reach consensus,org_view=12108,org_changeCycle=0,cur_changeCycle=0,to_view=12109
info|2019-12-31 10:00:13.590161|[g:1][CONSENSUS]addRawPrepare,height=89,reqIdx=1,hash=594446e2...
info|2019-12-31 10:00:13.613243|[g:1][CONSENSUS][PBFT]checkTimeout Succ,view=12109,toView=12110,nodeIdx=2,changeCycle=0,myNode=95edd296...,timecost=6.362
info|2019-12-31 10:00:13.657433|[g:1][CONSENSUS][PBFT]checkAndChangeView: Reach consensus,org_view=12109,org_changeCycle=0,cur_changeCycle=0,to_view=12110
info|2019-12-31 10:00:14.659386|[g:1][CONSENSUS][SEALER]++++++++++++++++ Generating seal on,blkNum=89,tx=0,nodeIdx=2,hash=7e18ff53...
info|2019-12-31 10:00:14.712161|[g:1][CONSENSUS][PBFT]checkTimeout Succ,view=12110,toView=12111,nodeIdx=2,changeCycle=0,myNode=95edd296...,timecost=1.951
info|2019-12-31 10:00:14.827030|[g:1][CONSENSUS][PBFT]checkAndChangeView: Reach consensus,org_view=12110,org_changeCycle=0,cur_changeCycle=0,to_view=12111
info|2019-12-31 10:00:15.855652|[g:1][CONSENSUS]addRawPrepare,height=89,reqIdx=3,hash=86aed006...
info|2019-12-31 10:00:15.889628|[g:1][CONSENSUS][PBFT]checkTimeout Succ,view=12111,toView=12112,nodeIdx=2,changeCycle=0,myNode=95edd296...,timecost=11.432
info|2019-12-31 10:00:15.908627|[g:1][CONSENSUS][PBFT]checkAndChangeView: Reach consensus,org_view=12111,org_changeCycle=0,cur_changeCycle=0,to_view=12112
info|2019-12-31 10:00:16.925447|[g:1][CONSENSUS]addRawPrepare,height=89,reqIdx=0,hash=56f3fcc5...
info|2019-12-31 10:00:16.956426|[g:1][CONSENSUS][PBFT]checkTimeout Succ,view=12112,toView=12113,nodeIdx=2,changeCycle=0,myNode=95edd296...,timecost=14.347
info|2019-12-31 10:00:17.016997|[g:1][CONSENSUS][PBFT]checkAndChangeView: Reach consensus,org_view=12112,org_changeCycle=0,cur_changeCycle=0,to_view=12113
info|2019-12-31 10:00:18.070114|[g:1][CONSENSUS]addRawPrepare,height=89,reqIdx=1,hash=e264c205...
info|2019-12-31 10:00:18.105351|[g:1][CONSENSUS][PBFT]checkTimeout Succ,view=12113,toView=12114,nodeIdx=2,changeCycle=0,myNode=95edd296...,timecost=28.708
info|2019-12-31 10:00:18.121421|[g:1][CONSENSUS][PBFT]checkAndChangeView: Reach consensus,org_view=12113,org_changeCycle=0,cur_changeCycle=0,to_view=12114
info|2019-12-31 10:00:19.106894|[P2P][Service] heartBeat,connected count=3
info|2019-12-31 10:00:19.165158|[g:1][CONSENSUS][SEALER]++++++++++++++++ Generating seal on,blkNum=89,tx=0,nodeIdx=2,hash=ae5db9af...
info|2019-12-31 10:00:19.196900|[g:1][CONSENSUS][PBFT]checkTimeout Succ,view=12114,toView=12115,nodeIdx=2,changeCycle=0,myNode=95edd296...,timecost=0.973
info|2019-12-31 10:00:19.211639|[g:1][CONSENSUS][PBFT]checkAndChangeView: Reach consensus,org_view=12114,org_changeCycle=0,cur_changeCycle=0,to_view=12115
info|2019-12-31 10:00:20.227709|[g:1][CONSENSUS]addRawPrepare,height=89,reqIdx=3,hash=a0aedea6...
info|2019-12-31 10:00:20.240003|[g:1][CONSENSUS][PBFT]checkTimeout Succ,view=12115,toView=12116,nodeIdx=2,changeCycle=0,myNode=95edd296...,timecost=5.674
info|2019-12-31 10:00:20.260724|[g:1][CONSENSUS][PBFT]checkAndChangeView: Reach consensus,org_view=12115,org_changeCycle=0,cur_changeCycle=0,to_view=12116
info|2019-12-31 10:00:21.294063|[g:1][CONSENSUS]addRawPrepare,height=89,reqIdx=0,hash=e2820af2...
info|2019-12-31 10:00:21.296164|[g:1][CONSENSUS][PBFT]checkTimeout Succ,view=12116,toView=12117,nodeIdx=2,changeCycle=0,myNode=95edd296...,timecost=1.672
info|2019-12-31 10:00:21.382689|[g:1][CONSENSUS][PBFT]checkAndChangeView: Reach consensus,org_view=12116,org_changeCycle=0,cur_changeCycle=0,to_view=12117
info|2019-12-31 10:00:22.393141|[g:1][CONSENSUS]addRawPrepare,height=89,reqIdx=1,hash=421017db...
info|2019-12-31 10:00:22.395263|[g:1][CONSENSUS][PBFT]checkTimeout Succ,view=12117,toView=12118,nodeIdx=2,changeCycle=0,myNode=95edd296...,timecost=1.712
info|2019-12-31 10:00:22.411961|[g:1][CONSENSUS][PBFT]checkAndChangeView: Reach consensus,org_view=12117,org_changeCycle=0,cur_changeCycle=0,to_view=12118
info|2019-12-31 10:00:23.414272|[g:1][CONSENSUS][SEALER]++++++++++++++++ Generating seal on,blkNum=89,tx=0,nodeIdx=2,hash=f7153432...
info|2019-12-31 10:00:23.457486|[g:1][CONSENSUS][PBFT]checkTimeout Succ,view=12118,toView=12119,nodeIdx=2,changeCycle=0,myNode=95edd296...,timecost=11.781
info|2019-12-31 10:00:23.485858|[g:1][CONSENSUS][PBFT]checkAndChangeView: Reach consensus,org_view=12118,org_changeCycle=0,cur_changeCycle=0,to_view=12119
info|2019-12-31 10:00:24.532068|[g:1][CONSENSUS]addRawPrepare,height=89,reqIdx=3,hash=7914cfa3...
info|2019-12-31 10:00:24.540891|[g:1][CONSENSUS][PBFT]checkTimeout Succ,view=12119,toView=12120,nodeIdx=2,changeCycle=0,myNode=95edd296...,timecost=2.188
info|2019-12-31 10:00:24.575227|[g:1][CONSENSUS][PBFT]checkAndChangeView: Reach consensus,org_view=12119,org_changeCycle=0,cur_changeCycle=0,to_view=12120
info|2019-12-31 10:00:25.593855|[g:1][CONSENSUS]addRawPrepare,height=89,reqIdx=0,hash=adb83902...
info|2019-12-31 10:00:25.606386|[g:1][CONSENSUS][PBFT]checkTimeout Succ,view=12120,toView=12121,nodeIdx=2,changeCycle=0,myNode=95edd296...,timecost=11.448
info|2019-12-31 10:00:25.622366|[g:1][CONSENSUS][PBFT]checkAndChangeView: Reach consensus,org_view=12120,org_changeCycle=0,cur_changeCycle=0,to_view=12121
info|2019-12-31 10:00:26.672848|[g:1][CONSENSUS]addRawPrepare,height=89,reqIdx=1,hash=3e70dc4c...
info|2019-12-31 10:00:26.682913|[g:1][CONSENSUS][PBFT]checkTimeout Succ,view=12121,toView=12122,nodeIdx=2,changeCycle=0,myNode=95edd296...,timecost=9.338
info|2019-12-31 10:00:26.725812|[g:1][CONSENSUS][PBFT]checkAndChangeView: Reach consensus,org_view=12121,org_changeCycle=0,cur_changeCycle=0,to_view=12122
info|2019-12-31 10:00:27.727888|[g:1][CONSENSUS][SEALER]++++++++++++++++ Generating seal on,blkNum=89,tx=0,nodeIdx=2,hash=97af6660...
info|2019-12-31 10:00:27.790039|[g:1][CONSENSUS][PBFT]checkTimeout Succ,view=12122,toView=12123,nodeIdx=2,changeCycle=0,myNode=95edd296...,timecost=9.75
info|2019-12-31 10:00:27.832511|[g:1][CONSENSUS][PBFT]checkAndChangeView: Reach consensus,org_view=12122,org_changeCycle=0,cur_changeCycle=0,to_view=12123
info|2019-12-31 10:00:28.925607|[g:1][CONSENSUS]addRawPrepare,height=89,reqIdx=3,hash=4e69615f...
info|2019-12-31 10:00:28.968003|[g:1][CONSENSUS][PBFT]checkTimeout Succ,view=12123,toView=12124,nodeIdx=2,changeCycle=0,myNode=95edd296...,timecost=36.908
info|2019-12-31 10:00:29.042020|[g:1][CONSENSUS][PBFT]checkAndChangeView: Reach consensus,org_view=12123,org_changeCycle=0,cur_changeCycle=0,to_view=12124
info|2019-12-31 10:00:29.107319|[P2P][Service] heartBeat,connected count=3
info|2019-12-31 10:00:30.061089|[g:1][CONSENSUS]addRawPrepare,height=89,reqIdx=0,hash=72176953...
info|2019-12-31 10:00:30.076326|[g:1][CONSENSUS][PBFT]checkTimeout Succ,view=12124,toView=12125,nodeIdx=2,changeCycle=0,myNode=95edd296...,timecost=15.033
info|2019-12-31 10:00:30.147263|[g:1][CONSENSUS][PBFT]checkAndChangeView: Reach consensus,org_view=12124,org_changeCycle=0,cur_changeCycle=0,to_view=12125
info|2019-12-31 10:00:31.163712|[g:1][CONSENSUS]addRawPrepare,height=89,reqIdx=1,hash=9d6e120f...
info|2019-12-31 10:00:31.196411|[g:1][CONSENSUS][PBFT]checkTimeout Succ,view=12125,toView=12126,nodeIdx=2,changeCycle=0,myNode=95edd296...,timecost=32.015
info|2019-12-31 10:00:31.240626|[g:1][CONSENSUS][PBFT]checkAndChangeView: Reach consensus,org_view=12125,org_changeCycle=0,cur_changeCycle=0,to_view=12126
info|2019-12-31 10:00:32.241760|[g:1][CONSENSUS][SEALER]++++++++++++++++ Generating seal on,blkNum=89,tx=0,nodeIdx=2,hash=8c83038a...
info|2019-12-31 10:00:32.266888|[g:1][CONSENSUS][PBFT]checkTimeout Succ,view=12126,toView=12127,nodeIdx=2,changeCycle=0,myNode=95edd296...,timecost=5.705
info|2019-12-31 10:00:32.272809|[g:1][CONSENSUS][PBFT]checkAndChangeView: Reach consensus,org_view=12126,org_changeCycle=0,cur_changeCycle=0,to_view=12127
info|2019-12-31 10:00:33.293606|[g:1][CONSENSUS]addRawPrepare,height=89,reqIdx=3,hash=a898af4f...
info|2019-12-31 10:00:33.296329|[g:1][CONSENSUS][PBFT]checkTimeout Succ,view=12127,toView=12128,nodeIdx=2,changeCycle=0,myNode=95edd296...,timecost=2.273
info|2019-12-31 10:00:33.346611|[g:1][CONSENSUS][PBFT]checkAndChangeView: Reach consensus,org_view=12127,org_changeCycle=0,cur_changeCycle=0,to_view=12128
info|2019-12-31 10:00:34.389882|[g:1][CONSENSUS]addRawPrepare,height=89,reqIdx=0,hash=29d1acd1...
info|2019-12-31 10:00:34.421153|[g:1][CONSENSUS][PBFT]checkTimeout Succ,view=12128,toView=12129,nodeIdx=2,changeCycle=0,myNode=95edd296...,timecost=23.552
info|2019-12-31 10:00:34.447952|[g:1][CONSENSUS][PBFT]checkAndChangeView: Reach consensus,org_view=12128,org_changeCycle=0,cur_changeCycle=0,to_view=12129
info|2019-12-31 10:00:35.612628|[g:1][CONSENSUS]addRawPrepare,height=89,reqIdx=1,hash=a7f18588...
info|2019-12-31 10:00:35.628589|[g:1][CONSENSUS][PBFT]checkTimeout Succ,view=12129,toView=12130,nodeIdx=2,changeCycle=0,myNode=95edd296...,timecost=16.116
info|2019-12-31 10:00:35.857177|[g:1][CONSENSUS][PBFT]checkAndChangeView: Reach consensus,org_view=12129,org_changeCycle=0,cur_changeCycle=0,to_view=12130
info|2019-12-31 10:00:36.862808|[g:1][CONSENSUS][SEALER]++++++++++++++++ Generating seal on,blkNum=89,tx=0,nodeIdx=2,hash=6c809488...
info|2019-12-31 10:00:36.881695|[g:1][CONSENSUS][PBFT]checkTimeout Succ,view=12130,toView=12131,nodeIdx=2,changeCycle=0,myNode=95edd296...,timecost=1.505
info|2019-12-31 10:00:36.914991|[g:1][CONSENSUS][PBFT]checkAndChangeView: Reach consensus,org_view=12130,org_changeCycle=0,cur_changeCycle=0,to_view=12131
info|2019-12-31 10:00:37.948769|[g:1][CONSENSUS]addRawPrepare,height=89,reqIdx=3,hash=952dc495...
info|2019-12-31 10:00:37.953989|[g:1][CONSENSUS][PBFT]checkTimeout Succ,view=12131,toView=12132,nodeIdx=2,changeCycle=0,myNode=95edd296...,timecost=4.476
info|2019-12-31 10:00:37.966286|[g:1][CONSENSUS][PBFT]checkAndChangeView: Reach consensus,org_view=12131,org_changeCycle=0,cur_changeCycle=0,to_view=12132
info|2019-12-31 10:00:38.987341|[g:1][CONSENSUS]addRawPrepare,height=89,reqIdx=0,hash=cec8ca30...
info|2019-12-31 10:00:38.993945|[g:1][CONSENSUS][PBFT]checkTimeout Succ,view=12132,toView=12133,nodeIdx=2,changeCycle=0,myNode=95edd296...,timecost=4.626
info|2019-12-31 10:00:39.014563|[g:1][CONSENSUS][PBFT]checkAndChangeView: Reach consensus,org_view=12132,org_changeCycle=0,cur_changeCycle=0,to_view=12133
info|2019-12-31 10:00:39.108374|[P2P][Service] heartBeat,connected count=3
info|2019-12-31 10:00:40.033383|[g:1][CONSENSUS]addRawPrepare,height=89,reqIdx=1,hash=e586ed57...
info|2019-12-31 10:00:40.041130|[g:1][CONSENSUS][PBFT]checkTimeout Succ,view=12133,toView=12134,nodeIdx=2,changeCycle=0,myNode=95edd296...,timecost=1.803
info|2019-12-31 10:00:40.048441|[g:1][CONSENSUS][PBFT]checkAndChangeView: Reach consensus,org_view=12133,org_changeCycle=0,cur_changeCycle=0,to_view=12134
info|2019-12-31 10:00:41.049494|[g:1][CONSENSUS][SEALER]++++++++++++++++ Generating seal on,blkNum=89,tx=0,nodeIdx=2,hash=b96c8886...
info|2019-12-31 10:00:41.070478|[g:1][CONSENSUS][PBFT]checkTimeout Succ,view=12134,toView=12135,nodeIdx=2,changeCycle=0,myNode=95edd296...,timecost=5.555
info|2019-12-31 10:00:41.080119|[g:1][CONSENSUS][PBFT]checkAndChangeView: Reach consensus,org_view=12134,org_changeCycle=0,cur_changeCycle=0,to_view=12135
info|2019-12-31 10:00:42.086810|[g:1][CONSENSUS]addRawPrepare,height=89,reqIdx=3,hash=ba191931...
info|2019-12-31 10:00:42.088453|[g:1][CONSENSUS][PBFT]checkTimeout Succ,view=12135,toView=12136,nodeIdx=2,changeCycle=0,myNode=95edd296...,timecost=1.324
info|2019-12-31 10:00:42.146316|[g:1][CONSENSUS][PBFT]checkAndChangeView: Reach consensus,org_view=12135,org_changeCycle=0,cur_changeCycle=0,to_view=12136
info|2019-12-31 10:00:43.182231|[g:1][CONSENSUS]addRawPrepare,height=89,reqIdx=0,hash=77a84ba8...
info|2019-12-31 10:00:43.188322|[g:1][CONSENSUS][PBFT]checkTimeout Succ,view=12136,toView=12137,nodeIdx=2,changeCycle=0,myNode=95edd296...,timecost=4.438
info|2019-12-31 10:00:43.197885|[g:1][CONSENSUS][PBFT]checkAndChangeView: Reach consensus,org_view=12136,org_changeCycle=0,cur_changeCycle=0,to_view=12137
info|2019-12-31 10:00:44.201163|[g:1][CONSENSUS]addRawPrepare,height=89,reqIdx=1,hash=2e08bd46...
info|2019-12-31 10:00:44.205556|[g:1][CONSENSUS][PBFT]checkTimeout Succ,view=12137,toView=12138,nodeIdx=2,changeCycle=0,myNode=95edd296...,timecost=1.415
info|2019-12-31 10:00:44.206197|[g:1][CONSENSUS][PBFT]checkAndChangeView: Reach consensus,org_view=12137,org_changeCycle=0,cur_changeCycle=0,to_view=12138
info|2019-12-31 10:00:45.207369|[g:1][CONSENSUS][SEALER]++++++++++++++++ Generating seal on,blkNum=89,tx=0,nodeIdx=2,hash=9a4566f0...
info|2019-12-31 10:00:45.278112|[g:1][CONSENSUS][PBFT]checkTimeout Succ,view=12138,toView=12139,nodeIdx=2,changeCycle=0,myNode=95edd296...,timecost=30.277
info|2019-12-31 10:00:45.301246|[g:1][CONSENSUS][PBFT]checkAndChangeView: Reach consensus,org_view=12138,org_changeCycle=0,cur_changeCycle=0,to_view=12139
info|2019-12-31 10:00:46.369671|[g:1][CONSENSUS]addRawPrepare,height=89,reqIdx=3,hash=817e8f78...
info|2019-12-31 10:00:46.370447|[g:1][CONSENSUS][PBFT]checkTimeout Succ,view=12139,toView=12140,nodeIdx=2,changeCycle=0,myNode=95edd296...,timecost=0.384
info|2019-12-31 10:00:46.371617|[g:1][CONSENSUS][PBFT]checkAndChangeView: Reach consensus,org_view=12139,org_changeCycle=0,cur_changeCycle=0,to_view=12140
info|2019-12-31 10:00:47.385770|[g:1][CONSENSUS]addRawPrepare,height=89,reqIdx=0,hash=af531dd2...
info|2019-12-31 10:00:47.386426|[g:1][CONSENSUS][PBFT]checkTimeout Succ,view=12140,toView=12141,nodeIdx=2,changeCycle=0,myNode=95edd296...,timecost=0.456
info|2019-12-31 10:00:47.397847|[g:1][CONSENSUS][PBFT]checkAndChangeView: Reach consensus,org_view=12140,org_changeCycle=0,cur_changeCycle=0,to_view=12141
info|2019-12-31 10:00:52.684918|[P2P][Service] heartBeat,connected count=3
warning|2019-12-31 10:00:52.704858|[g:1][CONSENSUS][PBFT]ViewChangeWarning: not caused by omit empty block ,v=12141,toV=12142,curNum=88,hash=825347b7...,nodeIdx=2,myNode=95edd296...
info|2019-12-31 10:00:52.705736|[g:1][CONSENSUS][PBFT]checkTimeout Succ,view=12141,toView=12142,nodeIdx=2,changeCycle=1,myNode=95edd296...,timecost=7.275
