warning|2020-01-01 02:58:35.573677|[g:1][CONSENSUS][PBFT]ViewChangeWarning: not caused by omit empty block ,v=34913,toV=34914,curNum=88,hash=825347b7...,nodeIdx=2,myNode=95edd296...
info|2020-01-01 02:58:35.575059|[g:1][CONSENSUS][PBFT]checkTimeout Succ,view=34913,toView=34914,nodeIdx=2,changeCycle=2,myNode=95edd296...,timecost=2.091
info|2020-01-01 02:58:36.006795|[g:1][CONSENSUS][PBFT]checkAndChangeView: Reach consensus,org_view=34913,org_changeCycle=2,cur_changeCycle=2,to_view=34914
info|2020-01-01 02:58:37.028926|[g:1][CONSENSUS][SEALER]++++++++++++++++ Generating seal on,blkNum=89,tx=0,nodeIdx=2,hash=62291e95...
info|2020-01-01 02:58:37.066790|[g:1][CONSENSUS][PBFT]checkTimeout Succ,view=34914,toView=34915,nodeIdx=2,changeCycle=0,myNode=95edd296...,timecost=0.473
info|2020-01-01 02:58:37.102493|[g:1][CONSENSUS][PBFT]checkAndChangeView: Reach consensus,org_view=34914,org_changeCycle=0,cur_changeCycle=0,to_view=34915
info|2020-01-01 02:58:38.448634|[g:1][CONSENSUS]addRawPrepare,height=89,reqIdx=3,hash=0fba9182...
info|2020-01-01 02:58:38.449286|[g:1][CONSENSUS][PBFT]checkTimeout Succ,view=34915,toView=34916,nodeIdx=2,changeCycle=0,myNode=95edd296...,timecost=0.468
info|2020-01-01 02:58:38.526446|[g:1][CONSENSUS][PBFT]checkAndChangeView: Reach consensus,org_view=34915,org_changeCycle=0,cur_changeCycle=0,to_view=34916
info|2020-01-01 02:58:39.225456|[P2P][Service] heartBeat,connected count=3
info|2020-01-01 02:58:39.600111|[g:1][CONSENSUS]addRawPrepare,height=89,reqIdx=0,hash=b7d81a9a...
info|2020-01-01 02:58:39.612579|[g:1][CONSENSUS][PBFT]checkTimeout Succ,view=34916,toView=34917,nodeIdx=2,changeCycle=0,myNode=95edd296...,timecost=11.378
info|2020-01-01 02:58:39.705074|[g:1][CONSENSUS][PBFT]checkAndChangeView: Reach consensus,org_view=34916,org_changeCycle=0,cur_changeCycle=0,to_view=34917
info|2020-01-01 02:58:40.706450|[g:1][CONSENSUS]addRawPrepare,height=89,reqIdx=1,hash=d6ad5c2f...
info|2020-01-01 02:58:40.707033|[g:1][CONSENSUS][PBFT]checkTimeout Succ,view=34917,toView=34918,nodeIdx=2,changeCycle=0,myNode=95edd296...,timecost=0.428
info|2020-01-01 02:58:40.763400|[g:1][CONSENSUS][PBFT]checkAndChangeView: Reach consensus,org_view=34917,org_changeCycle=0,cur_changeCycle=0,to_view=34918
info|2020-01-01 02:58:41.768771|[g:1][CONSENSUS][SEALER]++++++++++++++++ Generating seal on,blkNum=89,tx=0,nodeIdx=2,hash=ac2faf8e...
info|2020-01-01 02:58:41.778712|[g:1][CONSENSUS][PBFT]checkTimeout Succ,view=34918,toView=34919,nodeIdx=2,changeCycle=0,myNode=95edd296...,timecost=0.437
info|2020-01-01 02:58:41.837434|[g:1][CONSENSUS][PBFT]checkAndChangeView: Reach consensus,org_view=34918,org_changeCycle=0,cur_changeCycle=0,to_view=34919
info|2020-01-01 02:58:42.957702|[g:1][CONSENSUS]addRawPrepare,height=89,reqIdx=3,hash=2d9d8ee3...
info|2020-01-01 02:58:42.959120|[g:1][CONSENSUS][PBFT]checkTimeout Succ,view=34919,toView=34920,nodeIdx=2,changeCycle=0,myNode=95edd296...,timecost=1.021
info|2020-01-01 02:58:42.961364|[g:1][CONSENSUS][PBFT]checkAndChangeView: Reach consensus,org_view=34919,org_changeCycle=0,cur_changeCycle=0,to_view=34920
info|2020-01-01 02:58:43.972176|[g:1][CONSENSUS]addRawPrepare,height=89,reqIdx=0,hash=b3352fc0...
info|2020-01-01 02:58:43.977094|[g:1][CONSENSUS][PBFT]checkTimeout Succ,view=34920,toView=34921,nodeIdx=2,changeCycle=0,myNode=95edd296...,timecost=4.873
info|2020-01-01 02:58:43.979035|[g:1][CONSENSUS][PBFT]checkAndChangeView: Reach consensus,org_view=34920,org_changeCycle=0,cur_changeCycle=0,to_view=34921
info|2020-01-01 02:58:44.993289|[g:1][CONSENSUS]addRawPrepare,height=89,reqIdx=1,hash=04af7fae...
info|2020-01-01 02:58:45.026863|[g:1][CONSENSUS][PBFT]checkTimeout Succ,view=34921,toView=34922,nodeIdx=2,changeCycle=0,myNode=95edd296...,timecost=7.425
info|2020-01-01 02:58:45.029313|[g:1][CONSENSUS][PBFT]checkAndChangeView: Reach consensus,org_view=34921,org_changeCycle=0,cur_changeCycle=0,to_view=34922
info|2020-01-01 02:58:46.029704|[g:1][CONSENSUS][SEALER]++++++++++++++++ Generating seal on,blkNum=89,tx=0,nodeIdx=2,hash=194b1c9b...
info|2020-01-01 02:58:46.036781|[g:1][CONSENSUS][PBFT]checkTimeout Succ,view=34922,toView=34923,nodeIdx=2,changeCycle=0,myNode=95edd296...,timecost=6.056
info|2020-01-01 02:58:46.042569|[g:1][CONSENSUS][PBFT]checkAndChangeView: Reach consensus,org_view=34922,org_changeCycle=0,cur_changeCycle=0,to_view=34923
info|2020-01-01 02:58:47.048434|[g:1][CONSENSUS]addRawPrepare,height=89,reqIdx=3,hash=363f9942...
info|2020-01-01 02:58:47.057356|[g:1][CONSENSUS][PBFT]checkTimeout Succ,view=34923,toView=34924,nodeIdx=2,changeCycle=0,myNode=95edd296...,timecost=7.423
info|2020-01-01 02:58:47.071042|[g:1][CONSENSUS][PBFT]checkAndChangeView: Reach consensus,org_view=34923,org_changeCycle=0,cur_changeCycle=0,to_view=34924
info|2020-01-01 02:58:48.167788|[g:1][CONSENSUS]addRawPrepare,height=89,reqIdx=0,hash=f9286319...
info|2020-01-01 02:58:48.174409|[g:1][CONSENSUS][PBFT]checkTimeout Succ,view=34924,toView=34925,nodeIdx=2,changeCycle=0,myNode=95edd296...,timecost=5.273
info|2020-01-01 02:58:48.336660|[g:1][CONSENSUS][PBFT]checkAndChangeView: Reach consensus,org_view=34924,org_changeCycle=0,cur_changeCycle=0,to_view=34925
info|2020-01-01 02:58:49.281895|[P2P][Service] heartBeat,connected count=3
info|2020-01-01 02:58:49.338613|[g:1][CONSENSUS]addRawPrepare,height=89,reqIdx=1,hash=d4feca3d...
info|2020-01-01 02:58:49.340032|[g:1][CONSENSUS][PBFT]checkTimeout Succ,view=34925,toView=34926,nodeIdx=2,changeCycle=0,myNode=95edd296...,timecost=1.284
info|2020-01-01 02:58:49.346504|[g:1][CONSENSUS][PBFT]checkAndChangeView: Reach consensus,org_view=34925,org_changeCycle=0,cur_changeCycle=0,to_view=34926
info|2020-01-01 02:58:50.347565|[g:1][CONSENSUS][SEALER]++++++++++++++++ Generating seal on,blkNum=89,tx=0,nodeIdx=2,hash=39f78907...
info|2020-01-01 02:58:50.351837|[g:1][CONSENSUS][PBFT]checkTimeout Succ,view=34926,toView=34927,nodeIdx=2,changeCycle=0,myNode=95edd296...,timecost=2.972
info|2020-01-01 02:58:50.358480|[g:1][CONSENSUS][PBFT]checkAndChangeView: Reach consensus,org_view=34926,org_changeCycle=0,cur_changeCycle=0,to_view=34927
info|2020-01-01 02:58:51.378782|[g:1][CONSENSUS]addRawPrepare,height=89,reqIdx=3,hash=fa6ba59b...
info|2020-01-01 02:58:51.387631|[g:1][CONSENSUS][PBFT]checkTimeout Succ,view=34927,toView=34928,nodeIdx=2,changeCycle=0,myNode=95edd296...,timecost=7.911
info|2020-01-01 02:58:51.389167|[g:1][CONSENSUS][PBFT]checkAndChangeView: Reach consensus,org_view=34927,org_changeCycle=0,cur_changeCycle=0,to_view=34928
info|2020-01-01 02:58:52.398103|[g:1][CONSENSUS]addRawPrepare,height=89,reqIdx=0,hash=6f007f07...
info|2020-01-01 02:58:52.398630|[g:1][CONSENSUS][PBFT]checkTimeout Succ,view=34928,toView=34929,nodeIdx=2,changeCycle=0,myNode=95edd296...,timecost=0.461
info|2020-01-01 02:58:52.452722|[g:1][CONSENSUS][PBFT]checkAndChangeView: Reach consensus,org_view=34928,org_changeCycle=0,cur_changeCycle=0,to_view=34929
info|2020-01-01 02:58:53.480608|[g:1][CONSENSUS]addRawPrepare,height=89,reqIdx=1,hash=b21c717b...
info|2020-01-01 02:58:53.567745|[g:1][CONSENSUS][PBFT]checkTimeout Succ,view=34929,toView=34930,nodeIdx=2,changeCycle=0,myNode=95edd296...,timecost=81.152
info|2020-01-01 02:58:53.584681|[g:1][CONSENSUS][PBFT]checkAndChangeView: Reach consensus,org_view=34929,org_changeCycle=0,cur_changeCycle=0,to_view=34930
info|2020-01-01 02:58:54.585515|[g:1][CONSENSUS][SEALER]++++++++++++++++ Generating seal on,blkNum=89,tx=0,nodeIdx=2,hash=96f8ad77...
info|2020-01-01 02:58:54.588102|[g:1][CONSENSUS][PBFT]checkTimeout Succ,view=34930,toView=34931,nodeIdx=2,changeCycle=0,myNode=95edd296...,timecost=0.538
info|2020-01-01 02:58:54.606860|[g:1][CONSENSUS][PBFT]checkAndChangeView: Reach consensus,org_view=34930,org_changeCycle=0,cur_changeCycle=0,to_view=34931
info|2020-01-01 02:58:55.618784|[g:1][CONSENSUS]addRawPrepare,height=89,reqIdx=3,hash=6d277d5e...
info|2020-01-01 02:58:55.633064|[g:1][CONSENSUS][PBFT]checkTimeout Succ,view=34931,toView=34932,nodeIdx=2,changeCycle=0,myNode=95edd296...,timecost=3.65
info|2020-01-01 02:58:55.645700|[g:1][CONSENSUS][PBFT]checkAndChangeView: Reach consensus,org_view=34931,org_changeCycle=0,cur_changeCycle=0,to_view=34932
info|2020-01-01 02:58:56.662823|[g:1][CONSENSUS]addRawPrepare,height=89,reqIdx=0,hash=dca17763...
info|2020-01-01 02:58:56.663586|[g:1][CONSENSUS][PBFT]checkTimeout Succ,view=34932,toView=34933,nodeIdx=2,changeCycle=0,myNode=95edd296...,timecost=0.605
info|2020-01-01 02:58:56.670442|[g:1][CONSENSUS][PBFT]checkAndChangeView: Reach consensus,org_view=34932,org_changeCycle=0,cur_changeCycle=0,to_view=34933
info|2020-01-01 02:58:57.688983|[g:1][CONSENSUS]addRawPrepare,height=89,reqIdx=1,hash=3fdca1a0...
info|2020-01-01 02:58:57.690196|[g:1][CONSENSUS][PBFT]checkTimeout Succ,view=34933,toView=34934,nodeIdx=2,changeCycle=0,myNode=95edd296...,timecost=0.999
info|2020-01-01 02:58:57.695192|[g:1][CONSENSUS][PBFT]checkAndChangeView: Reach consensus,org_view=34933,org_changeCycle=0,cur_changeCycle=0,to_view=34934
info|2020-01-01 02:58:58.696520|[g:1][CONSENSUS][SEALER]++++++++++++++++ Generating seal on,blkNum=89,tx=0,nodeIdx=2,hash=66c99746...
info|2020-01-01 02:58:58.711324|[g:1][CONSENSUS][PBFT]checkTimeout Succ,view=34934,toView=34935,nodeIdx=2,changeCycle=0,myNode=95edd296...,timecost=6.333
info|2020-01-01 02:58:58.712963|[g:1][CONSENSUS][PBFT]checkAndChangeView: Reach consensus,org_view=34934,org_changeCycle=0,cur_changeCycle=0,to_view=34935
info|2020-01-01 02:58:59.282490|[P2P][Service] heartBeat,connected count=3
info|2020-01-01 02:58:59.711781|[g:1][CONSENSUS]addRawPrepare,height=89,reqIdx=3,hash=158ec957...
info|2020-01-01 02:58:59.713109|[g:1][CONSENSUS][PBFT]checkTimeout Succ,view=34935,toView=34936,nodeIdx=2,changeCycle=0,myNode=95edd296...,timecost=0.812
info|2020-01-01 02:58:59.718087|[g:1][CONSENSUS][PBFT]checkAndChangeView: Reach consensus,org_view=34935,org_changeCycle=0,cur_changeCycle=0,to_view=34936
info|2020-01-01 02:59:00.723332|[g:1][CONSENSUS]addRawPrepare,height=89,reqIdx=0,hash=a663e890...
info|2020-01-01 02:59:00.727510|[g:1][CONSENSUS][PBFT]checkTimeout Succ,view=34936,toView=34937,nodeIdx=2,changeCycle=0,myNode=95edd296...,timecost=4.105
info|2020-01-01 02:59:00.736730|[g:1][CONSENSUS][PBFT]checkAndChangeView: Reach consensus,org_view=34936,org_changeCycle=0,cur_changeCycle=0,to_view=34937
info|2020-01-01 02:59:01.743134|[g:1][CONSENSUS]addRawPrepare,height=89,reqIdx=1,hash=6be05a19...
info|2020-01-01 02:59:01.743758|[g:1][CONSENSUS][PBFT]checkTimeout Succ,view=34937,toView=34938,nodeIdx=2,changeCycle=0,myNode=95edd296...,timecost=0.41
info|2020-01-01 02:59:01.748966|[g:1][CONSENSUS][PBFT]checkAndChangeView: Reach consensus,org_view=34937,org_changeCycle=0,cur_changeCycle=0,to_view=34938
info|2020-01-01 02:59:02.767494|[g:1][CONSENSUS][SEALER]++++++++++++++++ Generating seal on,blkNum=89,tx=0,nodeIdx=2,hash=13ce68ee...
info|2020-01-01 02:59:02.822182|[g:1][CONSENSUS][PBFT]checkTimeout Succ,view=34938,toView=34939,nodeIdx=2,changeCycle=0,myNode=95edd296...,timecost=0.497
info|2020-01-01 02:59:02.836621|[g:1][CONSENSUS][PBFT]checkAndChangeView: Reach consensus,org_view=34938,org_changeCycle=0,cur_changeCycle=0,to_view=34939
info|2020-01-01 02:59:03.867682|[g:1][CONSENSUS]addRawPrepare,height=89,reqIdx=3,hash=c3c6f378...
info|2020-01-01 02:59:03.868258|[g:1][CONSENSUS][PBFT]checkTimeout Succ,view=34939,toView=34940,nodeIdx=2,changeCycle=0,myNode=95edd296...,timecost=0.405
info|2020-01-01 02:59:04.018786|[g:1][CONSENSUS][PBFT]checkAndChangeView: Reach consensus,org_view=34939,org_changeCycle=0,cur_changeCycle=0,to_view=34940
info|2020-01-01 02:59:05.015030|[g:1][CONSENSUS]addRawPrepare,height=89,reqIdx=0,hash=99924941...
info|2020-01-01 02:59:05.025809|[g:1][CONSENSUS][PBFT]checkTimeout Succ,view=34940,toView=34941,nodeIdx=2,changeCycle=0,myNode=95edd296...,timecost=10.559
info|2020-01-01 02:59:05.034157|[g:1][CONSENSUS][PBFT]checkAndChangeView: Reach consensus,org_view=34940,org_changeCycle=0,cur_changeCycle=0,to_view=34941
info|2020-01-01 02:59:06.041655|[g:1][CONSENSUS]addRawPrepare,height=89,reqIdx=1,hash=812fabc3...
info|2020-01-01 02:59:06.042652|[g:1][CONSENSUS][PBFT]checkTimeout Succ,view=34941,toView=34942,nodeIdx=2,changeCycle=0,myNode=95edd296...,timecost=0.421
info|2020-01-01 02:59:06.135414|[g:1][CONSENSUS][PBFT]checkAndChangeView: Reach consensus,org_view=34941,org_changeCycle=0,cur_changeCycle=0,to_view=34942
info|2020-01-01 02:59:07.136922|[g:1][CONSENSUS][SEALER]++++++++++++++++ Generating seal on,blkNum=89,tx=0,nodeIdx=2,hash=93629ee7...
info|2020-01-01 02:59:07.153854|[g:1][CONSENSUS][PBFT]checkTimeout Succ,view=34942,toView=34943,nodeIdx=2,changeCycle=0,myNode=95edd296...,timecost=1.436
info|2020-01-01 02:59:07.159574|[g:1][CONSENSUS][PBFT]checkAndChangeView: Reach consensus,org_view=34942,org_changeCycle=0,cur_changeCycle=0,to_view=34943
info|2020-01-01 02:59:08.163191|[g:1][CONSENSUS]addRawPrepare,height=89,reqIdx=3,hash=caf03097...
info|2020-01-01 02:59:08.163720|[g:1][CONSENSUS][PBFT]checkTimeout Succ,view=34943,toView=34944,nodeIdx=2,changeCycle=0,myNode=95edd296...,timecost=0.387
info|2020-01-01 02:59:08.171915|[g:1][CONSENSUS][PBFT]checkAndChangeView: Reach consensus,org_view=34943,org_changeCycle=0,cur_changeCycle=0,to_view=34944
info|2020-01-01 02:59:09.176945|[g:1][CONSENSUS]addRawPrepare,height=89,reqIdx=0,hash=af750608...
info|2020-01-01 02:59:09.177919|[g:1][CONSENSUS][PBFT]checkTimeout Succ,view=34944,toView=34945,nodeIdx=2,changeCycle=0,myNode=95edd296...,timecost=0.481
info|2020-01-01 02:59:09.184177|[g:1][CONSENSUS][PBFT]checkAndChangeView: Reach consensus,org_view=34944,org_changeCycle=0,cur_changeCycle=0,to_view=34945
info|2020-01-01 02:59:09.283546|[P2P][Service] heartBeat,connected count=3
info|2020-01-01 02:59:10.183613|[g:1][CONSENSUS]addRawPrepare,height=89,reqIdx=1,hash=dfb708d5...
info|2020-01-01 02:59:10.184135|[g:1][CONSENSUS][PBFT]checkTimeout Succ,view=34945,toView=34946,nodeIdx=2,changeCycle=0,myNode=95edd296...,timecost=0.396
info|2020-01-01 02:59:10.195882|[g:1][CONSENSUS][PBFT]checkAndChangeView: Reach consensus,org_view=34945,org_changeCycle=0,cur_changeCycle=0,to_view=34946
info|2020-01-01 02:59:11.196698|[g:1][CONSENSUS][SEALER]++++++++++++++++ Generating seal on,blkNum=89,tx=0,nodeIdx=2,hash=948fa1ef...
info|2020-01-01 02:59:11.205167|[g:1][CONSENSUS][PBFT]checkTimeout Succ,view=34946,toView=34947,nodeIdx=2,changeCycle=0,myNode=95edd296...,timecost=0.657
info|2020-01-01 02:59:11.216558|[g:1][CONSENSUS][PBFT]checkAndChangeView: Reach consensus,org_view=34946,org_changeCycle=0,cur_changeCycle=0,to_view=34947
info|2020-01-01 02:59:12.209702|[g:1][CONSENSUS]addRawPrepare,height=89,reqIdx=3,hash=acf85c64...
info|2020-01-01 02:59:12.219591|[g:1][CONSENSUS][PBFT]checkTimeout Succ,view=34947,toView=34948,nodeIdx=2,changeCycle=0,myNode=95edd296...,timecost=4.467
info|2020-01-01 02:59:12.227640|[g:1][CONSENSUS][PBFT]checkAndChangeView: Reach consensus,org_view=34947,org_changeCycle=0,cur_changeCycle=0,to_view=34948
info|2020-01-01 02:59:13.233138|[g:1][CONSENSUS]addRawPrepare,height=89,reqIdx=0,hash=60f1b0c0...
info|2020-01-01 02:59:13.237537|[g:1][CONSENSUS][PBFT]checkTimeout Succ,view=34948,toView=34949,nodeIdx=2,changeCycle=0,myNode=95edd296...,timecost=1.529
info|2020-01-01 02:59:13.311233|[g:1][CONSENSUS][PBFT]checkAndChangeView: Reach consensus,org_view=34948,org_changeCycle=0,cur_changeCycle=0,to_view=34949
info|2020-01-01 02:59:14.252540|[g:1][CONSENSUS]addRawPrepare,height=89,reqIdx=1,hash=c70dd343...
info|2020-01-01 02:59:14.253319|[g:1][CONSENSUS][PBFT]checkTimeout Succ,view=34949,toView=34950,nodeIdx=2,changeCycle=0,myNode=95edd296...,timecost=0.409
info|2020-01-01 02:59:14.259261|[g:1][CONSENSUS][PBFT]checkAndChangeView: Reach consensus,org_view=34949,org_changeCycle=0,cur_changeCycle=0,to_view=34950
info|2020-01-01 02:59:15.260928|[g:1][CONSENSUS][SEALER]++++++++++++++++ Generating seal on,blkNum=89,tx=0,nodeIdx=2,hash=f2cf3cf1...
info|2020-01-01 02:59:15.309185|[g:1][CONSENSUS][PBFT]checkTimeout Succ,view=34950,toView=34951,nodeIdx=2,changeCycle=0,myNode=95edd296...,timecost=1.423
info|2020-01-01 02:59:15.312832|[g:1][CONSENSUS][PBFT]checkAndChangeView: Reach consensus,org_view=34950,org_changeCycle=0,cur_changeCycle=0,to_view=34951
info|2020-01-01 02:59:16.318967|[g:1][CONSENSUS]addRawPrepare,height=89,reqIdx=3,hash=ad3f7207...
info|2020-01-01 02:59:16.319615|[g:1][CONSENSUS][PBFT]checkTimeout Succ,view=34951,toView=34952,nodeIdx=2,changeCycle=0,myNode=95edd296...,timecost=0.595
info|2020-01-01 02:59:16.322871|[g:1][CONSENSUS][PBFT]checkAndChangeView: Reach consensus,org_view=34951,org_changeCycle=0,cur_changeCycle=0,to_view=34952
info|2020-01-01 02:59:17.325953|[g:1][CONSENSUS]addRawPrepare,height=89,reqIdx=0,hash=7733ae3a...
info|2020-01-01 02:59:17.329160|[g:1][CONSENSUS][PBFT]checkTimeout Succ,view=34952,toView=34953,nodeIdx=2,changeCycle=0,myNode=95edd296...,timecost=2.883
info|2020-01-01 02:59:17.331093|[g:1][CONSENSUS][PBFT]checkAndChangeView: Reach consensus,org_view=34952,org_changeCycle=0,cur_changeCycle=0,to_view=34953
info|2020-01-01 02:59:18.337061|[g:1][CONSENSUS]addRawPrepare,height=89,reqIdx=1,hash=f138db69...
info|2020-01-01 02:59:18.337430|[g:1][CONSENSUS][PBFT]checkTimeout Succ,view=34953,toView=34954,nodeIdx=2,changeCycle=0,myNode=95edd296...,timecost=0.253
info|2020-01-01 02:59:18.341070|[g:1][CONSENSUS][PBFT]checkAndChangeView: Reach consensus,org_view=34953,org_changeCycle=0,cur_changeCycle=0,to_view=34954
info|2020-01-01 02:59:19.284466|[P2P][Service] heartBeat,connected count=3
info|2020-01-01 02:59:19.341204|[g:1][CONSENSUS][SEALER]++++++++++++++++ Generating seal on,blkNum=89,tx=0,nodeIdx=2,hash=c74e91d0...
info|2020-01-01 02:59:19.344346|[g:1][CONSENSUS][PBFT]checkTimeout Succ,view=34954,toView=34955,nodeIdx=2,changeCycle=0,myNode=95edd296...,timecost=0.293
info|2020-01-01 02:59:19.349167|[g:1][CONSENSUS][PBFT]checkAndChangeView: Reach consensus,org_view=34954,org_changeCycle=0,cur_changeCycle=0,to_view=34955
info|2020-01-01 02:59:20.348490|[g:1][CONSENSUS]addRawPrepare,height=89,reqIdx=3,hash=263c002d...
info|2020-01-01 02:59:20.352363|[g:1][CONSENSUS][PBFT]checkTimeout Succ,view=34955,toView=34956,nodeIdx=2,changeCycle=0,myNode=95edd296...,timecost=0.58
info|2020-01-01 02:59:20.362434|[g:1][CONSENSUS][PBFT]checkAndChangeView: Reach consensus,org_view=34955,org_changeCycle=0,cur_changeCycle=0,to_view=34956
info|2020-01-01 02:59:21.369525|[g:1][CONSENSUS]addRawPrepare,height=89,reqIdx=0,hash=f75aa298...
info|2020-01-01 02:59:21.377316|[g:1][CONSENSUS][PBFT]checkTimeout Succ,view=34956,toView=34957,nodeIdx=2,changeCycle=0,myNode=95edd296...,timecost=7.655
info|2020-01-01 02:59:21.382683|[g:1][CONSENSUS][PBFT]checkAndChangeView: Reach consensus,org_view=34956,org_changeCycle=0,cur_changeCycle=0,to_view=34957
info|2020-01-01 02:59:22.377667|[g:1][CONSENSUS]addRawPrepare,height=89,reqIdx=1,hash=55bb518f...
info|2020-01-01 02:59:22.378183|[g:1][CONSENSUS][PBFT]checkTimeout Succ,view=34957,toView=34958,nodeIdx=2,changeCycle=0,myNode=95edd296...,timecost=0.279
info|2020-01-01 02:59:22.383160|[g:1][CONSENSUS][PBFT]checkAndChangeView: Reach consensus,org_view=34957,org_changeCycle=0,cur_changeCycle=0,to_view=34958
info|2020-01-01 02:59:23.384032|[g:1][CONSENSUS][SEALER]++++++++++++++++ Generating seal on,blkNum=89,tx=0,nodeIdx=2,hash=b332c59a...
info|2020-01-01 02:59:23.410072|[g:1][CONSENSUS][PBFT]checkTimeout Succ,view=34958,toView=34959,nodeIdx=2,changeCycle=0,myNode=95edd296...,timecost=16.803
info|2020-01-01 02:59:23.462938|[g:1][CONSENSUS][PBFT]checkAndChangeView: Reach consensus,org_view=34958,org_changeCycle=0,cur_changeCycle=0,to_view=34959
info|2020-01-01 02:59:24.498030|[g:1][CONSENSUS]addRawPrepare,height=89,reqIdx=3,hash=1c1aae58...
info|2020-01-01 02:59:24.532522|[g:1][CONSENSUS][PBFT]checkTimeout Succ,view=34959,toView=34960,nodeIdx=2,changeCycle=0,myNode=95edd296...,timecost=34.062
info|2020-01-01 02:59:24.560777|[g:1][CONSENSUS][PBFT]checkAndChangeView: Reach consensus,org_view=34959,org_changeCycle=0,cur_changeCycle=0,to_view=34960
info|2020-01-01 02:59:25.568169|[g:1][CONSENSUS]addRawPrepare,height=89,reqIdx=0,hash=ff8c8d71...
info|2020-01-01 02:59:25.572849|[g:1][CONSENSUS][PBFT]checkTimeout Succ,view=34960,toView=34961,nodeIdx=2,changeCycle=0,myNode=95edd296...,timecost=4.604
info|2020-01-01 02:59:25.575431|[g:1][CONSENSUS][PBFT]checkAndChangeView: Reach consensus,org_view=34960,org_changeCycle=0,cur_changeCycle=0,to_view=34961
info|2020-01-01 02:59:26.577248|[g:1][CONSENSUS]addRawPrepare,height=89,reqIdx=1,hash=d59869f0...
info|2020-01-01 02:59:26.577613|[g:1][CONSENSUS][PBFT]checkTimeout Succ,view=34961,toView=34962,nodeIdx=2,changeCycle=0,myNode=95edd296...,timecost=0.252
info|2020-01-01 02:59:26.580883|[g:1][CONSENSUS][PBFT]checkAndChangeView: Reach consensus,org_view=34961,org_changeCycle=0,cur_changeCycle=0,to_view=34962
info|2020-01-01 02:59:27.580878|[g:1][CONSENSUS][SEALER]++++++++++++++++ Generating seal on,blkNum=89,tx=0,nodeIdx=2,hash=58d7ac89...
info|2020-01-01 02:59:27.594604|[g:1][CONSENSUS][PBFT]checkTimeout Succ,view=34962,toView=34963,nodeIdx=2,changeCycle=0,myNode=95edd296...,timecost=0.335
info|2020-01-01 02:59:27.598164|[g:1][CONSENSUS][PBFT]checkAndChangeView: Reach consensus,org_view=34962,org_changeCycle=0,cur_changeCycle=0,to_view=34963
info|2020-01-01 02:59:28.596337|[g:1][CONSENSUS]addRawPrepare,height=89,reqIdx=3,hash=254e972a...
info|2020-01-01 02:59:28.597706|[g:1][CONSENSUS][PBFT]checkTimeout Succ,view=34963,toView=34964,nodeIdx=2,changeCycle=0,myNode=95edd296...,timecost=1.245
info|2020-01-01 02:59:28.600187|[g:1][CONSENSUS][PBFT]checkAndChangeView: Reach consensus,org_view=34963,org_changeCycle=0,cur_changeCycle=0,to_view=34964
info|2020-01-01 02:59:29.285232|[P2P][Service] heartBeat,connected count=3
info|2020-01-01 02:59:29.604421|[g:1][CONSENSUS]addRawPrepare,height=89,reqIdx=0,hash=bc0c4d81...
info|2020-01-01 02:59:29.606684|[g:1][CONSENSUS][PBFT]checkTimeout Succ,view=34964,toView=34965,nodeIdx=2,changeCycle=0,myNode=95edd296...,timecost=2.212
info|2020-01-01 02:59:29.607202|[g:1][CONSENSUS][PBFT]checkAndChangeView: Reach consensus,org_view=34964,org_changeCycle=0,cur_changeCycle=0,to_view=34965
info|2020-01-01 02:59:30.609142|[g:1][CONSENSUS]addRawPrepare,height=89,reqIdx=1,hash=f9d70123...
info|2020-01-01 02:59:30.611863|[g:1][CONSENSUS][PBFT]checkTimeout Succ,view=34965,toView=34966,nodeIdx=2,changeCycle=0,myNode=95edd296...,timecost=2.606
info|2020-01-01 02:59:30.612649|[g:1][CONSENSUS][PBFT]checkAndChangeView: Reach consensus,org_view=34965,org_changeCycle=0,cur_changeCycle=0,to_view=34966
info|2020-01-01 02:59:31.613306|[g:1][CONSENSUS][SEALER]++++++++++++++++ Generating seal on,blkNum=89,tx=0,nodeIdx=2,hash=6a67690e...
info|2020-01-01 02:59:31.627255|[g:1][CONSENSUS][PBFT]checkTimeout Succ,view=34966,toView=34967,nodeIdx=2,changeCycle=0,myNode=95edd296...,timecost=0.447
info|2020-01-01 02:59:31.628982|[g:1][CONSENSUS][PBFT]checkAndChangeView: Reach consensus,org_view=34966,org_changeCycle=0,cur_changeCycle=0,to_view=34967
info|2020-01-01 02:59:32.630275|[g:1][CONSENSUS]addRawPrepare,height=89,reqIdx=3,hash=1c611fba...
info|2020-01-01 02:59:32.632868|[g:1][CONSENSUS][PBFT]checkTimeout Succ,view=34967,toView=34968,nodeIdx=2,changeCycle=0,myNode=95edd296...,timecost=1.807
info|2020-01-01 02:59:32.636459|[g:1][CONSENSUS][PBFT]checkAndChangeView: Reach consensus,org_view=34967,org_changeCycle=0,cur_changeCycle=0,to_view=34968
info|2020-01-01 02:59:33.639211|[g:1][CONSENSUS]addRawPrepare,height=89,reqIdx=0,hash=9077e230...
info|2020-01-01 02:59:33.639969|[g:1][CONSENSUS][PBFT]checkTimeout Succ,view=34968,toView=34969,nodeIdx=2,changeCycle=0,myNode=95edd296...,timecost=0.711
info|2020-01-01 02:59:33.642299|[g:1][CONSENSUS][PBFT]checkAndChangeView: Reach consensus,org_view=34968,org_changeCycle=0,cur_changeCycle=0,to_view=34969
info|2020-01-01 02:59:34.642194|[g:1][CONSENSUS]addRawPrepare,height=89,reqIdx=1,hash=115d5248...
info|2020-01-01 02:59:34.642607|[g:1][CONSENSUS][PBFT]checkTimeout Succ,view=34969,toView=34970,nodeIdx=2,changeCycle=0,myNode=95edd296...,timecost=0.296
info|2020-01-01 02:59:34.645858|[g:1][CONSENSUS][PBFT]checkAndChangeView: Reach consensus,org_view=34969,org_changeCycle=0,cur_changeCycle=0,to_view=34970
info|2020-01-01 02:59:35.647010|[g:1][CONSENSUS][SEALER]++++++++++++++++ Generating seal on,blkNum=89,tx=0,nodeIdx=2,hash=73e750da...
info|2020-01-01 02:59:35.655483|[g:1][CONSENSUS][PBFT]checkTimeout Succ,view=34970,toView=34971,nodeIdx=2,changeCycle=0,myNode=95edd296...,timecost=2.239
info|2020-01-01 02:59:35.659063|[g:1][CONSENSUS][PBFT]checkAndChangeView: Reach consensus,org_view=34970,org_changeCycle=0,cur_changeCycle=0,to_view=34971
info|2020-01-01 02:59:36.660538|[g:1][CONSENSUS]addRawPrepare,height=89,reqIdx=3,hash=d7fa37a8...
info|2020-01-01 02:59:36.663428|[g:1][CONSENSUS][PBFT]checkTimeout Succ,view=34971,toView=34972,nodeIdx=2,changeCycle=0,myNode=95edd296...,timecost=2.498
info|2020-01-01 02:59:36.665370|[g:1][CONSENSUS][PBFT]checkAndChangeView: Reach consensus,org_view=34971,org_changeCycle=0,cur_changeCycle=0,to_view=34972
info|2020-01-01 02:59:37.665644|[g:1][CONSENSUS]addRawPrepare,height=89,reqIdx=0,hash=88e25400...
info|2020-01-01 02:59:37.668607|[g:1][CONSENSUS][PBFT]checkTimeout Succ,view=34972,toView=34973,nodeIdx=2,changeCycle=0,myNode=95edd296...,timecost=1.639
info|2020-01-01 02:59:37.671922|[g:1][CONSENSUS][PBFT]checkAndChangeView: Reach consensus,org_view=34972,org_changeCycle=0,cur_changeCycle=0,to_view=34973
info|2020-01-01 02:59:38.673320|[g:1][CONSENSUS]addRawPrepare,height=89,reqIdx=1,hash=d59d1813...
info|2020-01-01 02:59:38.673996|[g:1][CONSENSUS][PBFT]checkTimeout Succ,view=34973,toView=34974,nodeIdx=2,changeCycle=0,myNode=95edd296...,timecost=0.427
info|2020-01-01 02:59:38.680447|[g:1][CONSENSUS][PBFT]checkAndChangeView: Reach consensus,org_view=34973,org_changeCycle=0,cur_changeCycle=0,to_view=34974
info|2020-01-01 02:59:39.285488|[P2P][Service] heartBeat,connected count=3
info|2020-01-01 02:59:39.681878|[g:1][CONSENSUS][SEALER]++++++++++++++++ Generating seal on,blkNum=89,tx=0,nodeIdx=2,hash=f8711d24...
info|2020-01-01 02:59:39.690323|[g:1][CONSENSUS][PBFT]checkTimeout Succ,view=34974,toView=34975,nodeIdx=2,changeCycle=0,myNode=95edd296...,timecost=0.356
info|2020-01-01 02:59:39.692531|[g:1][CONSENSUS][PBFT]checkAndChangeView: Reach consensus,org_view=34974,org_changeCycle=0,cur_changeCycle=0,to_view=34975
info|2020-01-01 02:59:40.692665|[g:1][CONSENSUS]addRawPrepare,height=89,reqIdx=3,hash=e59ebb40...
info|2020-01-01 02:59:40.695943|[g:1][CONSENSUS][PBFT]checkTimeout Succ,view=34975,toView=34976,nodeIdx=2,changeCycle=0,myNode=95edd296...,timecost=3.163
info|2020-01-01 02:59:40.698542|[g:1][CONSENSUS][PBFT]checkAndChangeView: Reach consensus,org_view=34975,org_changeCycle=0,cur_changeCycle=0,to_view=34976
info|2020-01-01 02:59:41.701171|[g:1][CONSENSUS]addRawPrepare,height=89,reqIdx=0,hash=8eb8c1c4...
info|2020-01-01 02:59:41.703531|[g:1][CONSENSUS][PBFT]checkTimeout Succ,view=34976,toView=34977,nodeIdx=2,changeCycle=0,myNode=95edd296...,timecost=0.919
info|2020-01-01 02:59:41.705810|[g:1][CONSENSUS][PBFT]checkAndChangeView: Reach consensus,org_view=34976,org_changeCycle=0,cur_changeCycle=0,to_view=34977
info|2020-01-01 02:59:42.704540|[g:1][CONSENSUS]addRawPrepare,height=89,reqIdx=1,hash=9ac8a923...
info|2020-01-01 02:59:42.705116|[g:1][CONSENSUS][PBFT]checkTimeout Succ,view=34977,toView=34978,nodeIdx=2,changeCycle=0,myNode=95edd296...,timecost=0.418
info|2020-01-01 02:59:42.711101|[g:1][CONSENSUS][PBFT]checkAndChangeView: Reach consensus,org_view=34977,org_changeCycle=0,cur_changeCycle=0,to_view=34978
info|2020-01-01 02:59:43.711398|[g:1][CONSENSUS][SEALER]++++++++++++++++ Generating seal on,blkNum=89,tx=0,nodeIdx=2,hash=d71f69be...
info|2020-01-01 02:59:43.717993|[g:1][CONSENSUS][PBFT]checkTimeout Succ,view=34978,toView=34979,nodeIdx=2,changeCycle=0,myNode=95edd296...,timecost=0.348
info|2020-01-01 02:59:43.719459|[g:1][CONSENSUS][PBFT]checkAndChangeView: Reach consensus,org_view=34978,org_changeCycle=0,cur_changeCycle=0,to_view=34979
info|2020-01-01 02:59:44.718956|[g:1][CONSENSUS]addRawPrepare,height=89,reqIdx=3,hash=b102eb83...
info|2020-01-01 02:59:44.720856|[g:1][CONSENSUS][PBFT]checkTimeout Succ,view=34979,toView=34980,nodeIdx=2,changeCycle=0,myNode=95edd296...,timecost=1.174
info|2020-01-01 02:59:44.723906|[g:1][CONSENSUS][PBFT]checkAndChangeView: Reach consensus,org_view=34979,org_changeCycle=0,cur_changeCycle=0,to_view=34980
info|2020-01-01 02:59:45.728274|[g:1][CONSENSUS]addRawPrepare,height=89,reqIdx=0,hash=437d2e2e...
info|2020-01-01 02:59:45.730849|[g:1][CONSENSUS][PBFT]checkTimeout Succ,view=34980,toView=34981,nodeIdx=2,changeCycle=0,myNode=95edd296...,timecost=2.464
info|2020-01-01 02:59:45.742521|[g:1][CONSENSUS][PBFT]checkAndChangeView: Reach consensus,org_view=34980,org_changeCycle=0,cur_changeCycle=0,to_view=34981
info|2020-01-01 02:59:46.734691|[g:1][CONSENSUS]addRawPrepare,height=89,reqIdx=1,hash=4bf0b16f...
info|2020-01-01 02:59:46.735315|[g:1][CONSENSUS][PBFT]checkTimeout Succ,view=34981,toView=34982,nodeIdx=2,changeCycle=0,myNode=95edd296...,timecost=0.534
info|2020-01-01 02:59:46.741675|[g:1][CONSENSUS][PBFT]checkAndChangeView: Reach consensus,org_view=34981,org_changeCycle=0,cur_changeCycle=0,to_view=34982
info|2020-01-01 02:59:47.742891|[g:1][CONSENSUS][SEALER]++++++++++++++++ Generating seal on,blkNum=89,tx=0,nodeIdx=2,hash=07cf2702...
info|2020-01-01 02:59:47.743991|[g:1][CONSENSUS][PBFT]checkTimeout Succ,view=34982,toView=34983,nodeIdx=2,changeCycle=0,myNode=95edd296...,timecost=0.321
info|2020-01-01 02:59:47.753004|[g:1][CONSENSUS][PBFT]checkAndChangeView: Reach consensus,org_view=34982,org_changeCycle=0,cur_changeCycle=0,to_view=34983
info|2020-01-01 02:59:48.754848|[g:1][CONSENSUS]addRawPrepare,height=89,reqIdx=3,hash=3f3fb624...
info|2020-01-01 02:59:48.758437|[g:1][CONSENSUS][PBFT]checkTimeout Succ,view=34983,toView=34984,nodeIdx=2,changeCycle=0,myNode=95edd296...,timecost=1.639
info|2020-01-01 02:59:48.760581|[g:1][CONSENSUS][PBFT]checkAndChangeView: Reach consensus,org_view=34983,org_changeCycle=0,cur_changeCycle=0,to_view=34984
info|2020-01-01 02:59:49.285873|[P2P][Service] heartBeat,connected count=3
info|2020-01-01 02:59:49.760674|[g:1][CONSENSUS]addRawPrepare,height=89,reqIdx=0,hash=b4fbdaab...
info|2020-01-01 02:59:49.762751|[g:1][CONSENSUS][PBFT]checkTimeout Succ,view=34984,toView=34985,nodeIdx=2,changeCycle=0,myNode=95edd296...,timecost=1.357
info|2020-01-01 02:59:49.765367|[g:1][CONSENSUS][PBFT]checkAndChangeView: Reach consensus,org_view=34984,org_changeCycle=0,cur_changeCycle=0,to_view=34985
info|2020-01-01 02:59:50.787010|[g:1][CONSENSUS]addRawPrepare,height=89,reqIdx=1,hash=d6117439...
info|2020-01-01 02:59:50.792128|[g:1][CONSENSUS][PBFT]checkTimeout Succ,view=34985,toView=34986,nodeIdx=2,changeCycle=0,myNode=95edd296...,timecost=2.454
info|2020-01-01 02:59:50.825654|[g:1][CONSENSUS][PBFT]checkAndChangeView: Reach consensus,org_view=34985,org_changeCycle=0,cur_changeCycle=0,to_view=34986
info|2020-01-01 02:59:51.826356|[g:1][CONSENSUS][SEALER]++++++++++++++++ Generating seal on,blkNum=89,tx=0,nodeIdx=2,hash=46fc6aba...
info|2020-01-01 02:59:51.836778|[g:1][CONSENSUS][PBFT]checkTimeout Succ,view=34986,toView=34987,nodeIdx=2,changeCycle=0,myNode=95edd296...,timecost=0.301
info|2020-01-01 02:59:51.838010|[g:1][CONSENSUS][PBFT]checkAndChangeView: Reach consensus,org_view=34986,org_changeCycle=0,cur_changeCycle=0,to_view=34987
info|2020-01-01 02:59:52.837091|[g:1][CONSENSUS]addRawPrepare,height=89,reqIdx=3,hash=1ccc62cb...
info|2020-01-01 02:59:52.837430|[g:1][CONSENSUS][PBFT]checkTimeout Succ,view=34987,toView=34988,nodeIdx=2,changeCycle=0,myNode=95edd296...,timecost=0.249
info|2020-01-01 02:59:52.842357|[g:1][CONSENSUS][PBFT]checkAndChangeView: Reach consensus,org_view=34987,org_changeCycle=0,cur_changeCycle=0,to_view=34988
info|2020-01-01 02:59:53.843756|[g:1][CONSENSUS]addRawPrepare,height=89,reqIdx=0,hash=732995a7...
info|2020-01-01 02:59:53.846820|[g:1][CONSENSUS][PBFT]checkTimeout Succ,view=34988,toView=34989,nodeIdx=2,changeCycle=0,myNode=95edd296...,timecost=1.742
info|2020-01-01 02:59:53.851140|[g:1][CONSENSUS][PBFT]checkAndChangeView: Reach consensus,org_view=34988,org_changeCycle=0,cur_changeCycle=0,to_view=34989
info|2020-01-01 02:59:54.853973|[g:1][CONSENSUS]addRawPrepare,height=89,reqIdx=1,hash=f2716717...
info|2020-01-01 02:59:54.854335|[g:1][CONSENSUS][PBFT]checkTimeout Succ,view=34989,toView=34990,nodeIdx=2,changeCycle=0,myNode=95edd296...,timecost=0.278
info|2020-01-01 02:59:54.857923|[g:1][CONSENSUS][PBFT]checkAndChangeView: Reach consensus,org_view=34989,org_changeCycle=0,cur_changeCycle=0,to_view=34990
info|2020-01-01 02:59:55.860053|[g:1][CONSENSUS][SEALER]++++++++++++++++ Generating seal on,blkNum=89,tx=0,nodeIdx=2,hash=dabd4562...
info|2020-01-01 02:59:55.872484|[g:1][CONSENSUS][PBFT]checkTimeout Succ,view=34990,toView=34991,nodeIdx=2,changeCycle=0,myNode=95edd296...,timecost=0.316
info|2020-01-01 02:59:55.873753|[g:1][CONSENSUS][PBFT]checkAndChangeView: Reach consensus,org_view=34990,org_changeCycle=0,cur_changeCycle=0,to_view=34991
info|2020-01-01 02:59:56.873626|[g:1][CONSENSUS]addRawPrepare,height=89,reqIdx=3,hash=5fe7d0c0...
info|2020-01-01 02:59:56.877614|[g:1][CONSENSUS][PBFT]checkTimeout Succ,view=34991,toView=34992,nodeIdx=2,changeCycle=0,myNode=95edd296...,timecost=3.899
info|2020-01-01 02:59:56.878405|[g:1][CONSENSUS][PBFT]checkAndChangeView: Reach consensus,org_view=34991,org_changeCycle=0,cur_changeCycle=0,to_view=34992
info|2020-01-01 02:59:57.883640|[g:1][CONSENSUS]addRawPrepare,height=89,reqIdx=0,hash=3c138157...
info|2020-01-01 02:59:57.886698|[g:1][CONSENSUS][PBFT]checkTimeout Succ,view=34992,toView=34993,nodeIdx=2,changeCycle=0,myNode=95edd296...,timecost=2.108
info|2020-01-01 02:59:57.892666|[g:1][CONSENSUS][PBFT]checkAndChangeView: Reach consensus,org_view=34992,org_changeCycle=0,cur_changeCycle=0,to_view=34993
info|2020-01-01 02:59:58.894995|[g:1][CONSENSUS]addRawPrepare,height=89,reqIdx=1,hash=a7862472...
info|2020-01-01 02:59:58.895601|[g:1][CONSENSUS][PBFT]checkTimeout Succ,view=34993,toView=34994,nodeIdx=2,changeCycle=0,myNode=95edd296...,timecost=0.498
info|2020-01-01 02:59:58.901459|[g:1][CONSENSUS][PBFT]checkAndChangeView: Reach consensus,org_view=34993,org_changeCycle=0,cur_changeCycle=0,to_view=34994
info|2020-01-01 02:59:59.286351|[P2P][Service] heartBeat,connected count=3
info|2020-01-01 02:59:59.901954|[g:1][CONSENSUS][SEALER]++++++++++++++++ Generating seal on,blkNum=89,tx=0,nodeIdx=2,hash=8b8f0f4d...
info|2020-01-01 02:59:59.911327|[g:1][CONSENSUS][PBFT]checkTimeout Succ,view=34994,toView=34995,nodeIdx=2,changeCycle=0,myNode=95edd296...,timecost=0.291
info|2020-01-01 02:59:59.913388|[g:1][CONSENSUS][PBFT]checkAndChangeView: Reach consensus,org_view=34994,org_changeCycle=0,cur_changeCycle=0,to_view=34995
