[2019-12-18 02:55:59] Initializing...
FISCO-BCOS Version : 2.1.0
Build Time         : 20190923 13:22:09
Build Type         : Linux/clang/Release
Git Branch         : HEAD
Git Commit Hash    : cb68124d4fbf3df563a57dfff5f0c6eedc1419cc
[2019-12-18 02:56:00] The FISCO-BCOS is running...
[2019-12-18 05:14:48] FISCO-BCOS program exit normally.
[2019-12-21 18:48:43] Initializing...
FISCO-BCOS Version : 2.1.0
Build Time         : 20190923 13:22:09
Build Type         : Linux/clang/Release
Git Branch         : HEAD
Git Commit Hash    : cb68124d4fbf3df563a57dfff5f0c6eedc1419cc
[2019-12-21 18:48:46] The FISCO-BCOS is running...
[2019-12-21 18:51:36] FISCO-BCOS program exit normally.
[2019-12-21 18:53:18] Initializing...
FISCO-BCOS Version : 2.1.0
Build Time         : 20190923 13:22:09
Build Type         : Linux/clang/Release
Git Branch         : HEAD
Git Commit Hash    : cb68124d4fbf3df563a57dfff5f0c6eedc1419cc
[2019-12-21 18:53:19] The FISCO-BCOS is running...
[2019-12-21 18:53:52] FISCO-BCOS program exit normally.
[2019-12-21 18:53:56] Initializing...
FISCO-BCOS Version : 2.1.0
Build Time         : 20190923 13:22:09
Build Type         : Linux/clang/Release
Git Branch         : HEAD
Git Commit Hash    : cb68124d4fbf3df563a57dfff5f0c6eedc1419cc
[2019-12-21 18:53:57] The FISCO-BCOS is running...
[2019-12-21 23:05:14] FISCO-BCOS program exit normally.
[2019-12-22 18:17:20] Initializing...
FISCO-BCOS Version : 2.1.0
Build Time         : 20190923 13:22:09
Build Type         : Linux/clang/Release
Git Branch         : HEAD
Git Commit Hash    : cb68124d4fbf3df563a57dfff5f0c6eedc1419cc
[2019-12-22 18:17:20] The FISCO-BCOS is running...
[2019-12-29 19:15:23] Initializing...
FISCO-BCOS Version : 2.1.0
Build Time         : 20190923 13:22:09
Build Type         : Linux/clang/Release
Git Branch         : HEAD
Git Commit Hash    : cb68124d4fbf3df563a57dfff5f0c6eedc1419cc
[2019-12-29 19:15:24] The FISCO-BCOS is running...
[2020-01-02 05:44:19] Initializing...
FISCO-BCOS Version : 2.1.0
Build Time         : 20190923 13:22:09
Build Type         : Linux/clang/Release
Git Branch         : HEAD
Git Commit Hash    : cb68124d4fbf3df563a57dfff5f0c6eedc1419cc
[2020-01-02 05:44:22] The FISCO-BCOS is running...
[2020-01-02 18:55:33] Initializing...
FISCO-BCOS Version : 2.1.0
Build Time         : 20190923 13:22:09
Build Type         : Linux/clang/Release
Git Branch         : HEAD
Git Commit Hash    : cb68124d4fbf3df563a57dfff5f0c6eedc1419cc
[2020-01-02 18:55:38] The FISCO-BCOS is running...
[2020-01-03 07:52:08] FISCO-BCOS program exit normally.
[2020-01-03 21:10:40] Initializing...
FISCO-BCOS Version : 2.1.0
Build Time         : 20190923 13:22:09
Build Type         : Linux/clang/Release
Git Branch         : HEAD
Git Commit Hash    : cb68124d4fbf3df563a57dfff5f0c6eedc1419cc
[2020-01-03 21:10:43] The FISCO-BCOS is running...
