warning|2019-12-30 15:29:09.430440|[g:1][CONSENSUS][PBFT]ViewChangeWarning: not caused by omit empty block ,v=5235,toV=5236,curNum=22,hash=15bda79c...,nodeIdx=3,myNode=d2f5130f...
info|2019-12-30 15:29:09.430579|[g:1][CONSENSUS][PBFT]checkTimeout Succ,view=5235,toView=5236,nodeIdx=3,changeCycle=2,myNode=d2f5130f...,timecost=0.492
info|2019-12-30 15:29:09.432213|[g:1][CONSENSUS][PBFT]checkAndChangeView: Reach consensus,org_view=5235,org_changeCycle=2,cur_changeCycle=2,to_view=5236
info|2019-12-30 15:29:10.852538|[g:1][CONSENSUS]addRawPrepare,height=23,reqIdx=2,hash=2cd6d5d8...
info|2019-12-30 15:29:10.857266|[g:1][CONSENSUS][PBFT]checkTimeout Succ,view=5236,toView=5237,nodeIdx=3,changeCycle=0,myNode=d2f5130f...,timecost=4.656
info|2019-12-30 15:29:11.028467|[g:1][CONSENSUS][PBFT]checkAndChangeView: Reach consensus,org_view=5236,org_changeCycle=0,cur_changeCycle=0,to_view=5237
info|2019-12-30 15:29:12.268946|[g:1][CONSENSUS][SEALER]++++++++++++++++ Generating seal on,blkNum=23,tx=0,nodeIdx=3,hash=4d6815b5...
info|2019-12-30 15:29:12.301993|[g:1][CONSENSUS][PBFT]checkTimeout Succ,view=5237,toView=5238,nodeIdx=3,changeCycle=0,myNode=d2f5130f...,timecost=1.948
info|2019-12-30 15:29:12.363251|[g:1][CONSENSUS][PBFT]checkAndChangeView: Reach consensus,org_view=5237,org_changeCycle=0,cur_changeCycle=0,to_view=5238
info|2019-12-30 15:29:13.389839|[P2P][Service] heartBeat,connected count=3
info|2019-12-30 15:29:13.491390|[g:1][CONSENSUS]addRawPrepare,height=23,reqIdx=0,hash=f813c061...
info|2019-12-30 15:29:13.497430|[g:1][CONSENSUS][PBFT]checkTimeout Succ,view=5238,toView=5239,nodeIdx=3,changeCycle=0,myNode=d2f5130f...,timecost=5.865
info|2019-12-30 15:29:13.837414|[g:1][CONSENSUS][PBFT]checkAndChangeView: Reach consensus,org_view=5238,org_changeCycle=0,cur_changeCycle=0,to_view=5239
info|2019-12-30 15:29:14.863200|[g:1][CONSENSUS]addRawPrepare,height=23,reqIdx=1,hash=e57cb501...
info|2019-12-30 15:29:14.863740|[g:1][CONSENSUS][PBFT]checkTimeout Succ,view=5239,toView=5240,nodeIdx=3,changeCycle=0,myNode=d2f5130f...,timecost=0.378
info|2019-12-30 15:29:14.942273|[g:1][CONSENSUS][PBFT]checkAndChangeView: Reach consensus,org_view=5239,org_changeCycle=0,cur_changeCycle=0,to_view=5240
info|2019-12-30 15:29:15.998742|[g:1][CONSENSUS]addRawPrepare,height=23,reqIdx=2,hash=623dad30...
info|2019-12-30 15:29:16.001039|[g:1][CONSENSUS][PBFT]checkTimeout Succ,view=5240,toView=5241,nodeIdx=3,changeCycle=0,myNode=d2f5130f...,timecost=1.674
info|2019-12-30 15:29:16.011021|[g:1][CONSENSUS][PBFT]checkAndChangeView: Reach consensus,org_view=5240,org_changeCycle=0,cur_changeCycle=0,to_view=5241
info|2019-12-30 15:29:17.012202|[g:1][CONSENSUS][SEALER]++++++++++++++++ Generating seal on,blkNum=23,tx=0,nodeIdx=3,hash=49bf9260...
info|2019-12-30 15:29:17.014276|[g:1][CONSENSUS][PBFT]checkTimeout Succ,view=5241,toView=5242,nodeIdx=3,changeCycle=0,myNode=d2f5130f...,timecost=0.442
info|2019-12-30 15:29:17.074045|[g:1][CONSENSUS][PBFT]checkAndChangeView: Reach consensus,org_view=5241,org_changeCycle=0,cur_changeCycle=0,to_view=5242
info|2019-12-30 15:29:18.119888|[g:1][CONSENSUS]addRawPrepare,height=23,reqIdx=0,hash=b3a31b0e...
info|2019-12-30 15:29:18.124360|[g:1][CONSENSUS][PBFT]checkTimeout Succ,view=5242,toView=5243,nodeIdx=3,changeCycle=0,myNode=d2f5130f...,timecost=4.319
info|2019-12-30 15:29:18.126403|[g:1][CONSENSUS][PBFT]checkAndChangeView: Reach consensus,org_view=5242,org_changeCycle=0,cur_changeCycle=0,to_view=5243
info|2019-12-30 15:29:19.320010|[g:1][CONSENSUS]addRawPrepare,height=23,reqIdx=1,hash=5d6fe5d0...
info|2019-12-30 15:29:19.320997|[g:1][CONSENSUS][PBFT]checkTimeout Succ,view=5243,toView=5244,nodeIdx=3,changeCycle=0,myNode=d2f5130f...,timecost=0.589
info|2019-12-30 15:29:19.447499|[g:1][CONSENSUS][PBFT]checkAndChangeView: Reach consensus,org_view=5243,org_changeCycle=0,cur_changeCycle=0,to_view=5244
info|2019-12-30 15:29:20.525011|[g:1][CONSENSUS]addRawPrepare,height=23,reqIdx=2,hash=86285bf3...
info|2019-12-30 15:29:20.596657|[g:1][CONSENSUS][PBFT]checkTimeout Succ,view=5244,toView=5245,nodeIdx=3,changeCycle=0,myNode=d2f5130f...,timecost=2.386
info|2019-12-30 15:29:20.685320|[g:1][CONSENSUS][PBFT]checkAndChangeView: Reach consensus,org_view=5244,org_changeCycle=0,cur_changeCycle=0,to_view=5245
info|2019-12-30 15:29:21.686309|[g:1][CONSENSUS][SEALER]++++++++++++++++ Generating seal on,blkNum=23,tx=0,nodeIdx=3,hash=5b76acf3...
info|2019-12-30 15:29:21.692588|[g:1][CONSENSUS][PBFT]checkTimeout Succ,view=5245,toView=5246,nodeIdx=3,changeCycle=0,myNode=d2f5130f...,timecost=0.902
info|2019-12-30 15:29:21.699742|[g:1][CONSENSUS][PBFT]checkAndChangeView: Reach consensus,org_view=5245,org_changeCycle=0,cur_changeCycle=0,to_view=5246
info|2019-12-30 15:29:22.700425|[g:1][CONSENSUS]addRawPrepare,height=23,reqIdx=0,hash=bcb157b8...
info|2019-12-30 15:29:22.701037|[g:1][CONSENSUS][PBFT]checkTimeout Succ,view=5246,toView=5247,nodeIdx=3,changeCycle=0,myNode=d2f5130f...,timecost=0.424
info|2019-12-30 15:29:22.712508|[g:1][CONSENSUS][PBFT]checkAndChangeView: Reach consensus,org_view=5246,org_changeCycle=0,cur_changeCycle=0,to_view=5247
info|2019-12-30 15:29:23.397013|[P2P][Service] heartBeat,connected count=3
info|2019-12-30 15:29:23.724649|[g:1][CONSENSUS]addRawPrepare,height=23,reqIdx=1,hash=b8bb946f...
info|2019-12-30 15:29:23.739215|[g:1][CONSENSUS][PBFT]checkTimeout Succ,view=5247,toView=5248,nodeIdx=3,changeCycle=0,myNode=d2f5130f...,timecost=10.33
info|2019-12-30 15:29:23.749008|[g:1][CONSENSUS][PBFT]checkAndChangeView: Reach consensus,org_view=5247,org_changeCycle=0,cur_changeCycle=0,to_view=5248
info|2019-12-30 15:29:24.754679|[g:1][CONSENSUS]addRawPrepare,height=23,reqIdx=2,hash=9b203224...
info|2019-12-30 15:29:24.756539|[g:1][CONSENSUS][PBFT]checkTimeout Succ,view=5248,toView=5249,nodeIdx=3,changeCycle=0,myNode=d2f5130f...,timecost=1.501
info|2019-12-30 15:29:24.774777|[g:1][CONSENSUS][PBFT]checkAndChangeView: Reach consensus,org_view=5248,org_changeCycle=0,cur_changeCycle=0,to_view=5249
info|2019-12-30 15:29:25.782111|[g:1][CONSENSUS][SEALER]++++++++++++++++ Generating seal on,blkNum=23,tx=0,nodeIdx=3,hash=0bc6a1f8...
info|2019-12-30 15:29:25.857192|[g:1][CONSENSUS][PBFT]checkTimeout Succ,view=5249,toView=5250,nodeIdx=3,changeCycle=0,myNode=d2f5130f...,timecost=1.051
info|2019-12-30 15:29:25.882003|[g:1][CONSENSUS][PBFT]checkAndChangeView: Reach consensus,org_view=5249,org_changeCycle=0,cur_changeCycle=0,to_view=5250
info|2019-12-30 15:29:26.875071|[g:1][CONSENSUS]addRawPrepare,height=23,reqIdx=0,hash=4940e37e...
info|2019-12-30 15:29:26.875690|[g:1][CONSENSUS][PBFT]checkTimeout Succ,view=5250,toView=5251,nodeIdx=3,changeCycle=0,myNode=d2f5130f...,timecost=0.394
info|2019-12-30 15:29:26.881528|[g:1][CONSENSUS][PBFT]checkAndChangeView: Reach consensus,org_view=5250,org_changeCycle=0,cur_changeCycle=0,to_view=5251
info|2019-12-30 15:29:27.889608|[g:1][CONSENSUS]addRawPrepare,height=23,reqIdx=1,hash=66733abe...
info|2019-12-30 15:29:27.890128|[g:1][CONSENSUS][PBFT]checkTimeout Succ,view=5251,toView=5252,nodeIdx=3,changeCycle=0,myNode=d2f5130f...,timecost=0.416
info|2019-12-30 15:29:27.893772|[g:1][CONSENSUS][PBFT]checkAndChangeView: Reach consensus,org_view=5251,org_changeCycle=0,cur_changeCycle=0,to_view=5252
info|2019-12-30 15:29:28.898555|[g:1][CONSENSUS]addRawPrepare,height=23,reqIdx=2,hash=cb7f9abd...
info|2019-12-30 15:29:28.904032|[g:1][CONSENSUS][PBFT]checkTimeout Succ,view=5252,toView=5253,nodeIdx=3,changeCycle=0,myNode=d2f5130f...,timecost=3.267
info|2019-12-30 15:29:28.909360|[g:1][CONSENSUS][PBFT]checkAndChangeView: Reach consensus,org_view=5252,org_changeCycle=0,cur_changeCycle=0,to_view=5253
info|2019-12-30 15:29:29.911072|[g:1][CONSENSUS][SEALER]++++++++++++++++ Generating seal on,blkNum=23,tx=0,nodeIdx=3,hash=479392a3...
info|2019-12-30 15:29:29.922696|[g:1][CONSENSUS][PBFT]checkTimeout Succ,view=5253,toView=5254,nodeIdx=3,changeCycle=0,myNode=d2f5130f...,timecost=4.318
info|2019-12-30 15:29:29.928407|[g:1][CONSENSUS][PBFT]checkAndChangeView: Reach consensus,org_view=5253,org_changeCycle=0,cur_changeCycle=0,to_view=5254
info|2019-12-30 15:29:30.940462|[g:1][CONSENSUS]addRawPrepare,height=23,reqIdx=0,hash=7faede14...
info|2019-12-30 15:29:30.943297|[g:1][CONSENSUS][PBFT]checkTimeout Succ,view=5254,toView=5255,nodeIdx=3,changeCycle=0,myNode=d2f5130f...,timecost=2.163
info|2019-12-30 15:29:30.946374|[g:1][CONSENSUS][PBFT]checkAndChangeView: Reach consensus,org_view=5254,org_changeCycle=0,cur_changeCycle=0,to_view=5255
info|2019-12-30 15:29:31.957907|[g:1][CONSENSUS]addRawPrepare,height=23,reqIdx=1,hash=bed232cb...
info|2019-12-30 15:29:31.961011|[g:1][CONSENSUS][PBFT]checkTimeout Succ,view=5255,toView=5256,nodeIdx=3,changeCycle=0,myNode=d2f5130f...,timecost=2.202
info|2019-12-30 15:29:31.965032|[g:1][CONSENSUS][PBFT]checkAndChangeView: Reach consensus,org_view=5255,org_changeCycle=0,cur_changeCycle=0,to_view=5256
info|2019-12-30 15:29:32.974584|[g:1][CONSENSUS]addRawPrepare,height=23,reqIdx=2,hash=a7daa4bc...
info|2019-12-30 15:29:32.976750|[g:1][CONSENSUS][PBFT]checkTimeout Succ,view=5256,toView=5257,nodeIdx=3,changeCycle=0,myNode=d2f5130f...,timecost=2.054
info|2019-12-30 15:29:33.026775|[g:1][CONSENSUS][PBFT]checkAndChangeView: Reach consensus,org_view=5256,org_changeCycle=0,cur_changeCycle=0,to_view=5257
info|2019-12-30 15:29:33.397185|[P2P][Service] heartBeat,connected count=3
info|2019-12-30 15:29:34.027542|[g:1][CONSENSUS][SEALER]++++++++++++++++ Generating seal on,blkNum=23,tx=0,nodeIdx=3,hash=c4fda87b...
info|2019-12-30 15:29:34.029139|[g:1][CONSENSUS][PBFT]checkTimeout Succ,view=5257,toView=5258,nodeIdx=3,changeCycle=0,myNode=d2f5130f...,timecost=0.496
info|2019-12-30 15:29:34.045495|[g:1][CONSENSUS][PBFT]checkAndChangeView: Reach consensus,org_view=5257,org_changeCycle=0,cur_changeCycle=0,to_view=5258
info|2019-12-30 15:29:35.049290|[g:1][CONSENSUS]addRawPrepare,height=23,reqIdx=0,hash=44e83667...
info|2019-12-30 15:29:35.050306|[g:1][CONSENSUS][PBFT]checkTimeout Succ,view=5258,toView=5259,nodeIdx=3,changeCycle=0,myNode=d2f5130f...,timecost=0.528
info|2019-12-30 15:29:35.069086|[g:1][CONSENSUS][PBFT]checkAndChangeView: Reach consensus,org_view=5258,org_changeCycle=0,cur_changeCycle=0,to_view=5259
info|2019-12-30 15:29:36.115442|[g:1][CONSENSUS]addRawPrepare,height=23,reqIdx=1,hash=feaef905...
info|2019-12-30 15:29:36.116103|[g:1][CONSENSUS][PBFT]checkTimeout Succ,view=5259,toView=5260,nodeIdx=3,changeCycle=0,myNode=d2f5130f...,timecost=0.419
info|2019-12-30 15:29:36.155534|[g:1][CONSENSUS][PBFT]checkAndChangeView: Reach consensus,org_view=5259,org_changeCycle=0,cur_changeCycle=0,to_view=5260
info|2019-12-30 15:29:37.194154|[g:1][CONSENSUS]addRawPrepare,height=23,reqIdx=2,hash=c187355a...
info|2019-12-30 15:29:37.194697|[g:1][CONSENSUS][PBFT]checkTimeout Succ,view=5260,toView=5261,nodeIdx=3,changeCycle=0,myNode=d2f5130f...,timecost=0.443
info|2019-12-30 15:29:37.199926|[g:1][CONSENSUS][PBFT]checkAndChangeView: Reach consensus,org_view=5260,org_changeCycle=0,cur_changeCycle=0,to_view=5261
warning|2019-12-30 15:29:41.921180|[g:1][CONSENSUS][PBFT]ViewChangeWarning: not caused by omit empty block ,v=5261,toV=5262,curNum=22,hash=15bda79c...,nodeIdx=3,myNode=d2f5130f...
info|2019-12-30 15:29:41.921290|[g:1][CONSENSUS][PBFT]checkTimeout Succ,view=5261,toView=5262,nodeIdx=3,changeCycle=1,myNode=d2f5130f...,timecost=0.407
