warning|2020-01-01 02:58:35.577156|[g:1][CONSENSUS][PBFT]ViewChangeWarning: not caused by omit empty block ,v=34913,toV=34914,curNum=88,hash=825347b7...,nodeIdx=3,myNode=d2f5130f...
info|2020-01-01 02:58:35.655989|[g:1][CONSENSUS][PBFT]checkTimeout Succ,view=34913,toView=34914,nodeIdx=3,changeCycle=2,myNode=d2f5130f...,timecost=79.344
info|2020-01-01 02:58:35.662406|[g:1][CONSENSUS][PBFT]checkAndChangeView: Reach consensus,org_view=34913,org_changeCycle=2,cur_changeCycle=2,to_view=34914
info|2020-01-01 02:58:37.075138|[g:1][CONSENSUS]addRawPrepare,height=89,reqIdx=2,hash=62291e95...
info|2020-01-01 02:58:37.075845|[g:1][CONSENSUS][PBFT]checkTimeout Succ,view=34914,toView=34915,nodeIdx=3,changeCycle=0,myNode=d2f5130f...,timecost=0.498
info|2020-01-01 02:58:37.144634|[g:1][CONSENSUS][PBFT]checkAndChangeView: Reach consensus,org_view=34914,org_changeCycle=0,cur_changeCycle=0,to_view=34915
info|2020-01-01 02:58:38.173511|[g:1][CONSENSUS][SEALER]++++++++++++++++ Generating seal on,blkNum=89,tx=0,nodeIdx=3,hash=0fba9182...
info|2020-01-01 02:58:38.390717|[g:1][CONSENSUS][PBFT]checkTimeout Succ,view=34915,toView=34916,nodeIdx=3,changeCycle=0,myNode=d2f5130f...,timecost=0.431
info|2020-01-01 02:58:38.505399|[g:1][CONSENSUS][PBFT]checkAndChangeView: Reach consensus,org_view=34915,org_changeCycle=0,cur_changeCycle=0,to_view=34916
info|2020-01-01 02:58:39.258548|[P2P][Service] heartBeat,connected count=3
info|2020-01-01 02:58:39.604183|[g:1][CONSENSUS]addRawPrepare,height=89,reqIdx=0,hash=b7d81a9a...
info|2020-01-01 02:58:39.656739|[g:1][CONSENSUS][PBFT]checkTimeout Succ,view=34916,toView=34917,nodeIdx=3,changeCycle=0,myNode=d2f5130f...,timecost=51.758
info|2020-01-01 02:58:39.842866|[g:1][CONSENSUS][PBFT]checkAndChangeView: Reach consensus,org_view=34916,org_changeCycle=0,cur_changeCycle=0,to_view=34917
info|2020-01-01 02:58:40.725255|[g:1][CONSENSUS]addRawPrepare,height=89,reqIdx=1,hash=d6ad5c2f...
info|2020-01-01 02:58:40.725761|[g:1][CONSENSUS][PBFT]checkTimeout Succ,view=34917,toView=34918,nodeIdx=3,changeCycle=0,myNode=d2f5130f...,timecost=0.433
info|2020-01-01 02:58:40.762573|[g:1][CONSENSUS][PBFT]checkAndChangeView: Reach consensus,org_view=34917,org_changeCycle=0,cur_changeCycle=0,to_view=34918
info|2020-01-01 02:58:41.772487|[g:1][CONSENSUS]addRawPrepare,height=89,reqIdx=2,hash=ac2faf8e...
info|2020-01-01 02:58:41.773130|[g:1][CONSENSUS][PBFT]checkTimeout Succ,view=34918,toView=34919,nodeIdx=3,changeCycle=0,myNode=d2f5130f...,timecost=0.487
info|2020-01-01 02:58:41.951084|[g:1][CONSENSUS][PBFT]checkAndChangeView: Reach consensus,org_view=34918,org_changeCycle=0,cur_changeCycle=0,to_view=34919
info|2020-01-01 02:58:42.951859|[g:1][CONSENSUS][SEALER]++++++++++++++++ Generating seal on,blkNum=89,tx=0,nodeIdx=3,hash=2d9d8ee3...
info|2020-01-01 02:58:42.954344|[g:1][CONSENSUS][PBFT]checkTimeout Succ,view=34919,toView=34920,nodeIdx=3,changeCycle=0,myNode=d2f5130f...,timecost=0.613
info|2020-01-01 02:58:42.966654|[g:1][CONSENSUS][PBFT]checkAndChangeView: Reach consensus,org_view=34919,org_changeCycle=0,cur_changeCycle=0,to_view=34920
info|2020-01-01 02:58:43.970949|[g:1][CONSENSUS]addRawPrepare,height=89,reqIdx=0,hash=b3352fc0...
info|2020-01-01 02:58:43.971674|[g:1][CONSENSUS][PBFT]checkTimeout Succ,view=34920,toView=34921,nodeIdx=3,changeCycle=0,myNode=d2f5130f...,timecost=0.615
info|2020-01-01 02:58:43.980901|[g:1][CONSENSUS][PBFT]checkAndChangeView: Reach consensus,org_view=34920,org_changeCycle=0,cur_changeCycle=0,to_view=34921
info|2020-01-01 02:58:44.993288|[g:1][CONSENSUS]addRawPrepare,height=89,reqIdx=1,hash=04af7fae...
info|2020-01-01 02:58:45.007086|[g:1][CONSENSUS][PBFT]checkTimeout Succ,view=34921,toView=34922,nodeIdx=3,changeCycle=0,myNode=d2f5130f...,timecost=12.668
info|2020-01-01 02:58:45.022194|[g:1][CONSENSUS][PBFT]checkAndChangeView: Reach consensus,org_view=34921,org_changeCycle=0,cur_changeCycle=0,to_view=34922
info|2020-01-01 02:58:46.031562|[g:1][CONSENSUS]addRawPrepare,height=89,reqIdx=2,hash=194b1c9b...
info|2020-01-01 02:58:46.037898|[g:1][CONSENSUS][PBFT]checkTimeout Succ,view=34922,toView=34923,nodeIdx=3,changeCycle=0,myNode=d2f5130f...,timecost=1.76
info|2020-01-01 02:58:46.041554|[g:1][CONSENSUS][PBFT]checkAndChangeView: Reach consensus,org_view=34922,org_changeCycle=0,cur_changeCycle=0,to_view=34923
info|2020-01-01 02:58:47.042457|[g:1][CONSENSUS][SEALER]++++++++++++++++ Generating seal on,blkNum=89,tx=0,nodeIdx=3,hash=363f9942...
info|2020-01-01 02:58:47.047912|[g:1][CONSENSUS][PBFT]checkTimeout Succ,view=34923,toView=34924,nodeIdx=3,changeCycle=0,myNode=d2f5130f...,timecost=0.302
info|2020-01-01 02:58:47.054735|[g:1][CONSENSUS][PBFT]checkAndChangeView: Reach consensus,org_view=34923,org_changeCycle=0,cur_changeCycle=0,to_view=34924
info|2020-01-01 02:58:48.154387|[g:1][CONSENSUS]addRawPrepare,height=89,reqIdx=0,hash=f9286319...
info|2020-01-01 02:58:48.170785|[g:1][CONSENSUS][PBFT]checkTimeout Succ,view=34924,toView=34925,nodeIdx=3,changeCycle=0,myNode=d2f5130f...,timecost=0.67
info|2020-01-01 02:58:48.307360|[g:1][CONSENSUS][PBFT]checkAndChangeView: Reach consensus,org_view=34924,org_changeCycle=0,cur_changeCycle=0,to_view=34925
info|2020-01-01 02:58:49.259337|[P2P][Service] heartBeat,connected count=3
info|2020-01-01 02:58:49.338354|[g:1][CONSENSUS]addRawPrepare,height=89,reqIdx=1,hash=d4feca3d...
info|2020-01-01 02:58:49.345236|[g:1][CONSENSUS][PBFT]checkTimeout Succ,view=34925,toView=34926,nodeIdx=3,changeCycle=0,myNode=d2f5130f...,timecost=5.559
info|2020-01-01 02:58:49.352374|[g:1][CONSENSUS][PBFT]checkAndChangeView: Reach consensus,org_view=34925,org_changeCycle=0,cur_changeCycle=0,to_view=34926
info|2020-01-01 02:58:50.351685|[g:1][CONSENSUS]addRawPrepare,height=89,reqIdx=2,hash=39f78907...
info|2020-01-01 02:58:50.352307|[g:1][CONSENSUS][PBFT]checkTimeout Succ,view=34926,toView=34927,nodeIdx=3,changeCycle=0,myNode=d2f5130f...,timecost=0.465
info|2020-01-01 02:58:50.356767|[g:1][CONSENSUS][PBFT]checkAndChangeView: Reach consensus,org_view=34926,org_changeCycle=0,cur_changeCycle=0,to_view=34927
info|2020-01-01 02:58:51.364566|[g:1][CONSENSUS][SEALER]++++++++++++++++ Generating seal on,blkNum=89,tx=0,nodeIdx=3,hash=fa6ba59b...
info|2020-01-01 02:58:51.376708|[g:1][CONSENSUS][PBFT]checkTimeout Succ,view=34927,toView=34928,nodeIdx=3,changeCycle=0,myNode=d2f5130f...,timecost=0.831
info|2020-01-01 02:58:51.383303|[g:1][CONSENSUS][PBFT]checkAndChangeView: Reach consensus,org_view=34927,org_changeCycle=0,cur_changeCycle=0,to_view=34928
info|2020-01-01 02:58:52.394858|[g:1][CONSENSUS]addRawPrepare,height=89,reqIdx=0,hash=6f007f07...
info|2020-01-01 02:58:52.399550|[g:1][CONSENSUS][PBFT]checkTimeout Succ,view=34928,toView=34929,nodeIdx=3,changeCycle=0,myNode=d2f5130f...,timecost=4.238
info|2020-01-01 02:58:52.453977|[g:1][CONSENSUS][PBFT]checkAndChangeView: Reach consensus,org_view=34928,org_changeCycle=0,cur_changeCycle=0,to_view=34929
info|2020-01-01 02:58:53.479781|[g:1][CONSENSUS]addRawPrepare,height=89,reqIdx=1,hash=b21c717b...
info|2020-01-01 02:58:53.482933|[g:1][CONSENSUS][PBFT]checkTimeout Succ,view=34929,toView=34930,nodeIdx=3,changeCycle=0,myNode=d2f5130f...,timecost=2.915
info|2020-01-01 02:58:53.598634|[g:1][CONSENSUS][PBFT]checkAndChangeView: Reach consensus,org_view=34929,org_changeCycle=0,cur_changeCycle=0,to_view=34930
info|2020-01-01 02:58:54.590298|[g:1][CONSENSUS]addRawPrepare,height=89,reqIdx=2,hash=96f8ad77...
info|2020-01-01 02:58:54.608471|[g:1][CONSENSUS][PBFT]checkTimeout Succ,view=34930,toView=34931,nodeIdx=3,changeCycle=0,myNode=d2f5130f...,timecost=3.737
info|2020-01-01 02:58:54.611953|[g:1][CONSENSUS][PBFT]checkAndChangeView: Reach consensus,org_view=34930,org_changeCycle=0,cur_changeCycle=0,to_view=34931
info|2020-01-01 02:58:55.612710|[g:1][CONSENSUS][SEALER]++++++++++++++++ Generating seal on,blkNum=89,tx=0,nodeIdx=3,hash=6d277d5e...
info|2020-01-01 02:58:55.614767|[g:1][CONSENSUS][PBFT]checkTimeout Succ,view=34931,toView=34932,nodeIdx=3,changeCycle=0,myNode=d2f5130f...,timecost=0.879
info|2020-01-01 02:58:55.643553|[g:1][CONSENSUS][PBFT]checkAndChangeView: Reach consensus,org_view=34931,org_changeCycle=0,cur_changeCycle=0,to_view=34932
info|2020-01-01 02:58:56.662290|[g:1][CONSENSUS]addRawPrepare,height=89,reqIdx=0,hash=dca17763...
info|2020-01-01 02:58:56.666544|[g:1][CONSENSUS][PBFT]checkTimeout Succ,view=34932,toView=34933,nodeIdx=3,changeCycle=0,myNode=d2f5130f...,timecost=0.798
info|2020-01-01 02:58:56.671693|[g:1][CONSENSUS][PBFT]checkAndChangeView: Reach consensus,org_view=34932,org_changeCycle=0,cur_changeCycle=0,to_view=34933
info|2020-01-01 02:58:57.689170|[g:1][CONSENSUS]addRawPrepare,height=89,reqIdx=1,hash=3fdca1a0...
info|2020-01-01 02:58:57.691148|[g:1][CONSENSUS][PBFT]checkTimeout Succ,view=34933,toView=34934,nodeIdx=3,changeCycle=0,myNode=d2f5130f...,timecost=1.226
info|2020-01-01 02:58:57.700519|[g:1][CONSENSUS][PBFT]checkAndChangeView: Reach consensus,org_view=34933,org_changeCycle=0,cur_changeCycle=0,to_view=34934
info|2020-01-01 02:58:58.698155|[g:1][CONSENSUS]addRawPrepare,height=89,reqIdx=2,hash=66c99746...
info|2020-01-01 02:58:58.698833|[g:1][CONSENSUS][PBFT]checkTimeout Succ,view=34934,toView=34935,nodeIdx=3,changeCycle=0,myNode=d2f5130f...,timecost=0.502
info|2020-01-01 02:58:58.708820|[g:1][CONSENSUS][PBFT]checkAndChangeView: Reach consensus,org_view=34934,org_changeCycle=0,cur_changeCycle=0,to_view=34935
info|2020-01-01 02:58:59.259627|[P2P][Service] heartBeat,connected count=3
info|2020-01-01 02:58:59.709722|[g:1][CONSENSUS][SEALER]++++++++++++++++ Generating seal on,blkNum=89,tx=0,nodeIdx=3,hash=158ec957...
info|2020-01-01 02:58:59.710678|[g:1][CONSENSUS][PBFT]checkTimeout Succ,view=34935,toView=34936,nodeIdx=3,changeCycle=0,myNode=d2f5130f...,timecost=0.449
info|2020-01-01 02:58:59.718133|[g:1][CONSENSUS][PBFT]checkAndChangeView: Reach consensus,org_view=34935,org_changeCycle=0,cur_changeCycle=0,to_view=34936
info|2020-01-01 02:59:00.717809|[g:1][CONSENSUS]addRawPrepare,height=89,reqIdx=0,hash=a663e890...
info|2020-01-01 02:59:00.740715|[g:1][CONSENSUS][PBFT]checkTimeout Succ,view=34936,toView=34937,nodeIdx=3,changeCycle=0,myNode=d2f5130f...,timecost=14.811
info|2020-01-01 02:59:00.744384|[g:1][CONSENSUS][PBFT]checkAndChangeView: Reach consensus,org_view=34936,org_changeCycle=0,cur_changeCycle=0,to_view=34937
info|2020-01-01 02:59:01.762664|[g:1][CONSENSUS]addRawPrepare,height=89,reqIdx=1,hash=6be05a19...
info|2020-01-01 02:59:01.763243|[g:1][CONSENSUS][PBFT]checkTimeout Succ,view=34937,toView=34938,nodeIdx=3,changeCycle=0,myNode=d2f5130f...,timecost=0.433
info|2020-01-01 02:59:01.768543|[g:1][CONSENSUS][PBFT]checkAndChangeView: Reach consensus,org_view=34937,org_changeCycle=0,cur_changeCycle=0,to_view=34938
info|2020-01-01 02:59:02.772932|[g:1][CONSENSUS]addRawPrepare,height=89,reqIdx=2,hash=13ce68ee...
info|2020-01-01 02:59:02.775679|[g:1][CONSENSUS][PBFT]checkTimeout Succ,view=34938,toView=34939,nodeIdx=3,changeCycle=0,myNode=d2f5130f...,timecost=2.408
info|2020-01-01 02:59:02.818460|[g:1][CONSENSUS][PBFT]checkAndChangeView: Reach consensus,org_view=34938,org_changeCycle=0,cur_changeCycle=0,to_view=34939
info|2020-01-01 02:59:03.818841|[g:1][CONSENSUS][SEALER]++++++++++++++++ Generating seal on,blkNum=89,tx=0,nodeIdx=3,hash=c3c6f378...
info|2020-01-01 02:59:03.866094|[g:1][CONSENSUS][PBFT]checkTimeout Succ,view=34939,toView=34940,nodeIdx=3,changeCycle=0,myNode=d2f5130f...,timecost=0.724
info|2020-01-01 02:59:03.995082|[g:1][CONSENSUS][PBFT]checkAndChangeView: Reach consensus,org_view=34939,org_changeCycle=0,cur_changeCycle=0,to_view=34940
info|2020-01-01 02:59:05.011394|[g:1][CONSENSUS]addRawPrepare,height=89,reqIdx=0,hash=99924941...
info|2020-01-01 02:59:05.012058|[g:1][CONSENSUS][PBFT]checkTimeout Succ,view=34940,toView=34941,nodeIdx=3,changeCycle=0,myNode=d2f5130f...,timecost=0.423
info|2020-01-01 02:59:05.026559|[g:1][CONSENSUS][PBFT]checkAndChangeView: Reach consensus,org_view=34940,org_changeCycle=0,cur_changeCycle=0,to_view=34941
info|2020-01-01 02:59:06.109188|[g:1][CONSENSUS]addRawPrepare,height=89,reqIdx=1,hash=812fabc3...
info|2020-01-01 02:59:06.136430|[g:1][CONSENSUS][PBFT]checkTimeout Succ,view=34941,toView=34942,nodeIdx=3,changeCycle=0,myNode=d2f5130f...,timecost=21.277
info|2020-01-01 02:59:06.185637|[g:1][CONSENSUS][PBFT]checkAndChangeView: Reach consensus,org_view=34941,org_changeCycle=0,cur_changeCycle=0,to_view=34942
info|2020-01-01 02:59:07.143440|[g:1][CONSENSUS]addRawPrepare,height=89,reqIdx=2,hash=93629ee7...
info|2020-01-01 02:59:07.143985|[g:1][CONSENSUS][PBFT]checkTimeout Succ,view=34942,toView=34943,nodeIdx=3,changeCycle=0,myNode=d2f5130f...,timecost=0.388
info|2020-01-01 02:59:07.160311|[g:1][CONSENSUS][PBFT]checkAndChangeView: Reach consensus,org_view=34942,org_changeCycle=0,cur_changeCycle=0,to_view=34943
info|2020-01-01 02:59:08.161939|[g:1][CONSENSUS][SEALER]++++++++++++++++ Generating seal on,blkNum=89,tx=0,nodeIdx=3,hash=caf03097...
info|2020-01-01 02:59:08.174643|[g:1][CONSENSUS][PBFT]checkTimeout Succ,view=34943,toView=34944,nodeIdx=3,changeCycle=0,myNode=d2f5130f...,timecost=0.507
info|2020-01-01 02:59:08.176795|[g:1][CONSENSUS][PBFT]checkAndChangeView: Reach consensus,org_view=34943,org_changeCycle=0,cur_changeCycle=0,to_view=34944
info|2020-01-01 02:59:09.175786|[g:1][CONSENSUS]addRawPrepare,height=89,reqIdx=0,hash=af750608...
info|2020-01-01 02:59:09.176391|[g:1][CONSENSUS][PBFT]checkTimeout Succ,view=34944,toView=34945,nodeIdx=3,changeCycle=0,myNode=d2f5130f...,timecost=0.327
info|2020-01-01 02:59:09.184943|[g:1][CONSENSUS][PBFT]checkAndChangeView: Reach consensus,org_view=34944,org_changeCycle=0,cur_changeCycle=0,to_view=34945
info|2020-01-01 02:59:09.260079|[P2P][Service] heartBeat,connected count=3
info|2020-01-01 02:59:10.187768|[g:1][CONSENSUS]addRawPrepare,height=89,reqIdx=1,hash=dfb708d5...
info|2020-01-01 02:59:10.188789|[g:1][CONSENSUS][PBFT]checkTimeout Succ,view=34945,toView=34946,nodeIdx=3,changeCycle=0,myNode=d2f5130f...,timecost=1.037
info|2020-01-01 02:59:10.198299|[g:1][CONSENSUS][PBFT]checkAndChangeView: Reach consensus,org_view=34945,org_changeCycle=0,cur_changeCycle=0,to_view=34946
info|2020-01-01 02:59:11.199661|[g:1][CONSENSUS]addRawPrepare,height=89,reqIdx=2,hash=948fa1ef...
info|2020-01-01 02:59:11.200198|[g:1][CONSENSUS][PBFT]checkTimeout Succ,view=34946,toView=34947,nodeIdx=3,changeCycle=0,myNode=d2f5130f...,timecost=0.286
info|2020-01-01 02:59:11.203554|[g:1][CONSENSUS][PBFT]checkAndChangeView: Reach consensus,org_view=34946,org_changeCycle=0,cur_changeCycle=0,to_view=34947
info|2020-01-01 02:59:12.204009|[g:1][CONSENSUS][SEALER]++++++++++++++++ Generating seal on,blkNum=89,tx=0,nodeIdx=3,hash=acf85c64...
info|2020-01-01 02:59:12.206072|[g:1][CONSENSUS][PBFT]checkTimeout Succ,view=34947,toView=34948,nodeIdx=3,changeCycle=0,myNode=d2f5130f...,timecost=0.63
info|2020-01-01 02:59:12.226360|[g:1][CONSENSUS][PBFT]checkAndChangeView: Reach consensus,org_view=34947,org_changeCycle=0,cur_changeCycle=0,to_view=34948
info|2020-01-01 02:59:13.229693|[g:1][CONSENSUS]addRawPrepare,height=89,reqIdx=0,hash=60f1b0c0...
info|2020-01-01 02:59:13.236981|[g:1][CONSENSUS][PBFT]checkTimeout Succ,view=34948,toView=34949,nodeIdx=3,changeCycle=0,myNode=d2f5130f...,timecost=3.373
info|2020-01-01 02:59:13.314233|[g:1][CONSENSUS][PBFT]checkAndChangeView: Reach consensus,org_view=34948,org_changeCycle=0,cur_changeCycle=0,to_view=34949
info|2020-01-01 02:59:14.255914|[g:1][CONSENSUS]addRawPrepare,height=89,reqIdx=1,hash=c70dd343...
info|2020-01-01 02:59:14.256281|[g:1][CONSENSUS][PBFT]checkTimeout Succ,view=34949,toView=34950,nodeIdx=3,changeCycle=0,myNode=d2f5130f...,timecost=0.302
info|2020-01-01 02:59:14.258531|[g:1][CONSENSUS][PBFT]checkAndChangeView: Reach consensus,org_view=34949,org_changeCycle=0,cur_changeCycle=0,to_view=34950
info|2020-01-01 02:59:15.298595|[g:1][CONSENSUS]addRawPrepare,height=89,reqIdx=2,hash=f2cf3cf1...
info|2020-01-01 02:59:15.300379|[g:1][CONSENSUS][PBFT]checkTimeout Succ,view=34950,toView=34951,nodeIdx=3,changeCycle=0,myNode=d2f5130f...,timecost=1.561
info|2020-01-01 02:59:15.315424|[g:1][CONSENSUS][PBFT]checkAndChangeView: Reach consensus,org_view=34950,org_changeCycle=0,cur_changeCycle=0,to_view=34951
info|2020-01-01 02:59:16.315591|[g:1][CONSENSUS][SEALER]++++++++++++++++ Generating seal on,blkNum=89,tx=0,nodeIdx=3,hash=ad3f7207...
info|2020-01-01 02:59:16.317261|[g:1][CONSENSUS][PBFT]checkTimeout Succ,view=34951,toView=34952,nodeIdx=3,changeCycle=0,myNode=d2f5130f...,timecost=0.302
info|2020-01-01 02:59:16.321731|[g:1][CONSENSUS][PBFT]checkAndChangeView: Reach consensus,org_view=34951,org_changeCycle=0,cur_changeCycle=0,to_view=34952
info|2020-01-01 02:59:17.324014|[g:1][CONSENSUS]addRawPrepare,height=89,reqIdx=0,hash=7733ae3a...
info|2020-01-01 02:59:17.327485|[g:1][CONSENSUS][PBFT]checkTimeout Succ,view=34952,toView=34953,nodeIdx=3,changeCycle=0,myNode=d2f5130f...,timecost=2.461
info|2020-01-01 02:59:17.328805|[g:1][CONSENSUS][PBFT]checkAndChangeView: Reach consensus,org_view=34952,org_changeCycle=0,cur_changeCycle=0,to_view=34953
info|2020-01-01 02:59:18.338366|[g:1][CONSENSUS]addRawPrepare,height=89,reqIdx=1,hash=f138db69...
info|2020-01-01 02:59:18.338658|[g:1][CONSENSUS][PBFT]checkTimeout Succ,view=34953,toView=34954,nodeIdx=3,changeCycle=0,myNode=d2f5130f...,timecost=0.259
info|2020-01-01 02:59:18.341957|[g:1][CONSENSUS][PBFT]checkAndChangeView: Reach consensus,org_view=34953,org_changeCycle=0,cur_changeCycle=0,to_view=34954
info|2020-01-01 02:59:19.260564|[P2P][Service] heartBeat,connected count=3
info|2020-01-01 02:59:19.342458|[g:1][CONSENSUS]addRawPrepare,height=89,reqIdx=2,hash=c74e91d0...
info|2020-01-01 02:59:19.342854|[g:1][CONSENSUS][PBFT]checkTimeout Succ,view=34954,toView=34955,nodeIdx=3,changeCycle=0,myNode=d2f5130f...,timecost=0.287
info|2020-01-01 02:59:19.346350|[g:1][CONSENSUS][PBFT]checkAndChangeView: Reach consensus,org_view=34954,org_changeCycle=0,cur_changeCycle=0,to_view=34955
info|2020-01-01 02:59:20.346349|[g:1][CONSENSUS][SEALER]++++++++++++++++ Generating seal on,blkNum=89,tx=0,nodeIdx=3,hash=263c002d...
info|2020-01-01 02:59:20.358513|[g:1][CONSENSUS][PBFT]checkTimeout Succ,view=34955,toView=34956,nodeIdx=3,changeCycle=0,myNode=d2f5130f...,timecost=1.42
info|2020-01-01 02:59:20.360129|[g:1][CONSENSUS][PBFT]checkAndChangeView: Reach consensus,org_view=34955,org_changeCycle=0,cur_changeCycle=0,to_view=34956
info|2020-01-01 02:59:21.369442|[g:1][CONSENSUS]addRawPrepare,height=89,reqIdx=0,hash=f75aa298...
info|2020-01-01 02:59:21.374257|[g:1][CONSENSUS][PBFT]checkTimeout Succ,view=34956,toView=34957,nodeIdx=3,changeCycle=0,myNode=d2f5130f...,timecost=1.697
info|2020-01-01 02:59:21.378478|[g:1][CONSENSUS][PBFT]checkAndChangeView: Reach consensus,org_view=34956,org_changeCycle=0,cur_changeCycle=0,to_view=34957
info|2020-01-01 02:59:22.379504|[g:1][CONSENSUS]addRawPrepare,height=89,reqIdx=1,hash=55bb518f...
info|2020-01-01 02:59:22.379940|[g:1][CONSENSUS][PBFT]checkTimeout Succ,view=34957,toView=34958,nodeIdx=3,changeCycle=0,myNode=d2f5130f...,timecost=0.389
info|2020-01-01 02:59:22.383700|[g:1][CONSENSUS][PBFT]checkAndChangeView: Reach consensus,org_view=34957,org_changeCycle=0,cur_changeCycle=0,to_view=34958
info|2020-01-01 02:59:23.397750|[g:1][CONSENSUS]addRawPrepare,height=89,reqIdx=2,hash=b332c59a...
info|2020-01-01 02:59:23.408227|[g:1][CONSENSUS][PBFT]checkTimeout Succ,view=34958,toView=34959,nodeIdx=3,changeCycle=0,myNode=d2f5130f...,timecost=10.33
info|2020-01-01 02:59:23.461548|[g:1][CONSENSUS][PBFT]checkAndChangeView: Reach consensus,org_view=34958,org_changeCycle=0,cur_changeCycle=0,to_view=34959
info|2020-01-01 02:59:24.464005|[g:1][CONSENSUS][SEALER]++++++++++++++++ Generating seal on,blkNum=89,tx=0,nodeIdx=3,hash=1c1aae58...
info|2020-01-01 02:59:24.489747|[g:1][CONSENSUS][PBFT]checkTimeout Succ,view=34959,toView=34960,nodeIdx=3,changeCycle=0,myNode=d2f5130f...,timecost=1.696
info|2020-01-01 02:59:24.559557|[g:1][CONSENSUS][PBFT]checkAndChangeView: Reach consensus,org_view=34959,org_changeCycle=0,cur_changeCycle=0,to_view=34960
info|2020-01-01 02:59:25.571295|[g:1][CONSENSUS]addRawPrepare,height=89,reqIdx=0,hash=ff8c8d71...
info|2020-01-01 02:59:25.577743|[g:1][CONSENSUS][PBFT]checkTimeout Succ,view=34960,toView=34961,nodeIdx=3,changeCycle=0,myNode=d2f5130f...,timecost=0.563
info|2020-01-01 02:59:25.578643|[g:1][CONSENSUS][PBFT]checkAndChangeView: Reach consensus,org_view=34960,org_changeCycle=0,cur_changeCycle=0,to_view=34961
info|2020-01-01 02:59:26.578486|[g:1][CONSENSUS]addRawPrepare,height=89,reqIdx=1,hash=d59869f0...
info|2020-01-01 02:59:26.578783|[g:1][CONSENSUS][PBFT]checkTimeout Succ,view=34961,toView=34962,nodeIdx=3,changeCycle=0,myNode=d2f5130f...,timecost=0.265
info|2020-01-01 02:59:26.581885|[g:1][CONSENSUS][PBFT]checkAndChangeView: Reach consensus,org_view=34961,org_changeCycle=0,cur_changeCycle=0,to_view=34962
info|2020-01-01 02:59:27.582512|[g:1][CONSENSUS]addRawPrepare,height=89,reqIdx=2,hash=58d7ac89...
info|2020-01-01 02:59:27.583249|[g:1][CONSENSUS][PBFT]checkTimeout Succ,view=34962,toView=34963,nodeIdx=3,changeCycle=0,myNode=d2f5130f...,timecost=0.595
info|2020-01-01 02:59:27.591372|[g:1][CONSENSUS][PBFT]checkAndChangeView: Reach consensus,org_view=34962,org_changeCycle=0,cur_changeCycle=0,to_view=34963
info|2020-01-01 02:59:28.591967|[g:1][CONSENSUS][SEALER]++++++++++++++++ Generating seal on,blkNum=89,tx=0,nodeIdx=3,hash=254e972a...
info|2020-01-01 02:59:28.596842|[g:1][CONSENSUS][PBFT]checkTimeout Succ,view=34963,toView=34964,nodeIdx=3,changeCycle=0,myNode=d2f5130f...,timecost=1.136
info|2020-01-01 02:59:28.598675|[g:1][CONSENSUS][PBFT]checkAndChangeView: Reach consensus,org_view=34963,org_changeCycle=0,cur_changeCycle=0,to_view=34964
info|2020-01-01 02:59:29.261249|[P2P][Service] heartBeat,connected count=3
info|2020-01-01 02:59:29.602283|[g:1][CONSENSUS]addRawPrepare,height=89,reqIdx=0,hash=bc0c4d81...
info|2020-01-01 02:59:29.605237|[g:1][CONSENSUS][PBFT]checkTimeout Succ,view=34964,toView=34965,nodeIdx=3,changeCycle=0,myNode=d2f5130f...,timecost=1.245
info|2020-01-01 02:59:29.607881|[g:1][CONSENSUS][PBFT]checkAndChangeView: Reach consensus,org_view=34964,org_changeCycle=0,cur_changeCycle=0,to_view=34965
info|2020-01-01 02:59:30.610308|[g:1][CONSENSUS]addRawPrepare,height=89,reqIdx=1,hash=f9d70123...
info|2020-01-01 02:59:30.610639|[g:1][CONSENSUS][PBFT]checkTimeout Succ,view=34965,toView=34966,nodeIdx=3,changeCycle=0,myNode=d2f5130f...,timecost=0.302
info|2020-01-01 02:59:30.613514|[g:1][CONSENSUS][PBFT]checkAndChangeView: Reach consensus,org_view=34965,org_changeCycle=0,cur_changeCycle=0,to_view=34966
info|2020-01-01 02:59:31.621227|[g:1][CONSENSUS]addRawPrepare,height=89,reqIdx=2,hash=6a67690e...
info|2020-01-01 02:59:31.623599|[g:1][CONSENSUS][PBFT]checkTimeout Succ,view=34966,toView=34967,nodeIdx=3,changeCycle=0,myNode=d2f5130f...,timecost=0.985
info|2020-01-01 02:59:31.625481|[g:1][CONSENSUS][PBFT]checkAndChangeView: Reach consensus,org_view=34966,org_changeCycle=0,cur_changeCycle=0,to_view=34967
info|2020-01-01 02:59:32.625511|[g:1][CONSENSUS][SEALER]++++++++++++++++ Generating seal on,blkNum=89,tx=0,nodeIdx=3,hash=1c611fba...
info|2020-01-01 02:59:32.637189|[g:1][CONSENSUS][PBFT]checkTimeout Succ,view=34967,toView=34968,nodeIdx=3,changeCycle=0,myNode=d2f5130f...,timecost=5.426
info|2020-01-01 02:59:32.639103|[g:1][CONSENSUS][PBFT]checkAndChangeView: Reach consensus,org_view=34967,org_changeCycle=0,cur_changeCycle=0,to_view=34968
info|2020-01-01 02:59:33.638092|[g:1][CONSENSUS]addRawPrepare,height=89,reqIdx=0,hash=9077e230...
info|2020-01-01 02:59:33.640705|[g:1][CONSENSUS][PBFT]checkTimeout Succ,view=34968,toView=34969,nodeIdx=3,changeCycle=0,myNode=d2f5130f...,timecost=2.576
info|2020-01-01 02:59:33.643004|[g:1][CONSENSUS][PBFT]checkAndChangeView: Reach consensus,org_view=34968,org_changeCycle=0,cur_changeCycle=0,to_view=34969
info|2020-01-01 02:59:34.643523|[g:1][CONSENSUS]addRawPrepare,height=89,reqIdx=1,hash=115d5248...
info|2020-01-01 02:59:34.643818|[g:1][CONSENSUS][PBFT]checkTimeout Succ,view=34969,toView=34970,nodeIdx=3,changeCycle=0,myNode=d2f5130f...,timecost=0.263
info|2020-01-01 02:59:34.647134|[g:1][CONSENSUS][PBFT]checkAndChangeView: Reach consensus,org_view=34969,org_changeCycle=0,cur_changeCycle=0,to_view=34970
info|2020-01-01 02:59:35.648379|[g:1][CONSENSUS]addRawPrepare,height=89,reqIdx=2,hash=73e750da...
info|2020-01-01 02:59:35.648885|[g:1][CONSENSUS][PBFT]checkTimeout Succ,view=34970,toView=34971,nodeIdx=3,changeCycle=0,myNode=d2f5130f...,timecost=0.386
info|2020-01-01 02:59:35.657556|[g:1][CONSENSUS][PBFT]checkAndChangeView: Reach consensus,org_view=34970,org_changeCycle=0,cur_changeCycle=0,to_view=34971
info|2020-01-01 02:59:36.657508|[g:1][CONSENSUS][SEALER]++++++++++++++++ Generating seal on,blkNum=89,tx=0,nodeIdx=3,hash=d7fa37a8...
info|2020-01-01 02:59:36.659148|[g:1][CONSENSUS][PBFT]checkTimeout Succ,view=34971,toView=34972,nodeIdx=3,changeCycle=0,myNode=d2f5130f...,timecost=0.468
info|2020-01-01 02:59:36.664151|[g:1][CONSENSUS][PBFT]checkAndChangeView: Reach consensus,org_view=34971,org_changeCycle=0,cur_changeCycle=0,to_view=34972
info|2020-01-01 02:59:37.666563|[g:1][CONSENSUS]addRawPrepare,height=89,reqIdx=0,hash=88e25400...
info|2020-01-01 02:59:37.669178|[g:1][CONSENSUS][PBFT]checkTimeout Succ,view=34972,toView=34973,nodeIdx=3,changeCycle=0,myNode=d2f5130f...,timecost=1.381
info|2020-01-01 02:59:37.671391|[g:1][CONSENSUS][PBFT]checkAndChangeView: Reach consensus,org_view=34972,org_changeCycle=0,cur_changeCycle=0,to_view=34973
info|2020-01-01 02:59:38.675518|[g:1][CONSENSUS]addRawPrepare,height=89,reqIdx=1,hash=d59d1813...
info|2020-01-01 02:59:38.676074|[g:1][CONSENSUS][PBFT]checkTimeout Succ,view=34973,toView=34974,nodeIdx=3,changeCycle=0,myNode=d2f5130f...,timecost=0.505
info|2020-01-01 02:59:38.678849|[g:1][CONSENSUS][PBFT]checkAndChangeView: Reach consensus,org_view=34973,org_changeCycle=0,cur_changeCycle=0,to_view=34974
info|2020-01-01 02:59:39.261482|[P2P][Service] heartBeat,connected count=3
info|2020-01-01 02:59:39.683952|[g:1][CONSENSUS]addRawPrepare,height=89,reqIdx=2,hash=f8711d24...
info|2020-01-01 02:59:39.684577|[g:1][CONSENSUS][PBFT]checkTimeout Succ,view=34974,toView=34975,nodeIdx=3,changeCycle=0,myNode=d2f5130f...,timecost=0.467
info|2020-01-01 02:59:39.689391|[g:1][CONSENSUS][PBFT]checkAndChangeView: Reach consensus,org_view=34974,org_changeCycle=0,cur_changeCycle=0,to_view=34975
info|2020-01-01 02:59:40.690049|[g:1][CONSENSUS][SEALER]++++++++++++++++ Generating seal on,blkNum=89,tx=0,nodeIdx=3,hash=e59ebb40...
info|2020-01-01 02:59:40.693735|[g:1][CONSENSUS][PBFT]checkTimeout Succ,view=34975,toView=34976,nodeIdx=3,changeCycle=0,myNode=d2f5130f...,timecost=0.62
info|2020-01-01 02:59:40.695516|[g:1][CONSENSUS][PBFT]checkAndChangeView: Reach consensus,org_view=34975,org_changeCycle=0,cur_changeCycle=0,to_view=34976
info|2020-01-01 02:59:41.698454|[g:1][CONSENSUS]addRawPrepare,height=89,reqIdx=0,hash=8eb8c1c4...
info|2020-01-01 02:59:41.700716|[g:1][CONSENSUS][PBFT]checkTimeout Succ,view=34976,toView=34977,nodeIdx=3,changeCycle=0,myNode=d2f5130f...,timecost=1.363
info|2020-01-01 02:59:41.704874|[g:1][CONSENSUS][PBFT]checkAndChangeView: Reach consensus,org_view=34976,org_changeCycle=0,cur_changeCycle=0,to_view=34977
info|2020-01-01 02:59:42.706519|[g:1][CONSENSUS]addRawPrepare,height=89,reqIdx=1,hash=9ac8a923...
info|2020-01-01 02:59:42.707138|[g:1][CONSENSUS][PBFT]checkTimeout Succ,view=34977,toView=34978,nodeIdx=3,changeCycle=0,myNode=d2f5130f...,timecost=0.585
info|2020-01-01 02:59:42.709818|[g:1][CONSENSUS][PBFT]checkAndChangeView: Reach consensus,org_view=34977,org_changeCycle=0,cur_changeCycle=0,to_view=34978
info|2020-01-01 02:59:43.712876|[g:1][CONSENSUS]addRawPrepare,height=89,reqIdx=2,hash=d71f69be...
info|2020-01-01 02:59:43.713380|[g:1][CONSENSUS][PBFT]checkTimeout Succ,view=34978,toView=34979,nodeIdx=3,changeCycle=0,myNode=d2f5130f...,timecost=0.335
info|2020-01-01 02:59:43.716664|[g:1][CONSENSUS][PBFT]checkAndChangeView: Reach consensus,org_view=34978,org_changeCycle=0,cur_changeCycle=0,to_view=34979
info|2020-01-01 02:59:44.717426|[g:1][CONSENSUS][SEALER]++++++++++++++++ Generating seal on,blkNum=89,tx=0,nodeIdx=3,hash=b102eb83...
info|2020-01-01 02:59:44.721614|[g:1][CONSENSUS][PBFT]checkTimeout Succ,view=34979,toView=34980,nodeIdx=3,changeCycle=0,myNode=d2f5130f...,timecost=1.566
info|2020-01-01 02:59:44.724286|[g:1][CONSENSUS][PBFT]checkAndChangeView: Reach consensus,org_view=34979,org_changeCycle=0,cur_changeCycle=0,to_view=34980
info|2020-01-01 02:59:45.729676|[g:1][CONSENSUS]addRawPrepare,height=89,reqIdx=0,hash=437d2e2e...
info|2020-01-01 02:59:45.733363|[g:1][CONSENSUS][PBFT]checkTimeout Succ,view=34980,toView=34981,nodeIdx=3,changeCycle=0,myNode=d2f5130f...,timecost=1.463
info|2020-01-01 02:59:45.743017|[g:1][CONSENSUS][PBFT]checkAndChangeView: Reach consensus,org_view=34980,org_changeCycle=0,cur_changeCycle=0,to_view=34981
info|2020-01-01 02:59:46.737745|[g:1][CONSENSUS]addRawPrepare,height=89,reqIdx=1,hash=4bf0b16f...
info|2020-01-01 02:59:46.738061|[g:1][CONSENSUS][PBFT]checkTimeout Succ,view=34981,toView=34982,nodeIdx=3,changeCycle=0,myNode=d2f5130f...,timecost=0.273
info|2020-01-01 02:59:46.741128|[g:1][CONSENSUS][PBFT]checkAndChangeView: Reach consensus,org_view=34981,org_changeCycle=0,cur_changeCycle=0,to_view=34982
info|2020-01-01 02:59:47.744457|[g:1][CONSENSUS]addRawPrepare,height=89,reqIdx=2,hash=07cf2702...
info|2020-01-01 02:59:47.744817|[g:1][CONSENSUS][PBFT]checkTimeout Succ,view=34982,toView=34983,nodeIdx=3,changeCycle=0,myNode=d2f5130f...,timecost=0.249
info|2020-01-01 02:59:47.750933|[g:1][CONSENSUS][PBFT]checkAndChangeView: Reach consensus,org_view=34982,org_changeCycle=0,cur_changeCycle=0,to_view=34983
info|2020-01-01 02:59:48.750171|[g:1][CONSENSUS][SEALER]++++++++++++++++ Generating seal on,blkNum=89,tx=0,nodeIdx=3,hash=3f3fb624...
info|2020-01-01 02:59:48.756696|[g:1][CONSENSUS][PBFT]checkTimeout Succ,view=34983,toView=34984,nodeIdx=3,changeCycle=0,myNode=d2f5130f...,timecost=1.71
info|2020-01-01 02:59:48.759562|[g:1][CONSENSUS][PBFT]checkAndChangeView: Reach consensus,org_view=34983,org_changeCycle=0,cur_changeCycle=0,to_view=34984
info|2020-01-01 02:59:49.262024|[P2P][Service] heartBeat,connected count=3
info|2020-01-01 02:59:49.759549|[g:1][CONSENSUS]addRawPrepare,height=89,reqIdx=0,hash=b4fbdaab...
info|2020-01-01 02:59:49.762527|[g:1][CONSENSUS][PBFT]checkTimeout Succ,view=34984,toView=34985,nodeIdx=3,changeCycle=0,myNode=d2f5130f...,timecost=1.297
info|2020-01-01 02:59:49.765065|[g:1][CONSENSUS][PBFT]checkAndChangeView: Reach consensus,org_view=34984,org_changeCycle=0,cur_changeCycle=0,to_view=34985
info|2020-01-01 02:59:50.826481|[g:1][CONSENSUS]addRawPrepare,height=89,reqIdx=1,hash=d6117439...
info|2020-01-01 02:59:50.827529|[g:1][CONSENSUS][PBFT]checkTimeout Succ,view=34985,toView=34986,nodeIdx=3,changeCycle=0,myNode=d2f5130f...,timecost=0.692
info|2020-01-01 02:59:50.828670|[g:1][CONSENSUS][PBFT]checkAndChangeView: Reach consensus,org_view=34985,org_changeCycle=0,cur_changeCycle=0,to_view=34986
info|2020-01-01 02:59:51.828964|[g:1][CONSENSUS]addRawPrepare,height=89,reqIdx=2,hash=46fc6aba...
info|2020-01-01 02:59:51.829263|[g:1][CONSENSUS][PBFT]checkTimeout Succ,view=34986,toView=34987,nodeIdx=3,changeCycle=0,myNode=d2f5130f...,timecost=0.268
info|2020-01-01 02:59:51.834259|[g:1][CONSENSUS][PBFT]checkAndChangeView: Reach consensus,org_view=34986,org_changeCycle=0,cur_changeCycle=0,to_view=34987
info|2020-01-01 02:59:52.836072|[g:1][CONSENSUS][SEALER]++++++++++++++++ Generating seal on,blkNum=89,tx=0,nodeIdx=3,hash=1ccc62cb...
info|2020-01-01 02:59:52.844238|[g:1][CONSENSUS][PBFT]checkTimeout Succ,view=34987,toView=34988,nodeIdx=3,changeCycle=0,myNode=d2f5130f...,timecost=0.351
info|2020-01-01 02:59:52.845571|[g:1][CONSENSUS][PBFT]checkAndChangeView: Reach consensus,org_view=34987,org_changeCycle=0,cur_changeCycle=0,to_view=34988
info|2020-01-01 02:59:53.844398|[g:1][CONSENSUS]addRawPrepare,height=89,reqIdx=0,hash=732995a7...
info|2020-01-01 02:59:53.849502|[g:1][CONSENSUS][PBFT]checkTimeout Succ,view=34988,toView=34989,nodeIdx=3,changeCycle=0,myNode=d2f5130f...,timecost=3.269
info|2020-01-01 02:59:53.852734|[g:1][CONSENSUS][PBFT]checkAndChangeView: Reach consensus,org_view=34988,org_changeCycle=0,cur_changeCycle=0,to_view=34989
info|2020-01-01 02:59:54.855548|[g:1][CONSENSUS]addRawPrepare,height=89,reqIdx=1,hash=f2716717...
info|2020-01-01 02:59:54.857478|[g:1][CONSENSUS][PBFT]checkTimeout Succ,view=34989,toView=34990,nodeIdx=3,changeCycle=0,myNode=d2f5130f...,timecost=1.866
info|2020-01-01 02:59:54.859705|[g:1][CONSENSUS][PBFT]checkAndChangeView: Reach consensus,org_view=34989,org_changeCycle=0,cur_changeCycle=0,to_view=34990
info|2020-01-01 02:59:55.862015|[g:1][CONSENSUS]addRawPrepare,height=89,reqIdx=2,hash=dabd4562...
info|2020-01-01 02:59:55.862355|[g:1][CONSENSUS][PBFT]checkTimeout Succ,view=34990,toView=34991,nodeIdx=3,changeCycle=0,myNode=d2f5130f...,timecost=0.255
info|2020-01-01 02:59:55.868309|[g:1][CONSENSUS][PBFT]checkAndChangeView: Reach consensus,org_view=34990,org_changeCycle=0,cur_changeCycle=0,to_view=34991
info|2020-01-01 02:59:56.872334|[g:1][CONSENSUS][SEALER]++++++++++++++++ Generating seal on,blkNum=89,tx=0,nodeIdx=3,hash=5fe7d0c0...
info|2020-01-01 02:59:56.882337|[g:1][CONSENSUS][PBFT]checkTimeout Succ,view=34991,toView=34992,nodeIdx=3,changeCycle=0,myNode=d2f5130f...,timecost=0.274
info|2020-01-01 02:59:56.883691|[g:1][CONSENSUS][PBFT]checkAndChangeView: Reach consensus,org_view=34991,org_changeCycle=0,cur_changeCycle=0,to_view=34992
info|2020-01-01 02:59:57.883283|[g:1][CONSENSUS]addRawPrepare,height=89,reqIdx=0,hash=3c138157...
info|2020-01-01 02:59:57.887656|[g:1][CONSENSUS][PBFT]checkTimeout Succ,view=34992,toView=34993,nodeIdx=3,changeCycle=0,myNode=d2f5130f...,timecost=2.574
info|2020-01-01 02:59:57.894400|[g:1][CONSENSUS][PBFT]checkAndChangeView: Reach consensus,org_view=34992,org_changeCycle=0,cur_changeCycle=0,to_view=34993
info|2020-01-01 02:59:58.898570|[g:1][CONSENSUS]addRawPrepare,height=89,reqIdx=1,hash=a7862472...
info|2020-01-01 02:59:58.898873|[g:1][CONSENSUS][PBFT]checkTimeout Succ,view=34993,toView=34994,nodeIdx=3,changeCycle=0,myNode=d2f5130f...,timecost=0.269
info|2020-01-01 02:59:58.900407|[g:1][CONSENSUS][PBFT]checkAndChangeView: Reach consensus,org_view=34993,org_changeCycle=0,cur_changeCycle=0,to_view=34994
info|2020-01-01 02:59:59.262937|[P2P][Service] heartBeat,connected count=3
info|2020-01-01 02:59:59.903871|[g:1][CONSENSUS]addRawPrepare,height=89,reqIdx=2,hash=8b8f0f4d...
info|2020-01-01 02:59:59.904208|[g:1][CONSENSUS][PBFT]checkTimeout Succ,view=34994,toView=34995,nodeIdx=3,changeCycle=0,myNode=d2f5130f...,timecost=0.248
info|2020-01-01 02:59:59.909273|[g:1][CONSENSUS][PBFT]checkAndChangeView: Reach consensus,org_view=34994,org_changeCycle=0,cur_changeCycle=0,to_view=34995
