info|2020-01-05 03:00:00.861317|[g:1][CONSENSUS]addRawPrepare,height=821,reqIdx=1,hash=29af6bcc...
info|2020-01-05 03:00:00.869857|[g:1][CONSENSUS][PBFT]checkTimeout Succ,view=645,toView=646,nodeIdx=3,changeCycle=0,myNode=d2f5130f...,timecost=8.219
info|2020-01-05 03:00:00.880712|[g:1][CONSENSUS][PBFT]checkAndChangeView: Reach consensus,org_view=645,org_changeCycle=0,cur_changeCycle=0,to_view=646
info|2020-01-05 03:00:01.915934|[g:1][CONSENSUS]addRawPrepare,height=821,reqIdx=2,hash=40a0c9f7...
info|2020-01-05 03:00:01.925119|[g:1][CONSENSUS][PBFT]checkTimeout Succ,view=646,toView=647,nodeIdx=3,changeCycle=0,myNode=d2f5130f...,timecost=8.01
info|2020-01-05 03:00:01.947396|[g:1][CONSENSUS][PBFT]checkAndChangeView: Reach consensus,org_view=646,org_changeCycle=0,cur_changeCycle=0,to_view=647
info|2020-01-05 03:00:02.949869|[g:1][CONSENSUS][SEALER]++++++++++++++++ Generating seal on,blkNum=821,tx=0,nodeIdx=3,hash=50829b8f...
info|2020-01-05 03:00:02.952583|[g:1][CONSENSUS][PBFT]checkTimeout Succ,view=647,toView=648,nodeIdx=3,changeCycle=0,myNode=d2f5130f...,timecost=0.778
info|2020-01-05 03:00:02.981946|[P2P][Service] heartBeat,connected count=3
info|2020-01-05 03:00:03.018673|[g:1][CONSENSUS][PBFT]checkAndChangeView: Reach consensus,org_view=647,org_changeCycle=0,cur_changeCycle=0,to_view=648
info|2020-01-05 03:00:04.006279|[g:1][CONSENSUS]addRawPrepare,height=821,reqIdx=0,hash=1f8740d7...
info|2020-01-05 03:00:04.007863|[g:1][CONSENSUS][PBFT]checkTimeout Succ,view=648,toView=649,nodeIdx=3,changeCycle=0,myNode=d2f5130f...,timecost=1.184
info|2020-01-05 03:00:04.028524|[g:1][CONSENSUS][PBFT]checkAndChangeView: Reach consensus,org_view=648,org_changeCycle=0,cur_changeCycle=0,to_view=649
info|2020-01-05 03:00:05.041092|[g:1][CONSENSUS]addRawPrepare,height=821,reqIdx=1,hash=a74b9dfb...
info|2020-01-05 03:00:05.042253|[g:1][CONSENSUS][PBFT]checkTimeout Succ,view=649,toView=650,nodeIdx=3,changeCycle=0,myNode=d2f5130f...,timecost=0.882
info|2020-01-05 03:00:05.066768|[g:1][CONSENSUS][PBFT]checkAndChangeView: Reach consensus,org_view=649,org_changeCycle=0,cur_changeCycle=0,to_view=650
info|2020-01-05 03:00:06.077900|[g:1][CONSENSUS]addRawPrepare,height=821,reqIdx=2,hash=4d41b9ed...
info|2020-01-05 03:00:06.091260|[g:1][CONSENSUS][PBFT]checkTimeout Succ,view=650,toView=651,nodeIdx=3,changeCycle=0,myNode=d2f5130f...,timecost=13.211
info|2020-01-05 03:00:06.123741|[g:1][CONSENSUS][PBFT]checkAndChangeView: Reach consensus,org_view=650,org_changeCycle=0,cur_changeCycle=0,to_view=651
info|2020-01-05 03:00:07.124663|[g:1][CONSENSUS][SEALER]++++++++++++++++ Generating seal on,blkNum=821,tx=0,nodeIdx=3,hash=573c97e1...
info|2020-01-05 03:00:07.139621|[g:1][CONSENSUS][PBFT]checkTimeout Succ,view=651,toView=652,nodeIdx=3,changeCycle=0,myNode=d2f5130f...,timecost=1.95
info|2020-01-05 03:00:07.155651|[g:1][CONSENSUS][PBFT]checkAndChangeView: Reach consensus,org_view=651,org_changeCycle=0,cur_changeCycle=0,to_view=652
info|2020-01-05 03:00:08.158502|[g:1][CONSENSUS]addRawPrepare,height=821,reqIdx=0,hash=59dfe35e...
info|2020-01-05 03:00:08.166133|[g:1][CONSENSUS][PBFT]checkTimeout Succ,view=652,toView=653,nodeIdx=3,changeCycle=0,myNode=d2f5130f...,timecost=7.25
info|2020-01-05 03:00:08.182882|[g:1][CONSENSUS][PBFT]checkAndChangeView: Reach consensus,org_view=652,org_changeCycle=0,cur_changeCycle=0,to_view=653
info|2020-01-05 03:00:09.235005|[g:1][CONSENSUS]addRawPrepare,height=821,reqIdx=1,hash=b5a57da6...
info|2020-01-05 03:00:09.241792|[g:1][CONSENSUS][PBFT]checkTimeout Succ,view=653,toView=654,nodeIdx=3,changeCycle=0,myNode=d2f5130f...,timecost=5.775
info|2020-01-05 03:00:09.286297|[g:1][CONSENSUS][PBFT]checkAndChangeView: Reach consensus,org_view=653,org_changeCycle=0,cur_changeCycle=0,to_view=654
info|2020-01-05 03:00:10.305086|[g:1][CONSENSUS]addRawPrepare,height=821,reqIdx=2,hash=6ecf625f...
info|2020-01-05 03:00:10.365618|[g:1][CONSENSUS][PBFT]checkTimeout Succ,view=654,toView=655,nodeIdx=3,changeCycle=0,myNode=d2f5130f...,timecost=59.99
info|2020-01-05 03:00:10.451960|[g:1][CONSENSUS][PBFT]checkAndChangeView: Reach consensus,org_view=654,org_changeCycle=0,cur_changeCycle=0,to_view=655
info|2020-01-05 03:00:11.453937|[g:1][CONSENSUS][SEALER]++++++++++++++++ Generating seal on,blkNum=821,tx=0,nodeIdx=3,hash=60740dbe...
info|2020-01-05 03:00:11.525596|[g:1][CONSENSUS][PBFT]checkTimeout Succ,view=655,toView=656,nodeIdx=3,changeCycle=0,myNode=d2f5130f...,timecost=20.268
info|2020-01-05 03:00:11.536582|[g:1][CONSENSUS][PBFT]checkAndChangeView: Reach consensus,org_view=655,org_changeCycle=0,cur_changeCycle=0,to_view=656
info|2020-01-05 03:00:12.566668|[g:1][CONSENSUS]addRawPrepare,height=821,reqIdx=0,hash=778ee92c...
info|2020-01-05 03:00:12.573272|[g:1][CONSENSUS][PBFT]checkTimeout Succ,view=656,toView=657,nodeIdx=3,changeCycle=0,myNode=d2f5130f...,timecost=5.82
info|2020-01-05 03:00:12.611507|[g:1][CONSENSUS][PBFT]checkAndChangeView: Reach consensus,org_view=656,org_changeCycle=0,cur_changeCycle=0,to_view=657
info|2020-01-05 03:00:12.982621|[P2P][Service] heartBeat,connected count=3
info|2020-01-05 03:00:13.621672|[g:1][CONSENSUS]addRawPrepare,height=821,reqIdx=1,hash=c0027f08...
info|2020-01-05 03:00:13.684978|[g:1][CONSENSUS][PBFT]checkTimeout Succ,view=657,toView=658,nodeIdx=3,changeCycle=0,myNode=d2f5130f...,timecost=24.351
info|2020-01-05 03:00:13.717738|[g:1][CONSENSUS][PBFT]checkAndChangeView: Reach consensus,org_view=657,org_changeCycle=0,cur_changeCycle=0,to_view=658
info|2020-01-05 03:00:14.701165|[g:1][CONSENSUS]addRawPrepare,height=821,reqIdx=2,hash=758f161c...
info|2020-01-05 03:00:14.722120|[g:1][CONSENSUS][PBFT]checkTimeout Succ,view=658,toView=659,nodeIdx=3,changeCycle=0,myNode=d2f5130f...,timecost=20.66
info|2020-01-05 03:00:14.753252|[g:1][CONSENSUS][PBFT]checkAndChangeView: Reach consensus,org_view=658,org_changeCycle=0,cur_changeCycle=0,to_view=659
info|2020-01-05 03:00:15.760282|[g:1][CONSENSUS][SEALER]++++++++++++++++ Generating seal on,blkNum=821,tx=0,nodeIdx=3,hash=a4ee305a...
info|2020-01-05 03:00:15.817621|[g:1][CONSENSUS][PBFT]checkTimeout Succ,view=659,toView=660,nodeIdx=3,changeCycle=0,myNode=d2f5130f...,timecost=1.439
info|2020-01-05 03:00:15.852914|[g:1][CONSENSUS][PBFT]checkAndChangeView: Reach consensus,org_view=659,org_changeCycle=0,cur_changeCycle=0,to_view=660
info|2020-01-05 03:00:16.840201|[g:1][CONSENSUS]addRawPrepare,height=821,reqIdx=0,hash=f432bd9d...
info|2020-01-05 03:00:16.841083|[g:1][CONSENSUS][PBFT]checkTimeout Succ,view=660,toView=661,nodeIdx=3,changeCycle=0,myNode=d2f5130f...,timecost=0.625
info|2020-01-05 03:00:16.854456|[g:1][CONSENSUS][PBFT]checkAndChangeView: Reach consensus,org_view=660,org_changeCycle=0,cur_changeCycle=0,to_view=661
info|2020-01-05 03:00:17.905154|[g:1][CONSENSUS]addRawPrepare,height=821,reqIdx=1,hash=66724bac...
info|2020-01-05 03:00:17.906253|[g:1][CONSENSUS][PBFT]checkTimeout Succ,view=661,toView=662,nodeIdx=3,changeCycle=0,myNode=d2f5130f...,timecost=0.827
info|2020-01-05 03:00:17.974055|[g:1][CONSENSUS][PBFT]checkAndChangeView: Reach consensus,org_view=661,org_changeCycle=0,cur_changeCycle=0,to_view=662
info|2020-01-05 03:00:19.038559|[g:1][CONSENSUS]addRawPrepare,height=821,reqIdx=2,hash=514a057f...
info|2020-01-05 03:00:19.108213|[g:1][CONSENSUS][PBFT]checkTimeout Succ,view=662,toView=663,nodeIdx=3,changeCycle=0,myNode=d2f5130f...,timecost=46.734
info|2020-01-05 03:00:19.166327|[g:1][CONSENSUS][PBFT]checkAndChangeView: Reach consensus,org_view=662,org_changeCycle=0,cur_changeCycle=0,to_view=663
info|2020-01-05 03:00:20.167146|[g:1][CONSENSUS][SEALER]++++++++++++++++ Generating seal on,blkNum=821,tx=0,nodeIdx=3,hash=7eb4dc04...
info|2020-01-05 03:00:20.283773|[g:1][CONSENSUS][PBFT]checkTimeout Succ,view=663,toView=664,nodeIdx=3,changeCycle=0,myNode=d2f5130f...,timecost=4.917
info|2020-01-05 03:00:20.312857|[g:1][CONSENSUS][PBFT]checkAndChangeView: Reach consensus,org_view=663,org_changeCycle=0,cur_changeCycle=0,to_view=664
info|2020-01-05 03:00:21.338852|[g:1][CONSENSUS]addRawPrepare,height=821,reqIdx=0,hash=493266bb...
info|2020-01-05 03:00:21.345854|[g:1][CONSENSUS][PBFT]checkTimeout Succ,view=664,toView=665,nodeIdx=3,changeCycle=0,myNode=d2f5130f...,timecost=1.044
info|2020-01-05 03:00:21.403614|[g:1][CONSENSUS][PBFT]checkAndChangeView: Reach consensus,org_view=664,org_changeCycle=0,cur_changeCycle=0,to_view=665
info|2020-01-05 03:00:22.443337|[g:1][CONSENSUS]addRawPrepare,height=821,reqIdx=1,hash=7e5a26c1...
info|2020-01-05 03:00:22.443853|[g:1][CONSENSUS][PBFT]checkTimeout Succ,view=665,toView=666,nodeIdx=3,changeCycle=0,myNode=d2f5130f...,timecost=0.461
info|2020-01-05 03:00:22.453066|[g:1][CONSENSUS][PBFT]checkAndChangeView: Reach consensus,org_view=665,org_changeCycle=0,cur_changeCycle=0,to_view=666
info|2020-01-05 03:00:22.983116|[P2P][Service] heartBeat,connected count=3
info|2020-01-05 03:00:23.462360|[g:1][CONSENSUS]addRawPrepare,height=821,reqIdx=2,hash=37db21fc...
info|2020-01-05 03:00:23.463257|[g:1][CONSENSUS][PBFT]checkTimeout Succ,view=666,toView=667,nodeIdx=3,changeCycle=0,myNode=d2f5130f...,timecost=0.801
info|2020-01-05 03:00:23.483840|[g:1][CONSENSUS][PBFT]checkAndChangeView: Reach consensus,org_view=666,org_changeCycle=0,cur_changeCycle=0,to_view=667
info|2020-01-05 03:00:24.485148|[g:1][CONSENSUS][SEALER]++++++++++++++++ Generating seal on,blkNum=821,tx=0,nodeIdx=3,hash=d1067f51...
info|2020-01-05 03:00:24.523258|[g:1][CONSENSUS][PBFT]checkTimeout Succ,view=667,toView=668,nodeIdx=3,changeCycle=0,myNode=d2f5130f...,timecost=0.958
info|2020-01-05 03:00:24.532015|[g:1][CONSENSUS][PBFT]checkAndChangeView: Reach consensus,org_view=667,org_changeCycle=0,cur_changeCycle=0,to_view=668
info|2020-01-05 03:00:25.526593|[g:1][CONSENSUS]addRawPrepare,height=821,reqIdx=0,hash=61085cd2...
info|2020-01-05 03:00:25.537810|[g:1][CONSENSUS][PBFT]checkTimeout Succ,view=668,toView=669,nodeIdx=3,changeCycle=0,myNode=d2f5130f...,timecost=11.099
info|2020-01-05 03:00:25.546475|[g:1][CONSENSUS][PBFT]checkAndChangeView: Reach consensus,org_view=668,org_changeCycle=0,cur_changeCycle=0,to_view=669
info|2020-01-05 03:00:26.557716|[g:1][CONSENSUS]addRawPrepare,height=821,reqIdx=1,hash=fd0c66f0...
info|2020-01-05 03:00:26.568093|[g:1][CONSENSUS][PBFT]checkTimeout Succ,view=669,toView=670,nodeIdx=3,changeCycle=0,myNode=d2f5130f...,timecost=10.192
info|2020-01-05 03:00:26.579765|[g:1][CONSENSUS][PBFT]checkAndChangeView: Reach consensus,org_view=669,org_changeCycle=0,cur_changeCycle=0,to_view=670
info|2020-01-05 03:00:27.586024|[g:1][CONSENSUS]addRawPrepare,height=821,reqIdx=2,hash=e9d2d696...
info|2020-01-05 03:00:27.596564|[g:1][CONSENSUS][PBFT]checkTimeout Succ,view=670,toView=671,nodeIdx=3,changeCycle=0,myNode=d2f5130f...,timecost=10.417
info|2020-01-05 03:00:27.607271|[g:1][CONSENSUS][PBFT]checkAndChangeView: Reach consensus,org_view=670,org_changeCycle=0,cur_changeCycle=0,to_view=671
info|2020-01-05 03:00:28.609421|[g:1][CONSENSUS][SEALER]++++++++++++++++ Generating seal on,blkNum=821,tx=0,nodeIdx=3,hash=58520e1b...
info|2020-01-05 03:00:28.647226|[g:1][CONSENSUS][PBFT]checkTimeout Succ,view=671,toView=672,nodeIdx=3,changeCycle=0,myNode=d2f5130f...,timecost=1.306
info|2020-01-05 03:00:28.657764|[g:1][CONSENSUS][PBFT]checkAndChangeView: Reach consensus,org_view=671,org_changeCycle=0,cur_changeCycle=0,to_view=672
info|2020-01-05 03:00:29.657048|[g:1][CONSENSUS]addRawPrepare,height=821,reqIdx=0,hash=70b8a8ea...
info|2020-01-05 03:00:29.661593|[g:1][CONSENSUS][PBFT]checkTimeout Succ,view=672,toView=673,nodeIdx=3,changeCycle=0,myNode=d2f5130f...,timecost=4.413
info|2020-01-05 03:00:29.685320|[g:1][CONSENSUS][PBFT]checkAndChangeView: Reach consensus,org_view=672,org_changeCycle=0,cur_changeCycle=0,to_view=673
info|2020-01-05 03:00:30.705034|[g:1][CONSENSUS]addRawPrepare,height=821,reqIdx=1,hash=88cf44b6...
info|2020-01-05 03:00:30.706551|[g:1][CONSENSUS][PBFT]checkTimeout Succ,view=673,toView=674,nodeIdx=3,changeCycle=0,myNode=d2f5130f...,timecost=1.159
info|2020-01-05 03:00:30.717599|[g:1][CONSENSUS][PBFT]checkAndChangeView: Reach consensus,org_view=673,org_changeCycle=0,cur_changeCycle=0,to_view=674
info|2020-01-05 03:00:31.766325|[g:1][CONSENSUS]addRawPrepare,height=821,reqIdx=2,hash=8e8ea1c6...
info|2020-01-05 03:00:31.774330|[g:1][CONSENSUS][PBFT]checkTimeout Succ,view=674,toView=675,nodeIdx=3,changeCycle=0,myNode=d2f5130f...,timecost=1.415
info|2020-01-05 03:00:31.838279|[g:1][CONSENSUS][PBFT]checkAndChangeView: Reach consensus,org_view=674,org_changeCycle=0,cur_changeCycle=0,to_view=675
info|2020-01-05 03:00:32.845935|[g:1][CONSENSUS][SEALER]++++++++++++++++ Generating seal on,blkNum=821,tx=0,nodeIdx=3,hash=389ef7ca...
info|2020-01-05 03:00:32.878755|[g:1][CONSENSUS][PBFT]checkTimeout Succ,view=675,toView=676,nodeIdx=3,changeCycle=0,myNode=d2f5130f...,timecost=1.224
info|2020-01-05 03:00:32.943343|[g:1][CONSENSUS][PBFT]checkAndChangeView: Reach consensus,org_view=675,org_changeCycle=0,cur_changeCycle=0,to_view=676
info|2020-01-05 03:00:32.985115|[P2P][Service] heartBeat,connected count=3
info|2020-01-05 03:00:34.063342|[g:1][CONSENSUS]addRawPrepare,height=821,reqIdx=0,hash=35d7c96e...
info|2020-01-05 03:00:34.065138|[g:1][CONSENSUS][PBFT]checkTimeout Succ,view=676,toView=677,nodeIdx=3,changeCycle=0,myNode=d2f5130f...,timecost=1.111
info|2020-01-05 03:00:34.101407|[g:1][CONSENSUS][PBFT]checkAndChangeView: Reach consensus,org_view=676,org_changeCycle=0,cur_changeCycle=0,to_view=677
info|2020-01-05 03:00:35.150476|[g:1][CONSENSUS]addRawPrepare,height=821,reqIdx=1,hash=b8c7bf1c...
info|2020-01-05 03:00:35.152172|[g:1][CONSENSUS][PBFT]checkTimeout Succ,view=677,toView=678,nodeIdx=3,changeCycle=0,myNode=d2f5130f...,timecost=1.496
info|2020-01-05 03:00:35.165589|[g:1][CONSENSUS][PBFT]checkAndChangeView: Reach consensus,org_view=677,org_changeCycle=0,cur_changeCycle=0,to_view=678
info|2020-01-05 03:00:36.228115|[g:1][CONSENSUS]addRawPrepare,height=821,reqIdx=2,hash=86d5c423...
info|2020-01-05 03:00:36.265024|[g:1][CONSENSUS][PBFT]checkTimeout Succ,view=678,toView=679,nodeIdx=3,changeCycle=0,myNode=d2f5130f...,timecost=36.691
info|2020-01-05 03:00:36.350488|[g:1][CONSENSUS][PBFT]checkAndChangeView: Reach consensus,org_view=678,org_changeCycle=0,cur_changeCycle=0,to_view=679
info|2020-01-05 03:00:37.357239|[g:1][CONSENSUS][SEALER]++++++++++++++++ Generating seal on,blkNum=821,tx=0,nodeIdx=3,hash=38ccab5b...
info|2020-01-05 03:00:37.360438|[g:1][CONSENSUS][PBFT]checkTimeout Succ,view=679,toView=680,nodeIdx=3,changeCycle=0,myNode=d2f5130f...,timecost=0.614
info|2020-01-05 03:00:37.383025|[g:1][CONSENSUS][PBFT]checkAndChangeView: Reach consensus,org_view=679,org_changeCycle=0,cur_changeCycle=0,to_view=680
info|2020-01-05 03:00:38.395830|[g:1][CONSENSUS]addRawPrepare,height=821,reqIdx=0,hash=b7dd540f...
info|2020-01-05 03:00:38.401812|[g:1][CONSENSUS][PBFT]checkTimeout Succ,view=680,toView=681,nodeIdx=3,changeCycle=0,myNode=d2f5130f...,timecost=3.981
info|2020-01-05 03:00:38.411412|[g:1][CONSENSUS][PBFT]checkAndChangeView: Reach consensus,org_view=680,org_changeCycle=0,cur_changeCycle=0,to_view=681
info|2020-01-05 03:00:39.427042|[g:1][CONSENSUS]addRawPrepare,height=821,reqIdx=1,hash=5cea260c...
info|2020-01-05 03:00:39.438065|[g:1][CONSENSUS][PBFT]checkTimeout Succ,view=681,toView=682,nodeIdx=3,changeCycle=0,myNode=d2f5130f...,timecost=10.836
info|2020-01-05 03:00:39.439735|[g:1][CONSENSUS][PBFT]checkAndChangeView: Reach consensus,org_view=681,org_changeCycle=0,cur_changeCycle=0,to_view=682
info|2020-01-05 03:00:40.439240|[g:1][CONSENSUS]addRawPrepare,height=821,reqIdx=2,hash=1c34f7d8...
info|2020-01-05 03:00:40.439864|[g:1][CONSENSUS][PBFT]checkTimeout Succ,view=682,toView=683,nodeIdx=3,changeCycle=0,myNode=d2f5130f...,timecost=0.524
info|2020-01-05 03:00:40.443763|[g:1][CONSENSUS][PBFT]checkAndChangeView: Reach consensus,org_view=682,org_changeCycle=0,cur_changeCycle=0,to_view=683
info|2020-01-05 03:00:41.443540|[g:1][CONSENSUS][SEALER]++++++++++++++++ Generating seal on,blkNum=821,tx=0,nodeIdx=3,hash=4af5ae3c...
info|2020-01-05 03:00:41.450054|[g:1][CONSENSUS][PBFT]checkTimeout Succ,view=683,toView=684,nodeIdx=3,changeCycle=0,myNode=d2f5130f...,timecost=0.713
info|2020-01-05 03:00:41.489954|[g:1][CONSENSUS][PBFT]checkAndChangeView: Reach consensus,org_view=683,org_changeCycle=0,cur_changeCycle=0,to_view=684
info|2020-01-05 03:00:42.527526|[g:1][CONSENSUS]addRawPrepare,height=821,reqIdx=0,hash=de948bcb...
info|2020-01-05 03:00:42.529832|[g:1][CONSENSUS][PBFT]checkTimeout Succ,view=684,toView=685,nodeIdx=3,changeCycle=0,myNode=d2f5130f...,timecost=2.236
info|2020-01-05 03:00:42.538855|[g:1][CONSENSUS][PBFT]checkAndChangeView: Reach consensus,org_view=684,org_changeCycle=0,cur_changeCycle=0,to_view=685
info|2020-01-05 03:00:43.005470|[P2P][Service] heartBeat,connected count=3
info|2020-01-05 03:00:43.560115|[g:1][CONSENSUS]addRawPrepare,height=821,reqIdx=1,hash=b962f6d7...
info|2020-01-05 03:00:43.560652|[g:1][CONSENSUS][PBFT]checkTimeout Succ,view=685,toView=686,nodeIdx=3,changeCycle=0,myNode=d2f5130f...,timecost=0.469
info|2020-01-05 03:00:43.561292|[g:1][CONSENSUS][PBFT]checkAndChangeView: Reach consensus,org_view=685,org_changeCycle=0,cur_changeCycle=0,to_view=686
info|2020-01-05 03:00:44.568648|[g:1][CONSENSUS]addRawPrepare,height=821,reqIdx=2,hash=ae9a67c6...
info|2020-01-05 03:00:44.571362|[g:1][CONSENSUS][PBFT]checkTimeout Succ,view=686,toView=687,nodeIdx=3,changeCycle=0,myNode=d2f5130f...,timecost=0.699
info|2020-01-05 03:00:44.629994|[g:1][CONSENSUS][PBFT]checkAndChangeView: Reach consensus,org_view=686,org_changeCycle=0,cur_changeCycle=0,to_view=687
info|2020-01-05 03:00:45.653048|[g:1][CONSENSUS][SEALER]++++++++++++++++ Generating seal on,blkNum=821,tx=0,nodeIdx=3,hash=dd3a34b8...
info|2020-01-05 03:00:45.701289|[g:1][CONSENSUS][PBFT]checkTimeout Succ,view=687,toView=688,nodeIdx=3,changeCycle=0,myNode=d2f5130f...,timecost=7.605
info|2020-01-05 03:00:45.713689|[g:1][CONSENSUS][PBFT]checkAndChangeView: Reach consensus,org_view=687,org_changeCycle=0,cur_changeCycle=0,to_view=688
info|2020-01-05 03:00:46.729250|[g:1][CONSENSUS]addRawPrepare,height=821,reqIdx=0,hash=1aa47d46...
info|2020-01-05 03:00:46.731054|[g:1][CONSENSUS][PBFT]checkTimeout Succ,view=688,toView=689,nodeIdx=3,changeCycle=0,myNode=d2f5130f...,timecost=1.262
info|2020-01-05 03:00:46.761122|[g:1][CONSENSUS][PBFT]checkAndChangeView: Reach consensus,org_view=688,org_changeCycle=0,cur_changeCycle=0,to_view=689
info|2020-01-05 03:00:47.788791|[g:1][CONSENSUS]addRawPrepare,height=821,reqIdx=1,hash=a15576bc...
info|2020-01-05 03:00:47.790190|[g:1][CONSENSUS][PBFT]checkTimeout Succ,view=689,toView=690,nodeIdx=3,changeCycle=0,myNode=d2f5130f...,timecost=0.963
info|2020-01-05 03:00:47.838320|[g:1][CONSENSUS][PBFT]checkAndChangeView: Reach consensus,org_view=689,org_changeCycle=0,cur_changeCycle=0,to_view=690
info|2020-01-05 03:00:48.862168|[g:1][CONSENSUS]addRawPrepare,height=821,reqIdx=2,hash=405d8826...
info|2020-01-05 03:00:48.868081|[g:1][CONSENSUS][PBFT]checkTimeout Succ,view=690,toView=691,nodeIdx=3,changeCycle=0,myNode=d2f5130f...,timecost=5.689
info|2020-01-05 03:00:48.902168|[g:1][CONSENSUS][PBFT]checkAndChangeView: Reach consensus,org_view=690,org_changeCycle=0,cur_changeCycle=0,to_view=691
info|2020-01-05 03:00:49.904998|[g:1][CONSENSUS][SEALER]++++++++++++++++ Generating seal on,blkNum=821,tx=0,nodeIdx=3,hash=9783c110...
info|2020-01-05 03:00:49.908841|[g:1][CONSENSUS][PBFT]checkTimeout Succ,view=691,toView=692,nodeIdx=3,changeCycle=0,myNode=d2f5130f...,timecost=2.193
info|2020-01-05 03:00:49.939328|[g:1][CONSENSUS][PBFT]checkAndChangeView: Reach consensus,org_view=691,org_changeCycle=0,cur_changeCycle=0,to_view=692
info|2020-01-05 03:00:50.953524|[g:1][CONSENSUS]addRawPrepare,height=821,reqIdx=0,hash=462099da...
info|2020-01-05 03:00:51.009114|[g:1][CONSENSUS][PBFT]checkTimeout Succ,view=692,toView=693,nodeIdx=3,changeCycle=0,myNode=d2f5130f...,timecost=2.954
info|2020-01-05 03:00:51.097033|[g:1][CONSENSUS][PBFT]checkAndChangeView: Reach consensus,org_view=692,org_changeCycle=0,cur_changeCycle=0,to_view=693
info|2020-01-05 03:00:52.097156|[g:1][CONSENSUS]addRawPrepare,height=821,reqIdx=1,hash=3fe47e2f...
info|2020-01-05 03:00:52.124983|[g:1][CONSENSUS][PBFT]checkTimeout Succ,view=693,toView=694,nodeIdx=3,changeCycle=0,myNode=d2f5130f...,timecost=15.647
info|2020-01-05 03:00:52.153447|[g:1][CONSENSUS][PBFT]checkAndChangeView: Reach consensus,org_view=693,org_changeCycle=0,cur_changeCycle=0,to_view=694
info|2020-01-05 03:00:53.005806|[P2P][Service] heartBeat,connected count=3
info|2020-01-05 03:00:53.158531|[g:1][CONSENSUS]addRawPrepare,height=821,reqIdx=2,hash=cd2488a1...
info|2020-01-05 03:00:53.169739|[g:1][CONSENSUS][PBFT]checkTimeout Succ,view=694,toView=695,nodeIdx=3,changeCycle=0,myNode=d2f5130f...,timecost=10.867
info|2020-01-05 03:00:53.185976|[g:1][CONSENSUS][PBFT]checkAndChangeView: Reach consensus,org_view=694,org_changeCycle=0,cur_changeCycle=0,to_view=695
info|2020-01-05 03:00:54.272364|[g:1][CONSENSUS][SEALER]++++++++++++++++ Generating seal on,blkNum=821,tx=0,nodeIdx=3,hash=3a004881...
info|2020-01-05 03:00:54.274151|[g:1][CONSENSUS][PBFT]checkTimeout Succ,view=695,toView=696,nodeIdx=3,changeCycle=0,myNode=d2f5130f...,timecost=0.837
info|2020-01-05 03:00:54.562393|[g:1][CONSENSUS][PBFT]checkAndChangeView: Reach consensus,org_view=695,org_changeCycle=0,cur_changeCycle=0,to_view=696
info|2020-01-05 03:00:55.561855|[g:1][CONSENSUS]addRawPrepare,height=821,reqIdx=0,hash=f6ec2963...
info|2020-01-05 03:00:55.565206|[g:1][CONSENSUS][PBFT]checkTimeout Succ,view=696,toView=697,nodeIdx=3,changeCycle=0,myNode=d2f5130f...,timecost=2.155
info|2020-01-05 03:00:55.616314|[g:1][CONSENSUS][PBFT]checkAndChangeView: Reach consensus,org_view=696,org_changeCycle=0,cur_changeCycle=0,to_view=697
info|2020-01-05 03:00:56.631655|[g:1][CONSENSUS]addRawPrepare,height=821,reqIdx=1,hash=d3d99f37...
info|2020-01-05 03:00:56.650674|[g:1][CONSENSUS][PBFT]checkTimeout Succ,view=697,toView=698,nodeIdx=3,changeCycle=0,myNode=d2f5130f...,timecost=11.159
info|2020-01-05 03:00:56.715556|[g:1][CONSENSUS][PBFT]checkAndChangeView: Reach consensus,org_view=697,org_changeCycle=0,cur_changeCycle=0,to_view=698
info|2020-01-05 03:00:57.702759|[g:1][CONSENSUS]addRawPrepare,height=821,reqIdx=2,hash=b18ca1f4...
info|2020-01-05 03:00:57.713358|[g:1][CONSENSUS][PBFT]checkTimeout Succ,view=698,toView=699,nodeIdx=3,changeCycle=0,myNode=d2f5130f...,timecost=10.34
info|2020-01-05 03:00:57.725181|[g:1][CONSENSUS][PBFT]checkAndChangeView: Reach consensus,org_view=698,org_changeCycle=0,cur_changeCycle=0,to_view=699
info|2020-01-05 03:00:58.726434|[g:1][CONSENSUS][SEALER]++++++++++++++++ Generating seal on,blkNum=821,tx=0,nodeIdx=3,hash=5c0c9c6c...
info|2020-01-05 03:00:58.731588|[g:1][CONSENSUS][PBFT]checkTimeout Succ,view=699,toView=700,nodeIdx=3,changeCycle=0,myNode=d2f5130f...,timecost=0.692
info|2020-01-05 03:00:58.748842|[g:1][CONSENSUS][PBFT]checkAndChangeView: Reach consensus,org_view=699,org_changeCycle=0,cur_changeCycle=0,to_view=700
info|2020-01-05 03:00:59.783369|[g:1][CONSENSUS]addRawPrepare,height=821,reqIdx=0,hash=28a2032a...
info|2020-01-05 03:00:59.785832|[g:1][CONSENSUS][PBFT]checkTimeout Succ,view=700,toView=701,nodeIdx=3,changeCycle=0,myNode=d2f5130f...,timecost=0.735
info|2020-01-05 03:00:59.824652|[g:1][CONSENSUS][PBFT]checkAndChangeView: Reach consensus,org_view=700,org_changeCycle=0,cur_changeCycle=0,to_view=701
info|2020-01-05 03:01:00.869389|[g:1][CONSENSUS]addRawPrepare,height=821,reqIdx=1,hash=c4a2467d...
info|2020-01-05 03:01:00.876533|[g:1][CONSENSUS][PBFT]checkTimeout Succ,view=701,toView=702,nodeIdx=3,changeCycle=0,myNode=d2f5130f...,timecost=28.941
info|2020-01-05 03:01:00.914658|[g:1][CONSENSUS][PBFT]checkAndChangeView: Reach consensus,org_view=701,org_changeCycle=0,cur_changeCycle=0,to_view=702
info|2020-01-05 03:01:01.921417|[g:1][CONSENSUS]addRawPrepare,height=821,reqIdx=2,hash=d577a461...
info|2020-01-05 03:01:01.926188|[g:1][CONSENSUS][PBFT]checkTimeout Succ,view=702,toView=703,nodeIdx=3,changeCycle=0,myNode=d2f5130f...,timecost=4.372
info|2020-01-05 03:01:01.958543|[g:1][CONSENSUS][PBFT]checkAndChangeView: Reach consensus,org_view=702,org_changeCycle=0,cur_changeCycle=0,to_view=703
info|2020-01-05 03:01:02.964555|[g:1][CONSENSUS][SEALER]++++++++++++++++ Generating seal on,blkNum=821,tx=0,nodeIdx=3,hash=54d774b9...
info|2020-01-05 03:01:03.030560|[P2P][Service] heartBeat,connected count=3
info|2020-01-05 03:01:03.036586|[g:1][CONSENSUS][PBFT]checkTimeout Succ,view=703,toView=704,nodeIdx=3,changeCycle=0,myNode=d2f5130f...,timecost=4.365
info|2020-01-05 03:01:03.119182|[g:1][CONSENSUS][PBFT]checkAndChangeView: Reach consensus,org_view=703,org_changeCycle=0,cur_changeCycle=0,to_view=704
info|2020-01-05 03:01:04.142979|[g:1][CONSENSUS]addRawPrepare,height=821,reqIdx=0,hash=6240cfac...
info|2020-01-05 03:01:04.166156|[g:1][CONSENSUS][PBFT]checkTimeout Succ,view=704,toView=705,nodeIdx=3,changeCycle=0,myNode=d2f5130f...,timecost=0.974
info|2020-01-05 03:01:04.254204|[g:1][CONSENSUS][PBFT]checkAndChangeView: Reach consensus,org_view=704,org_changeCycle=0,cur_changeCycle=0,to_view=705
info|2020-01-05 03:01:05.370671|[g:1][CONSENSUS]addRawPrepare,height=821,reqIdx=1,hash=295c1cac...
info|2020-01-05 03:01:05.425225|[g:1][CONSENSUS][PBFT]checkTimeout Succ,view=705,toView=706,nodeIdx=3,changeCycle=0,myNode=d2f5130f...,timecost=18.591
info|2020-01-05 03:01:05.463768|[g:1][CONSENSUS][PBFT]checkAndChangeView: Reach consensus,org_view=705,org_changeCycle=0,cur_changeCycle=0,to_view=706
info|2020-01-05 03:01:07.641306|[g:1][CONSENSUS]addRawPrepare,height=821,reqIdx=2,hash=4978132f...
info|2020-01-05 03:01:07.932985|[g:1][CONSENSUS][PBFT]checkTimeout Succ,view=706,toView=707,nodeIdx=3,changeCycle=0,myNode=d2f5130f...,timecost=291.679
info|2020-01-05 03:01:07.973966|[g:1][CONSENSUS][PBFT]checkAndChangeView: Reach consensus,org_view=706,org_changeCycle=0,cur_changeCycle=0,to_view=707
info|2020-01-05 03:01:09.001200|[g:1][CONSENSUS][SEALER]++++++++++++++++ Generating seal on,blkNum=821,tx=0,nodeIdx=3,hash=9de0c6e8...
info|2020-01-05 03:01:09.040707|[g:1][CONSENSUS][PBFT]checkTimeout Succ,view=707,toView=708,nodeIdx=3,changeCycle=0,myNode=d2f5130f...,timecost=29.479
info|2020-01-05 03:01:09.042630|[g:1][CONSENSUS][PBFT]checkAndChangeView: Reach consensus,org_view=707,org_changeCycle=0,cur_changeCycle=0,to_view=708
info|2020-01-05 03:01:10.090786|[g:1][CONSENSUS]addRawPrepare,height=821,reqIdx=0,hash=fe1e53f0...
info|2020-01-05 03:01:10.091417|[g:1][CONSENSUS][PBFT]checkTimeout Succ,view=708,toView=709,nodeIdx=3,changeCycle=0,myNode=d2f5130f...,timecost=0.484
info|2020-01-05 03:01:10.101907|[g:1][CONSENSUS][PBFT]checkAndChangeView: Reach consensus,org_view=708,org_changeCycle=0,cur_changeCycle=0,to_view=709
info|2020-01-05 03:01:11.397179|[g:1][CONSENSUS]addRawPrepare,height=821,reqIdx=1,hash=d89a2b58...
info|2020-01-05 03:01:11.402338|[g:1][CONSENSUS][PBFT]checkTimeout Succ,view=709,toView=710,nodeIdx=3,changeCycle=0,myNode=d2f5130f...,timecost=4.326
info|2020-01-05 03:01:12.443541|[g:1][CONSENSUS][PBFT]checkAndChangeView: Reach consensus,org_view=709,org_changeCycle=0,cur_changeCycle=0,to_view=710
info|2020-01-05 03:01:13.097297|[P2P][Service] heartBeat,connected count=3
info|2020-01-05 03:01:13.895372|[g:1][CONSENSUS]addRawPrepare,height=821,reqIdx=2,hash=5a6a1f7e...
info|2020-01-05 03:01:13.905072|[g:1][CONSENSUS][PBFT]checkTimeout Succ,view=710,toView=711,nodeIdx=3,changeCycle=0,myNode=d2f5130f...,timecost=1.031
info|2020-01-05 03:01:13.920232|[g:1][CONSENSUS][PBFT]checkAndChangeView: Reach consensus,org_view=710,org_changeCycle=0,cur_changeCycle=0,to_view=711
info|2020-01-05 03:01:14.921199|[g:1][CONSENSUS][SEALER]++++++++++++++++ Generating seal on,blkNum=821,tx=0,nodeIdx=3,hash=f16e9851...
info|2020-01-05 03:01:14.977859|[g:1][CONSENSUS][PBFT]checkTimeout Succ,view=711,toView=712,nodeIdx=3,changeCycle=0,myNode=d2f5130f...,timecost=1.158
info|2020-01-05 03:01:15.005106|[g:1][CONSENSUS][PBFT]checkAndChangeView: Reach consensus,org_view=711,org_changeCycle=0,cur_changeCycle=0,to_view=712
info|2020-01-05 03:01:16.056587|[g:1][CONSENSUS]addRawPrepare,height=821,reqIdx=0,hash=91baf849...
info|2020-01-05 03:01:16.083535|[g:1][CONSENSUS][PBFT]checkTimeout Succ,view=712,toView=713,nodeIdx=3,changeCycle=0,myNode=d2f5130f...,timecost=26.593
info|2020-01-05 03:01:16.111146|[g:1][CONSENSUS][PBFT]checkAndChangeView: Reach consensus,org_view=712,org_changeCycle=0,cur_changeCycle=0,to_view=713
info|2020-01-05 03:01:17.132980|[g:1][CONSENSUS]addRawPrepare,height=821,reqIdx=1,hash=01752c6f...
info|2020-01-05 03:01:17.133960|[g:1][CONSENSUS][PBFT]checkTimeout Succ,view=713,toView=714,nodeIdx=3,changeCycle=0,myNode=d2f5130f...,timecost=0.919
info|2020-01-05 03:01:17.146700|[g:1][CONSENSUS][PBFT]checkAndChangeView: Reach consensus,org_view=713,org_changeCycle=0,cur_changeCycle=0,to_view=714
info|2020-01-05 03:01:18.172631|[g:1][CONSENSUS]addRawPrepare,height=821,reqIdx=2,hash=2d44e507...
info|2020-01-05 03:01:18.173534|[g:1][CONSENSUS][PBFT]checkTimeout Succ,view=714,toView=715,nodeIdx=3,changeCycle=0,myNode=d2f5130f...,timecost=0.802
info|2020-01-05 03:01:18.211106|[g:1][CONSENSUS][PBFT]checkAndChangeView: Reach consensus,org_view=714,org_changeCycle=0,cur_changeCycle=0,to_view=715
info|2020-01-05 03:01:19.216153|[g:1][CONSENSUS][SEALER]++++++++++++++++ Generating seal on,blkNum=821,tx=0,nodeIdx=3,hash=c9814aaf...
info|2020-01-05 03:01:19.279780|[g:1][CONSENSUS][PBFT]checkTimeout Succ,view=715,toView=716,nodeIdx=3,changeCycle=0,myNode=d2f5130f...,timecost=16.391
info|2020-01-05 03:01:19.298167|[g:1][CONSENSUS][PBFT]checkAndChangeView: Reach consensus,org_view=715,org_changeCycle=0,cur_changeCycle=0,to_view=716
info|2020-01-05 03:01:20.270779|[g:1][CONSENSUS]addRawPrepare,height=821,reqIdx=0,hash=242532d3...
info|2020-01-05 03:01:20.273095|[g:1][CONSENSUS][PBFT]checkTimeout Succ,view=716,toView=717,nodeIdx=3,changeCycle=0,myNode=d2f5130f...,timecost=2.202
info|2020-01-05 03:01:20.285482|[g:1][CONSENSUS][PBFT]checkAndChangeView: Reach consensus,org_view=716,org_changeCycle=0,cur_changeCycle=0,to_view=717
info|2020-01-05 03:01:21.293182|[g:1][CONSENSUS]addRawPrepare,height=821,reqIdx=1,hash=e6a15f84...
info|2020-01-05 03:01:21.294146|[g:1][CONSENSUS][PBFT]checkTimeout Succ,view=717,toView=718,nodeIdx=3,changeCycle=0,myNode=d2f5130f...,timecost=0.842
info|2020-01-05 03:01:21.326274|[g:1][CONSENSUS][PBFT]checkAndChangeView: Reach consensus,org_view=717,org_changeCycle=0,cur_changeCycle=0,to_view=718
info|2020-01-05 03:01:22.325531|[g:1][CONSENSUS]addRawPrepare,height=821,reqIdx=2,hash=65152a5f...
info|2020-01-05 03:01:22.326348|[g:1][CONSENSUS][PBFT]checkTimeout Succ,view=718,toView=719,nodeIdx=3,changeCycle=0,myNode=d2f5130f...,timecost=0.811
info|2020-01-05 03:01:22.349248|[g:1][CONSENSUS][PBFT]checkAndChangeView: Reach consensus,org_view=718,org_changeCycle=0,cur_changeCycle=0,to_view=719
info|2020-01-05 03:01:23.123991|[P2P][Service] heartBeat,connected count=3
info|2020-01-05 03:01:23.351931|[g:1][CONSENSUS][SEALER]++++++++++++++++ Generating seal on,blkNum=821,tx=0,nodeIdx=3,hash=3e14eac9...
info|2020-01-05 03:01:23.353161|[g:1][CONSENSUS][PBFT]checkTimeout Succ,view=719,toView=720,nodeIdx=3,changeCycle=0,myNode=d2f5130f...,timecost=0.354
info|2020-01-05 03:01:23.365352|[g:1][CONSENSUS][PBFT]checkAndChangeView: Reach consensus,org_view=719,org_changeCycle=0,cur_changeCycle=0,to_view=720
