info|2019-12-31 10:00:00.964394|[g:1][CONSENSUS]addRawPrepare,height=89,reqIdx=1,hash=6be5f785...
info|2019-12-31 10:00:00.979015|[g:1][CONSENSUS][PBFT]checkTimeout Succ,view=12097,toView=12098,nodeIdx=3,changeCycle=0,myNode=d2f5130f...,timecost=13.606
info|2019-12-31 10:00:01.005672|[g:1][CONSENSUS][PBFT]checkAndChangeView: Reach consensus,org_view=12097,org_changeCycle=0,cur_changeCycle=0,to_view=12098
info|2019-12-31 10:00:02.023027|[g:1][CONSENSUS]addRawPrepare,height=89,reqIdx=2,hash=96cb5af2...
info|2019-12-31 10:00:02.029521|[g:1][CONSENSUS][PBFT]checkTimeout Succ,view=12098,toView=12099,nodeIdx=3,changeCycle=0,myNode=d2f5130f...,timecost=6.195
info|2019-12-31 10:00:02.056765|[g:1][CONSENSUS][PBFT]checkAndChangeView: Reach consensus,org_view=12098,org_changeCycle=0,cur_changeCycle=0,to_view=12099
info|2019-12-31 10:00:03.070704|[g:1][CONSENSUS][SEALER]++++++++++++++++ Generating seal on,blkNum=89,tx=0,nodeIdx=3,hash=dfed927e...
info|2019-12-31 10:00:03.108818|[g:1][CONSENSUS][PBFT]checkTimeout Succ,view=12099,toView=12100,nodeIdx=3,changeCycle=0,myNode=d2f5130f...,timecost=2.058
info|2019-12-31 10:00:03.127354|[g:1][CONSENSUS][PBFT]checkAndChangeView: Reach consensus,org_view=12099,org_changeCycle=0,cur_changeCycle=0,to_view=12100
info|2019-12-31 10:00:04.152570|[g:1][CONSENSUS]addRawPrepare,height=89,reqIdx=0,hash=e533810b...
info|2019-12-31 10:00:04.176100|[g:1][CONSENSUS][PBFT]checkTimeout Succ,view=12100,toView=12101,nodeIdx=3,changeCycle=0,myNode=d2f5130f...,timecost=21.02
info|2019-12-31 10:00:04.197733|[g:1][CONSENSUS][PBFT]checkAndChangeView: Reach consensus,org_view=12100,org_changeCycle=0,cur_changeCycle=0,to_view=12101
info|2019-12-31 10:00:05.200386|[g:1][CONSENSUS]addRawPrepare,height=89,reqIdx=1,hash=45defde4...
info|2019-12-31 10:00:05.216356|[g:1][CONSENSUS][PBFT]checkTimeout Succ,view=12101,toView=12102,nodeIdx=3,changeCycle=0,myNode=d2f5130f...,timecost=15.607
info|2019-12-31 10:00:05.241080|[g:1][CONSENSUS][PBFT]checkAndChangeView: Reach consensus,org_view=12101,org_changeCycle=0,cur_changeCycle=0,to_view=12102
info|2019-12-31 10:00:06.227159|[g:1][CONSENSUS]addRawPrepare,height=89,reqIdx=2,hash=7814c968...
info|2019-12-31 10:00:06.239998|[g:1][CONSENSUS][PBFT]checkTimeout Succ,view=12102,toView=12103,nodeIdx=3,changeCycle=0,myNode=d2f5130f...,timecost=12.386
info|2019-12-31 10:00:06.268953|[g:1][CONSENSUS][PBFT]checkAndChangeView: Reach consensus,org_view=12102,org_changeCycle=0,cur_changeCycle=0,to_view=12103
info|2019-12-31 10:00:07.275961|[g:1][CONSENSUS][SEALER]++++++++++++++++ Generating seal on,blkNum=89,tx=0,nodeIdx=3,hash=874776c6...
info|2019-12-31 10:00:07.299488|[g:1][CONSENSUS][PBFT]checkTimeout Succ,view=12103,toView=12104,nodeIdx=3,changeCycle=0,myNode=d2f5130f...,timecost=1.702
info|2019-12-31 10:00:07.313536|[g:1][CONSENSUS][PBFT]checkAndChangeView: Reach consensus,org_view=12103,org_changeCycle=0,cur_changeCycle=0,to_view=12104
info|2019-12-31 10:00:08.335612|[g:1][CONSENSUS]addRawPrepare,height=89,reqIdx=0,hash=11fc1c32...
info|2019-12-31 10:00:08.356205|[g:1][CONSENSUS][PBFT]checkTimeout Succ,view=12104,toView=12105,nodeIdx=3,changeCycle=0,myNode=d2f5130f...,timecost=3.601
info|2019-12-31 10:00:08.381686|[g:1][CONSENSUS][PBFT]checkAndChangeView: Reach consensus,org_view=12104,org_changeCycle=0,cur_changeCycle=0,to_view=12105
info|2019-12-31 10:00:08.706034|[P2P][Service] heartBeat,connected count=3
info|2019-12-31 10:00:09.386335|[g:1][CONSENSUS]addRawPrepare,height=89,reqIdx=1,hash=c2c820a5...
info|2019-12-31 10:00:09.390364|[g:1][CONSENSUS][PBFT]checkTimeout Succ,view=12105,toView=12106,nodeIdx=3,changeCycle=0,myNode=d2f5130f...,timecost=2.623
info|2019-12-31 10:00:09.406960|[g:1][CONSENSUS][PBFT]checkAndChangeView: Reach consensus,org_view=12105,org_changeCycle=0,cur_changeCycle=0,to_view=12106
info|2019-12-31 10:00:10.424386|[g:1][CONSENSUS]addRawPrepare,height=89,reqIdx=2,hash=2800aca7...
info|2019-12-31 10:00:10.432989|[g:1][CONSENSUS][PBFT]checkTimeout Succ,view=12106,toView=12107,nodeIdx=3,changeCycle=0,myNode=d2f5130f...,timecost=1.33
info|2019-12-31 10:00:10.466809|[g:1][CONSENSUS][PBFT]checkAndChangeView: Reach consensus,org_view=12106,org_changeCycle=0,cur_changeCycle=0,to_view=12107
info|2019-12-31 10:00:11.468525|[g:1][CONSENSUS][SEALER]++++++++++++++++ Generating seal on,blkNum=89,tx=0,nodeIdx=3,hash=6a6759e9...
info|2019-12-31 10:00:11.493449|[g:1][CONSENSUS][PBFT]checkTimeout Succ,view=12107,toView=12108,nodeIdx=3,changeCycle=0,myNode=d2f5130f...,timecost=5.183
info|2019-12-31 10:00:11.517007|[g:1][CONSENSUS][PBFT]checkAndChangeView: Reach consensus,org_view=12107,org_changeCycle=0,cur_changeCycle=0,to_view=12108
info|2019-12-31 10:00:12.537069|[g:1][CONSENSUS]addRawPrepare,height=89,reqIdx=0,hash=fb85ff85...
info|2019-12-31 10:00:12.561590|[g:1][CONSENSUS][PBFT]checkTimeout Succ,view=12108,toView=12109,nodeIdx=3,changeCycle=0,myNode=d2f5130f...,timecost=21.858
info|2019-12-31 10:00:12.584099|[g:1][CONSENSUS][PBFT]checkAndChangeView: Reach consensus,org_view=12108,org_changeCycle=0,cur_changeCycle=0,to_view=12109
info|2019-12-31 10:00:13.598885|[g:1][CONSENSUS]addRawPrepare,height=89,reqIdx=1,hash=594446e2...
info|2019-12-31 10:00:13.635898|[g:1][CONSENSUS][PBFT]checkTimeout Succ,view=12109,toView=12110,nodeIdx=3,changeCycle=0,myNode=d2f5130f...,timecost=27.011
info|2019-12-31 10:00:13.676648|[g:1][CONSENSUS][PBFT]checkAndChangeView: Reach consensus,org_view=12109,org_changeCycle=0,cur_changeCycle=0,to_view=12110
info|2019-12-31 10:00:14.757905|[g:1][CONSENSUS]addRawPrepare,height=89,reqIdx=2,hash=7e18ff53...
info|2019-12-31 10:00:14.776833|[g:1][CONSENSUS][PBFT]checkTimeout Succ,view=12110,toView=12111,nodeIdx=3,changeCycle=0,myNode=d2f5130f...,timecost=16.837
info|2019-12-31 10:00:14.842538|[g:1][CONSENSUS][PBFT]checkAndChangeView: Reach consensus,org_view=12110,org_changeCycle=0,cur_changeCycle=0,to_view=12111
info|2019-12-31 10:00:15.843971|[g:1][CONSENSUS][SEALER]++++++++++++++++ Generating seal on,blkNum=89,tx=0,nodeIdx=3,hash=86aed006...
info|2019-12-31 10:00:15.869936|[g:1][CONSENSUS][PBFT]checkTimeout Succ,view=12111,toView=12112,nodeIdx=3,changeCycle=0,myNode=d2f5130f...,timecost=5.232
info|2019-12-31 10:00:15.908578|[g:1][CONSENSUS][PBFT]checkAndChangeView: Reach consensus,org_view=12111,org_changeCycle=0,cur_changeCycle=0,to_view=12112
info|2019-12-31 10:00:16.911833|[g:1][CONSENSUS]addRawPrepare,height=89,reqIdx=0,hash=56f3fcc5...
info|2019-12-31 10:00:16.920676|[g:1][CONSENSUS][PBFT]checkTimeout Succ,view=12112,toView=12113,nodeIdx=3,changeCycle=0,myNode=d2f5130f...,timecost=5.933
info|2019-12-31 10:00:16.964166|[g:1][CONSENSUS][PBFT]checkAndChangeView: Reach consensus,org_view=12112,org_changeCycle=0,cur_changeCycle=0,to_view=12113
info|2019-12-31 10:00:18.084744|[g:1][CONSENSUS]addRawPrepare,height=89,reqIdx=1,hash=e264c205...
info|2019-12-31 10:00:18.087589|[g:1][CONSENSUS][PBFT]checkTimeout Succ,view=12113,toView=12114,nodeIdx=3,changeCycle=0,myNode=d2f5130f...,timecost=2.082
info|2019-12-31 10:00:18.426941|[g:1][CONSENSUS][PBFT]checkAndChangeView: Reach consensus,org_view=12113,org_changeCycle=0,cur_changeCycle=0,to_view=12114
info|2019-12-31 10:00:18.707192|[P2P][Service] heartBeat,connected count=3
info|2019-12-31 10:00:19.181216|[g:1][CONSENSUS]addRawPrepare,height=89,reqIdx=2,hash=ae5db9af...
info|2019-12-31 10:00:19.191822|[g:1][CONSENSUS][PBFT]checkTimeout Succ,view=12114,toView=12115,nodeIdx=3,changeCycle=0,myNode=d2f5130f...,timecost=5.958
info|2019-12-31 10:00:19.201888|[g:1][CONSENSUS][PBFT]checkAndChangeView: Reach consensus,org_view=12114,org_changeCycle=0,cur_changeCycle=0,to_view=12115
info|2019-12-31 10:00:20.217601|[g:1][CONSENSUS][SEALER]++++++++++++++++ Generating seal on,blkNum=89,tx=0,nodeIdx=3,hash=a0aedea6...
info|2019-12-31 10:00:20.237680|[g:1][CONSENSUS][PBFT]checkTimeout Succ,view=12115,toView=12116,nodeIdx=3,changeCycle=0,myNode=d2f5130f...,timecost=5.359
info|2019-12-31 10:00:20.253052|[g:1][CONSENSUS][PBFT]checkAndChangeView: Reach consensus,org_view=12115,org_changeCycle=0,cur_changeCycle=0,to_view=12116
info|2019-12-31 10:00:21.267605|[g:1][CONSENSUS]addRawPrepare,height=89,reqIdx=0,hash=e2820af2...
info|2019-12-31 10:00:21.269657|[g:1][CONSENSUS][PBFT]checkTimeout Succ,view=12116,toView=12117,nodeIdx=3,changeCycle=0,myNode=d2f5130f...,timecost=1.561
info|2019-12-31 10:00:21.380663|[g:1][CONSENSUS][PBFT]checkAndChangeView: Reach consensus,org_view=12116,org_changeCycle=0,cur_changeCycle=0,to_view=12117
info|2019-12-31 10:00:22.400873|[g:1][CONSENSUS]addRawPrepare,height=89,reqIdx=1,hash=421017db...
info|2019-12-31 10:00:22.406837|[g:1][CONSENSUS][PBFT]checkTimeout Succ,view=12117,toView=12118,nodeIdx=3,changeCycle=0,myNode=d2f5130f...,timecost=5.242
info|2019-12-31 10:00:22.422472|[g:1][CONSENSUS][PBFT]checkAndChangeView: Reach consensus,org_view=12117,org_changeCycle=0,cur_changeCycle=0,to_view=12118
info|2019-12-31 10:00:23.463622|[g:1][CONSENSUS]addRawPrepare,height=89,reqIdx=2,hash=f7153432...
info|2019-12-31 10:00:23.470633|[g:1][CONSENSUS][PBFT]checkTimeout Succ,view=12118,toView=12119,nodeIdx=3,changeCycle=0,myNode=d2f5130f...,timecost=1.611
info|2019-12-31 10:00:23.491251|[g:1][CONSENSUS][PBFT]checkAndChangeView: Reach consensus,org_view=12118,org_changeCycle=0,cur_changeCycle=0,to_view=12119
info|2019-12-31 10:00:24.492699|[g:1][CONSENSUS][SEALER]++++++++++++++++ Generating seal on,blkNum=89,tx=0,nodeIdx=3,hash=7914cfa3...
info|2019-12-31 10:00:24.567419|[g:1][CONSENSUS][PBFT]checkTimeout Succ,view=12119,toView=12120,nodeIdx=3,changeCycle=0,myNode=d2f5130f...,timecost=36.609
info|2019-12-31 10:00:24.596591|[g:1][CONSENSUS][PBFT]checkAndChangeView: Reach consensus,org_view=12119,org_changeCycle=0,cur_changeCycle=0,to_view=12120
info|2019-12-31 10:00:25.600142|[g:1][CONSENSUS]addRawPrepare,height=89,reqIdx=0,hash=adb83902...
info|2019-12-31 10:00:25.602422|[g:1][CONSENSUS][PBFT]checkTimeout Succ,view=12120,toView=12121,nodeIdx=3,changeCycle=0,myNode=d2f5130f...,timecost=2.048
info|2019-12-31 10:00:25.614107|[g:1][CONSENSUS][PBFT]checkAndChangeView: Reach consensus,org_view=12120,org_changeCycle=0,cur_changeCycle=0,to_view=12121
info|2019-12-31 10:00:26.666100|[g:1][CONSENSUS]addRawPrepare,height=89,reqIdx=1,hash=3e70dc4c...
info|2019-12-31 10:00:26.697311|[g:1][CONSENSUS][PBFT]checkTimeout Succ,view=12121,toView=12122,nodeIdx=3,changeCycle=0,myNode=d2f5130f...,timecost=3.974
info|2019-12-31 10:00:26.711348|[g:1][CONSENSUS][PBFT]checkAndChangeView: Reach consensus,org_view=12121,org_changeCycle=0,cur_changeCycle=0,to_view=12122
info|2019-12-31 10:00:27.738497|[g:1][CONSENSUS]addRawPrepare,height=89,reqIdx=2,hash=97af6660...
info|2019-12-31 10:00:27.753393|[g:1][CONSENSUS][PBFT]checkTimeout Succ,view=12122,toView=12123,nodeIdx=3,changeCycle=0,myNode=d2f5130f...,timecost=14.041
info|2019-12-31 10:00:27.837298|[g:1][CONSENSUS][PBFT]checkAndChangeView: Reach consensus,org_view=12122,org_changeCycle=0,cur_changeCycle=0,to_view=12123
info|2019-12-31 10:00:28.708521|[P2P][Service] heartBeat,connected count=3
info|2019-12-31 10:00:28.838349|[g:1][CONSENSUS][SEALER]++++++++++++++++ Generating seal on,blkNum=89,tx=0,nodeIdx=3,hash=4e69615f...
info|2019-12-31 10:00:28.872160|[g:1][CONSENSUS][PBFT]checkTimeout Succ,view=12123,toView=12124,nodeIdx=3,changeCycle=0,myNode=d2f5130f...,timecost=16.472
info|2019-12-31 10:00:29.029100|[g:1][CONSENSUS][PBFT]checkAndChangeView: Reach consensus,org_view=12123,org_changeCycle=0,cur_changeCycle=0,to_view=12124
info|2019-12-31 10:00:30.059280|[g:1][CONSENSUS]addRawPrepare,height=89,reqIdx=0,hash=72176953...
info|2019-12-31 10:00:30.066151|[g:1][CONSENSUS][PBFT]checkTimeout Succ,view=12124,toView=12125,nodeIdx=3,changeCycle=0,myNode=d2f5130f...,timecost=1.798
info|2019-12-31 10:00:30.143240|[g:1][CONSENSUS][PBFT]checkAndChangeView: Reach consensus,org_view=12124,org_changeCycle=0,cur_changeCycle=0,to_view=12125
info|2019-12-31 10:00:31.182273|[g:1][CONSENSUS]addRawPrepare,height=89,reqIdx=1,hash=9d6e120f...
info|2019-12-31 10:00:31.185765|[g:1][CONSENSUS][PBFT]checkTimeout Succ,view=12125,toView=12126,nodeIdx=3,changeCycle=0,myNode=d2f5130f...,timecost=2.974
info|2019-12-31 10:00:31.232527|[g:1][CONSENSUS][PBFT]checkAndChangeView: Reach consensus,org_view=12125,org_changeCycle=0,cur_changeCycle=0,to_view=12126
info|2019-12-31 10:00:32.253488|[g:1][CONSENSUS]addRawPrepare,height=89,reqIdx=2,hash=8c83038a...
info|2019-12-31 10:00:32.264196|[g:1][CONSENSUS][PBFT]checkTimeout Succ,view=12126,toView=12127,nodeIdx=3,changeCycle=0,myNode=d2f5130f...,timecost=10.301
info|2019-12-31 10:00:32.283814|[g:1][CONSENSUS][PBFT]checkAndChangeView: Reach consensus,org_view=12126,org_changeCycle=0,cur_changeCycle=0,to_view=12127
info|2019-12-31 10:00:33.288213|[g:1][CONSENSUS][SEALER]++++++++++++++++ Generating seal on,blkNum=89,tx=0,nodeIdx=3,hash=a898af4f...
info|2019-12-31 10:00:33.337249|[g:1][CONSENSUS][PBFT]checkTimeout Succ,view=12127,toView=12128,nodeIdx=3,changeCycle=0,myNode=d2f5130f...,timecost=2.755
info|2019-12-31 10:00:33.378371|[g:1][CONSENSUS][PBFT]checkAndChangeView: Reach consensus,org_view=12127,org_changeCycle=0,cur_changeCycle=0,to_view=12128
info|2019-12-31 10:00:34.375149|[g:1][CONSENSUS]addRawPrepare,height=89,reqIdx=0,hash=29d1acd1...
info|2019-12-31 10:00:34.379047|[g:1][CONSENSUS][PBFT]checkTimeout Succ,view=12128,toView=12129,nodeIdx=3,changeCycle=0,myNode=d2f5130f...,timecost=3.671
info|2019-12-31 10:00:34.442080|[g:1][CONSENSUS][PBFT]checkAndChangeView: Reach consensus,org_view=12128,org_changeCycle=0,cur_changeCycle=0,to_view=12129
info|2019-12-31 10:00:35.574889|[g:1][CONSENSUS]addRawPrepare,height=89,reqIdx=1,hash=a7f18588...
info|2019-12-31 10:00:35.641043|[g:1][CONSENSUS][PBFT]checkTimeout Succ,view=12129,toView=12130,nodeIdx=3,changeCycle=0,myNode=d2f5130f...,timecost=9.188
info|2019-12-31 10:00:35.709461|[g:1][CONSENSUS][PBFT]checkAndChangeView: Reach consensus,org_view=12129,org_changeCycle=0,cur_changeCycle=0,to_view=12130
info|2019-12-31 10:00:36.873028|[g:1][CONSENSUS]addRawPrepare,height=89,reqIdx=2,hash=6c809488...
info|2019-12-31 10:00:36.879600|[g:1][CONSENSUS][PBFT]checkTimeout Succ,view=12130,toView=12131,nodeIdx=3,changeCycle=0,myNode=d2f5130f...,timecost=5.797
info|2019-12-31 10:00:36.940081|[g:1][CONSENSUS][PBFT]checkAndChangeView: Reach consensus,org_view=12130,org_changeCycle=0,cur_changeCycle=0,to_view=12131
info|2019-12-31 10:00:37.944717|[g:1][CONSENSUS][SEALER]++++++++++++++++ Generating seal on,blkNum=89,tx=0,nodeIdx=3,hash=952dc495...
info|2019-12-31 10:00:37.956142|[g:1][CONSENSUS][PBFT]checkTimeout Succ,view=12131,toView=12132,nodeIdx=3,changeCycle=0,myNode=d2f5130f...,timecost=0.917
info|2019-12-31 10:00:37.973186|[g:1][CONSENSUS][PBFT]checkAndChangeView: Reach consensus,org_view=12131,org_changeCycle=0,cur_changeCycle=0,to_view=12132
info|2019-12-31 10:00:38.709338|[P2P][Service] heartBeat,connected count=3
info|2019-12-31 10:00:38.988607|[g:1][CONSENSUS]addRawPrepare,height=89,reqIdx=0,hash=cec8ca30...
info|2019-12-31 10:00:38.993047|[g:1][CONSENSUS][PBFT]checkTimeout Succ,view=12132,toView=12133,nodeIdx=3,changeCycle=0,myNode=d2f5130f...,timecost=2.257
info|2019-12-31 10:00:39.011594|[g:1][CONSENSUS][PBFT]checkAndChangeView: Reach consensus,org_view=12132,org_changeCycle=0,cur_changeCycle=0,to_view=12133
info|2019-12-31 10:00:40.030349|[g:1][CONSENSUS]addRawPrepare,height=89,reqIdx=1,hash=e586ed57...
info|2019-12-31 10:00:40.037265|[g:1][CONSENSUS][PBFT]checkTimeout Succ,view=12133,toView=12134,nodeIdx=3,changeCycle=0,myNode=d2f5130f...,timecost=5.643
info|2019-12-31 10:00:40.042531|[g:1][CONSENSUS][PBFT]checkAndChangeView: Reach consensus,org_view=12133,org_changeCycle=0,cur_changeCycle=0,to_view=12134
info|2019-12-31 10:00:41.056668|[g:1][CONSENSUS]addRawPrepare,height=89,reqIdx=2,hash=b96c8886...
info|2019-12-31 10:00:41.059425|[g:1][CONSENSUS][PBFT]checkTimeout Succ,view=12134,toView=12135,nodeIdx=3,changeCycle=0,myNode=d2f5130f...,timecost=2.304
info|2019-12-31 10:00:41.077186|[g:1][CONSENSUS][PBFT]checkAndChangeView: Reach consensus,org_view=12134,org_changeCycle=0,cur_changeCycle=0,to_view=12135
info|2019-12-31 10:00:42.079582|[g:1][CONSENSUS][SEALER]++++++++++++++++ Generating seal on,blkNum=89,tx=0,nodeIdx=3,hash=ba191931...
info|2019-12-31 10:00:42.098700|[g:1][CONSENSUS][PBFT]checkTimeout Succ,view=12135,toView=12136,nodeIdx=3,changeCycle=0,myNode=d2f5130f...,timecost=0.606
info|2019-12-31 10:00:42.106352|[g:1][CONSENSUS][PBFT]checkAndChangeView: Reach consensus,org_view=12135,org_changeCycle=0,cur_changeCycle=0,to_view=12136
info|2019-12-31 10:00:43.149067|[g:1][CONSENSUS]addRawPrepare,height=89,reqIdx=0,hash=77a84ba8...
info|2019-12-31 10:00:43.149827|[g:1][CONSENSUS][PBFT]checkTimeout Succ,view=12136,toView=12137,nodeIdx=3,changeCycle=0,myNode=d2f5130f...,timecost=0.551
info|2019-12-31 10:00:43.183772|[g:1][CONSENSUS][PBFT]checkAndChangeView: Reach consensus,org_view=12136,org_changeCycle=0,cur_changeCycle=0,to_view=12137
info|2019-12-31 10:00:44.189623|[g:1][CONSENSUS]addRawPrepare,height=89,reqIdx=1,hash=2e08bd46...
info|2019-12-31 10:00:44.190261|[g:1][CONSENSUS][PBFT]checkTimeout Succ,view=12137,toView=12138,nodeIdx=3,changeCycle=0,myNode=d2f5130f...,timecost=0.453
info|2019-12-31 10:00:44.199412|[g:1][CONSENSUS][PBFT]checkAndChangeView: Reach consensus,org_view=12137,org_changeCycle=0,cur_changeCycle=0,to_view=12138
info|2019-12-31 10:00:45.255435|[g:1][CONSENSUS]addRawPrepare,height=89,reqIdx=2,hash=9a4566f0...
info|2019-12-31 10:00:45.256071|[g:1][CONSENSUS][PBFT]checkTimeout Succ,view=12138,toView=12139,nodeIdx=3,changeCycle=0,myNode=d2f5130f...,timecost=0.46
info|2019-12-31 10:00:45.362879|[g:1][CONSENSUS][PBFT]checkAndChangeView: Reach consensus,org_view=12138,org_changeCycle=0,cur_changeCycle=0,to_view=12139
info|2019-12-31 10:00:46.362437|[g:1][CONSENSUS][SEALER]++++++++++++++++ Generating seal on,blkNum=89,tx=0,nodeIdx=3,hash=817e8f78...
info|2019-12-31 10:00:46.379799|[g:1][CONSENSUS][PBFT]checkTimeout Succ,view=12139,toView=12140,nodeIdx=3,changeCycle=0,myNode=d2f5130f...,timecost=4.467
info|2019-12-31 10:00:46.380867|[g:1][CONSENSUS][PBFT]checkAndChangeView: Reach consensus,org_view=12139,org_changeCycle=0,cur_changeCycle=0,to_view=12140
info|2019-12-31 10:00:47.388650|[g:1][CONSENSUS]addRawPrepare,height=89,reqIdx=0,hash=af531dd2...
info|2019-12-31 10:00:47.389222|[g:1][CONSENSUS][PBFT]checkTimeout Succ,view=12140,toView=12141,nodeIdx=3,changeCycle=0,myNode=d2f5130f...,timecost=0.422
info|2019-12-31 10:00:47.393782|[g:1][CONSENSUS][PBFT]checkAndChangeView: Reach consensus,org_view=12140,org_changeCycle=0,cur_changeCycle=0,to_view=12141
info|2019-12-31 10:00:52.686122|[P2P][Service] heartBeat,connected count=3
warning|2019-12-31 10:00:52.690018|[g:1][CONSENSUS][PBFT]ViewChangeWarning: not caused by omit empty block ,v=12141,toV=12142,curNum=88,hash=825347b7...,nodeIdx=3,myNode=d2f5130f...
info|2019-12-31 10:00:52.701062|[g:1][CONSENSUS][PBFT]checkTimeout Succ,view=12141,toView=12142,nodeIdx=3,changeCycle=1,myNode=d2f5130f...,timecost=11.628
