info|2019-12-18 02:55:59.870534|[INITIALIZER][initGlobalConfig],enableCompress=true,compatibilityVersion=2.1.0,versionNumber=33619968,chainId=1
info|2019-12-18 02:56:00.150807|[NETWORK][Host]Connecting to node,endpoint=127.0.0.1:30300
info|2019-12-18 02:56:00.151220|[NETWORK][Host]Connecting to node,endpoint=127.0.0.1:30301
info|2019-12-18 02:56:00.151370|[NETWORK][Host]Connecting to node,endpoint=127.0.0.1:30302
info|2019-12-18 02:56:00.155332|[NETWORK][Host]P2P StartAccept,Host=0.0.0.0:30302
info|2019-12-18 02:56:00.155747|[NETWORK][ASIO]asyncResolveConnect,endpoint=127.0.0.1:30300
info|2019-12-18 02:56:00.156502|[NETWORK][ASIO]asyncResolveConnect,endpoint=127.0.0.1:30301
warning|2019-12-18 02:56:00.157170|[NETWORK][Host]TCP Connection refused by node,endpoint=127.0.0.1:30300,message=Connection refused
warning|2019-12-18 02:56:00.157403|[NETWORK][Host]TCP Connection refused by node,endpoint=127.0.0.1:30301,message=Connection refused
warning|2019-12-18 02:56:00.157841|[P2P][Service] onConnect,errorCode=5,what=Connect failed
warning|2019-12-18 02:56:00.158091|[P2P][Service] onConnect,errorCode=5,what=Connect failed
info|2019-12-18 02:56:00.158339|[NETWORK][Host]Connecting to node,endpoint=127.0.0.1:30303
info|2019-12-18 02:56:00.158502|[P2P][Service] heartBeat,connected count=0
info|2019-12-18 02:56:00.162608|[NETWORK][ASIO]asyncResolveConnect,endpoint=127.0.0.1:30302
info|2019-12-18 02:56:00.166247|[NETWORK][ASIO]asyncResolveConnect,endpoint=127.0.0.1:30303
info|2019-12-18 02:56:00.166452|[NETWORK][Host]P2P Recv Connect, From=127.0.0.1:46954
info|2019-12-18 02:56:00.166642|[NETWORK][Host]P2P StartAccept,Host=0.0.0.0:30302
info|2019-12-18 02:56:00.174785|[CHANNEL]ChannelRPCServer started
info|2019-12-18 02:56:00.174918|[INITIALIZER][RPCInitializer]ChannelRPCHttpServer started.
info|2019-12-18 02:56:00.174994|[LedgerInitializer],groupConfigPath=conf/
info|2019-12-18 02:56:00.175292|[INITIALIZER][initSingleLedger] [GroupId]:  1
info|2019-12-18 02:56:00.175367|[g:1][LEDGER]LedgerConstructor,configPath=conf/group.1.genesis,baseDir=data//group1
info|2019-12-18 02:56:00.175407|[g:1][LEDGER][initGenesisConfig]initConsensusConfig/initDBConfig/initTxConfig,configFile=conf/group.1.genesis
info|2019-12-18 02:56:00.175594|[g:1][LEDGER][initConsensusConfig],it.first=95edd296a1b637d90acc7f7b0c99a233fc816f6a2bb84564c90f991b0d0766417de5e4025c78fd6918ad831178ee39c387e3ffc45bda061945d45e367660a209
info|2019-12-18 02:56:00.175654|[g:1][LEDGER][initConsensusConfig],it.first=493ace4fab92d0185d161d2091601fd0138eaff9538dc0461bb51097ebd4eab28e98f6432e4063239467cc37d96a1e1ace7a0e1ebb02a0c17ef726dc00a5a93b
info|2019-12-18 02:56:00.175701|[g:1][LEDGER][initConsensusConfig],it.first=d2f5130fbde32fe8ae68a12df7c51d3e16d8526eb2a54cfd864330987063242acdce510cf7b40823cd2d90b20776c4e2925757b25dea2a1995320eea155fefca
info|2019-12-18 02:56:00.175749|[g:1][LEDGER][initConsensusConfig],it.first=546baaf5b229fc2052feeaeddd778fbacc56bae0761f0713179899dfd87ec367186805dc44b2459507fcf2c7cbbcf0ef04b9bfcf0698236b3490848a83922697
info|2019-12-18 02:56:00.175942|[g:1][LEDGER][initIniConfig]initTxPoolConfig/initSyncConfig/initTxExecuteConfig,configFile=conf/group.1.ini
info|2019-12-18 02:56:00.176327|[g:1][LEDGER][initLedger][DBInitializer]
info|2019-12-18 02:56:00.176408|[g:1][DBINITIALIZER] [initRocksDBStorage]
info|2019-12-18 02:56:00.176993|[g:1][ROCKSDB]open rocksDB handler
info|2019-12-18 02:56:00.181210|[NETWORK][Host]P2P Recv Connect, From=127.0.0.1:46958
info|2019-12-18 02:56:00.181438|[NETWORK][Host]P2P StartAccept,Host=0.0.0.0:30302
info|2019-12-18 02:56:00.201326|[NETWORK][Host]P2P Recv Connect, From=127.0.0.1:46966
info|2019-12-18 02:56:00.201498|[NETWORK][Host]P2P StartAccept,Host=0.0.0.0:30302
info|2019-12-18 02:56:00.248930|[NETWORK][Host]P2P Recv Connect, From=127.0.0.1:46974
info|2019-12-18 02:56:00.249526|[NETWORK][Host]P2P StartAccept,Host=0.0.0.0:30302
info|2019-12-18 02:56:00.298189|[g:1][g:0][STORAGE][CachedStorage]Init flushStorage thread
info|2019-12-18 02:56:00.319810|[g:1][g:1][STORAGE][CachedStorage]CachedStorage commit: 4 hash: 2396c71454ab0ebabae85ebf0de677be06ddc43c771c6f30631a1b1d77350764 num: 0
info|2019-12-18 02:56:00.320751|[g:1][STORAGE]Submited block task: 0, current syncd block: 0
info|2019-12-18 02:56:00.321041|[g:1][BLOCKCHAIN][#checkAndBuildGenesisBlock]Insert the 0th block
info|2019-12-18 02:56:00.322143|[g:1][CONSENSUS][PBFT]Register handler for PBFTEngine
info|2019-12-18 02:56:00.334943|[STORAGE]Start commit block: 0 to backend storage
info|2019-12-18 02:56:00.339361|[g:1][CONSENSUS][PBFT],minBlockGenerationTime=500
info|2019-12-18 02:56:00.339495|[LedgerInitializer init group succ],groupID=1
info|2019-12-18 02:56:00.340185|[INITIALIZER][RPCInitializer]JsonrpcHttpServer started.
info|2019-12-18 02:56:00.340271|[g:1][LEDGER]startAll...
info|2019-12-18 02:56:00.349022|[g:1][CONSENSUS][PBFT]^^^^^^^^Report,num=0,sealerIdx=0,hash=2396c714...,next=1,tx=0,nodeIdx=3
info|2019-12-18 02:56:00.350692|[NETWORK][Host]startPeerSession, From=127.0.0.1:46958,nodeID=d2f5130f...
info|2019-12-18 02:56:00.353640|[NETWORK][Host]startPeerSession, From=127.0.0.1:30302,nodeID=d2f5130f...
info|2019-12-18 02:56:00.359774|[STORAGE][g:1]
---------------------------------------------------------------------
Commit block: 0 to backend storage finished, current cached block: 0
Flush elapsed time: 0.0250s
---------------------------------------------------------------------

info|2019-12-18 02:56:00.382693|[g:1][CONSENSUS][PBFT][PBFT init env successfully]
info|2019-12-18 02:56:00.382807|[g:1][CONSENSUS][ConsensusEngine][Start ConsensusEngineBase]
info|2019-12-18 02:56:00.400361|[g:1][CONSENSUS][PBFT][Start PBFTEngine...]
info|2019-12-18 02:56:00.400395|[g:1][CONSENSUS][SEALER][Start sealer module]
info|2019-12-18 02:56:00.400949|[g:1][CONSENSUS][PBFT]^^^^^^^^Report,num=0,sealerIdx=0,hash=2396c714...,next=1,tx=0,nodeIdx=3
info|2019-12-18 02:56:00.404407|[NETWORK][Host]startPeerSession, From=127.0.0.1:46954,nodeID=546baaf5...
info|2019-12-18 02:56:00.404630|[P2P][Service] Connection established,nodeID=546baaf5...,endpoint=127.0.0.1:46954
info|2019-12-18 02:56:00.409325|[g:1][EVENT][EventLogFilterManager]start,m_maxBlockRange=0,m_maxBlockPerLoopFilter=3
info|2019-12-18 02:56:00.536522|[P2P][Service] Connection established,nodeID=95edd296...,endpoint=127.0.0.1:46974
info|2019-12-18 02:56:00.537199|[NETWORK][Host]startPeerSession, From=127.0.0.1:46974,nodeID=95edd296...
info|2019-12-18 02:56:00.539445|[P2P][Service] Connection established,nodeID=493ace4f...,endpoint=127.0.0.1:46966
info|2019-12-18 02:56:00.539614|[NETWORK][Host]startPeerSession, From=127.0.0.1:46966,nodeID=493ace4f...
info|2019-12-18 02:56:00.548169|[NETWORK][Host]startPeerSession, From=127.0.0.1:30303,nodeID=546baaf5...
info|2019-12-18 02:56:01.436450|[g:1][CONSENSUS]addRawPrepare,height=1,reqIdx=0,hash=6fe30463...
info|2019-12-18 02:56:01.464378|[g:1][CONSENSUS][PBFT]checkTimeout Succ,view=0,toView=1,nodeIdx=3,changeCycle=0,myNode=d2f5130f...,timecost=3.681
info|2019-12-18 02:56:01.500531|[g:1][CONSENSUS][PBFT]checkAndChangeView: Reach consensus,org_view=0,org_changeCycle=0,cur_changeCycle=0,to_view=1
info|2019-12-18 02:56:02.545094|[g:1][CONSENSUS]addRawPrepare,height=1,reqIdx=1,hash=9f801824...
info|2019-12-18 02:56:02.558615|[g:1][CONSENSUS][PBFT]checkTimeout Succ,view=1,toView=2,nodeIdx=3,changeCycle=0,myNode=d2f5130f...,timecost=1.583
info|2019-12-18 02:56:02.578128|[g:1][CONSENSUS][PBFT]checkAndChangeView: Reach consensus,org_view=1,org_changeCycle=0,cur_changeCycle=0,to_view=2
info|2019-12-18 02:56:03.585771|[g:1][CONSENSUS]addRawPrepare,height=1,reqIdx=2,hash=476209d1...
info|2019-12-18 02:56:03.587302|[g:1][CONSENSUS][PBFT]checkTimeout Succ,view=2,toView=3,nodeIdx=3,changeCycle=0,myNode=d2f5130f...,timecost=0.911
info|2019-12-18 02:56:03.627944|[g:1][CONSENSUS][PBFT]checkAndChangeView: Reach consensus,org_view=2,org_changeCycle=0,cur_changeCycle=0,to_view=3
info|2019-12-18 02:56:04.633128|[g:1][CONSENSUS][SEALER]++++++++++++++++ Generating seal on,blkNum=1,tx=0,nodeIdx=3,hash=ef7a8a31...
info|2019-12-18 02:56:04.638474|[g:1][CONSENSUS][PBFT]checkTimeout Succ,view=3,toView=4,nodeIdx=3,changeCycle=0,myNode=d2f5130f...,timecost=1.439
info|2019-12-18 02:56:04.696611|[g:1][CONSENSUS][PBFT]checkAndChangeView: Reach consensus,org_view=3,org_changeCycle=0,cur_changeCycle=0,to_view=4
info|2019-12-18 02:56:05.721002|[g:1][CONSENSUS]addRawPrepare,height=1,reqIdx=0,hash=d2e467c0...
info|2019-12-18 02:56:05.773590|[g:1][CONSENSUS][PBFT]checkTimeout Succ,view=4,toView=5,nodeIdx=3,changeCycle=0,myNode=d2f5130f...,timecost=52.224
info|2019-12-18 02:56:05.830017|[g:1][CONSENSUS][PBFT]checkAndChangeView: Reach consensus,org_view=4,org_changeCycle=0,cur_changeCycle=0,to_view=5
info|2019-12-18 02:56:06.836770|[g:1][CONSENSUS]addRawPrepare,height=1,reqIdx=1,hash=333abb85...
info|2019-12-18 02:56:06.837924|[g:1][CONSENSUS][PBFT]checkTimeout Succ,view=5,toView=6,nodeIdx=3,changeCycle=0,myNode=d2f5130f...,timecost=1.04
info|2019-12-18 02:56:06.881122|[g:1][CONSENSUS][PBFT]checkAndChangeView: Reach consensus,org_view=5,org_changeCycle=0,cur_changeCycle=0,to_view=6
info|2019-12-18 02:56:07.916774|[g:1][CONSENSUS]addRawPrepare,height=1,reqIdx=2,hash=af68aa32...
info|2019-12-18 02:56:07.941038|[g:1][CONSENSUS][PBFT]checkTimeout Succ,view=6,toView=7,nodeIdx=3,changeCycle=0,myNode=d2f5130f...,timecost=10.815
info|2019-12-18 02:56:07.952883|[g:1][CONSENSUS][PBFT]checkAndChangeView: Reach consensus,org_view=6,org_changeCycle=0,cur_changeCycle=0,to_view=7
info|2019-12-18 02:56:08.954951|[g:1][CONSENSUS][SEALER]++++++++++++++++ Generating seal on,blkNum=1,tx=0,nodeIdx=3,hash=8006f96a...
info|2019-12-18 02:56:08.957568|[g:1][CONSENSUS][PBFT]checkTimeout Succ,view=7,toView=8,nodeIdx=3,changeCycle=0,myNode=d2f5130f...,timecost=1.388
info|2019-12-18 02:56:08.989348|[g:1][CONSENSUS][PBFT]checkAndChangeView: Reach consensus,org_view=7,org_changeCycle=0,cur_changeCycle=0,to_view=8
info|2019-12-18 02:56:09.990086|[g:1][CONSENSUS]addRawPrepare,height=1,reqIdx=0,hash=faba0a9c...
info|2019-12-18 02:56:09.996806|[g:1][CONSENSUS][PBFT]checkTimeout Succ,view=8,toView=9,nodeIdx=3,changeCycle=0,myNode=d2f5130f...,timecost=6.968
info|2019-12-18 02:56:10.020746|[g:1][CONSENSUS][PBFT]checkAndChangeView: Reach consensus,org_view=8,org_changeCycle=0,cur_changeCycle=0,to_view=9
info|2019-12-18 02:56:10.158803|[NETWORK][Host]Connecting to node,endpoint=127.0.0.1:30300
info|2019-12-18 02:56:10.159023|[NETWORK][Host]Connecting to node,endpoint=127.0.0.1:30301
info|2019-12-18 02:56:10.159148|[P2P][Service] heartBeat,connected count=3
info|2019-12-18 02:56:10.159389|[NETWORK][ASIO]asyncResolveConnect,endpoint=127.0.0.1:30300
info|2019-12-18 02:56:10.159638|[NETWORK][ASIO]asyncResolveConnect,endpoint=127.0.0.1:30301
info|2019-12-18 02:56:10.265004|[NETWORK][Host]startPeerSession, From=127.0.0.1:30300,nodeID=95edd296...
info|2019-12-18 02:56:10.277866|[NETWORK][Host]startPeerSession, From=127.0.0.1:30301,nodeID=493ace4f...
info|2019-12-18 02:56:11.020592|[g:1][CONSENSUS]addRawPrepare,height=1,reqIdx=1,hash=bfebf9ce...
info|2019-12-18 02:56:11.030816|[g:1][CONSENSUS][PBFT]checkTimeout Succ,view=9,toView=10,nodeIdx=3,changeCycle=0,myNode=d2f5130f...,timecost=9.693
info|2019-12-18 02:56:11.048295|[g:1][CONSENSUS][PBFT]checkAndChangeView: Reach consensus,org_view=9,org_changeCycle=0,cur_changeCycle=0,to_view=10
info|2019-12-18 02:56:12.076888|[g:1][CONSENSUS]addRawPrepare,height=1,reqIdx=2,hash=2c6eee5c...
info|2019-12-18 02:56:12.093244|[g:1][CONSENSUS][PBFT]checkTimeout Succ,view=10,toView=11,nodeIdx=3,changeCycle=0,myNode=d2f5130f...,timecost=12.231
info|2019-12-18 02:56:12.151388|[g:1][CONSENSUS][PBFT]checkAndChangeView: Reach consensus,org_view=10,org_changeCycle=0,cur_changeCycle=0,to_view=11
info|2019-12-18 02:56:13.152018|[g:1][CONSENSUS][SEALER]++++++++++++++++ Generating seal on,blkNum=1,tx=0,nodeIdx=3,hash=a4f528cf...
info|2019-12-18 02:56:13.159990|[g:1][CONSENSUS][PBFT]checkTimeout Succ,view=11,toView=12,nodeIdx=3,changeCycle=0,myNode=d2f5130f...,timecost=1.382
info|2019-12-18 02:56:13.175356|[g:1][CONSENSUS][PBFT]checkAndChangeView: Reach consensus,org_view=11,org_changeCycle=0,cur_changeCycle=0,to_view=12
info|2019-12-18 02:56:14.197887|[g:1][CONSENSUS]addRawPrepare,height=1,reqIdx=0,hash=a291121b...
info|2019-12-18 02:56:14.203540|[g:1][CONSENSUS][PBFT]checkTimeout Succ,view=12,toView=13,nodeIdx=3,changeCycle=0,myNode=d2f5130f...,timecost=3.97
info|2019-12-18 02:56:14.216136|[g:1][CONSENSUS][PBFT]checkAndChangeView: Reach consensus,org_view=12,org_changeCycle=0,cur_changeCycle=0,to_view=13
info|2019-12-18 02:56:15.252342|[g:1][CONSENSUS]addRawPrepare,height=1,reqIdx=1,hash=d4bb2c77...
info|2019-12-18 02:56:15.266397|[g:1][CONSENSUS][PBFT]checkTimeout Succ,view=13,toView=14,nodeIdx=3,changeCycle=0,myNode=d2f5130f...,timecost=8.602
info|2019-12-18 02:56:15.285157|[g:1][CONSENSUS][PBFT]checkAndChangeView: Reach consensus,org_view=13,org_changeCycle=0,cur_changeCycle=0,to_view=14
info|2019-12-18 02:56:16.299183|[g:1][CONSENSUS]addRawPrepare,height=1,reqIdx=2,hash=d931222f...
info|2019-12-18 02:56:16.304990|[g:1][CONSENSUS][PBFT]checkTimeout Succ,view=14,toView=15,nodeIdx=3,changeCycle=0,myNode=d2f5130f...,timecost=3.103
info|2019-12-18 02:56:16.329760|[g:1][CONSENSUS][PBFT]checkAndChangeView: Reach consensus,org_view=14,org_changeCycle=0,cur_changeCycle=0,to_view=15
info|2019-12-18 02:56:17.332304|[g:1][CONSENSUS][SEALER]++++++++++++++++ Generating seal on,blkNum=1,tx=0,nodeIdx=3,hash=2e6a7538...
info|2019-12-18 02:56:17.352880|[g:1][CONSENSUS][PBFT]checkTimeout Succ,view=15,toView=16,nodeIdx=3,changeCycle=0,myNode=d2f5130f...,timecost=4.174
info|2019-12-18 02:56:17.418653|[g:1][CONSENSUS][PBFT]checkAndChangeView: Reach consensus,org_view=15,org_changeCycle=0,cur_changeCycle=0,to_view=16
info|2019-12-18 02:56:18.418934|[g:1][CONSENSUS]addRawPrepare,height=1,reqIdx=0,hash=ee3ae2b3...
info|2019-12-18 02:56:18.510439|[g:1][CONSENSUS][PBFT]checkTimeout Succ,view=16,toView=17,nodeIdx=3,changeCycle=0,myNode=d2f5130f...,timecost=51.573
info|2019-12-18 02:56:18.546361|[g:1][CONSENSUS][PBFT]checkAndChangeView: Reach consensus,org_view=16,org_changeCycle=0,cur_changeCycle=0,to_view=17
info|2019-12-18 02:56:19.526263|[g:1][CONSENSUS]addRawPrepare,height=1,reqIdx=1,hash=bc31abbf...
info|2019-12-18 02:56:19.538037|[g:1][CONSENSUS][PBFT]checkTimeout Succ,view=17,toView=18,nodeIdx=3,changeCycle=0,myNode=d2f5130f...,timecost=11.496
info|2019-12-18 02:56:19.568026|[g:1][CONSENSUS][PBFT]checkAndChangeView: Reach consensus,org_view=17,org_changeCycle=0,cur_changeCycle=0,to_view=18
info|2019-12-18 02:56:20.160144|[P2P][Service] heartBeat,connected count=3
info|2019-12-18 02:56:20.580702|[g:1][CONSENSUS]addRawPrepare,height=1,reqIdx=2,hash=bd7bf537...
info|2019-12-18 02:56:20.581315|[g:1][CONSENSUS][PBFT]checkTimeout Succ,view=18,toView=19,nodeIdx=3,changeCycle=0,myNode=d2f5130f...,timecost=0.544
info|2019-12-18 02:56:20.587480|[g:1][CONSENSUS][PBFT]checkAndChangeView: Reach consensus,org_view=18,org_changeCycle=0,cur_changeCycle=0,to_view=19
info|2019-12-18 02:56:21.593058|[g:1][CONSENSUS][SEALER]++++++++++++++++ Generating seal on,blkNum=1,tx=0,nodeIdx=3,hash=b102f682...
info|2019-12-18 02:56:21.594604|[g:1][CONSENSUS][PBFT]checkTimeout Succ,view=19,toView=20,nodeIdx=3,changeCycle=0,myNode=d2f5130f...,timecost=0.727
info|2019-12-18 02:56:21.602976|[g:1][CONSENSUS][PBFT]checkAndChangeView: Reach consensus,org_view=19,org_changeCycle=0,cur_changeCycle=0,to_view=20
info|2019-12-18 02:56:22.615044|[g:1][CONSENSUS]addRawPrepare,height=1,reqIdx=0,hash=810f7c28...
info|2019-12-18 02:56:22.629787|[g:1][CONSENSUS][PBFT]checkTimeout Succ,view=20,toView=21,nodeIdx=3,changeCycle=0,myNode=d2f5130f...,timecost=14.129
info|2019-12-18 02:56:22.652913|[g:1][CONSENSUS][PBFT]checkAndChangeView: Reach consensus,org_view=20,org_changeCycle=0,cur_changeCycle=0,to_view=21
info|2019-12-18 02:56:23.679969|[g:1][CONSENSUS]addRawPrepare,height=1,reqIdx=1,hash=54872c99...
info|2019-12-18 02:56:23.682061|[g:1][CONSENSUS][PBFT]checkTimeout Succ,view=21,toView=22,nodeIdx=3,changeCycle=0,myNode=d2f5130f...,timecost=2.286
info|2019-12-18 02:56:23.715316|[g:1][CONSENSUS][PBFT]checkAndChangeView: Reach consensus,org_view=21,org_changeCycle=0,cur_changeCycle=0,to_view=22
info|2019-12-18 02:56:24.869119|[g:1][CONSENSUS]addRawPrepare,height=1,reqIdx=2,hash=746442a1...
info|2019-12-18 02:56:25.023292|[g:1][CONSENSUS][PBFT]checkTimeout Succ,view=22,toView=23,nodeIdx=3,changeCycle=0,myNode=d2f5130f...,timecost=121.926
info|2019-12-18 02:56:25.074154|[g:1][CONSENSUS][PBFT]checkAndChangeView: Reach consensus,org_view=22,org_changeCycle=0,cur_changeCycle=0,to_view=23
info|2019-12-18 02:56:26.101817|[g:1][CONSENSUS][SEALER]++++++++++++++++ Generating seal on,blkNum=1,tx=0,nodeIdx=3,hash=101c34b4...
info|2019-12-18 02:56:26.156391|[g:1][CONSENSUS][PBFT]checkTimeout Succ,view=23,toView=24,nodeIdx=3,changeCycle=0,myNode=d2f5130f...,timecost=47.911
info|2019-12-18 02:56:26.239422|[g:1][CONSENSUS][PBFT]checkAndChangeView: Reach consensus,org_view=23,org_changeCycle=0,cur_changeCycle=0,to_view=24
info|2019-12-18 02:56:27.284562|[g:1][CONSENSUS]addRawPrepare,height=1,reqIdx=0,hash=3421ea32...
info|2019-12-18 02:56:27.291784|[g:1][CONSENSUS][PBFT]checkTimeout Succ,view=24,toView=25,nodeIdx=3,changeCycle=0,myNode=d2f5130f...,timecost=6.259
info|2019-12-18 02:56:27.303459|[g:1][CONSENSUS][PBFT]checkAndChangeView: Reach consensus,org_view=24,org_changeCycle=0,cur_changeCycle=0,to_view=25
info|2019-12-18 02:56:28.317493|[g:1][CONSENSUS]addRawPrepare,height=1,reqIdx=1,hash=95cebbe1...
info|2019-12-18 02:56:28.331160|[g:1][CONSENSUS][PBFT]checkTimeout Succ,view=25,toView=26,nodeIdx=3,changeCycle=0,myNode=d2f5130f...,timecost=12.859
info|2019-12-18 02:56:28.369052|[g:1][CONSENSUS][PBFT]checkAndChangeView: Reach consensus,org_view=25,org_changeCycle=0,cur_changeCycle=0,to_view=26
info|2019-12-18 02:56:29.611821|[g:1][CONSENSUS]addRawPrepare,height=1,reqIdx=2,hash=8e5352df...
info|2019-12-18 02:56:29.641717|[g:1][CONSENSUS][PBFT]checkTimeout Succ,view=26,toView=27,nodeIdx=3,changeCycle=0,myNode=d2f5130f...,timecost=29.706
info|2019-12-18 02:56:29.776418|[g:1][CONSENSUS][PBFT]checkAndChangeView: Reach consensus,org_view=26,org_changeCycle=0,cur_changeCycle=0,to_view=27
info|2019-12-18 02:56:30.161189|[P2P][Service] heartBeat,connected count=3
info|2019-12-18 02:56:30.777824|[g:1][CONSENSUS][SEALER]++++++++++++++++ Generating seal on,blkNum=1,tx=0,nodeIdx=3,hash=a518a3b1...
info|2019-12-18 02:56:30.802947|[g:1][CONSENSUS][PBFT]checkTimeout Succ,view=27,toView=28,nodeIdx=3,changeCycle=0,myNode=d2f5130f...,timecost=20.521
info|2019-12-18 02:56:30.814868|[g:1][CONSENSUS][PBFT]checkAndChangeView: Reach consensus,org_view=27,org_changeCycle=0,cur_changeCycle=0,to_view=28
info|2019-12-18 02:56:31.888286|[g:1][CONSENSUS]addRawPrepare,height=1,reqIdx=0,hash=71ba405f...
info|2019-12-18 02:56:31.895776|[g:1][CONSENSUS][PBFT]checkTimeout Succ,view=28,toView=29,nodeIdx=3,changeCycle=0,myNode=d2f5130f...,timecost=3.418
info|2019-12-18 02:56:32.005741|[g:1][CONSENSUS][PBFT]checkAndChangeView: Reach consensus,org_view=28,org_changeCycle=0,cur_changeCycle=0,to_view=29
info|2019-12-18 02:56:33.031614|[g:1][CONSENSUS]addRawPrepare,height=1,reqIdx=1,hash=44b1415f...
info|2019-12-18 02:56:33.045171|[g:1][CONSENSUS][PBFT]checkTimeout Succ,view=29,toView=30,nodeIdx=3,changeCycle=0,myNode=d2f5130f...,timecost=13.281
info|2019-12-18 02:56:33.072212|[g:1][CONSENSUS][PBFT]checkAndChangeView: Reach consensus,org_view=29,org_changeCycle=0,cur_changeCycle=0,to_view=30
info|2019-12-18 02:56:34.119284|[g:1][CONSENSUS]addRawPrepare,height=1,reqIdx=2,hash=9446ac97...
info|2019-12-18 02:56:34.144481|[g:1][CONSENSUS][PBFT]checkTimeout Succ,view=30,toView=31,nodeIdx=3,changeCycle=0,myNode=d2f5130f...,timecost=24.749
info|2019-12-18 02:56:34.182527|[g:1][CONSENSUS][PBFT]checkAndChangeView: Reach consensus,org_view=30,org_changeCycle=0,cur_changeCycle=0,to_view=31
info|2019-12-18 02:56:35.183204|[g:1][CONSENSUS][SEALER]++++++++++++++++ Generating seal on,blkNum=1,tx=0,nodeIdx=3,hash=bb9c1c4c...
info|2019-12-18 02:56:35.263535|[g:1][CONSENSUS][PBFT]checkTimeout Succ,view=31,toView=32,nodeIdx=3,changeCycle=0,myNode=d2f5130f...,timecost=25.283
info|2019-12-18 02:56:35.284351|[g:1][CONSENSUS][PBFT]checkAndChangeView: Reach consensus,org_view=31,org_changeCycle=0,cur_changeCycle=0,to_view=32
info|2019-12-18 02:56:36.264864|[g:1][CONSENSUS]addRawPrepare,height=1,reqIdx=0,hash=2c7986db...
info|2019-12-18 02:56:36.266452|[g:1][CONSENSUS][PBFT]checkTimeout Succ,view=32,toView=33,nodeIdx=3,changeCycle=0,myNode=d2f5130f...,timecost=0.823
info|2019-12-18 02:56:36.278623|[g:1][CONSENSUS][PBFT]checkAndChangeView: Reach consensus,org_view=32,org_changeCycle=0,cur_changeCycle=0,to_view=33
info|2019-12-18 02:56:37.300417|[g:1][CONSENSUS]addRawPrepare,height=1,reqIdx=1,hash=cc0b3661...
info|2019-12-18 02:56:37.309701|[g:1][CONSENSUS][PBFT]checkTimeout Succ,view=33,toView=34,nodeIdx=3,changeCycle=0,myNode=d2f5130f...,timecost=9.107
info|2019-12-18 02:56:37.319550|[g:1][CONSENSUS][PBFT]checkAndChangeView: Reach consensus,org_view=33,org_changeCycle=0,cur_changeCycle=0,to_view=34
info|2019-12-18 02:56:38.331854|[g:1][CONSENSUS]addRawPrepare,height=1,reqIdx=2,hash=75a7d845...
info|2019-12-18 02:56:38.346326|[g:1][CONSENSUS][PBFT]checkTimeout Succ,view=34,toView=35,nodeIdx=3,changeCycle=0,myNode=d2f5130f...,timecost=12.718
info|2019-12-18 02:56:38.371108|[g:1][CONSENSUS][PBFT]checkAndChangeView: Reach consensus,org_view=34,org_changeCycle=0,cur_changeCycle=0,to_view=35
info|2019-12-18 02:56:39.371728|[g:1][CONSENSUS][SEALER]++++++++++++++++ Generating seal on,blkNum=1,tx=0,nodeIdx=3,hash=1cea3fa4...
info|2019-12-18 02:56:39.403913|[g:1][CONSENSUS][PBFT]checkTimeout Succ,view=35,toView=36,nodeIdx=3,changeCycle=0,myNode=d2f5130f...,timecost=1.628
info|2019-12-18 02:56:39.421224|[g:1][CONSENSUS][PBFT]checkAndChangeView: Reach consensus,org_view=35,org_changeCycle=0,cur_changeCycle=0,to_view=36
info|2019-12-18 02:56:40.161856|[P2P][Service] heartBeat,connected count=3
info|2019-12-18 02:56:40.456306|[g:1][CONSENSUS]addRawPrepare,height=1,reqIdx=0,hash=ec0ada36...
info|2019-12-18 02:56:40.514283|[g:1][CONSENSUS][PBFT]checkTimeout Succ,view=36,toView=37,nodeIdx=3,changeCycle=0,myNode=d2f5130f...,timecost=20.275
info|2019-12-18 02:56:40.645793|[g:1][CONSENSUS][PBFT]checkAndChangeView: Reach consensus,org_view=36,org_changeCycle=0,cur_changeCycle=0,to_view=37
info|2019-12-18 02:56:41.602672|[g:1][CONSENSUS]addRawPrepare,height=1,reqIdx=1,hash=8272ebc1...
info|2019-12-18 02:56:41.622028|[g:1][CONSENSUS][PBFT]checkTimeout Succ,view=37,toView=38,nodeIdx=3,changeCycle=0,myNode=d2f5130f...,timecost=17.304
info|2019-12-18 02:56:41.673363|[g:1][CONSENSUS][PBFT]checkAndChangeView: Reach consensus,org_view=37,org_changeCycle=0,cur_changeCycle=0,to_view=38
info|2019-12-18 02:56:42.722060|[g:1][CONSENSUS]addRawPrepare,height=1,reqIdx=2,hash=eccb5f0d...
info|2019-12-18 02:56:42.749148|[g:1][CONSENSUS][PBFT]checkTimeout Succ,view=38,toView=39,nodeIdx=3,changeCycle=0,myNode=d2f5130f...,timecost=21.507
info|2019-12-18 02:56:42.797725|[g:1][CONSENSUS][PBFT]checkAndChangeView: Reach consensus,org_view=38,org_changeCycle=0,cur_changeCycle=0,to_view=39
info|2019-12-18 02:56:43.803277|[g:1][CONSENSUS][SEALER]++++++++++++++++ Generating seal on,blkNum=1,tx=0,nodeIdx=3,hash=0bcebb6b...
info|2019-12-18 02:56:43.812423|[g:1][CONSENSUS][PBFT]checkTimeout Succ,view=39,toView=40,nodeIdx=3,changeCycle=0,myNode=d2f5130f...,timecost=1.415
info|2019-12-18 02:56:43.835744|[g:1][CONSENSUS][PBFT]checkAndChangeView: Reach consensus,org_view=39,org_changeCycle=0,cur_changeCycle=0,to_view=40
info|2019-12-18 02:56:44.851504|[g:1][CONSENSUS]addRawPrepare,height=1,reqIdx=0,hash=ae62bcbf...
info|2019-12-18 02:56:44.863831|[g:1][CONSENSUS][PBFT]checkTimeout Succ,view=40,toView=41,nodeIdx=3,changeCycle=0,myNode=d2f5130f...,timecost=10.51
info|2019-12-18 02:56:44.872780|[g:1][CONSENSUS][PBFT]checkAndChangeView: Reach consensus,org_view=40,org_changeCycle=0,cur_changeCycle=0,to_view=41
info|2019-12-18 02:56:46.001739|[g:1][CONSENSUS]addRawPrepare,height=1,reqIdx=1,hash=aa7a82b3...
info|2019-12-18 02:56:46.272689|[g:1][CONSENSUS][PBFT]checkTimeout Succ,view=41,toView=42,nodeIdx=3,changeCycle=0,myNode=d2f5130f...,timecost=47.977
info|2019-12-18 02:56:46.305491|[g:1][CONSENSUS][PBFT]checkAndChangeView: Reach consensus,org_view=41,org_changeCycle=0,cur_changeCycle=0,to_view=42
info|2019-12-18 02:56:47.220056|[g:1][CONSENSUS]addRawPrepare,height=1,reqIdx=2,hash=c4758f4a...
info|2019-12-18 02:56:47.224197|[g:1][CONSENSUS][PBFT]checkTimeout Succ,view=42,toView=43,nodeIdx=3,changeCycle=0,myNode=d2f5130f...,timecost=2.49
info|2019-12-18 02:56:47.238923|[g:1][CONSENSUS][PBFT]checkAndChangeView: Reach consensus,org_view=42,org_changeCycle=0,cur_changeCycle=0,to_view=43
info|2019-12-18 02:56:48.240782|[g:1][CONSENSUS][SEALER]++++++++++++++++ Generating seal on,blkNum=1,tx=0,nodeIdx=3,hash=58b0dd2b...
info|2019-12-18 02:56:48.273658|[g:1][CONSENSUS][PBFT]checkTimeout Succ,view=43,toView=44,nodeIdx=3,changeCycle=0,myNode=d2f5130f...,timecost=1.157
info|2019-12-18 02:56:48.282283|[g:1][CONSENSUS][PBFT]checkAndChangeView: Reach consensus,org_view=43,org_changeCycle=0,cur_changeCycle=0,to_view=44
info|2019-12-18 02:56:49.298511|[g:1][CONSENSUS]addRawPrepare,height=1,reqIdx=0,hash=f62b03ed...
info|2019-12-18 02:56:49.314958|[g:1][CONSENSUS][PBFT]checkTimeout Succ,view=44,toView=45,nodeIdx=3,changeCycle=0,myNode=d2f5130f...,timecost=11.195
info|2019-12-18 02:56:49.352367|[g:1][CONSENSUS][PBFT]checkAndChangeView: Reach consensus,org_view=44,org_changeCycle=0,cur_changeCycle=0,to_view=45
info|2019-12-18 02:56:50.162632|[P2P][Service] heartBeat,connected count=3
info|2019-12-18 02:56:50.361463|[g:1][CONSENSUS]addRawPrepare,height=1,reqIdx=1,hash=075bac7b...
info|2019-12-18 02:56:50.380985|[g:1][CONSENSUS][PBFT]checkTimeout Succ,view=45,toView=46,nodeIdx=3,changeCycle=0,myNode=d2f5130f...,timecost=12.432
info|2019-12-18 02:56:50.411460|[g:1][CONSENSUS][PBFT]checkAndChangeView: Reach consensus,org_view=45,org_changeCycle=0,cur_changeCycle=0,to_view=46
info|2019-12-18 02:56:51.407490|[g:1][CONSENSUS]addRawPrepare,height=1,reqIdx=2,hash=f2529872...
info|2019-12-18 02:56:51.413676|[g:1][CONSENSUS][PBFT]checkTimeout Succ,view=46,toView=47,nodeIdx=3,changeCycle=0,myNode=d2f5130f...,timecost=5.961
info|2019-12-18 02:56:51.437678|[g:1][CONSENSUS][PBFT]checkAndChangeView: Reach consensus,org_view=46,org_changeCycle=0,cur_changeCycle=0,to_view=47
info|2019-12-18 02:56:52.438824|[g:1][CONSENSUS][SEALER]++++++++++++++++ Generating seal on,blkNum=1,tx=0,nodeIdx=3,hash=2f632eb2...
info|2019-12-18 02:56:52.481177|[g:1][CONSENSUS][PBFT]checkTimeout Succ,view=47,toView=48,nodeIdx=3,changeCycle=0,myNode=d2f5130f...,timecost=6.315
info|2019-12-18 02:56:52.509175|[g:1][CONSENSUS][PBFT]checkAndChangeView: Reach consensus,org_view=47,org_changeCycle=0,cur_changeCycle=0,to_view=48
info|2019-12-18 02:56:53.521908|[g:1][CONSENSUS]addRawPrepare,height=1,reqIdx=0,hash=c8916137...
info|2019-12-18 02:56:53.528843|[g:1][CONSENSUS][PBFT]checkTimeout Succ,view=48,toView=49,nodeIdx=3,changeCycle=0,myNode=d2f5130f...,timecost=3.32
info|2019-12-18 02:56:53.560843|[g:1][CONSENSUS][PBFT]checkAndChangeView: Reach consensus,org_view=48,org_changeCycle=0,cur_changeCycle=0,to_view=49
info|2019-12-18 02:56:54.574956|[g:1][CONSENSUS]addRawPrepare,height=1,reqIdx=1,hash=c222f671...
info|2019-12-18 02:56:54.596732|[g:1][CONSENSUS][PBFT]checkTimeout Succ,view=49,toView=50,nodeIdx=3,changeCycle=0,myNode=d2f5130f...,timecost=14.721
info|2019-12-18 02:56:54.627940|[g:1][CONSENSUS][PBFT]checkAndChangeView: Reach consensus,org_view=49,org_changeCycle=0,cur_changeCycle=0,to_view=50
info|2019-12-18 02:56:55.649406|[g:1][CONSENSUS]addRawPrepare,height=1,reqIdx=2,hash=9b2d2ca3...
info|2019-12-18 02:56:55.653259|[g:1][CONSENSUS][PBFT]checkTimeout Succ,view=50,toView=51,nodeIdx=3,changeCycle=0,myNode=d2f5130f...,timecost=3.096
info|2019-12-18 02:56:55.688556|[g:1][CONSENSUS][PBFT]checkAndChangeView: Reach consensus,org_view=50,org_changeCycle=0,cur_changeCycle=0,to_view=51
info|2019-12-18 02:56:56.689539|[g:1][CONSENSUS][SEALER]++++++++++++++++ Generating seal on,blkNum=1,tx=0,nodeIdx=3,hash=1f8c2aae...
info|2019-12-18 02:56:56.724850|[g:1][CONSENSUS][PBFT]checkTimeout Succ,view=51,toView=52,nodeIdx=3,changeCycle=0,myNode=d2f5130f...,timecost=2.888
info|2019-12-18 02:56:56.735863|[g:1][CONSENSUS][PBFT]checkAndChangeView: Reach consensus,org_view=51,org_changeCycle=0,cur_changeCycle=0,to_view=52
info|2019-12-18 02:56:57.772392|[g:1][CONSENSUS]addRawPrepare,height=1,reqIdx=0,hash=0404565b...
info|2019-12-18 02:56:57.784624|[g:1][CONSENSUS][PBFT]checkTimeout Succ,view=52,toView=53,nodeIdx=3,changeCycle=0,myNode=d2f5130f...,timecost=10.493
info|2019-12-18 02:56:57.823070|[g:1][CONSENSUS][PBFT]checkAndChangeView: Reach consensus,org_view=52,org_changeCycle=0,cur_changeCycle=0,to_view=53
info|2019-12-18 02:56:58.830438|[g:1][CONSENSUS]addRawPrepare,height=1,reqIdx=1,hash=9956f06d...
info|2019-12-18 02:56:58.837925|[g:1][CONSENSUS][PBFT]checkTimeout Succ,view=53,toView=54,nodeIdx=3,changeCycle=0,myNode=d2f5130f...,timecost=5.956
info|2019-12-18 02:56:58.865711|[g:1][CONSENSUS][PBFT]checkAndChangeView: Reach consensus,org_view=53,org_changeCycle=0,cur_changeCycle=0,to_view=54
info|2019-12-18 02:56:59.890680|[g:1][CONSENSUS]addRawPrepare,height=1,reqIdx=2,hash=5fa6f8b0...
info|2019-12-18 02:56:59.892870|[g:1][CONSENSUS][PBFT]checkTimeout Succ,view=54,toView=55,nodeIdx=3,changeCycle=0,myNode=d2f5130f...,timecost=1.774
info|2019-12-18 02:56:59.907120|[g:1][CONSENSUS][PBFT]checkAndChangeView: Reach consensus,org_view=54,org_changeCycle=0,cur_changeCycle=0,to_view=55
info|2019-12-18 02:57:00.164056|[P2P][Service] heartBeat,connected count=3
info|2019-12-18 02:57:00.907902|[g:1][CONSENSUS][SEALER]++++++++++++++++ Generating seal on,blkNum=1,tx=0,nodeIdx=3,hash=b20d9f6b...
info|2019-12-18 02:57:00.954297|[g:1][CONSENSUS][PBFT]checkTimeout Succ,view=55,toView=56,nodeIdx=3,changeCycle=0,myNode=d2f5130f...,timecost=3.167
info|2019-12-18 02:57:00.961855|[g:1][CONSENSUS][PBFT]checkAndChangeView: Reach consensus,org_view=55,org_changeCycle=0,cur_changeCycle=0,to_view=56
info|2019-12-18 02:57:01.972239|[g:1][CONSENSUS]addRawPrepare,height=1,reqIdx=0,hash=d379f017...
info|2019-12-18 02:57:01.977061|[g:1][CONSENSUS][PBFT]checkTimeout Succ,view=56,toView=57,nodeIdx=3,changeCycle=0,myNode=d2f5130f...,timecost=3.979
info|2019-12-18 02:57:02.000915|[g:1][CONSENSUS][PBFT]checkAndChangeView: Reach consensus,org_view=56,org_changeCycle=0,cur_changeCycle=0,to_view=57
info|2019-12-18 02:57:03.049718|[g:1][CONSENSUS]addRawPrepare,height=1,reqIdx=1,hash=ac37cab3...
info|2019-12-18 02:57:03.064835|[g:1][CONSENSUS][PBFT]checkTimeout Succ,view=57,toView=58,nodeIdx=3,changeCycle=0,myNode=d2f5130f...,timecost=14.892
info|2019-12-18 02:57:03.105019|[g:1][CONSENSUS][PBFT]checkAndChangeView: Reach consensus,org_view=57,org_changeCycle=0,cur_changeCycle=0,to_view=58
info|2019-12-18 02:57:04.130962|[g:1][CONSENSUS]addRawPrepare,height=1,reqIdx=2,hash=651b32d3...
info|2019-12-18 02:57:04.136392|[g:1][CONSENSUS][PBFT]checkTimeout Succ,view=58,toView=59,nodeIdx=3,changeCycle=0,myNode=d2f5130f...,timecost=4.33
info|2019-12-18 02:57:04.160622|[g:1][CONSENSUS][PBFT]checkAndChangeView: Reach consensus,org_view=58,org_changeCycle=0,cur_changeCycle=0,to_view=59
info|2019-12-18 02:57:05.161427|[g:1][CONSENSUS][SEALER]++++++++++++++++ Generating seal on,blkNum=1,tx=0,nodeIdx=3,hash=ad364d59...
info|2019-12-18 02:57:05.202685|[g:1][CONSENSUS][PBFT]checkTimeout Succ,view=59,toView=60,nodeIdx=3,changeCycle=0,myNode=d2f5130f...,timecost=6.942
info|2019-12-18 02:57:05.207923|[g:1][CONSENSUS][PBFT]checkAndChangeView: Reach consensus,org_view=59,org_changeCycle=0,cur_changeCycle=0,to_view=60
info|2019-12-18 02:57:06.235168|[g:1][CONSENSUS]addRawPrepare,height=1,reqIdx=0,hash=60fc5189...
info|2019-12-18 02:57:06.258341|[g:1][CONSENSUS][PBFT]checkTimeout Succ,view=60,toView=61,nodeIdx=3,changeCycle=0,myNode=d2f5130f...,timecost=14.806
info|2019-12-18 02:57:06.298989|[g:1][CONSENSUS][PBFT]checkAndChangeView: Reach consensus,org_view=60,org_changeCycle=0,cur_changeCycle=0,to_view=61
info|2019-12-18 02:57:07.311765|[g:1][CONSENSUS]addRawPrepare,height=1,reqIdx=1,hash=f241c37e...
info|2019-12-18 02:57:07.358512|[g:1][CONSENSUS][PBFT]checkTimeout Succ,view=61,toView=62,nodeIdx=3,changeCycle=0,myNode=d2f5130f...,timecost=29.409
info|2019-12-18 02:57:07.379484|[g:1][CONSENSUS][PBFT]checkAndChangeView: Reach consensus,org_view=61,org_changeCycle=0,cur_changeCycle=0,to_view=62
info|2019-12-18 02:57:08.358945|[g:1][CONSENSUS]addRawPrepare,height=1,reqIdx=2,hash=c1c8670d...
info|2019-12-18 02:57:08.391248|[g:1][CONSENSUS][PBFT]checkTimeout Succ,view=62,toView=63,nodeIdx=3,changeCycle=0,myNode=d2f5130f...,timecost=21.57
info|2019-12-18 02:57:08.421958|[g:1][CONSENSUS][PBFT]checkAndChangeView: Reach consensus,org_view=62,org_changeCycle=0,cur_changeCycle=0,to_view=63
info|2019-12-18 02:57:09.423850|[g:1][CONSENSUS][SEALER]++++++++++++++++ Generating seal on,blkNum=1,tx=0,nodeIdx=3,hash=b51cf6b2...
info|2019-12-18 02:57:09.465588|[g:1][CONSENSUS][PBFT]checkTimeout Succ,view=63,toView=64,nodeIdx=3,changeCycle=0,myNode=d2f5130f...,timecost=1.456
info|2019-12-18 02:57:09.482940|[g:1][CONSENSUS][PBFT]checkAndChangeView: Reach consensus,org_view=63,org_changeCycle=0,cur_changeCycle=0,to_view=64
info|2019-12-18 02:57:10.165035|[P2P][Service] heartBeat,connected count=3
info|2019-12-18 02:57:10.508129|[g:1][CONSENSUS]addRawPrepare,height=1,reqIdx=0,hash=b5953614...
info|2019-12-18 02:57:10.520421|[g:1][CONSENSUS][PBFT]checkTimeout Succ,view=64,toView=65,nodeIdx=3,changeCycle=0,myNode=d2f5130f...,timecost=5.742
info|2019-12-18 02:57:10.576640|[g:1][CONSENSUS][PBFT]checkAndChangeView: Reach consensus,org_view=64,org_changeCycle=0,cur_changeCycle=0,to_view=65
info|2019-12-18 02:57:11.599222|[g:1][CONSENSUS]addRawPrepare,height=1,reqIdx=1,hash=8b632480...
info|2019-12-18 02:57:11.632498|[g:1][CONSENSUS][PBFT]checkTimeout Succ,view=65,toView=66,nodeIdx=3,changeCycle=0,myNode=d2f5130f...,timecost=20.698
info|2019-12-18 02:57:11.672876|[g:1][CONSENSUS][PBFT]checkAndChangeView: Reach consensus,org_view=65,org_changeCycle=0,cur_changeCycle=0,to_view=66
info|2019-12-18 02:57:12.692923|[g:1][CONSENSUS]addRawPrepare,height=1,reqIdx=2,hash=6f68f2aa...
info|2019-12-18 02:57:12.743198|[g:1][CONSENSUS][PBFT]checkTimeout Succ,view=66,toView=67,nodeIdx=3,changeCycle=0,myNode=d2f5130f...,timecost=36.915
info|2019-12-18 02:57:12.768938|[g:1][CONSENSUS][PBFT]checkAndChangeView: Reach consensus,org_view=66,org_changeCycle=0,cur_changeCycle=0,to_view=67
info|2019-12-18 02:57:13.771052|[g:1][CONSENSUS][SEALER]++++++++++++++++ Generating seal on,blkNum=1,tx=0,nodeIdx=3,hash=8e6e2ce3...
info|2019-12-18 02:57:13.811712|[g:1][CONSENSUS][PBFT]checkTimeout Succ,view=67,toView=68,nodeIdx=3,changeCycle=0,myNode=d2f5130f...,timecost=4.031
info|2019-12-18 02:57:13.818943|[g:1][CONSENSUS][PBFT]checkAndChangeView: Reach consensus,org_view=67,org_changeCycle=0,cur_changeCycle=0,to_view=68
info|2019-12-18 02:57:14.847753|[g:1][CONSENSUS]addRawPrepare,height=1,reqIdx=0,hash=7a754300...
info|2019-12-18 02:57:14.867943|[g:1][CONSENSUS][PBFT]checkTimeout Succ,view=68,toView=69,nodeIdx=3,changeCycle=0,myNode=d2f5130f...,timecost=12.959
info|2019-12-18 02:57:14.912092|[g:1][CONSENSUS][PBFT]checkAndChangeView: Reach consensus,org_view=68,org_changeCycle=0,cur_changeCycle=0,to_view=69
info|2019-12-18 02:57:15.928473|[g:1][CONSENSUS]addRawPrepare,height=1,reqIdx=1,hash=ec83c4fb...
info|2019-12-18 02:57:15.994775|[g:1][CONSENSUS][PBFT]checkTimeout Succ,view=69,toView=70,nodeIdx=3,changeCycle=0,myNode=d2f5130f...,timecost=65.711
info|2019-12-18 02:57:16.009043|[g:1][CONSENSUS][PBFT]checkAndChangeView: Reach consensus,org_view=69,org_changeCycle=0,cur_changeCycle=0,to_view=70
info|2019-12-18 02:57:17.023736|[g:1][CONSENSUS]addRawPrepare,height=1,reqIdx=2,hash=14c3e62b...
info|2019-12-18 02:57:17.034493|[g:1][CONSENSUS][PBFT]checkTimeout Succ,view=70,toView=71,nodeIdx=3,changeCycle=0,myNode=d2f5130f...,timecost=2.38
info|2019-12-18 02:57:17.056971|[g:1][CONSENSUS][PBFT]checkAndChangeView: Reach consensus,org_view=70,org_changeCycle=0,cur_changeCycle=0,to_view=71
info|2019-12-18 02:57:18.063748|[g:1][CONSENSUS][SEALER]++++++++++++++++ Generating seal on,blkNum=1,tx=0,nodeIdx=3,hash=a6c60c06...
info|2019-12-18 02:57:18.107677|[g:1][CONSENSUS][PBFT]checkTimeout Succ,view=71,toView=72,nodeIdx=3,changeCycle=0,myNode=d2f5130f...,timecost=2.545
info|2019-12-18 02:57:18.122099|[g:1][CONSENSUS][PBFT]checkAndChangeView: Reach consensus,org_view=71,org_changeCycle=0,cur_changeCycle=0,to_view=72
info|2019-12-18 02:57:19.118532|[g:1][CONSENSUS]addRawPrepare,height=1,reqIdx=0,hash=2d9a802f...
info|2019-12-18 02:57:19.141035|[g:1][CONSENSUS][PBFT]checkTimeout Succ,view=72,toView=73,nodeIdx=3,changeCycle=0,myNode=d2f5130f...,timecost=14.207
info|2019-12-18 02:57:19.175372|[g:1][CONSENSUS][PBFT]checkAndChangeView: Reach consensus,org_view=72,org_changeCycle=0,cur_changeCycle=0,to_view=73
info|2019-12-18 02:57:20.168463|[P2P][Service] heartBeat,connected count=3
info|2019-12-18 02:57:20.183431|[g:1][CONSENSUS]addRawPrepare,height=1,reqIdx=1,hash=2478a02a...
info|2019-12-18 02:57:20.185300|[g:1][CONSENSUS][PBFT]checkTimeout Succ,view=73,toView=74,nodeIdx=3,changeCycle=0,myNode=d2f5130f...,timecost=1.307
info|2019-12-18 02:57:20.225571|[g:1][CONSENSUS][PBFT]checkAndChangeView: Reach consensus,org_view=73,org_changeCycle=0,cur_changeCycle=0,to_view=74
info|2019-12-18 02:57:21.244698|[g:1][CONSENSUS]addRawPrepare,height=1,reqIdx=2,hash=cff9da38...
info|2019-12-18 02:57:21.275381|[g:1][CONSENSUS][PBFT]checkTimeout Succ,view=74,toView=75,nodeIdx=3,changeCycle=0,myNode=d2f5130f...,timecost=11.25
info|2019-12-18 02:57:21.304796|[g:1][CONSENSUS][PBFT]checkAndChangeView: Reach consensus,org_view=74,org_changeCycle=0,cur_changeCycle=0,to_view=75
info|2019-12-18 02:57:22.305718|[g:1][CONSENSUS][SEALER]++++++++++++++++ Generating seal on,blkNum=1,tx=0,nodeIdx=3,hash=bb5db3ca...
info|2019-12-18 02:57:22.344345|[g:1][CONSENSUS][PBFT]checkTimeout Succ,view=75,toView=76,nodeIdx=3,changeCycle=0,myNode=d2f5130f...,timecost=1.39
info|2019-12-18 02:57:22.354836|[g:1][CONSENSUS][PBFT]checkAndChangeView: Reach consensus,org_view=75,org_changeCycle=0,cur_changeCycle=0,to_view=76
info|2019-12-18 02:57:23.392047|[g:1][CONSENSUS]addRawPrepare,height=1,reqIdx=0,hash=8432c89a...
info|2019-12-18 02:57:23.419020|[g:1][CONSENSUS][PBFT]checkTimeout Succ,view=76,toView=77,nodeIdx=3,changeCycle=0,myNode=d2f5130f...,timecost=22.062
info|2019-12-18 02:57:23.444090|[g:1][CONSENSUS][PBFT]checkAndChangeView: Reach consensus,org_view=76,org_changeCycle=0,cur_changeCycle=0,to_view=77
info|2019-12-18 02:57:24.463625|[g:1][CONSENSUS]addRawPrepare,height=1,reqIdx=1,hash=410c8638...
info|2019-12-18 02:57:24.502594|[g:1][CONSENSUS][PBFT]checkTimeout Succ,view=77,toView=78,nodeIdx=3,changeCycle=0,myNode=d2f5130f...,timecost=11.037
info|2019-12-18 02:57:24.535312|[g:1][CONSENSUS][PBFT]checkAndChangeView: Reach consensus,org_view=77,org_changeCycle=0,cur_changeCycle=0,to_view=78
info|2019-12-18 02:57:25.529967|[g:1][CONSENSUS]addRawPrepare,height=1,reqIdx=2,hash=fb925aae...
info|2019-12-18 02:57:25.551026|[g:1][CONSENSUS][PBFT]checkTimeout Succ,view=78,toView=79,nodeIdx=3,changeCycle=0,myNode=d2f5130f...,timecost=18.972
info|2019-12-18 02:57:25.586872|[g:1][CONSENSUS][PBFT]checkAndChangeView: Reach consensus,org_view=78,org_changeCycle=0,cur_changeCycle=0,to_view=79
info|2019-12-18 02:57:26.589090|[g:1][CONSENSUS][SEALER]++++++++++++++++ Generating seal on,blkNum=1,tx=0,nodeIdx=3,hash=d2e87ee9...
info|2019-12-18 02:57:26.631664|[g:1][CONSENSUS][PBFT]checkTimeout Succ,view=79,toView=80,nodeIdx=3,changeCycle=0,myNode=d2f5130f...,timecost=1.922
info|2019-12-18 02:57:26.649559|[g:1][CONSENSUS][PBFT]checkAndChangeView: Reach consensus,org_view=79,org_changeCycle=0,cur_changeCycle=0,to_view=80
info|2019-12-18 02:57:27.671062|[g:1][CONSENSUS]addRawPrepare,height=1,reqIdx=0,hash=474ee44c...
info|2019-12-18 02:57:27.675450|[g:1][CONSENSUS][PBFT]checkTimeout Succ,view=80,toView=81,nodeIdx=3,changeCycle=0,myNode=d2f5130f...,timecost=2.585
info|2019-12-18 02:57:27.695626|[g:1][CONSENSUS][PBFT]checkAndChangeView: Reach consensus,org_view=80,org_changeCycle=0,cur_changeCycle=0,to_view=81
info|2019-12-18 02:57:28.752226|[g:1][CONSENSUS]addRawPrepare,height=1,reqIdx=1,hash=648c9ac4...
info|2019-12-18 02:57:28.775971|[g:1][CONSENSUS][PBFT]checkTimeout Succ,view=81,toView=82,nodeIdx=3,changeCycle=0,myNode=d2f5130f...,timecost=13.743
info|2019-12-18 02:57:28.799730|[g:1][CONSENSUS][PBFT]checkAndChangeView: Reach consensus,org_view=81,org_changeCycle=0,cur_changeCycle=0,to_view=82
info|2019-12-18 02:57:29.787432|[g:1][CONSENSUS]addRawPrepare,height=1,reqIdx=2,hash=a28c107f...
info|2019-12-18 02:57:29.812780|[g:1][CONSENSUS][PBFT]checkTimeout Succ,view=82,toView=83,nodeIdx=3,changeCycle=0,myNode=d2f5130f...,timecost=13.671
info|2019-12-18 02:57:29.842698|[g:1][CONSENSUS][PBFT]checkAndChangeView: Reach consensus,org_view=82,org_changeCycle=0,cur_changeCycle=0,to_view=83
info|2019-12-18 02:57:30.169231|[P2P][Service] heartBeat,connected count=3
info|2019-12-18 02:57:30.848411|[g:1][CONSENSUS][SEALER]++++++++++++++++ Generating seal on,blkNum=1,tx=0,nodeIdx=3,hash=6b7a3a14...
info|2019-12-18 02:57:30.879265|[g:1][CONSENSUS][PBFT]checkTimeout Succ,view=83,toView=84,nodeIdx=3,changeCycle=0,myNode=d2f5130f...,timecost=1.84
info|2019-12-18 02:57:30.903136|[g:1][CONSENSUS][PBFT]checkAndChangeView: Reach consensus,org_view=83,org_changeCycle=0,cur_changeCycle=0,to_view=84
info|2019-12-18 02:57:31.939020|[g:1][CONSENSUS]addRawPrepare,height=1,reqIdx=0,hash=6ecc49f5...
info|2019-12-18 02:57:31.972617|[g:1][CONSENSUS][PBFT]checkTimeout Succ,view=84,toView=85,nodeIdx=3,changeCycle=0,myNode=d2f5130f...,timecost=27.382
info|2019-12-18 02:57:32.006803|[g:1][CONSENSUS][PBFT]checkAndChangeView: Reach consensus,org_view=84,org_changeCycle=0,cur_changeCycle=0,to_view=85
info|2019-12-18 02:57:33.020727|[g:1][CONSENSUS]addRawPrepare,height=1,reqIdx=1,hash=07e9731a...
info|2019-12-18 02:57:33.046541|[g:1][CONSENSUS][PBFT]checkTimeout Succ,view=85,toView=86,nodeIdx=3,changeCycle=0,myNode=d2f5130f...,timecost=13.544
info|2019-12-18 02:57:33.073140|[g:1][CONSENSUS][PBFT]checkAndChangeView: Reach consensus,org_view=85,org_changeCycle=0,cur_changeCycle=0,to_view=86
info|2019-12-18 02:57:34.096205|[g:1][CONSENSUS]addRawPrepare,height=1,reqIdx=2,hash=bf9245f8...
info|2019-12-18 02:57:34.112861|[g:1][CONSENSUS][PBFT]checkTimeout Succ,view=86,toView=87,nodeIdx=3,changeCycle=0,myNode=d2f5130f...,timecost=15.275
info|2019-12-18 02:57:34.144947|[g:1][CONSENSUS][PBFT]checkAndChangeView: Reach consensus,org_view=86,org_changeCycle=0,cur_changeCycle=0,to_view=87
info|2019-12-18 02:57:35.145797|[g:1][CONSENSUS][SEALER]++++++++++++++++ Generating seal on,blkNum=1,tx=0,nodeIdx=3,hash=089785e6...
info|2019-12-18 02:57:35.182322|[g:1][CONSENSUS][PBFT]checkTimeout Succ,view=87,toView=88,nodeIdx=3,changeCycle=0,myNode=d2f5130f...,timecost=2.022
info|2019-12-18 02:57:35.207123|[g:1][CONSENSUS][PBFT]checkAndChangeView: Reach consensus,org_view=87,org_changeCycle=0,cur_changeCycle=0,to_view=88
info|2019-12-18 02:57:36.200323|[g:1][CONSENSUS]addRawPrepare,height=1,reqIdx=0,hash=a3cb00ae...
info|2019-12-18 02:57:36.228591|[g:1][CONSENSUS][PBFT]checkTimeout Succ,view=88,toView=89,nodeIdx=3,changeCycle=0,myNode=d2f5130f...,timecost=25.15
info|2019-12-18 02:57:36.256056|[g:1][CONSENSUS][PBFT]checkAndChangeView: Reach consensus,org_view=88,org_changeCycle=0,cur_changeCycle=0,to_view=89
info|2019-12-18 02:57:37.269211|[g:1][CONSENSUS]addRawPrepare,height=1,reqIdx=1,hash=b5881dce...
info|2019-12-18 02:57:37.305720|[g:1][CONSENSUS][PBFT]checkTimeout Succ,view=89,toView=90,nodeIdx=3,changeCycle=0,myNode=d2f5130f...,timecost=31.853
info|2019-12-18 02:57:37.335008|[g:1][CONSENSUS][PBFT]checkAndChangeView: Reach consensus,org_view=89,org_changeCycle=0,cur_changeCycle=0,to_view=90
info|2019-12-18 02:57:38.357924|[g:1][CONSENSUS]addRawPrepare,height=1,reqIdx=2,hash=7533155f...
info|2019-12-18 02:57:38.375257|[g:1][CONSENSUS][PBFT]checkTimeout Succ,view=90,toView=91,nodeIdx=3,changeCycle=0,myNode=d2f5130f...,timecost=14.377
info|2019-12-18 02:57:38.392234|[g:1][CONSENSUS][PBFT]checkAndChangeView: Reach consensus,org_view=90,org_changeCycle=0,cur_changeCycle=0,to_view=91
info|2019-12-18 02:57:39.394793|[g:1][CONSENSUS][SEALER]++++++++++++++++ Generating seal on,blkNum=1,tx=0,nodeIdx=3,hash=0742b320...
info|2019-12-18 02:57:39.412019|[g:1][CONSENSUS][PBFT]checkTimeout Succ,view=91,toView=92,nodeIdx=3,changeCycle=0,myNode=d2f5130f...,timecost=6.903
info|2019-12-18 02:57:39.439916|[g:1][CONSENSUS][PBFT]checkAndChangeView: Reach consensus,org_view=91,org_changeCycle=0,cur_changeCycle=0,to_view=92
info|2019-12-18 02:57:40.170417|[P2P][Service] heartBeat,connected count=3
info|2019-12-18 02:57:40.471504|[g:1][CONSENSUS]addRawPrepare,height=1,reqIdx=0,hash=47aec797...
info|2019-12-18 02:57:40.494591|[g:1][CONSENSUS][PBFT]checkTimeout Succ,view=92,toView=93,nodeIdx=3,changeCycle=0,myNode=d2f5130f...,timecost=21.171
info|2019-12-18 02:57:40.537309|[g:1][CONSENSUS][PBFT]checkAndChangeView: Reach consensus,org_view=92,org_changeCycle=0,cur_changeCycle=0,to_view=93
info|2019-12-18 02:57:41.520547|[g:1][CONSENSUS]addRawPrepare,height=1,reqIdx=1,hash=e8160a24...
info|2019-12-18 02:57:41.544015|[g:1][CONSENSUS][PBFT]checkTimeout Succ,view=93,toView=94,nodeIdx=3,changeCycle=0,myNode=d2f5130f...,timecost=16.019
info|2019-12-18 02:57:41.557696|[g:1][CONSENSUS][PBFT]checkAndChangeView: Reach consensus,org_view=93,org_changeCycle=0,cur_changeCycle=0,to_view=94
info|2019-12-18 02:57:42.591646|[g:1][CONSENSUS]addRawPrepare,height=1,reqIdx=2,hash=50e0e673...
info|2019-12-18 02:57:42.607607|[g:1][CONSENSUS][PBFT]checkTimeout Succ,view=94,toView=95,nodeIdx=3,changeCycle=0,myNode=d2f5130f...,timecost=7.47
info|2019-12-18 02:57:42.633515|[g:1][CONSENSUS][PBFT]checkAndChangeView: Reach consensus,org_view=94,org_changeCycle=0,cur_changeCycle=0,to_view=95
info|2019-12-18 02:57:43.636494|[g:1][CONSENSUS][SEALER]++++++++++++++++ Generating seal on,blkNum=1,tx=0,nodeIdx=3,hash=e85582fd...
info|2019-12-18 02:57:43.654471|[g:1][CONSENSUS][PBFT]checkTimeout Succ,view=95,toView=96,nodeIdx=3,changeCycle=0,myNode=d2f5130f...,timecost=9.251
info|2019-12-18 02:57:43.693103|[g:1][CONSENSUS][PBFT]checkAndChangeView: Reach consensus,org_view=95,org_changeCycle=0,cur_changeCycle=0,to_view=96
info|2019-12-18 02:57:44.718486|[g:1][CONSENSUS]addRawPrepare,height=1,reqIdx=0,hash=d7ed53e7...
info|2019-12-18 02:57:44.758784|[g:1][CONSENSUS][PBFT]checkTimeout Succ,view=96,toView=97,nodeIdx=3,changeCycle=0,myNode=d2f5130f...,timecost=25.924
info|2019-12-18 02:57:44.798237|[g:1][CONSENSUS][PBFT]checkAndChangeView: Reach consensus,org_view=96,org_changeCycle=0,cur_changeCycle=0,to_view=97
info|2019-12-18 02:57:45.790051|[g:1][CONSENSUS]addRawPrepare,height=1,reqIdx=1,hash=b776f43d...
info|2019-12-18 02:57:45.815111|[g:1][CONSENSUS][PBFT]checkTimeout Succ,view=97,toView=98,nodeIdx=3,changeCycle=0,myNode=d2f5130f...,timecost=12.892
info|2019-12-18 02:57:45.833193|[g:1][CONSENSUS][PBFT]checkAndChangeView: Reach consensus,org_view=97,org_changeCycle=0,cur_changeCycle=0,to_view=98
info|2019-12-18 02:57:46.846496|[g:1][CONSENSUS]addRawPrepare,height=1,reqIdx=2,hash=ed396d9d...
info|2019-12-18 02:57:46.857691|[g:1][CONSENSUS][PBFT]checkTimeout Succ,view=98,toView=99,nodeIdx=3,changeCycle=0,myNode=d2f5130f...,timecost=4.038
info|2019-12-18 02:57:46.888411|[g:1][CONSENSUS][PBFT]checkAndChangeView: Reach consensus,org_view=98,org_changeCycle=0,cur_changeCycle=0,to_view=99
info|2019-12-18 02:57:47.890058|[g:1][CONSENSUS][SEALER]++++++++++++++++ Generating seal on,blkNum=1,tx=0,nodeIdx=3,hash=855de965...
info|2019-12-18 02:57:47.894575|[g:1][CONSENSUS][PBFT]checkTimeout Succ,view=99,toView=100,nodeIdx=3,changeCycle=0,myNode=d2f5130f...,timecost=1.893
info|2019-12-18 02:57:47.933453|[g:1][CONSENSUS][PBFT]checkAndChangeView: Reach consensus,org_view=99,org_changeCycle=0,cur_changeCycle=0,to_view=100
info|2019-12-18 02:57:48.964604|[g:1][CONSENSUS]addRawPrepare,height=1,reqIdx=0,hash=aa9f6629...
info|2019-12-18 02:57:49.005696|[g:1][CONSENSUS][PBFT]checkTimeout Succ,view=100,toView=101,nodeIdx=3,changeCycle=0,myNode=d2f5130f...,timecost=14.98
info|2019-12-18 02:57:49.022603|[g:1][CONSENSUS][PBFT]checkAndChangeView: Reach consensus,org_view=100,org_changeCycle=0,cur_changeCycle=0,to_view=101
info|2019-12-18 02:57:50.008750|[g:1][CONSENSUS]addRawPrepare,height=1,reqIdx=1,hash=8f5a9e3e...
info|2019-12-18 02:57:50.062313|[g:1][CONSENSUS][PBFT]checkTimeout Succ,view=101,toView=102,nodeIdx=3,changeCycle=0,myNode=d2f5130f...,timecost=26.622
info|2019-12-18 02:57:50.075750|[g:1][CONSENSUS][PBFT]checkAndChangeView: Reach consensus,org_view=101,org_changeCycle=0,cur_changeCycle=0,to_view=102
info|2019-12-18 02:57:50.171849|[P2P][Service] heartBeat,connected count=3
info|2019-12-18 02:57:51.055496|[g:1][CONSENSUS]addRawPrepare,height=1,reqIdx=2,hash=b9298588...
info|2019-12-18 02:57:51.081630|[g:1][CONSENSUS][PBFT]checkTimeout Succ,view=102,toView=103,nodeIdx=3,changeCycle=0,myNode=d2f5130f...,timecost=24.626
info|2019-12-18 02:57:51.097060|[g:1][CONSENSUS][PBFT]checkAndChangeView: Reach consensus,org_view=102,org_changeCycle=0,cur_changeCycle=0,to_view=103
info|2019-12-18 02:57:52.102747|[g:1][CONSENSUS][SEALER]++++++++++++++++ Generating seal on,blkNum=1,tx=0,nodeIdx=3,hash=f51a2242...
info|2019-12-18 02:57:52.134690|[g:1][CONSENSUS][PBFT]checkTimeout Succ,view=103,toView=104,nodeIdx=3,changeCycle=0,myNode=d2f5130f...,timecost=14.765
info|2019-12-18 02:57:52.163601|[g:1][CONSENSUS][PBFT]checkAndChangeView: Reach consensus,org_view=103,org_changeCycle=0,cur_changeCycle=0,to_view=104
info|2019-12-18 02:57:53.199659|[g:1][CONSENSUS]addRawPrepare,height=1,reqIdx=0,hash=f3c21e22...
info|2019-12-18 02:57:53.232021|[g:1][CONSENSUS][PBFT]checkTimeout Succ,view=104,toView=105,nodeIdx=3,changeCycle=0,myNode=d2f5130f...,timecost=24.247
info|2019-12-18 02:57:53.253144|[g:1][CONSENSUS][PBFT]checkAndChangeView: Reach consensus,org_view=104,org_changeCycle=0,cur_changeCycle=0,to_view=105
info|2019-12-18 02:57:54.266335|[g:1][CONSENSUS]addRawPrepare,height=1,reqIdx=1,hash=cdad6958...
info|2019-12-18 02:57:54.281422|[g:1][CONSENSUS][PBFT]checkTimeout Succ,view=105,toView=106,nodeIdx=3,changeCycle=0,myNode=d2f5130f...,timecost=10.608
info|2019-12-18 02:57:54.297199|[g:1][CONSENSUS][PBFT]checkAndChangeView: Reach consensus,org_view=105,org_changeCycle=0,cur_changeCycle=0,to_view=106
info|2019-12-18 02:57:55.319435|[g:1][CONSENSUS]addRawPrepare,height=1,reqIdx=2,hash=65651209...
info|2019-12-18 02:57:55.322772|[g:1][CONSENSUS][PBFT]checkTimeout Succ,view=106,toView=107,nodeIdx=3,changeCycle=0,myNode=d2f5130f...,timecost=2.102
info|2019-12-18 02:57:55.337334|[g:1][CONSENSUS][PBFT]checkAndChangeView: Reach consensus,org_view=106,org_changeCycle=0,cur_changeCycle=0,to_view=107
info|2019-12-18 02:57:56.337602|[g:1][CONSENSUS][SEALER]++++++++++++++++ Generating seal on,blkNum=1,tx=0,nodeIdx=3,hash=3aecbc0f...
info|2019-12-18 02:57:56.369913|[g:1][CONSENSUS][PBFT]checkTimeout Succ,view=107,toView=108,nodeIdx=3,changeCycle=0,myNode=d2f5130f...,timecost=4.166
info|2019-12-18 02:57:56.380439|[g:1][CONSENSUS][PBFT]checkAndChangeView: Reach consensus,org_view=107,org_changeCycle=0,cur_changeCycle=0,to_view=108
info|2019-12-18 02:57:57.403774|[g:1][CONSENSUS]addRawPrepare,height=1,reqIdx=0,hash=88dad573...
info|2019-12-18 02:57:57.408145|[g:1][CONSENSUS][PBFT]checkTimeout Succ,view=108,toView=109,nodeIdx=3,changeCycle=0,myNode=d2f5130f...,timecost=3.019
info|2019-12-18 02:57:57.428152|[g:1][CONSENSUS][PBFT]checkAndChangeView: Reach consensus,org_view=108,org_changeCycle=0,cur_changeCycle=0,to_view=109
info|2019-12-18 02:57:58.483908|[g:1][CONSENSUS]addRawPrepare,height=1,reqIdx=1,hash=6268fbb4...
info|2019-12-18 02:57:58.490208|[g:1][CONSENSUS][PBFT]checkTimeout Succ,view=109,toView=110,nodeIdx=3,changeCycle=0,myNode=d2f5130f...,timecost=4.584
info|2019-12-18 02:57:58.504356|[g:1][CONSENSUS][PBFT]checkAndChangeView: Reach consensus,org_view=109,org_changeCycle=0,cur_changeCycle=0,to_view=110
info|2019-12-18 02:57:59.561666|[g:1][CONSENSUS]addRawPrepare,height=1,reqIdx=2,hash=8ddf6a8d...
info|2019-12-18 02:57:59.569895|[g:1][CONSENSUS][PBFT]checkTimeout Succ,view=110,toView=111,nodeIdx=3,changeCycle=0,myNode=d2f5130f...,timecost=7.205
info|2019-12-18 02:57:59.591115|[g:1][CONSENSUS][PBFT]checkAndChangeView: Reach consensus,org_view=110,org_changeCycle=0,cur_changeCycle=0,to_view=111
info|2019-12-18 02:58:00.173848|[P2P][Service] heartBeat,connected count=3
info|2019-12-18 02:58:00.592314|[g:1][CONSENSUS][SEALER]++++++++++++++++ Generating seal on,blkNum=1,tx=0,nodeIdx=3,hash=6af89762...
info|2019-12-18 02:58:00.596449|[g:1][CONSENSUS][PBFT]checkTimeout Succ,view=111,toView=112,nodeIdx=3,changeCycle=0,myNode=d2f5130f...,timecost=2.016
info|2019-12-18 02:58:00.643512|[g:1][CONSENSUS][PBFT]checkAndChangeView: Reach consensus,org_view=111,org_changeCycle=0,cur_changeCycle=0,to_view=112
info|2019-12-18 02:58:01.683479|[g:1][CONSENSUS]addRawPrepare,height=1,reqIdx=0,hash=ac92d13a...
info|2019-12-18 02:58:01.689388|[g:1][CONSENSUS][PBFT]checkTimeout Succ,view=112,toView=113,nodeIdx=3,changeCycle=0,myNode=d2f5130f...,timecost=5.24
info|2019-12-18 02:58:01.734767|[g:1][CONSENSUS][PBFT]checkAndChangeView: Reach consensus,org_view=112,org_changeCycle=0,cur_changeCycle=0,to_view=113
info|2019-12-18 02:58:02.733625|[g:1][CONSENSUS]addRawPrepare,height=1,reqIdx=1,hash=6a871b9c...
info|2019-12-18 02:58:02.772700|[g:1][CONSENSUS][PBFT]checkTimeout Succ,view=113,toView=114,nodeIdx=3,changeCycle=0,myNode=d2f5130f...,timecost=35.962
info|2019-12-18 02:58:02.808493|[g:1][CONSENSUS][PBFT]checkAndChangeView: Reach consensus,org_view=113,org_changeCycle=0,cur_changeCycle=0,to_view=114
info|2019-12-18 02:58:03.809141|[g:1][CONSENSUS]addRawPrepare,height=1,reqIdx=2,hash=491e1f10...
info|2019-12-18 02:58:03.836099|[g:1][CONSENSUS][PBFT]checkTimeout Succ,view=114,toView=115,nodeIdx=3,changeCycle=0,myNode=d2f5130f...,timecost=8.086
info|2019-12-18 02:58:03.875075|[g:1][CONSENSUS][PBFT]checkAndChangeView: Reach consensus,org_view=114,org_changeCycle=0,cur_changeCycle=0,to_view=115
info|2019-12-18 02:58:04.878453|[g:1][CONSENSUS][SEALER]++++++++++++++++ Generating seal on,blkNum=1,tx=0,nodeIdx=3,hash=8654bcaf...
info|2019-12-18 02:58:04.920099|[g:1][CONSENSUS][PBFT]checkTimeout Succ,view=115,toView=116,nodeIdx=3,changeCycle=0,myNode=d2f5130f...,timecost=30.26
info|2019-12-18 02:58:04.929627|[g:1][CONSENSUS][PBFT]checkAndChangeView: Reach consensus,org_view=115,org_changeCycle=0,cur_changeCycle=0,to_view=116
info|2019-12-18 02:58:05.944546|[g:1][CONSENSUS]addRawPrepare,height=1,reqIdx=0,hash=7e4481e9...
info|2019-12-18 02:58:05.963544|[g:1][CONSENSUS][PBFT]checkTimeout Succ,view=116,toView=117,nodeIdx=3,changeCycle=0,myNode=d2f5130f...,timecost=10.737
info|2019-12-18 02:58:05.991255|[g:1][CONSENSUS][PBFT]checkAndChangeView: Reach consensus,org_view=116,org_changeCycle=0,cur_changeCycle=0,to_view=117
info|2019-12-18 02:58:07.004993|[g:1][CONSENSUS]addRawPrepare,height=1,reqIdx=1,hash=9f3b8a65...
info|2019-12-18 02:58:07.021724|[g:1][CONSENSUS][PBFT]checkTimeout Succ,view=117,toView=118,nodeIdx=3,changeCycle=0,myNode=d2f5130f...,timecost=4.981
info|2019-12-18 02:58:07.071268|[g:1][CONSENSUS][PBFT]checkAndChangeView: Reach consensus,org_view=117,org_changeCycle=0,cur_changeCycle=0,to_view=118
info|2019-12-18 02:58:08.047165|[g:1][CONSENSUS]addRawPrepare,height=1,reqIdx=2,hash=44264646...
info|2019-12-18 02:58:08.071911|[g:1][CONSENSUS][PBFT]checkTimeout Succ,view=118,toView=119,nodeIdx=3,changeCycle=0,myNode=d2f5130f...,timecost=24.042
info|2019-12-18 02:58:08.101591|[g:1][CONSENSUS][PBFT]checkAndChangeView: Reach consensus,org_view=118,org_changeCycle=0,cur_changeCycle=0,to_view=119
info|2019-12-18 02:58:09.103303|[g:1][CONSENSUS][SEALER]++++++++++++++++ Generating seal on,blkNum=1,tx=0,nodeIdx=3,hash=d4143c9b...
info|2019-12-18 02:58:09.155390|[g:1][CONSENSUS][PBFT]checkTimeout Succ,view=119,toView=120,nodeIdx=3,changeCycle=0,myNode=d2f5130f...,timecost=43.6
info|2019-12-18 02:58:09.161986|[g:1][CONSENSUS][PBFT]checkAndChangeView: Reach consensus,org_view=119,org_changeCycle=0,cur_changeCycle=0,to_view=120
info|2019-12-18 02:58:10.175340|[P2P][Service] heartBeat,connected count=3
info|2019-12-18 02:58:10.180651|[g:1][CONSENSUS]addRawPrepare,height=1,reqIdx=0,hash=2ed41df8...
info|2019-12-18 02:58:10.188112|[g:1][CONSENSUS][PBFT]checkTimeout Succ,view=120,toView=121,nodeIdx=3,changeCycle=0,myNode=d2f5130f...,timecost=4.634
info|2019-12-18 02:58:10.211038|[g:1][CONSENSUS][PBFT]checkAndChangeView: Reach consensus,org_view=120,org_changeCycle=0,cur_changeCycle=0,to_view=121
info|2019-12-18 02:58:11.255016|[g:1][CONSENSUS]addRawPrepare,height=1,reqIdx=1,hash=bc892f44...
info|2019-12-18 02:58:11.263411|[g:1][CONSENSUS][PBFT]checkTimeout Succ,view=121,toView=122,nodeIdx=3,changeCycle=0,myNode=d2f5130f...,timecost=4.204
info|2019-12-18 02:58:11.281324|[g:1][CONSENSUS][PBFT]checkAndChangeView: Reach consensus,org_view=121,org_changeCycle=0,cur_changeCycle=0,to_view=122
info|2019-12-18 02:58:12.305973|[g:1][CONSENSUS]addRawPrepare,height=1,reqIdx=2,hash=b38f22f7...
info|2019-12-18 02:58:12.310067|[g:1][CONSENSUS][PBFT]checkTimeout Succ,view=122,toView=123,nodeIdx=3,changeCycle=0,myNode=d2f5130f...,timecost=2.13
info|2019-12-18 02:58:12.334929|[g:1][CONSENSUS][PBFT]checkAndChangeView: Reach consensus,org_view=122,org_changeCycle=0,cur_changeCycle=0,to_view=123
info|2019-12-18 02:58:13.336626|[g:1][CONSENSUS][SEALER]++++++++++++++++ Generating seal on,blkNum=1,tx=0,nodeIdx=3,hash=172a1714...
info|2019-12-18 02:58:13.384007|[g:1][CONSENSUS][PBFT]checkTimeout Succ,view=123,toView=124,nodeIdx=3,changeCycle=0,myNode=d2f5130f...,timecost=42.433
info|2019-12-18 02:58:13.391652|[g:1][CONSENSUS][PBFT]checkAndChangeView: Reach consensus,org_view=123,org_changeCycle=0,cur_changeCycle=0,to_view=124
info|2019-12-18 02:58:14.419024|[g:1][CONSENSUS]addRawPrepare,height=1,reqIdx=0,hash=37c033bc...
info|2019-12-18 02:58:14.424679|[g:1][CONSENSUS][PBFT]checkTimeout Succ,view=124,toView=125,nodeIdx=3,changeCycle=0,myNode=d2f5130f...,timecost=3.207
info|2019-12-18 02:58:14.447768|[g:1][CONSENSUS][PBFT]checkAndChangeView: Reach consensus,org_view=124,org_changeCycle=0,cur_changeCycle=0,to_view=125
info|2019-12-18 02:58:15.484459|[g:1][CONSENSUS]addRawPrepare,height=1,reqIdx=1,hash=49a7a60a...
info|2019-12-18 02:58:15.503486|[g:1][CONSENSUS][PBFT]checkTimeout Succ,view=125,toView=126,nodeIdx=3,changeCycle=0,myNode=d2f5130f...,timecost=18.284
info|2019-12-18 02:58:15.530719|[g:1][CONSENSUS][PBFT]checkAndChangeView: Reach consensus,org_view=125,org_changeCycle=0,cur_changeCycle=0,to_view=126
info|2019-12-18 02:58:16.526420|[g:1][CONSENSUS]addRawPrepare,height=1,reqIdx=2,hash=24a1ff6b...
info|2019-12-18 02:58:16.555295|[g:1][CONSENSUS][PBFT]checkTimeout Succ,view=126,toView=127,nodeIdx=3,changeCycle=0,myNode=d2f5130f...,timecost=26.268
info|2019-12-18 02:58:16.580277|[g:1][CONSENSUS][PBFT]checkAndChangeView: Reach consensus,org_view=126,org_changeCycle=0,cur_changeCycle=0,to_view=127
info|2019-12-18 02:58:17.581276|[g:1][CONSENSUS][SEALER]++++++++++++++++ Generating seal on,blkNum=1,tx=0,nodeIdx=3,hash=4e0a4234...
info|2019-12-18 02:58:17.585840|[g:1][CONSENSUS][PBFT]checkTimeout Succ,view=127,toView=128,nodeIdx=3,changeCycle=0,myNode=d2f5130f...,timecost=1.858
info|2019-12-18 02:58:17.621770|[g:1][CONSENSUS][PBFT]checkAndChangeView: Reach consensus,org_view=127,org_changeCycle=0,cur_changeCycle=0,to_view=128
info|2019-12-18 02:58:18.652715|[g:1][CONSENSUS]addRawPrepare,height=1,reqIdx=0,hash=80f86dd3...
info|2019-12-18 02:58:18.661517|[g:1][CONSENSUS][PBFT]checkTimeout Succ,view=128,toView=129,nodeIdx=3,changeCycle=0,myNode=d2f5130f...,timecost=8.098
info|2019-12-18 02:58:18.681689|[g:1][CONSENSUS][PBFT]checkAndChangeView: Reach consensus,org_view=128,org_changeCycle=0,cur_changeCycle=0,to_view=129
info|2019-12-18 02:58:19.707684|[g:1][CONSENSUS]addRawPrepare,height=1,reqIdx=1,hash=822672e4...
info|2019-12-18 02:58:19.742618|[g:1][CONSENSUS][PBFT]checkTimeout Succ,view=129,toView=130,nodeIdx=3,changeCycle=0,myNode=d2f5130f...,timecost=22.085
info|2019-12-18 02:58:19.766620|[g:1][CONSENSUS][PBFT]checkAndChangeView: Reach consensus,org_view=129,org_changeCycle=0,cur_changeCycle=0,to_view=130
info|2019-12-18 02:58:20.175863|[P2P][Service] heartBeat,connected count=3
info|2019-12-18 02:58:20.754521|[g:1][CONSENSUS]addRawPrepare,height=1,reqIdx=2,hash=4bc7fd62...
info|2019-12-18 02:58:20.769028|[g:1][CONSENSUS][PBFT]checkTimeout Succ,view=130,toView=131,nodeIdx=3,changeCycle=0,myNode=d2f5130f...,timecost=8.693
info|2019-12-18 02:58:20.808358|[g:1][CONSENSUS][PBFT]checkAndChangeView: Reach consensus,org_view=130,org_changeCycle=0,cur_changeCycle=0,to_view=131
info|2019-12-18 02:58:21.818271|[g:1][CONSENSUS][SEALER]++++++++++++++++ Generating seal on,blkNum=1,tx=0,nodeIdx=3,hash=83a1919a...
info|2019-12-18 02:58:21.908839|[g:1][CONSENSUS][PBFT]checkTimeout Succ,view=131,toView=132,nodeIdx=3,changeCycle=0,myNode=d2f5130f...,timecost=43.419
info|2019-12-18 02:58:22.006242|[g:1][CONSENSUS][PBFT]checkAndChangeView: Reach consensus,org_view=131,org_changeCycle=0,cur_changeCycle=0,to_view=132
info|2019-12-18 02:58:23.025451|[g:1][CONSENSUS]addRawPrepare,height=1,reqIdx=0,hash=5c68d90f...
info|2019-12-18 02:58:23.043199|[g:1][CONSENSUS][PBFT]checkTimeout Succ,view=132,toView=133,nodeIdx=3,changeCycle=0,myNode=d2f5130f...,timecost=6.486
info|2019-12-18 02:58:23.068698|[g:1][CONSENSUS][PBFT]checkAndChangeView: Reach consensus,org_view=132,org_changeCycle=0,cur_changeCycle=0,to_view=133
info|2019-12-18 02:58:24.076356|[g:1][CONSENSUS]addRawPrepare,height=1,reqIdx=1,hash=701ff03f...
info|2019-12-18 02:58:24.089171|[g:1][CONSENSUS][PBFT]checkTimeout Succ,view=133,toView=134,nodeIdx=3,changeCycle=0,myNode=d2f5130f...,timecost=12.375
info|2019-12-18 02:58:24.094562|[g:1][CONSENSUS][PBFT]checkAndChangeView: Reach consensus,org_view=133,org_changeCycle=0,cur_changeCycle=0,to_view=134
info|2019-12-18 02:58:25.106204|[g:1][CONSENSUS]addRawPrepare,height=1,reqIdx=2,hash=4c396f41...
info|2019-12-18 02:58:25.116526|[g:1][CONSENSUS][PBFT]checkTimeout Succ,view=134,toView=135,nodeIdx=3,changeCycle=0,myNode=d2f5130f...,timecost=1.951
info|2019-12-18 02:58:25.121755|[g:1][CONSENSUS][PBFT]checkAndChangeView: Reach consensus,org_view=134,org_changeCycle=0,cur_changeCycle=0,to_view=135
info|2019-12-18 02:58:26.123384|[g:1][CONSENSUS][SEALER]++++++++++++++++ Generating seal on,blkNum=1,tx=0,nodeIdx=3,hash=2a721d1d...
info|2019-12-18 02:58:26.141898|[g:1][CONSENSUS][PBFT]checkTimeout Succ,view=135,toView=136,nodeIdx=3,changeCycle=0,myNode=d2f5130f...,timecost=0.904
info|2019-12-18 02:58:26.144995|[g:1][CONSENSUS][PBFT]checkAndChangeView: Reach consensus,org_view=135,org_changeCycle=0,cur_changeCycle=0,to_view=136
info|2019-12-18 02:58:27.151996|[g:1][CONSENSUS]addRawPrepare,height=1,reqIdx=0,hash=3151b7dc...
info|2019-12-18 02:58:27.160420|[g:1][CONSENSUS][PBFT]checkTimeout Succ,view=136,toView=137,nodeIdx=3,changeCycle=0,myNode=d2f5130f...,timecost=1.161
info|2019-12-18 02:58:27.169292|[g:1][CONSENSUS][PBFT]checkAndChangeView: Reach consensus,org_view=136,org_changeCycle=0,cur_changeCycle=0,to_view=137
info|2019-12-18 02:58:28.172960|[g:1][CONSENSUS]addRawPrepare,height=1,reqIdx=1,hash=5d3a12b2...
info|2019-12-18 02:58:28.173606|[g:1][CONSENSUS][PBFT]checkTimeout Succ,view=137,toView=138,nodeIdx=3,changeCycle=0,myNode=d2f5130f...,timecost=0.436
info|2019-12-18 02:58:28.184641|[g:1][CONSENSUS][PBFT]checkAndChangeView: Reach consensus,org_view=137,org_changeCycle=0,cur_changeCycle=0,to_view=138
info|2019-12-18 02:58:29.205706|[g:1][CONSENSUS]addRawPrepare,height=1,reqIdx=2,hash=e4d2e9bb...
info|2019-12-18 02:58:29.225031|[g:1][CONSENSUS][PBFT]checkTimeout Succ,view=138,toView=139,nodeIdx=3,changeCycle=0,myNode=d2f5130f...,timecost=18.477
info|2019-12-18 02:58:29.245755|[g:1][CONSENSUS][PBFT]checkAndChangeView: Reach consensus,org_view=138,org_changeCycle=0,cur_changeCycle=0,to_view=139
info|2019-12-18 02:58:30.177528|[P2P][Service] heartBeat,connected count=3
info|2019-12-18 02:58:30.247711|[g:1][CONSENSUS][SEALER]++++++++++++++++ Generating seal on,blkNum=1,tx=0,nodeIdx=3,hash=576d6d66...
info|2019-12-18 02:58:30.290988|[g:1][CONSENSUS][PBFT]checkTimeout Succ,view=139,toView=140,nodeIdx=3,changeCycle=0,myNode=d2f5130f...,timecost=2.947
info|2019-12-18 02:58:30.353314|[g:1][CONSENSUS][PBFT]checkAndChangeView: Reach consensus,org_view=139,org_changeCycle=0,cur_changeCycle=0,to_view=140
info|2019-12-18 02:58:31.373502|[g:1][CONSENSUS]addRawPrepare,height=1,reqIdx=0,hash=63091a71...
info|2019-12-18 02:58:31.393482|[g:1][CONSENSUS][PBFT]checkTimeout Succ,view=140,toView=141,nodeIdx=3,changeCycle=0,myNode=d2f5130f...,timecost=19.336
info|2019-12-18 02:58:31.402313|[g:1][CONSENSUS][PBFT]checkAndChangeView: Reach consensus,org_view=140,org_changeCycle=0,cur_changeCycle=0,to_view=141
info|2019-12-18 02:58:32.455334|[g:1][CONSENSUS]addRawPrepare,height=1,reqIdx=1,hash=5eb3562b...
info|2019-12-18 02:58:32.463093|[g:1][CONSENSUS][PBFT]checkTimeout Succ,view=141,toView=142,nodeIdx=3,changeCycle=0,myNode=d2f5130f...,timecost=6.819
info|2019-12-18 02:58:32.494795|[g:1][CONSENSUS][PBFT]checkAndChangeView: Reach consensus,org_view=141,org_changeCycle=0,cur_changeCycle=0,to_view=142
info|2019-12-18 02:58:33.529195|[g:1][CONSENSUS]addRawPrepare,height=1,reqIdx=2,hash=464848cc...
info|2019-12-18 02:58:33.559078|[g:1][CONSENSUS][PBFT]checkTimeout Succ,view=142,toView=143,nodeIdx=3,changeCycle=0,myNode=d2f5130f...,timecost=20.442
info|2019-12-18 02:58:33.593695|[g:1][CONSENSUS][PBFT]checkAndChangeView: Reach consensus,org_view=142,org_changeCycle=0,cur_changeCycle=0,to_view=143
info|2019-12-18 02:58:34.597143|[g:1][CONSENSUS][SEALER]++++++++++++++++ Generating seal on,blkNum=1,tx=0,nodeIdx=3,hash=fd794b5a...
info|2019-12-18 02:58:34.636474|[g:1][CONSENSUS][PBFT]checkTimeout Succ,view=143,toView=144,nodeIdx=3,changeCycle=0,myNode=d2f5130f...,timecost=2.799
info|2019-12-18 02:58:34.647737|[g:1][CONSENSUS][PBFT]checkAndChangeView: Reach consensus,org_view=143,org_changeCycle=0,cur_changeCycle=0,to_view=144
info|2019-12-18 02:58:35.681627|[g:1][CONSENSUS]addRawPrepare,height=1,reqIdx=0,hash=3bea1b7c...
info|2019-12-18 02:58:35.728029|[g:1][CONSENSUS][PBFT]checkTimeout Succ,view=144,toView=145,nodeIdx=3,changeCycle=0,myNode=d2f5130f...,timecost=29.378
info|2019-12-18 02:58:35.746880|[g:1][CONSENSUS][PBFT]checkAndChangeView: Reach consensus,org_view=144,org_changeCycle=0,cur_changeCycle=0,to_view=145
info|2019-12-18 02:58:36.796327|[g:1][CONSENSUS]addRawPrepare,height=1,reqIdx=1,hash=d380231f...
info|2019-12-18 02:58:36.826584|[g:1][CONSENSUS][PBFT]checkTimeout Succ,view=145,toView=146,nodeIdx=3,changeCycle=0,myNode=d2f5130f...,timecost=17.133
info|2019-12-18 02:58:36.846206|[g:1][CONSENSUS][PBFT]checkAndChangeView: Reach consensus,org_view=145,org_changeCycle=0,cur_changeCycle=0,to_view=146
info|2019-12-18 02:58:37.884146|[g:1][CONSENSUS]addRawPrepare,height=1,reqIdx=2,hash=c71c7948...
info|2019-12-18 02:58:37.902370|[g:1][CONSENSUS][PBFT]checkTimeout Succ,view=146,toView=147,nodeIdx=3,changeCycle=0,myNode=d2f5130f...,timecost=15.972
info|2019-12-18 02:58:37.916679|[g:1][CONSENSUS][PBFT]checkAndChangeView: Reach consensus,org_view=146,org_changeCycle=0,cur_changeCycle=0,to_view=147
info|2019-12-18 02:58:38.923546|[g:1][CONSENSUS][SEALER]++++++++++++++++ Generating seal on,blkNum=1,tx=0,nodeIdx=3,hash=e9be7beb...
info|2019-12-18 02:58:38.931996|[g:1][CONSENSUS][PBFT]checkTimeout Succ,view=147,toView=148,nodeIdx=3,changeCycle=0,myNode=d2f5130f...,timecost=4.005
info|2019-12-18 02:58:38.966834|[g:1][CONSENSUS][PBFT]checkAndChangeView: Reach consensus,org_view=147,org_changeCycle=0,cur_changeCycle=0,to_view=148
info|2019-12-18 02:58:40.015672|[g:1][CONSENSUS]addRawPrepare,height=1,reqIdx=0,hash=ba8fa814...
info|2019-12-18 02:58:40.023155|[g:1][CONSENSUS][PBFT]checkTimeout Succ,view=148,toView=149,nodeIdx=3,changeCycle=0,myNode=d2f5130f...,timecost=5.492
info|2019-12-18 02:58:40.049988|[g:1][CONSENSUS][PBFT]checkAndChangeView: Reach consensus,org_view=148,org_changeCycle=0,cur_changeCycle=0,to_view=149
info|2019-12-18 02:58:40.178595|[P2P][Service] heartBeat,connected count=3
info|2019-12-18 02:58:41.056293|[g:1][CONSENSUS]addRawPrepare,height=1,reqIdx=1,hash=6171bb0f...
info|2019-12-18 02:58:41.060405|[g:1][CONSENSUS][PBFT]checkTimeout Succ,view=149,toView=150,nodeIdx=3,changeCycle=0,myNode=d2f5130f...,timecost=2.333
info|2019-12-18 02:58:41.089911|[g:1][CONSENSUS][PBFT]checkAndChangeView: Reach consensus,org_view=149,org_changeCycle=0,cur_changeCycle=0,to_view=150
info|2019-12-18 02:58:42.125657|[g:1][CONSENSUS]addRawPrepare,height=1,reqIdx=2,hash=d60468b2...
info|2019-12-18 02:58:42.141108|[g:1][CONSENSUS][PBFT]checkTimeout Succ,view=150,toView=151,nodeIdx=3,changeCycle=0,myNode=d2f5130f...,timecost=3.052
info|2019-12-18 02:58:42.186451|[g:1][CONSENSUS][PBFT]checkAndChangeView: Reach consensus,org_view=150,org_changeCycle=0,cur_changeCycle=0,to_view=151
info|2019-12-18 02:58:43.190998|[g:1][CONSENSUS][SEALER]++++++++++++++++ Generating seal on,blkNum=1,tx=0,nodeIdx=3,hash=bd3c7e4c...
info|2019-12-18 02:58:43.195540|[g:1][CONSENSUS][PBFT]checkTimeout Succ,view=151,toView=152,nodeIdx=3,changeCycle=0,myNode=d2f5130f...,timecost=1.726
info|2019-12-18 02:58:43.242875|[g:1][CONSENSUS][PBFT]checkAndChangeView: Reach consensus,org_view=151,org_changeCycle=0,cur_changeCycle=0,to_view=152
info|2019-12-18 02:58:44.256135|[g:1][CONSENSUS]addRawPrepare,height=1,reqIdx=0,hash=75825d0f...
info|2019-12-18 02:58:44.267198|[g:1][CONSENSUS][PBFT]checkTimeout Succ,view=152,toView=153,nodeIdx=3,changeCycle=0,myNode=d2f5130f...,timecost=9.608
info|2019-12-18 02:58:44.284385|[g:1][CONSENSUS][PBFT]checkAndChangeView: Reach consensus,org_view=152,org_changeCycle=0,cur_changeCycle=0,to_view=153
info|2019-12-18 02:58:45.319660|[g:1][CONSENSUS]addRawPrepare,height=1,reqIdx=1,hash=4c315ec2...
info|2019-12-18 02:58:45.326949|[g:1][CONSENSUS][PBFT]checkTimeout Succ,view=153,toView=154,nodeIdx=3,changeCycle=0,myNode=d2f5130f...,timecost=6.421
info|2019-12-18 02:58:45.374459|[g:1][CONSENSUS][PBFT]checkAndChangeView: Reach consensus,org_view=153,org_changeCycle=0,cur_changeCycle=0,to_view=154
info|2019-12-18 02:58:46.415004|[g:1][CONSENSUS]addRawPrepare,height=1,reqIdx=2,hash=580f0eb7...
info|2019-12-18 02:58:46.428390|[g:1][CONSENSUS][PBFT]checkTimeout Succ,view=154,toView=155,nodeIdx=3,changeCycle=0,myNode=d2f5130f...,timecost=13.083
info|2019-12-18 02:58:46.442959|[g:1][CONSENSUS][PBFT]checkAndChangeView: Reach consensus,org_view=154,org_changeCycle=0,cur_changeCycle=0,to_view=155
info|2019-12-18 02:58:47.445703|[g:1][CONSENSUS][SEALER]++++++++++++++++ Generating seal on,blkNum=1,tx=0,nodeIdx=3,hash=cebf4b37...
info|2019-12-18 02:58:47.476533|[g:1][CONSENSUS][PBFT]checkTimeout Succ,view=155,toView=156,nodeIdx=3,changeCycle=0,myNode=d2f5130f...,timecost=6.485
info|2019-12-18 02:58:47.508005|[g:1][CONSENSUS][PBFT]checkAndChangeView: Reach consensus,org_view=155,org_changeCycle=0,cur_changeCycle=0,to_view=156
info|2019-12-18 02:58:48.504215|[g:1][CONSENSUS]addRawPrepare,height=1,reqIdx=0,hash=ab1c2046...
info|2019-12-18 02:58:48.525963|[g:1][CONSENSUS][PBFT]checkTimeout Succ,view=156,toView=157,nodeIdx=3,changeCycle=0,myNode=d2f5130f...,timecost=14.537
info|2019-12-18 02:58:48.569184|[g:1][CONSENSUS][PBFT]checkAndChangeView: Reach consensus,org_view=156,org_changeCycle=0,cur_changeCycle=0,to_view=157
info|2019-12-18 02:58:49.557378|[g:1][CONSENSUS]addRawPrepare,height=1,reqIdx=1,hash=aa8d81ad...
info|2019-12-18 02:58:49.579859|[g:1][CONSENSUS][PBFT]checkTimeout Succ,view=157,toView=158,nodeIdx=3,changeCycle=0,myNode=d2f5130f...,timecost=15.952
info|2019-12-18 02:58:49.608685|[g:1][CONSENSUS][PBFT]checkAndChangeView: Reach consensus,org_view=157,org_changeCycle=0,cur_changeCycle=0,to_view=158
info|2019-12-18 02:58:50.179527|[P2P][Service] heartBeat,connected count=3
info|2019-12-18 02:58:50.628130|[g:1][CONSENSUS]addRawPrepare,height=1,reqIdx=2,hash=48e8b3fa...
info|2019-12-18 02:58:50.644935|[g:1][CONSENSUS][PBFT]checkTimeout Succ,view=158,toView=159,nodeIdx=3,changeCycle=0,myNode=d2f5130f...,timecost=16.428
info|2019-12-18 02:58:50.684474|[g:1][CONSENSUS][PBFT]checkAndChangeView: Reach consensus,org_view=158,org_changeCycle=0,cur_changeCycle=0,to_view=159
info|2019-12-18 02:58:51.685461|[g:1][CONSENSUS][SEALER]++++++++++++++++ Generating seal on,blkNum=1,tx=0,nodeIdx=3,hash=aa21d80a...
info|2019-12-18 02:58:51.722338|[g:1][CONSENSUS][PBFT]checkTimeout Succ,view=159,toView=160,nodeIdx=3,changeCycle=0,myNode=d2f5130f...,timecost=2.122
info|2019-12-18 02:58:51.748921|[g:1][CONSENSUS][PBFT]checkAndChangeView: Reach consensus,org_view=159,org_changeCycle=0,cur_changeCycle=0,to_view=160
info|2019-12-18 02:58:52.753672|[g:1][CONSENSUS]addRawPrepare,height=1,reqIdx=0,hash=b2586aad...
info|2019-12-18 02:58:52.769595|[g:1][CONSENSUS][PBFT]checkTimeout Succ,view=160,toView=161,nodeIdx=3,changeCycle=0,myNode=d2f5130f...,timecost=15.005
info|2019-12-18 02:58:52.804623|[g:1][CONSENSUS][PBFT]checkAndChangeView: Reach consensus,org_view=160,org_changeCycle=0,cur_changeCycle=0,to_view=161
info|2019-12-18 02:58:53.801082|[g:1][CONSENSUS]addRawPrepare,height=1,reqIdx=1,hash=32fc5002...
info|2019-12-18 02:58:53.828421|[g:1][CONSENSUS][PBFT]checkTimeout Succ,view=161,toView=162,nodeIdx=3,changeCycle=0,myNode=d2f5130f...,timecost=26.662
info|2019-12-18 02:58:53.849777|[g:1][CONSENSUS][PBFT]checkAndChangeView: Reach consensus,org_view=161,org_changeCycle=0,cur_changeCycle=0,to_view=162
info|2019-12-18 02:58:54.858920|[g:1][CONSENSUS]addRawPrepare,height=1,reqIdx=2,hash=b7d1176d...
info|2019-12-18 02:58:54.882698|[g:1][CONSENSUS][PBFT]checkTimeout Succ,view=162,toView=163,nodeIdx=3,changeCycle=0,myNode=d2f5130f...,timecost=14.442
info|2019-12-18 02:58:54.919381|[g:1][CONSENSUS][PBFT]checkAndChangeView: Reach consensus,org_view=162,org_changeCycle=0,cur_changeCycle=0,to_view=163
info|2019-12-18 02:58:55.921012|[g:1][CONSENSUS][SEALER]++++++++++++++++ Generating seal on,blkNum=1,tx=0,nodeIdx=3,hash=aa4e95cd...
info|2019-12-18 02:58:55.962300|[g:1][CONSENSUS][PBFT]checkTimeout Succ,view=163,toView=164,nodeIdx=3,changeCycle=0,myNode=d2f5130f...,timecost=3.1
info|2019-12-18 02:58:55.979128|[g:1][CONSENSUS][PBFT]checkAndChangeView: Reach consensus,org_view=163,org_changeCycle=0,cur_changeCycle=0,to_view=164
info|2019-12-18 02:58:57.004081|[g:1][CONSENSUS]addRawPrepare,height=1,reqIdx=0,hash=0d873358...
info|2019-12-18 02:58:57.037061|[g:1][CONSENSUS][PBFT]checkTimeout Succ,view=164,toView=165,nodeIdx=3,changeCycle=0,myNode=d2f5130f...,timecost=29.243
info|2019-12-18 02:58:57.067179|[g:1][CONSENSUS][PBFT]checkAndChangeView: Reach consensus,org_view=164,org_changeCycle=0,cur_changeCycle=0,to_view=165
info|2019-12-18 02:58:58.083569|[g:1][CONSENSUS]addRawPrepare,height=1,reqIdx=1,hash=016588ae...
info|2019-12-18 02:58:58.086521|[g:1][CONSENSUS][PBFT]checkTimeout Succ,view=165,toView=166,nodeIdx=3,changeCycle=0,myNode=d2f5130f...,timecost=2.24
info|2019-12-18 02:58:58.119250|[g:1][CONSENSUS][PBFT]checkAndChangeView: Reach consensus,org_view=165,org_changeCycle=0,cur_changeCycle=0,to_view=166
info|2019-12-18 02:58:59.169423|[g:1][CONSENSUS]addRawPrepare,height=1,reqIdx=2,hash=6735b661...
info|2019-12-18 02:58:59.194344|[g:1][CONSENSUS][PBFT]checkTimeout Succ,view=166,toView=167,nodeIdx=3,changeCycle=0,myNode=d2f5130f...,timecost=16.123
info|2019-12-18 02:58:59.210373|[g:1][CONSENSUS][PBFT]checkAndChangeView: Reach consensus,org_view=166,org_changeCycle=0,cur_changeCycle=0,to_view=167
info|2019-12-18 02:59:00.180903|[P2P][Service] heartBeat,connected count=3
info|2019-12-18 02:59:00.216537|[g:1][CONSENSUS][SEALER]++++++++++++++++ Generating seal on,blkNum=1,tx=0,nodeIdx=3,hash=496d8c40...
info|2019-12-18 02:59:00.267380|[g:1][CONSENSUS][PBFT]checkTimeout Succ,view=167,toView=168,nodeIdx=3,changeCycle=0,myNode=d2f5130f...,timecost=8.161
info|2019-12-18 02:59:00.298567|[g:1][CONSENSUS][PBFT]checkAndChangeView: Reach consensus,org_view=167,org_changeCycle=0,cur_changeCycle=0,to_view=168
info|2019-12-18 02:59:01.294065|[g:1][CONSENSUS]addRawPrepare,height=1,reqIdx=0,hash=2a001d9b...
info|2019-12-18 02:59:01.317269|[g:1][CONSENSUS][PBFT]checkTimeout Succ,view=168,toView=169,nodeIdx=3,changeCycle=0,myNode=d2f5130f...,timecost=19.894
info|2019-12-18 02:59:01.343212|[g:1][CONSENSUS][PBFT]checkAndChangeView: Reach consensus,org_view=168,org_changeCycle=0,cur_changeCycle=0,to_view=169
info|2019-12-18 02:59:02.361534|[g:1][CONSENSUS]addRawPrepare,height=1,reqIdx=1,hash=135d2b34...
info|2019-12-18 02:59:02.367982|[g:1][CONSENSUS][PBFT]checkTimeout Succ,view=169,toView=170,nodeIdx=3,changeCycle=0,myNode=d2f5130f...,timecost=3.808
info|2019-12-18 02:59:02.404997|[g:1][CONSENSUS][PBFT]checkAndChangeView: Reach consensus,org_view=169,org_changeCycle=0,cur_changeCycle=0,to_view=170
info|2019-12-18 02:59:03.412438|[g:1][CONSENSUS]addRawPrepare,height=1,reqIdx=2,hash=7defd677...
info|2019-12-18 02:59:03.434608|[g:1][CONSENSUS][PBFT]checkTimeout Succ,view=170,toView=171,nodeIdx=3,changeCycle=0,myNode=d2f5130f...,timecost=9.52
info|2019-12-18 02:59:03.458841|[g:1][CONSENSUS][PBFT]checkAndChangeView: Reach consensus,org_view=170,org_changeCycle=0,cur_changeCycle=0,to_view=171
info|2019-12-18 02:59:04.460259|[g:1][CONSENSUS][SEALER]++++++++++++++++ Generating seal on,blkNum=1,tx=0,nodeIdx=3,hash=e2dbb443...
info|2019-12-18 02:59:04.492103|[g:1][CONSENSUS][PBFT]checkTimeout Succ,view=171,toView=172,nodeIdx=3,changeCycle=0,myNode=d2f5130f...,timecost=25.69
info|2019-12-18 02:59:04.511493|[g:1][CONSENSUS][PBFT]checkAndChangeView: Reach consensus,org_view=171,org_changeCycle=0,cur_changeCycle=0,to_view=172
info|2019-12-18 02:59:05.504630|[g:1][CONSENSUS]addRawPrepare,height=1,reqIdx=0,hash=98367c67...
info|2019-12-18 02:59:05.532392|[g:1][CONSENSUS][PBFT]checkTimeout Succ,view=172,toView=173,nodeIdx=3,changeCycle=0,myNode=d2f5130f...,timecost=21.206
info|2019-12-18 02:59:05.568581|[g:1][CONSENSUS][PBFT]checkAndChangeView: Reach consensus,org_view=172,org_changeCycle=0,cur_changeCycle=0,to_view=173
info|2019-12-18 02:59:06.581501|[g:1][CONSENSUS]addRawPrepare,height=1,reqIdx=1,hash=94798d1a...
info|2019-12-18 02:59:06.594376|[g:1][CONSENSUS][PBFT]checkTimeout Succ,view=173,toView=174,nodeIdx=3,changeCycle=0,myNode=d2f5130f...,timecost=12.115
info|2019-12-18 02:59:06.609806|[g:1][CONSENSUS][PBFT]checkAndChangeView: Reach consensus,org_view=173,org_changeCycle=0,cur_changeCycle=0,to_view=174
info|2019-12-18 02:59:07.671628|[g:1][CONSENSUS]addRawPrepare,height=1,reqIdx=2,hash=4b51a46d...
info|2019-12-18 02:59:07.695892|[g:1][CONSENSUS][PBFT]checkTimeout Succ,view=174,toView=175,nodeIdx=3,changeCycle=0,myNode=d2f5130f...,timecost=12.854
info|2019-12-18 02:59:07.719350|[g:1][CONSENSUS][PBFT]checkAndChangeView: Reach consensus,org_view=174,org_changeCycle=0,cur_changeCycle=0,to_view=175
info|2019-12-18 02:59:08.722842|[g:1][CONSENSUS][SEALER]++++++++++++++++ Generating seal on,blkNum=1,tx=0,nodeIdx=3,hash=3f77211e...
info|2019-12-18 02:59:08.745022|[g:1][CONSENSUS][PBFT]checkTimeout Succ,view=175,toView=176,nodeIdx=3,changeCycle=0,myNode=d2f5130f...,timecost=5.677
info|2019-12-18 02:59:08.766351|[g:1][CONSENSUS][PBFT]checkAndChangeView: Reach consensus,org_view=175,org_changeCycle=0,cur_changeCycle=0,to_view=176
info|2019-12-18 02:59:09.798883|[g:1][CONSENSUS]addRawPrepare,height=1,reqIdx=0,hash=153c0e7c...
info|2019-12-18 02:59:09.821256|[g:1][CONSENSUS][PBFT]checkTimeout Succ,view=176,toView=177,nodeIdx=3,changeCycle=0,myNode=d2f5130f...,timecost=16.938
info|2019-12-18 02:59:09.841132|[g:1][CONSENSUS][PBFT]checkAndChangeView: Reach consensus,org_view=176,org_changeCycle=0,cur_changeCycle=0,to_view=177
info|2019-12-18 02:59:10.181369|[P2P][Service] heartBeat,connected count=3
info|2019-12-18 02:59:10.853843|[g:1][CONSENSUS]addRawPrepare,height=1,reqIdx=1,hash=e0adda22...
info|2019-12-18 02:59:10.859140|[g:1][CONSENSUS][PBFT]checkTimeout Succ,view=177,toView=178,nodeIdx=3,changeCycle=0,myNode=d2f5130f...,timecost=2.526
info|2019-12-18 02:59:10.881196|[g:1][CONSENSUS][PBFT]checkAndChangeView: Reach consensus,org_view=177,org_changeCycle=0,cur_changeCycle=0,to_view=178
info|2019-12-18 02:59:11.924742|[g:1][CONSENSUS]addRawPrepare,height=1,reqIdx=2,hash=f7b52345...
info|2019-12-18 02:59:11.967345|[g:1][CONSENSUS][PBFT]checkTimeout Succ,view=178,toView=179,nodeIdx=3,changeCycle=0,myNode=d2f5130f...,timecost=24.618
info|2019-12-18 02:59:11.990078|[g:1][CONSENSUS][PBFT]checkAndChangeView: Reach consensus,org_view=178,org_changeCycle=0,cur_changeCycle=0,to_view=179
info|2019-12-18 02:59:12.992639|[g:1][CONSENSUS][SEALER]++++++++++++++++ Generating seal on,blkNum=1,tx=0,nodeIdx=3,hash=d92cbde4...
info|2019-12-18 02:59:13.045756|[g:1][CONSENSUS][PBFT]checkTimeout Succ,view=179,toView=180,nodeIdx=3,changeCycle=0,myNode=d2f5130f...,timecost=5.196
info|2019-12-18 02:59:13.057818|[g:1][CONSENSUS][PBFT]checkAndChangeView: Reach consensus,org_view=179,org_changeCycle=0,cur_changeCycle=0,to_view=180
info|2019-12-18 02:59:14.089241|[g:1][CONSENSUS]addRawPrepare,height=1,reqIdx=0,hash=9879901a...
info|2019-12-18 02:59:14.122461|[g:1][CONSENSUS][PBFT]checkTimeout Succ,view=180,toView=181,nodeIdx=3,changeCycle=0,myNode=d2f5130f...,timecost=25.234
info|2019-12-18 02:59:14.158826|[g:1][CONSENSUS][PBFT]checkAndChangeView: Reach consensus,org_view=180,org_changeCycle=0,cur_changeCycle=0,to_view=181
info|2019-12-18 02:59:15.169084|[g:1][CONSENSUS]addRawPrepare,height=1,reqIdx=1,hash=5732172f...
info|2019-12-18 02:59:15.184928|[g:1][CONSENSUS][PBFT]checkTimeout Succ,view=181,toView=182,nodeIdx=3,changeCycle=0,myNode=d2f5130f...,timecost=15.49
info|2019-12-18 02:59:15.224104|[g:1][CONSENSUS][PBFT]checkAndChangeView: Reach consensus,org_view=181,org_changeCycle=0,cur_changeCycle=0,to_view=182
info|2019-12-18 02:59:16.244401|[g:1][CONSENSUS]addRawPrepare,height=1,reqIdx=2,hash=bf526de1...
info|2019-12-18 02:59:16.248463|[g:1][CONSENSUS][PBFT]checkTimeout Succ,view=182,toView=183,nodeIdx=3,changeCycle=0,myNode=d2f5130f...,timecost=3.008
info|2019-12-18 02:59:16.271185|[g:1][CONSENSUS][PBFT]checkAndChangeView: Reach consensus,org_view=182,org_changeCycle=0,cur_changeCycle=0,to_view=183
info|2019-12-18 02:59:17.273600|[g:1][CONSENSUS][SEALER]++++++++++++++++ Generating seal on,blkNum=1,tx=0,nodeIdx=3,hash=7eb48e19...
info|2019-12-18 02:59:17.279884|[g:1][CONSENSUS][PBFT]checkTimeout Succ,view=183,toView=184,nodeIdx=3,changeCycle=0,myNode=d2f5130f...,timecost=1.504
info|2019-12-18 02:59:17.333778|[g:1][CONSENSUS][PBFT]checkAndChangeView: Reach consensus,org_view=183,org_changeCycle=0,cur_changeCycle=0,to_view=184
info|2019-12-18 02:59:18.357084|[g:1][CONSENSUS]addRawPrepare,height=1,reqIdx=0,hash=556eba64...
info|2019-12-18 02:59:18.363965|[g:1][CONSENSUS][PBFT]checkTimeout Succ,view=184,toView=185,nodeIdx=3,changeCycle=0,myNode=d2f5130f...,timecost=3.446
info|2019-12-18 02:59:18.400383|[g:1][CONSENSUS][PBFT]checkAndChangeView: Reach consensus,org_view=184,org_changeCycle=0,cur_changeCycle=0,to_view=185
info|2019-12-18 02:59:19.406645|[g:1][CONSENSUS]addRawPrepare,height=1,reqIdx=1,hash=510b6ffd...
info|2019-12-18 02:59:19.411302|[g:1][CONSENSUS][PBFT]checkTimeout Succ,view=185,toView=186,nodeIdx=3,changeCycle=0,myNode=d2f5130f...,timecost=3.654
info|2019-12-18 02:59:19.425544|[g:1][CONSENSUS][PBFT]checkAndChangeView: Reach consensus,org_view=185,org_changeCycle=0,cur_changeCycle=0,to_view=186
info|2019-12-18 02:59:20.182332|[P2P][Service] heartBeat,connected count=3
info|2019-12-18 02:59:20.479648|[g:1][CONSENSUS]addRawPrepare,height=1,reqIdx=2,hash=609fc819...
info|2019-12-18 02:59:20.526280|[g:1][CONSENSUS][PBFT]checkTimeout Succ,view=186,toView=187,nodeIdx=3,changeCycle=0,myNode=d2f5130f...,timecost=13.268
info|2019-12-18 02:59:20.551585|[g:1][CONSENSUS][PBFT]checkAndChangeView: Reach consensus,org_view=186,org_changeCycle=0,cur_changeCycle=0,to_view=187
info|2019-12-18 02:59:21.551682|[g:1][CONSENSUS][SEALER]++++++++++++++++ Generating seal on,blkNum=1,tx=0,nodeIdx=3,hash=da33fc4d...
info|2019-12-18 02:59:21.556077|[g:1][CONSENSUS][PBFT]checkTimeout Succ,view=187,toView=188,nodeIdx=3,changeCycle=0,myNode=d2f5130f...,timecost=2.165
info|2019-12-18 02:59:21.591515|[g:1][CONSENSUS][PBFT]checkAndChangeView: Reach consensus,org_view=187,org_changeCycle=0,cur_changeCycle=0,to_view=188
info|2019-12-18 02:59:22.605743|[g:1][CONSENSUS]addRawPrepare,height=1,reqIdx=0,hash=b994e81f...
info|2019-12-18 02:59:22.639120|[g:1][CONSENSUS][PBFT]checkTimeout Succ,view=188,toView=189,nodeIdx=3,changeCycle=0,myNode=d2f5130f...,timecost=26.576
info|2019-12-18 02:59:22.665739|[g:1][CONSENSUS][PBFT]checkAndChangeView: Reach consensus,org_view=188,org_changeCycle=0,cur_changeCycle=0,to_view=189
info|2019-12-18 02:59:23.684570|[g:1][CONSENSUS]addRawPrepare,height=1,reqIdx=1,hash=3aca0995...
info|2019-12-18 02:59:23.706783|[g:1][CONSENSUS][PBFT]checkTimeout Succ,view=189,toView=190,nodeIdx=3,changeCycle=0,myNode=d2f5130f...,timecost=19.745
info|2019-12-18 02:59:23.737754|[g:1][CONSENSUS][PBFT]checkAndChangeView: Reach consensus,org_view=189,org_changeCycle=0,cur_changeCycle=0,to_view=190
info|2019-12-18 02:59:24.778812|[g:1][CONSENSUS]addRawPrepare,height=1,reqIdx=2,hash=11f7e5c8...
info|2019-12-18 02:59:24.781814|[g:1][CONSENSUS][PBFT]checkTimeout Succ,view=190,toView=191,nodeIdx=3,changeCycle=0,myNode=d2f5130f...,timecost=2.385
info|2019-12-18 02:59:24.815387|[g:1][CONSENSUS][PBFT]checkAndChangeView: Reach consensus,org_view=190,org_changeCycle=0,cur_changeCycle=0,to_view=191
info|2019-12-18 02:59:25.816475|[g:1][CONSENSUS][SEALER]++++++++++++++++ Generating seal on,blkNum=1,tx=0,nodeIdx=3,hash=fe4632c0...
info|2019-12-18 02:59:25.855790|[g:1][CONSENSUS][PBFT]checkTimeout Succ,view=191,toView=192,nodeIdx=3,changeCycle=0,myNode=d2f5130f...,timecost=2.758
info|2019-12-18 02:59:25.865926|[g:1][CONSENSUS][PBFT]checkAndChangeView: Reach consensus,org_view=191,org_changeCycle=0,cur_changeCycle=0,to_view=192
info|2019-12-18 02:59:26.912244|[g:1][CONSENSUS]addRawPrepare,height=1,reqIdx=0,hash=ecb3f53a...
info|2019-12-18 02:59:26.929317|[g:1][CONSENSUS][PBFT]checkTimeout Succ,view=192,toView=193,nodeIdx=3,changeCycle=0,myNode=d2f5130f...,timecost=9.002
info|2019-12-18 02:59:26.976200|[g:1][CONSENSUS][PBFT]checkAndChangeView: Reach consensus,org_view=192,org_changeCycle=0,cur_changeCycle=0,to_view=193
info|2019-12-18 02:59:27.988598|[g:1][CONSENSUS]addRawPrepare,height=1,reqIdx=1,hash=4520fb6c...
info|2019-12-18 02:59:28.019113|[g:1][CONSENSUS][PBFT]checkTimeout Succ,view=193,toView=194,nodeIdx=3,changeCycle=0,myNode=d2f5130f...,timecost=28.866
info|2019-12-18 02:59:28.040700|[g:1][CONSENSUS][PBFT]checkAndChangeView: Reach consensus,org_view=193,org_changeCycle=0,cur_changeCycle=0,to_view=194
info|2019-12-18 02:59:29.049451|[g:1][CONSENSUS]addRawPrepare,height=1,reqIdx=2,hash=7f496fc3...
info|2019-12-18 02:59:29.071716|[g:1][CONSENSUS][PBFT]checkTimeout Succ,view=194,toView=195,nodeIdx=3,changeCycle=0,myNode=d2f5130f...,timecost=20.383
info|2019-12-18 02:59:29.081583|[g:1][CONSENSUS][PBFT]checkAndChangeView: Reach consensus,org_view=194,org_changeCycle=0,cur_changeCycle=0,to_view=195
info|2019-12-18 02:59:30.083678|[g:1][CONSENSUS][SEALER]++++++++++++++++ Generating seal on,blkNum=1,tx=0,nodeIdx=3,hash=f13117da...
info|2019-12-18 02:59:30.107972|[g:1][CONSENSUS][PBFT]checkTimeout Succ,view=195,toView=196,nodeIdx=3,changeCycle=0,myNode=d2f5130f...,timecost=13.029
info|2019-12-18 02:59:30.132334|[g:1][CONSENSUS][PBFT]checkAndChangeView: Reach consensus,org_view=195,org_changeCycle=0,cur_changeCycle=0,to_view=196
info|2019-12-18 02:59:30.183569|[P2P][Service] heartBeat,connected count=3
info|2019-12-18 02:59:31.145273|[g:1][CONSENSUS]addRawPrepare,height=1,reqIdx=0,hash=e024cad7...
info|2019-12-18 02:59:31.163214|[g:1][CONSENSUS][PBFT]checkTimeout Succ,view=196,toView=197,nodeIdx=3,changeCycle=0,myNode=d2f5130f...,timecost=13.091
info|2019-12-18 02:59:31.193099|[g:1][CONSENSUS][PBFT]checkAndChangeView: Reach consensus,org_view=196,org_changeCycle=0,cur_changeCycle=0,to_view=197
info|2019-12-18 02:59:32.224849|[g:1][CONSENSUS]addRawPrepare,height=1,reqIdx=1,hash=aebf47c7...
info|2019-12-18 02:59:32.234573|[g:1][CONSENSUS][PBFT]checkTimeout Succ,view=197,toView=198,nodeIdx=3,changeCycle=0,myNode=d2f5130f...,timecost=7.483
info|2019-12-18 02:59:32.277173|[g:1][CONSENSUS][PBFT]checkAndChangeView: Reach consensus,org_view=197,org_changeCycle=0,cur_changeCycle=0,to_view=198
info|2019-12-18 02:59:33.295461|[g:1][CONSENSUS]addRawPrepare,height=1,reqIdx=2,hash=eb885750...
info|2019-12-18 02:59:33.320223|[g:1][CONSENSUS][PBFT]checkTimeout Succ,view=198,toView=199,nodeIdx=3,changeCycle=0,myNode=d2f5130f...,timecost=6.56
info|2019-12-18 02:59:33.352737|[g:1][CONSENSUS][PBFT]checkAndChangeView: Reach consensus,org_view=198,org_changeCycle=0,cur_changeCycle=0,to_view=199
info|2019-12-18 02:59:34.354836|[g:1][CONSENSUS][SEALER]++++++++++++++++ Generating seal on,blkNum=1,tx=0,nodeIdx=3,hash=b1001e67...
info|2019-12-18 02:59:34.373468|[g:1][CONSENSUS][PBFT]checkTimeout Succ,view=199,toView=200,nodeIdx=3,changeCycle=0,myNode=d2f5130f...,timecost=1.436
info|2019-12-18 02:59:34.397019|[g:1][CONSENSUS][PBFT]checkAndChangeView: Reach consensus,org_view=199,org_changeCycle=0,cur_changeCycle=0,to_view=200
info|2019-12-18 02:59:35.406780|[g:1][CONSENSUS]addRawPrepare,height=1,reqIdx=0,hash=9cf13d8b...
info|2019-12-18 02:59:35.413897|[g:1][CONSENSUS][PBFT]checkTimeout Succ,view=200,toView=201,nodeIdx=3,changeCycle=0,myNode=d2f5130f...,timecost=4.168
info|2019-12-18 02:59:35.451434|[g:1][CONSENSUS][PBFT]checkAndChangeView: Reach consensus,org_view=200,org_changeCycle=0,cur_changeCycle=0,to_view=201
info|2019-12-18 02:59:36.453630|[g:1][CONSENSUS]addRawPrepare,height=1,reqIdx=1,hash=2112b421...
info|2019-12-18 02:59:36.458060|[g:1][CONSENSUS][PBFT]checkTimeout Succ,view=201,toView=202,nodeIdx=3,changeCycle=0,myNode=d2f5130f...,timecost=3.511
info|2019-12-18 02:59:36.485829|[g:1][CONSENSUS][PBFT]checkAndChangeView: Reach consensus,org_view=201,org_changeCycle=0,cur_changeCycle=0,to_view=202
info|2019-12-18 02:59:37.505579|[g:1][CONSENSUS]addRawPrepare,height=1,reqIdx=2,hash=7cd0f30f...
info|2019-12-18 02:59:37.520719|[g:1][CONSENSUS][PBFT]checkTimeout Succ,view=202,toView=203,nodeIdx=3,changeCycle=0,myNode=d2f5130f...,timecost=3.384
info|2019-12-18 02:59:37.569226|[g:1][CONSENSUS][PBFT]checkAndChangeView: Reach consensus,org_view=202,org_changeCycle=0,cur_changeCycle=0,to_view=203
info|2019-12-18 02:59:38.573582|[g:1][CONSENSUS][SEALER]++++++++++++++++ Generating seal on,blkNum=1,tx=0,nodeIdx=3,hash=075c5945...
info|2019-12-18 02:59:38.598748|[g:1][CONSENSUS][PBFT]checkTimeout Succ,view=203,toView=204,nodeIdx=3,changeCycle=0,myNode=d2f5130f...,timecost=4.367
info|2019-12-18 02:59:38.615592|[g:1][CONSENSUS][PBFT]checkAndChangeView: Reach consensus,org_view=203,org_changeCycle=0,cur_changeCycle=0,to_view=204
info|2019-12-18 02:59:39.635759|[g:1][CONSENSUS]addRawPrepare,height=1,reqIdx=0,hash=642774ae...
info|2019-12-18 02:59:39.672916|[g:1][CONSENSUS][PBFT]checkTimeout Succ,view=204,toView=205,nodeIdx=3,changeCycle=0,myNode=d2f5130f...,timecost=16.549
info|2019-12-18 02:59:39.686642|[g:1][CONSENSUS][PBFT]checkAndChangeView: Reach consensus,org_view=204,org_changeCycle=0,cur_changeCycle=0,to_view=205
info|2019-12-18 02:59:40.184398|[P2P][Service] heartBeat,connected count=3
info|2019-12-18 02:59:40.687623|[g:1][CONSENSUS]addRawPrepare,height=1,reqIdx=1,hash=63ac53c9...
info|2019-12-18 02:59:40.732608|[g:1][CONSENSUS][PBFT]checkTimeout Succ,view=205,toView=206,nodeIdx=3,changeCycle=0,myNode=d2f5130f...,timecost=43.676
info|2019-12-18 02:59:40.765726|[g:1][CONSENSUS][PBFT]checkAndChangeView: Reach consensus,org_view=205,org_changeCycle=0,cur_changeCycle=0,to_view=206
info|2019-12-18 02:59:41.743561|[g:1][CONSENSUS]addRawPrepare,height=1,reqIdx=2,hash=407fed99...
info|2019-12-18 02:59:41.755159|[g:1][CONSENSUS][PBFT]checkTimeout Succ,view=206,toView=207,nodeIdx=3,changeCycle=0,myNode=d2f5130f...,timecost=9.464
info|2019-12-18 02:59:41.794227|[g:1][CONSENSUS][PBFT]checkAndChangeView: Reach consensus,org_view=206,org_changeCycle=0,cur_changeCycle=0,to_view=207
info|2019-12-18 02:59:42.794994|[g:1][CONSENSUS][SEALER]++++++++++++++++ Generating seal on,blkNum=1,tx=0,nodeIdx=3,hash=c3180a7a...
info|2019-12-18 02:59:42.802810|[g:1][CONSENSUS][PBFT]checkTimeout Succ,view=207,toView=208,nodeIdx=3,changeCycle=0,myNode=d2f5130f...,timecost=2.033
info|2019-12-18 02:59:42.831812|[g:1][CONSENSUS][PBFT]checkAndChangeView: Reach consensus,org_view=207,org_changeCycle=0,cur_changeCycle=0,to_view=208
info|2019-12-18 02:59:43.886976|[g:1][CONSENSUS]addRawPrepare,height=1,reqIdx=0,hash=6a49a490...
info|2019-12-18 02:59:43.923856|[g:1][CONSENSUS][PBFT]checkTimeout Succ,view=208,toView=209,nodeIdx=3,changeCycle=0,myNode=d2f5130f...,timecost=20.252
info|2019-12-18 02:59:43.943930|[g:1][CONSENSUS][PBFT]checkAndChangeView: Reach consensus,org_view=208,org_changeCycle=0,cur_changeCycle=0,to_view=209
info|2019-12-18 02:59:44.969937|[g:1][CONSENSUS]addRawPrepare,height=1,reqIdx=1,hash=1cd598ad...
info|2019-12-18 02:59:45.001394|[g:1][CONSENSUS][PBFT]checkTimeout Succ,view=209,toView=210,nodeIdx=3,changeCycle=0,myNode=d2f5130f...,timecost=24.848
info|2019-12-18 02:59:45.016990|[g:1][CONSENSUS][PBFT]checkAndChangeView: Reach consensus,org_view=209,org_changeCycle=0,cur_changeCycle=0,to_view=210
info|2019-12-18 02:59:46.024372|[g:1][CONSENSUS]addRawPrepare,height=1,reqIdx=2,hash=367430f5...
info|2019-12-18 02:59:46.051934|[g:1][CONSENSUS][PBFT]checkTimeout Succ,view=210,toView=211,nodeIdx=3,changeCycle=0,myNode=d2f5130f...,timecost=19.261
info|2019-12-18 02:59:46.078924|[g:1][CONSENSUS][PBFT]checkAndChangeView: Reach consensus,org_view=210,org_changeCycle=0,cur_changeCycle=0,to_view=211
info|2019-12-18 02:59:47.080763|[g:1][CONSENSUS][SEALER]++++++++++++++++ Generating seal on,blkNum=1,tx=0,nodeIdx=3,hash=a897a473...
info|2019-12-18 02:59:47.111035|[g:1][CONSENSUS][PBFT]checkTimeout Succ,view=211,toView=212,nodeIdx=3,changeCycle=0,myNode=d2f5130f...,timecost=23.224
info|2019-12-18 02:59:47.135894|[g:1][CONSENSUS][PBFT]checkAndChangeView: Reach consensus,org_view=211,org_changeCycle=0,cur_changeCycle=0,to_view=212
info|2019-12-18 02:59:48.157026|[g:1][CONSENSUS]addRawPrepare,height=1,reqIdx=0,hash=006afd36...
info|2019-12-18 02:59:48.159959|[g:1][CONSENSUS][PBFT]checkTimeout Succ,view=212,toView=213,nodeIdx=3,changeCycle=0,myNode=d2f5130f...,timecost=2.093
info|2019-12-18 02:59:48.180238|[g:1][CONSENSUS][PBFT]checkAndChangeView: Reach consensus,org_view=212,org_changeCycle=0,cur_changeCycle=0,to_view=213
info|2019-12-18 02:59:49.214746|[g:1][CONSENSUS]addRawPrepare,height=1,reqIdx=1,hash=df1c0550...
info|2019-12-18 02:59:49.227714|[g:1][CONSENSUS][PBFT]checkTimeout Succ,view=213,toView=214,nodeIdx=3,changeCycle=0,myNode=d2f5130f...,timecost=9.635
info|2019-12-18 02:59:49.256597|[g:1][CONSENSUS][PBFT]checkAndChangeView: Reach consensus,org_view=213,org_changeCycle=0,cur_changeCycle=0,to_view=214
info|2019-12-18 02:59:50.185001|[P2P][Service] heartBeat,connected count=3
info|2019-12-18 02:59:50.255834|[g:1][CONSENSUS]addRawPrepare,height=1,reqIdx=2,hash=b394573b...
info|2019-12-18 02:59:50.287440|[g:1][CONSENSUS][PBFT]checkTimeout Succ,view=214,toView=215,nodeIdx=3,changeCycle=0,myNode=d2f5130f...,timecost=10.653
info|2019-12-18 02:59:50.298112|[g:1][CONSENSUS][PBFT]checkAndChangeView: Reach consensus,org_view=214,org_changeCycle=0,cur_changeCycle=0,to_view=215
info|2019-12-18 02:59:51.298542|[g:1][CONSENSUS][SEALER]++++++++++++++++ Generating seal on,blkNum=1,tx=0,nodeIdx=3,hash=8a84bf6c...
info|2019-12-18 02:59:51.302813|[g:1][CONSENSUS][PBFT]checkTimeout Succ,view=215,toView=216,nodeIdx=3,changeCycle=0,myNode=d2f5130f...,timecost=1.979
info|2019-12-18 02:59:51.337085|[g:1][CONSENSUS][PBFT]checkAndChangeView: Reach consensus,org_view=215,org_changeCycle=0,cur_changeCycle=0,to_view=216
info|2019-12-18 02:59:52.336929|[g:1][CONSENSUS]addRawPrepare,height=1,reqIdx=0,hash=43b76a0f...
info|2019-12-18 02:59:52.343873|[g:1][CONSENSUS][PBFT]checkTimeout Succ,view=216,toView=217,nodeIdx=3,changeCycle=0,myNode=d2f5130f...,timecost=3.747
info|2019-12-18 02:59:52.364442|[g:1][CONSENSUS][PBFT]checkAndChangeView: Reach consensus,org_view=216,org_changeCycle=0,cur_changeCycle=0,to_view=217
info|2019-12-18 02:59:53.401254|[g:1][CONSENSUS]addRawPrepare,height=1,reqIdx=1,hash=9751e34d...
info|2019-12-18 02:59:53.412440|[g:1][CONSENSUS][PBFT]checkTimeout Succ,view=217,toView=218,nodeIdx=3,changeCycle=0,myNode=d2f5130f...,timecost=9.741
info|2019-12-18 02:59:53.447042|[g:1][CONSENSUS][PBFT]checkAndChangeView: Reach consensus,org_view=217,org_changeCycle=0,cur_changeCycle=0,to_view=218
info|2019-12-18 02:59:54.477350|[g:1][CONSENSUS]addRawPrepare,height=1,reqIdx=2,hash=1df4c2c5...
info|2019-12-18 02:59:54.486517|[g:1][CONSENSUS][PBFT]checkTimeout Succ,view=218,toView=219,nodeIdx=3,changeCycle=0,myNode=d2f5130f...,timecost=8.536
info|2019-12-18 02:59:54.505006|[g:1][CONSENSUS][PBFT]checkAndChangeView: Reach consensus,org_view=218,org_changeCycle=0,cur_changeCycle=0,to_view=219
info|2019-12-18 02:59:55.507389|[g:1][CONSENSUS][SEALER]++++++++++++++++ Generating seal on,blkNum=1,tx=0,nodeIdx=3,hash=f049d92f...
info|2019-12-18 02:59:55.539459|[g:1][CONSENSUS][PBFT]checkTimeout Succ,view=219,toView=220,nodeIdx=3,changeCycle=0,myNode=d2f5130f...,timecost=2.785
info|2019-12-18 02:59:55.557631|[g:1][CONSENSUS][PBFT]checkAndChangeView: Reach consensus,org_view=219,org_changeCycle=0,cur_changeCycle=0,to_view=220
info|2019-12-18 02:59:56.546845|[g:1][CONSENSUS]addRawPrepare,height=1,reqIdx=0,hash=1441acf4...
info|2019-12-18 02:59:56.564788|[g:1][CONSENSUS][PBFT]checkTimeout Succ,view=220,toView=221,nodeIdx=3,changeCycle=0,myNode=d2f5130f...,timecost=8.78
info|2019-12-18 02:59:56.582213|[g:1][CONSENSUS][PBFT]checkAndChangeView: Reach consensus,org_view=220,org_changeCycle=0,cur_changeCycle=0,to_view=221
info|2019-12-18 02:59:57.594117|[g:1][CONSENSUS]addRawPrepare,height=1,reqIdx=1,hash=0f973063...
info|2019-12-18 02:59:57.630270|[g:1][CONSENSUS][PBFT]checkTimeout Succ,view=221,toView=222,nodeIdx=3,changeCycle=0,myNode=d2f5130f...,timecost=20.577
info|2019-12-18 02:59:57.644322|[g:1][CONSENSUS][PBFT]checkAndChangeView: Reach consensus,org_view=221,org_changeCycle=0,cur_changeCycle=0,to_view=222
info|2019-12-18 02:59:58.654324|[g:1][CONSENSUS]addRawPrepare,height=1,reqIdx=2,hash=46245947...
info|2019-12-18 02:59:58.663579|[g:1][CONSENSUS][PBFT]checkTimeout Succ,view=222,toView=223,nodeIdx=3,changeCycle=0,myNode=d2f5130f...,timecost=6.972
info|2019-12-18 02:59:58.692995|[g:1][CONSENSUS][PBFT]checkAndChangeView: Reach consensus,org_view=222,org_changeCycle=0,cur_changeCycle=0,to_view=223
info|2019-12-18 02:59:59.696937|[g:1][CONSENSUS][SEALER]++++++++++++++++ Generating seal on,blkNum=1,tx=0,nodeIdx=3,hash=7ad633ab...
info|2019-12-18 02:59:59.717039|[g:1][CONSENSUS][PBFT]checkTimeout Succ,view=223,toView=224,nodeIdx=3,changeCycle=0,myNode=d2f5130f...,timecost=9.188
info|2019-12-18 02:59:59.755160|[g:1][CONSENSUS][PBFT]checkAndChangeView: Reach consensus,org_view=223,org_changeCycle=0,cur_changeCycle=0,to_view=224
