info|2019-12-31 10:00:00.955509|[g:1][CONSENSUS][SEALER]++++++++++++++++ Generating seal on,blkNum=89,tx=0,nodeIdx=1,hash=6be5f785...
info|2019-12-31 10:00:00.990166|[g:1][CONSENSUS][PBFT]checkTimeout Succ,view=12097,toView=12098,nodeIdx=1,changeCycle=0,myNode=546baaf5...,timecost=1.058
info|2019-12-31 10:00:00.995447|[g:1][CONSENSUS][PBFT]checkAndChangeView: Reach consensus,org_view=12097,org_changeCycle=0,cur_changeCycle=0,to_view=12098
info|2019-12-31 10:00:02.011726|[g:1][CONSENSUS]addRawPrepare,height=89,reqIdx=2,hash=96cb5af2...
info|2019-12-31 10:00:02.019590|[g:1][CONSENSUS][PBFT]checkTimeout Succ,view=12098,toView=12099,nodeIdx=1,changeCycle=0,myNode=546baaf5...,timecost=1.558
info|2019-12-31 10:00:02.066868|[g:1][CONSENSUS][PBFT]checkAndChangeView: Reach consensus,org_view=12098,org_changeCycle=0,cur_changeCycle=0,to_view=12099
info|2019-12-31 10:00:03.078223|[g:1][CONSENSUS]addRawPrepare,height=89,reqIdx=3,hash=dfed927e...
info|2019-12-31 10:00:03.092995|[g:1][CONSENSUS][PBFT]checkTimeout Succ,view=12099,toView=12100,nodeIdx=1,changeCycle=0,myNode=546baaf5...,timecost=14.275
info|2019-12-31 10:00:03.133098|[g:1][CONSENSUS][PBFT]checkAndChangeView: Reach consensus,org_view=12099,org_changeCycle=0,cur_changeCycle=0,to_view=12100
info|2019-12-31 10:00:04.153229|[g:1][CONSENSUS]addRawPrepare,height=89,reqIdx=0,hash=e533810b...
info|2019-12-31 10:00:04.168284|[g:1][CONSENSUS][PBFT]checkTimeout Succ,view=12100,toView=12101,nodeIdx=1,changeCycle=0,myNode=546baaf5...,timecost=8.379
info|2019-12-31 10:00:04.187202|[g:1][CONSENSUS][PBFT]checkAndChangeView: Reach consensus,org_view=12100,org_changeCycle=0,cur_changeCycle=0,to_view=12101
info|2019-12-31 10:00:05.188763|[g:1][CONSENSUS][SEALER]++++++++++++++++ Generating seal on,blkNum=89,tx=0,nodeIdx=1,hash=45defde4...
info|2019-12-31 10:00:05.223289|[g:1][CONSENSUS][PBFT]checkTimeout Succ,view=12101,toView=12102,nodeIdx=1,changeCycle=0,myNode=546baaf5...,timecost=2.357
info|2019-12-31 10:00:05.230598|[g:1][CONSENSUS][PBFT]checkAndChangeView: Reach consensus,org_view=12101,org_changeCycle=0,cur_changeCycle=0,to_view=12102
info|2019-12-31 10:00:06.226675|[g:1][CONSENSUS]addRawPrepare,height=89,reqIdx=2,hash=7814c968...
info|2019-12-31 10:00:06.230307|[g:1][CONSENSUS][PBFT]checkTimeout Succ,view=12102,toView=12103,nodeIdx=1,changeCycle=0,myNode=546baaf5...,timecost=2.058
info|2019-12-31 10:00:06.251350|[g:1][CONSENSUS][PBFT]checkAndChangeView: Reach consensus,org_view=12102,org_changeCycle=0,cur_changeCycle=0,to_view=12103
info|2019-12-31 10:00:07.289129|[g:1][CONSENSUS]addRawPrepare,height=89,reqIdx=3,hash=874776c6...
info|2019-12-31 10:00:07.292091|[g:1][CONSENSUS][PBFT]checkTimeout Succ,view=12103,toView=12104,nodeIdx=1,changeCycle=0,myNode=546baaf5...,timecost=2.432
info|2019-12-31 10:00:07.310569|[g:1][CONSENSUS][PBFT]checkAndChangeView: Reach consensus,org_view=12103,org_changeCycle=0,cur_changeCycle=0,to_view=12104
info|2019-12-31 10:00:08.335986|[g:1][CONSENSUS]addRawPrepare,height=89,reqIdx=0,hash=11fc1c32...
info|2019-12-31 10:00:08.345667|[g:1][CONSENSUS][PBFT]checkTimeout Succ,view=12104,toView=12105,nodeIdx=1,changeCycle=0,myNode=546baaf5...,timecost=4.394
info|2019-12-31 10:00:08.364093|[g:1][CONSENSUS][PBFT]checkAndChangeView: Reach consensus,org_view=12104,org_changeCycle=0,cur_changeCycle=0,to_view=12105
info|2019-12-31 10:00:08.680987|[P2P][Service] heartBeat,connected count=3
info|2019-12-31 10:00:09.367530|[g:1][CONSENSUS][SEALER]++++++++++++++++ Generating seal on,blkNum=89,tx=0,nodeIdx=1,hash=c2c820a5...
info|2019-12-31 10:00:09.403364|[g:1][CONSENSUS][PBFT]checkTimeout Succ,view=12105,toView=12106,nodeIdx=1,changeCycle=0,myNode=546baaf5...,timecost=2.894
info|2019-12-31 10:00:09.410744|[g:1][CONSENSUS][PBFT]checkAndChangeView: Reach consensus,org_view=12105,org_changeCycle=0,cur_changeCycle=0,to_view=12106
info|2019-12-31 10:00:10.424115|[g:1][CONSENSUS]addRawPrepare,height=89,reqIdx=2,hash=2800aca7...
info|2019-12-31 10:00:10.426825|[g:1][CONSENSUS][PBFT]checkTimeout Succ,view=12106,toView=12107,nodeIdx=1,changeCycle=0,myNode=546baaf5...,timecost=1.851
info|2019-12-31 10:00:10.443936|[g:1][CONSENSUS][PBFT]checkAndChangeView: Reach consensus,org_view=12106,org_changeCycle=0,cur_changeCycle=0,to_view=12107
info|2019-12-31 10:00:11.482729|[g:1][CONSENSUS]addRawPrepare,height=89,reqIdx=3,hash=6a6759e9...
info|2019-12-31 10:00:11.492109|[g:1][CONSENSUS][PBFT]checkTimeout Succ,view=12107,toView=12108,nodeIdx=1,changeCycle=0,myNode=546baaf5...,timecost=7.561
info|2019-12-31 10:00:11.513046|[g:1][CONSENSUS][PBFT]checkAndChangeView: Reach consensus,org_view=12107,org_changeCycle=0,cur_changeCycle=0,to_view=12108
info|2019-12-31 10:00:12.537049|[g:1][CONSENSUS]addRawPrepare,height=89,reqIdx=0,hash=fb85ff85...
info|2019-12-31 10:00:12.547140|[g:1][CONSENSUS][PBFT]checkTimeout Succ,view=12108,toView=12109,nodeIdx=1,changeCycle=0,myNode=546baaf5...,timecost=4.35
info|2019-12-31 10:00:12.577008|[g:1][CONSENSUS][PBFT]checkAndChangeView: Reach consensus,org_view=12108,org_changeCycle=0,cur_changeCycle=0,to_view=12109
info|2019-12-31 10:00:13.584765|[g:1][CONSENSUS][SEALER]++++++++++++++++ Generating seal on,blkNum=89,tx=0,nodeIdx=1,hash=594446e2...
info|2019-12-31 10:00:13.629583|[g:1][CONSENSUS][PBFT]checkTimeout Succ,view=12109,toView=12110,nodeIdx=1,changeCycle=0,myNode=546baaf5...,timecost=4.899
info|2019-12-31 10:00:13.653179|[g:1][CONSENSUS][PBFT]checkAndChangeView: Reach consensus,org_view=12109,org_changeCycle=0,cur_changeCycle=0,to_view=12110
info|2019-12-31 10:00:14.694980|[g:1][CONSENSUS]addRawPrepare,height=89,reqIdx=2,hash=7e18ff53...
info|2019-12-31 10:00:14.741819|[g:1][CONSENSUS][PBFT]checkTimeout Succ,view=12110,toView=12111,nodeIdx=1,changeCycle=0,myNode=546baaf5...,timecost=44.252
info|2019-12-31 10:00:14.814719|[g:1][CONSENSUS][PBFT]checkAndChangeView: Reach consensus,org_view=12110,org_changeCycle=0,cur_changeCycle=0,to_view=12111
info|2019-12-31 10:00:15.860626|[g:1][CONSENSUS]addRawPrepare,height=89,reqIdx=3,hash=86aed006...
info|2019-12-31 10:00:15.892213|[g:1][CONSENSUS][PBFT]checkTimeout Succ,view=12111,toView=12112,nodeIdx=1,changeCycle=0,myNode=546baaf5...,timecost=12.306
info|2019-12-31 10:00:15.910153|[g:1][CONSENSUS][PBFT]checkAndChangeView: Reach consensus,org_view=12111,org_changeCycle=0,cur_changeCycle=0,to_view=12112
info|2019-12-31 10:00:16.950673|[g:1][CONSENSUS]addRawPrepare,height=89,reqIdx=0,hash=56f3fcc5...
info|2019-12-31 10:00:16.981121|[g:1][CONSENSUS][PBFT]checkTimeout Succ,view=12112,toView=12113,nodeIdx=1,changeCycle=0,myNode=546baaf5...,timecost=17.924
info|2019-12-31 10:00:17.011519|[g:1][CONSENSUS][PBFT]checkAndChangeView: Reach consensus,org_view=12112,org_changeCycle=0,cur_changeCycle=0,to_view=12113
info|2019-12-31 10:00:18.014078|[g:1][CONSENSUS][SEALER]++++++++++++++++ Generating seal on,blkNum=89,tx=0,nodeIdx=1,hash=e264c205...
info|2019-12-31 10:00:18.035698|[g:1][CONSENSUS][PBFT]checkTimeout Succ,view=12113,toView=12114,nodeIdx=1,changeCycle=0,myNode=546baaf5...,timecost=15.444
info|2019-12-31 10:00:18.106784|[g:1][CONSENSUS][PBFT]checkAndChangeView: Reach consensus,org_view=12113,org_changeCycle=0,cur_changeCycle=0,to_view=12114
info|2019-12-31 10:00:18.681855|[P2P][Service] heartBeat,connected count=3
info|2019-12-31 10:00:19.172225|[g:1][CONSENSUS]addRawPrepare,height=89,reqIdx=2,hash=ae5db9af...
info|2019-12-31 10:00:19.174963|[g:1][CONSENSUS][PBFT]checkTimeout Succ,view=12114,toView=12115,nodeIdx=1,changeCycle=0,myNode=546baaf5...,timecost=1.386
info|2019-12-31 10:00:19.215439|[g:1][CONSENSUS][PBFT]checkAndChangeView: Reach consensus,org_view=12114,org_changeCycle=0,cur_changeCycle=0,to_view=12115
info|2019-12-31 10:00:20.224648|[g:1][CONSENSUS]addRawPrepare,height=89,reqIdx=3,hash=a0aedea6...
info|2019-12-31 10:00:20.226201|[g:1][CONSENSUS][PBFT]checkTimeout Succ,view=12115,toView=12116,nodeIdx=1,changeCycle=0,myNode=546baaf5...,timecost=1.043
info|2019-12-31 10:00:20.243153|[g:1][CONSENSUS][PBFT]checkAndChangeView: Reach consensus,org_view=12115,org_changeCycle=0,cur_changeCycle=0,to_view=12116
info|2019-12-31 10:00:21.271807|[g:1][CONSENSUS]addRawPrepare,height=89,reqIdx=0,hash=e2820af2...
info|2019-12-31 10:00:21.274102|[g:1][CONSENSUS][PBFT]checkTimeout Succ,view=12116,toView=12117,nodeIdx=1,changeCycle=0,myNode=546baaf5...,timecost=1.824
info|2019-12-31 10:00:21.387380|[g:1][CONSENSUS][PBFT]checkAndChangeView: Reach consensus,org_view=12116,org_changeCycle=0,cur_changeCycle=0,to_view=12117
info|2019-12-31 10:00:22.389483|[g:1][CONSENSUS][SEALER]++++++++++++++++ Generating seal on,blkNum=89,tx=0,nodeIdx=1,hash=421017db...
info|2019-12-31 10:00:22.414855|[g:1][CONSENSUS][PBFT]checkTimeout Succ,view=12117,toView=12118,nodeIdx=1,changeCycle=0,myNode=546baaf5...,timecost=0.986
info|2019-12-31 10:00:22.420228|[g:1][CONSENSUS][PBFT]checkAndChangeView: Reach consensus,org_view=12117,org_changeCycle=0,cur_changeCycle=0,to_view=12118
info|2019-12-31 10:00:23.429803|[g:1][CONSENSUS]addRawPrepare,height=89,reqIdx=2,hash=f7153432...
info|2019-12-31 10:00:23.497416|[g:1][CONSENSUS][PBFT]checkTimeout Succ,view=12118,toView=12119,nodeIdx=1,changeCycle=0,myNode=546baaf5...,timecost=4.419
info|2019-12-31 10:00:23.510954|[g:1][CONSENSUS][PBFT]checkAndChangeView: Reach consensus,org_view=12118,org_changeCycle=0,cur_changeCycle=0,to_view=12119
info|2019-12-31 10:00:24.564801|[g:1][CONSENSUS]addRawPrepare,height=89,reqIdx=3,hash=7914cfa3...
info|2019-12-31 10:00:24.572023|[g:1][CONSENSUS][PBFT]checkTimeout Succ,view=12119,toView=12120,nodeIdx=1,changeCycle=0,myNode=546baaf5...,timecost=2.517
info|2019-12-31 10:00:24.590951|[g:1][CONSENSUS][PBFT]checkAndChangeView: Reach consensus,org_view=12119,org_changeCycle=0,cur_changeCycle=0,to_view=12120
info|2019-12-31 10:00:25.600252|[g:1][CONSENSUS]addRawPrepare,height=89,reqIdx=0,hash=adb83902...
info|2019-12-31 10:00:25.607078|[g:1][CONSENSUS][PBFT]checkTimeout Succ,view=12120,toView=12121,nodeIdx=1,changeCycle=0,myNode=546baaf5...,timecost=6.627
info|2019-12-31 10:00:25.620283|[g:1][CONSENSUS][PBFT]checkAndChangeView: Reach consensus,org_view=12120,org_changeCycle=0,cur_changeCycle=0,to_view=12121
info|2019-12-31 10:00:26.625556|[g:1][CONSENSUS][SEALER]++++++++++++++++ Generating seal on,blkNum=89,tx=0,nodeIdx=1,hash=3e70dc4c...
info|2019-12-31 10:00:26.690062|[g:1][CONSENSUS][PBFT]checkTimeout Succ,view=12121,toView=12122,nodeIdx=1,changeCycle=0,myNode=546baaf5...,timecost=43.602
info|2019-12-31 10:00:26.720013|[g:1][CONSENSUS][PBFT]checkAndChangeView: Reach consensus,org_view=12121,org_changeCycle=0,cur_changeCycle=0,to_view=12122
info|2019-12-31 10:00:27.765609|[g:1][CONSENSUS]addRawPrepare,height=89,reqIdx=2,hash=97af6660...
info|2019-12-31 10:00:27.825199|[g:1][CONSENSUS][PBFT]checkTimeout Succ,view=12122,toView=12123,nodeIdx=1,changeCycle=0,myNode=546baaf5...,timecost=36.749
info|2019-12-31 10:00:27.851716|[g:1][CONSENSUS][PBFT]checkAndChangeView: Reach consensus,org_view=12122,org_changeCycle=0,cur_changeCycle=0,to_view=12123
info|2019-12-31 10:00:28.708521|[P2P][Service] heartBeat,connected count=3
info|2019-12-31 10:00:28.924159|[g:1][CONSENSUS]addRawPrepare,height=89,reqIdx=3,hash=4e69615f...
info|2019-12-31 10:00:29.026936|[g:1][CONSENSUS][PBFT]checkTimeout Succ,view=12123,toView=12124,nodeIdx=1,changeCycle=0,myNode=546baaf5...,timecost=67.181
info|2019-12-31 10:00:29.053931|[g:1][CONSENSUS][PBFT]checkAndChangeView: Reach consensus,org_view=12123,org_changeCycle=0,cur_changeCycle=0,to_view=12124
info|2019-12-31 10:00:30.054049|[g:1][CONSENSUS]addRawPrepare,height=89,reqIdx=0,hash=72176953...
info|2019-12-31 10:00:30.062480|[g:1][CONSENSUS][PBFT]checkTimeout Succ,view=12124,toView=12125,nodeIdx=1,changeCycle=0,myNode=546baaf5...,timecost=5.976
info|2019-12-31 10:00:30.080887|[g:1][CONSENSUS][PBFT]checkAndChangeView: Reach consensus,org_view=12124,org_changeCycle=0,cur_changeCycle=0,to_view=12125
info|2019-12-31 10:00:31.084554|[g:1][CONSENSUS][SEALER]++++++++++++++++ Generating seal on,blkNum=89,tx=0,nodeIdx=1,hash=9d6e120f...
info|2019-12-31 10:00:31.223500|[g:1][CONSENSUS][PBFT]checkTimeout Succ,view=12125,toView=12126,nodeIdx=1,changeCycle=0,myNode=546baaf5...,timecost=107.128
info|2019-12-31 10:00:31.246044|[g:1][CONSENSUS][PBFT]checkAndChangeView: Reach consensus,org_view=12125,org_changeCycle=0,cur_changeCycle=0,to_view=12126
info|2019-12-31 10:00:32.246192|[g:1][CONSENSUS]addRawPrepare,height=89,reqIdx=2,hash=8c83038a...
info|2019-12-31 10:00:32.248412|[g:1][CONSENSUS][PBFT]checkTimeout Succ,view=12126,toView=12127,nodeIdx=1,changeCycle=0,myNode=546baaf5...,timecost=1.447
info|2019-12-31 10:00:32.277837|[g:1][CONSENSUS][PBFT]checkAndChangeView: Reach consensus,org_view=12126,org_changeCycle=0,cur_changeCycle=0,to_view=12127
info|2019-12-31 10:00:33.308862|[g:1][CONSENSUS]addRawPrepare,height=89,reqIdx=3,hash=a898af4f...
info|2019-12-31 10:00:33.322408|[g:1][CONSENSUS][PBFT]checkTimeout Succ,view=12127,toView=12128,nodeIdx=1,changeCycle=0,myNode=546baaf5...,timecost=13.34
info|2019-12-31 10:00:33.358274|[g:1][CONSENSUS][PBFT]checkAndChangeView: Reach consensus,org_view=12127,org_changeCycle=0,cur_changeCycle=0,to_view=12128
info|2019-12-31 10:00:34.371681|[g:1][CONSENSUS]addRawPrepare,height=89,reqIdx=0,hash=29d1acd1...
info|2019-12-31 10:00:34.378721|[g:1][CONSENSUS][PBFT]checkTimeout Succ,view=12128,toView=12129,nodeIdx=1,changeCycle=0,myNode=546baaf5...,timecost=6.713
info|2019-12-31 10:00:34.438884|[g:1][CONSENSUS][PBFT]checkAndChangeView: Reach consensus,org_view=12128,org_changeCycle=0,cur_changeCycle=0,to_view=12129
info|2019-12-31 10:00:35.466553|[g:1][CONSENSUS][SEALER]++++++++++++++++ Generating seal on,blkNum=89,tx=0,nodeIdx=1,hash=a7f18588...
info|2019-12-31 10:00:35.621922|[g:1][CONSENSUS][PBFT]checkTimeout Succ,view=12129,toView=12130,nodeIdx=1,changeCycle=0,myNode=546baaf5...,timecost=78.369
info|2019-12-31 10:00:35.739275|[g:1][CONSENSUS][PBFT]checkAndChangeView: Reach consensus,org_view=12129,org_changeCycle=0,cur_changeCycle=0,to_view=12130
info|2019-12-31 10:00:36.886102|[g:1][CONSENSUS]addRawPrepare,height=89,reqIdx=2,hash=6c809488...
info|2019-12-31 10:00:36.914136|[g:1][CONSENSUS][PBFT]checkTimeout Succ,view=12130,toView=12131,nodeIdx=1,changeCycle=0,myNode=546baaf5...,timecost=26.333
info|2019-12-31 10:00:36.959628|[g:1][CONSENSUS][PBFT]checkAndChangeView: Reach consensus,org_view=12130,org_changeCycle=0,cur_changeCycle=0,to_view=12131
info|2019-12-31 10:00:37.952779|[g:1][CONSENSUS]addRawPrepare,height=89,reqIdx=3,hash=952dc495...
info|2019-12-31 10:00:37.962595|[g:1][CONSENSUS][PBFT]checkTimeout Succ,view=12131,toView=12132,nodeIdx=1,changeCycle=0,myNode=546baaf5...,timecost=9.726
info|2019-12-31 10:00:37.976823|[g:1][CONSENSUS][PBFT]checkAndChangeView: Reach consensus,org_view=12131,org_changeCycle=0,cur_changeCycle=0,to_view=12132
info|2019-12-31 10:00:38.709350|[P2P][Service] heartBeat,connected count=3
info|2019-12-31 10:00:38.990064|[g:1][CONSENSUS]addRawPrepare,height=89,reqIdx=0,hash=cec8ca30...
info|2019-12-31 10:00:39.005765|[g:1][CONSENSUS][PBFT]checkTimeout Succ,view=12132,toView=12133,nodeIdx=1,changeCycle=0,myNode=546baaf5...,timecost=1.279
info|2019-12-31 10:00:39.018159|[g:1][CONSENSUS][PBFT]checkAndChangeView: Reach consensus,org_view=12132,org_changeCycle=0,cur_changeCycle=0,to_view=12133
info|2019-12-31 10:00:40.022501|[g:1][CONSENSUS][SEALER]++++++++++++++++ Generating seal on,blkNum=89,tx=0,nodeIdx=1,hash=e586ed57...
info|2019-12-31 10:00:40.030680|[g:1][CONSENSUS][PBFT]checkTimeout Succ,view=12133,toView=12134,nodeIdx=1,changeCycle=0,myNode=546baaf5...,timecost=1.136
info|2019-12-31 10:00:40.042371|[g:1][CONSENSUS][PBFT]checkAndChangeView: Reach consensus,org_view=12133,org_changeCycle=0,cur_changeCycle=0,to_view=12134
info|2019-12-31 10:00:41.054825|[g:1][CONSENSUS]addRawPrepare,height=89,reqIdx=2,hash=b96c8886...
info|2019-12-31 10:00:41.079143|[g:1][CONSENSUS][PBFT]checkTimeout Succ,view=12134,toView=12135,nodeIdx=1,changeCycle=0,myNode=546baaf5...,timecost=19.305
info|2019-12-31 10:00:41.087336|[g:1][CONSENSUS][PBFT]checkAndChangeView: Reach consensus,org_view=12134,org_changeCycle=0,cur_changeCycle=0,to_view=12135
info|2019-12-31 10:00:42.084440|[g:1][CONSENSUS]addRawPrepare,height=89,reqIdx=3,hash=ba191931...
info|2019-12-31 10:00:42.085142|[g:1][CONSENSUS][PBFT]checkTimeout Succ,view=12135,toView=12136,nodeIdx=1,changeCycle=0,myNode=546baaf5...,timecost=0.488
info|2019-12-31 10:00:42.181916|[g:1][CONSENSUS][PBFT]checkAndChangeView: Reach consensus,org_view=12135,org_changeCycle=0,cur_changeCycle=0,to_view=12136
info|2019-12-31 10:00:43.148448|[g:1][CONSENSUS]addRawPrepare,height=89,reqIdx=0,hash=77a84ba8...
info|2019-12-31 10:00:43.151597|[g:1][CONSENSUS][PBFT]checkTimeout Succ,view=12136,toView=12137,nodeIdx=1,changeCycle=0,myNode=546baaf5...,timecost=1.036
info|2019-12-31 10:00:43.186232|[g:1][CONSENSUS][PBFT]checkAndChangeView: Reach consensus,org_view=12136,org_changeCycle=0,cur_changeCycle=0,to_view=12137
info|2019-12-31 10:00:44.187598|[g:1][CONSENSUS][SEALER]++++++++++++++++ Generating seal on,blkNum=89,tx=0,nodeIdx=1,hash=2e08bd46...
info|2019-12-31 10:00:44.188767|[g:1][CONSENSUS][PBFT]checkTimeout Succ,view=12137,toView=12138,nodeIdx=1,changeCycle=0,myNode=546baaf5...,timecost=0.417
info|2019-12-31 10:00:44.197621|[g:1][CONSENSUS][PBFT]checkAndChangeView: Reach consensus,org_view=12137,org_changeCycle=0,cur_changeCycle=0,to_view=12138
info|2019-12-31 10:00:45.257074|[g:1][CONSENSUS]addRawPrepare,height=89,reqIdx=2,hash=9a4566f0...
info|2019-12-31 10:00:45.257617|[g:1][CONSENSUS][PBFT]checkTimeout Succ,view=12138,toView=12139,nodeIdx=1,changeCycle=0,myNode=546baaf5...,timecost=0.402
info|2019-12-31 10:00:45.329789|[g:1][CONSENSUS][PBFT]checkAndChangeView: Reach consensus,org_view=12138,org_changeCycle=0,cur_changeCycle=0,to_view=12139
info|2019-12-31 10:00:46.365298|[g:1][CONSENSUS]addRawPrepare,height=89,reqIdx=3,hash=817e8f78...
info|2019-12-31 10:00:46.365797|[g:1][CONSENSUS][PBFT]checkTimeout Succ,view=12139,toView=12140,nodeIdx=1,changeCycle=0,myNode=546baaf5...,timecost=0.338
info|2019-12-31 10:00:46.377242|[g:1][CONSENSUS][PBFT]checkAndChangeView: Reach consensus,org_view=12139,org_changeCycle=0,cur_changeCycle=0,to_view=12140
info|2019-12-31 10:00:47.387419|[g:1][CONSENSUS]addRawPrepare,height=89,reqIdx=0,hash=af531dd2...
info|2019-12-31 10:00:47.394140|[g:1][CONSENSUS][PBFT]checkTimeout Succ,view=12140,toView=12141,nodeIdx=1,changeCycle=0,myNode=546baaf5...,timecost=6.529
info|2019-12-31 10:00:47.395370|[g:1][CONSENSUS][PBFT]checkAndChangeView: Reach consensus,org_view=12140,org_changeCycle=0,cur_changeCycle=0,to_view=12141
info|2019-12-31 10:00:52.686733|[P2P][Service] heartBeat,connected count=3
warning|2019-12-31 10:00:52.691190|[g:1][CONSENSUS][PBFT]ViewChangeWarning: not caused by omit empty block ,v=12141,toV=12142,curNum=88,hash=825347b7...,nodeIdx=1,myNode=546baaf5...
info|2019-12-31 10:00:52.701290|[g:1][CONSENSUS][PBFT]checkTimeout Succ,view=12141,toView=12142,nodeIdx=1,changeCycle=1,myNode=546baaf5...,timecost=10.497
info|2019-12-31 10:00:52.817182|[g:1][CONSENSUS][PBFT]checkAndChangeView: Reach consensus,org_view=12141,org_changeCycle=1,cur_changeCycle=1,to_view=12142
