info|2019-12-18 02:55:59.873328|[INITIALIZER][initGlobalConfig],enableCompress=true,compatibilityVersion=2.1.0,versionNumber=33619968,chainId=1
info|2019-12-18 02:56:00.148324|[NETWORK][Host]Connecting to node,endpoint=127.0.0.1:30300
info|2019-12-18 02:56:00.148821|[NETWORK][Host]Connecting to node,endpoint=127.0.0.1:30301
info|2019-12-18 02:56:00.151515|[NETWORK][Host]Connecting to node,endpoint=127.0.0.1:30302
info|2019-12-18 02:56:00.151637|[NETWORK][Host]Connecting to node,endpoint=127.0.0.1:30303
info|2019-12-18 02:56:00.151729|[P2P][Service] heartBeat,connected count=0
info|2019-12-18 02:56:00.153615|[CHANNEL]ChannelRPCServer started
info|2019-12-18 02:56:00.153698|[INITIALIZER][RPCInitializer]ChannelRPCHttpServer started.
info|2019-12-18 02:56:00.153752|[LedgerInitializer],groupConfigPath=conf/
info|2019-12-18 02:56:00.154204|[NETWORK][Host]P2P StartAccept,Host=0.0.0.0:30303
info|2019-12-18 02:56:00.158541|[NETWORK][ASIO]asyncResolveConnect,endpoint=127.0.0.1:30300
info|2019-12-18 02:56:00.158718|[NETWORK][ASIO]asyncResolveConnect,endpoint=127.0.0.1:30301
info|2019-12-18 02:56:00.159215|[NETWORK][ASIO]asyncResolveConnect,endpoint=127.0.0.1:30302
info|2019-12-18 02:56:00.159408|[NETWORK][ASIO]asyncResolveConnect,endpoint=127.0.0.1:30303
warning|2019-12-18 02:56:00.159518|[NETWORK][Host]TCP Connection refused by node,endpoint=127.0.0.1:30300,message=Connection refused
warning|2019-12-18 02:56:00.159647|[NETWORK][Host]TCP Connection refused by node,endpoint=127.0.0.1:30301,message=Connection refused
warning|2019-12-18 02:56:00.159851|[P2P][Service] onConnect,errorCode=5,what=Connect failed
warning|2019-12-18 02:56:00.160165|[P2P][Service] onConnect,errorCode=5,what=Connect failed
info|2019-12-18 02:56:00.160591|[NETWORK][Host]P2P Recv Connect, From=127.0.0.1:42264
info|2019-12-18 02:56:00.160805|[NETWORK][Host]P2P StartAccept,Host=0.0.0.0:30303
info|2019-12-18 02:56:00.160845|[INITIALIZER][initSingleLedger] [GroupId]:  1
info|2019-12-18 02:56:00.161118|[g:1][LEDGER]LedgerConstructor,configPath=conf/group.1.genesis,baseDir=data//group1
info|2019-12-18 02:56:00.161180|[g:1][LEDGER][initGenesisConfig]initConsensusConfig/initDBConfig/initTxConfig,configFile=conf/group.1.genesis
info|2019-12-18 02:56:00.161573|[g:1][LEDGER][initConsensusConfig],it.first=95edd296a1b637d90acc7f7b0c99a233fc816f6a2bb84564c90f991b0d0766417de5e4025c78fd6918ad831178ee39c387e3ffc45bda061945d45e367660a209
info|2019-12-18 02:56:00.162170|[g:1][LEDGER][initConsensusConfig],it.first=493ace4fab92d0185d161d2091601fd0138eaff9538dc0461bb51097ebd4eab28e98f6432e4063239467cc37d96a1e1ace7a0e1ebb02a0c17ef726dc00a5a93b
info|2019-12-18 02:56:00.162289|[g:1][LEDGER][initConsensusConfig],it.first=d2f5130fbde32fe8ae68a12df7c51d3e16d8526eb2a54cfd864330987063242acdce510cf7b40823cd2d90b20776c4e2925757b25dea2a1995320eea155fefca
info|2019-12-18 02:56:00.162367|[g:1][LEDGER][initConsensusConfig],it.first=546baaf5b229fc2052feeaeddd778fbacc56bae0761f0713179899dfd87ec367186805dc44b2459507fcf2c7cbbcf0ef04b9bfcf0698236b3490848a83922697
info|2019-12-18 02:56:00.162843|[g:1][LEDGER][initIniConfig]initTxPoolConfig/initSyncConfig/initTxExecuteConfig,configFile=conf/group.1.ini
info|2019-12-18 02:56:00.164313|[g:1][LEDGER][initLedger][DBInitializer]
info|2019-12-18 02:56:00.170187|[g:1][DBINITIALIZER] [initRocksDBStorage]
info|2019-12-18 02:56:00.171359|[g:1][ROCKSDB]open rocksDB handler
info|2019-12-18 02:56:00.180534|[NETWORK][Host]P2P Recv Connect, From=127.0.0.1:42268
info|2019-12-18 02:56:00.180715|[NETWORK][Host]P2P StartAccept,Host=0.0.0.0:30303
info|2019-12-18 02:56:00.317130|[g:1][g:0][STORAGE][CachedStorage]Init flushStorage thread
info|2019-12-18 02:56:00.341705|[g:1][g:1][STORAGE][CachedStorage]CachedStorage commit: 4 hash: 2396c71454ab0ebabae85ebf0de677be06ddc43c771c6f30631a1b1d77350764 num: 0
info|2019-12-18 02:56:00.348110|[STORAGE]Start commit block: 0 to backend storage
info|2019-12-18 02:56:00.351161|[g:1][STORAGE]Submited block task: 0, current syncd block: 0
info|2019-12-18 02:56:00.351625|[g:1][BLOCKCHAIN][#checkAndBuildGenesisBlock]Insert the 0th block
info|2019-12-18 02:56:00.353480|[g:1][CONSENSUS][PBFT]Register handler for PBFTEngine
info|2019-12-18 02:56:00.354701|[g:1][CONSENSUS][PBFT],minBlockGenerationTime=500
info|2019-12-18 02:56:00.354933|[LedgerInitializer init group succ],groupID=1
info|2019-12-18 02:56:00.357136|[INITIALIZER][RPCInitializer]JsonrpcHttpServer started.
info|2019-12-18 02:56:00.361713|[g:1][LEDGER]startAll...
info|2019-12-18 02:56:00.363785|[STORAGE][g:1]
---------------------------------------------------------------------
Commit block: 0 to backend storage finished, current cached block: 0
Flush elapsed time: 0.0157s
---------------------------------------------------------------------

info|2019-12-18 02:56:00.368849|[NETWORK][Host]P2P Recv Connect, From=127.0.0.1:42276
info|2019-12-18 02:56:00.369115|[NETWORK][Host]P2P StartAccept,Host=0.0.0.0:30303
info|2019-12-18 02:56:00.390916|[g:1][CONSENSUS][PBFT]^^^^^^^^Report,num=0,sealerIdx=0,hash=2396c714...,next=1,tx=0,nodeIdx=1
info|2019-12-18 02:56:00.412549|[g:1][CONSENSUS][PBFT][PBFT init env successfully]
info|2019-12-18 02:56:00.412636|[g:1][CONSENSUS][ConsensusEngine][Start ConsensusEngineBase]
info|2019-12-18 02:56:00.416772|[g:1][CONSENSUS][PBFT][Start PBFTEngine...]
info|2019-12-18 02:56:00.416862|[g:1][CONSENSUS][SEALER][Start sealer module]
info|2019-12-18 02:56:00.417466|[g:1][CONSENSUS][PBFT]^^^^^^^^Report,num=0,sealerIdx=0,hash=2396c714...,next=1,tx=0,nodeIdx=1
info|2019-12-18 02:56:00.436175|[NETWORK][Host]P2P Recv Connect, From=127.0.0.1:42284
info|2019-12-18 02:56:00.437271|[NETWORK][Host]P2P StartAccept,Host=0.0.0.0:30303
info|2019-12-18 02:56:00.439916|[g:1][EVENT][EventLogFilterManager]start,m_maxBlockRange=0,m_maxBlockPerLoopFilter=3
info|2019-12-18 02:56:00.441802|[NETWORK][Host]startPeerSession, From=127.0.0.1:42264,nodeID=546baaf5...
info|2019-12-18 02:56:00.442441|[NETWORK][Host]startPeerSession, From=127.0.0.1:30303,nodeID=546baaf5...
info|2019-12-18 02:56:00.442883|[P2P][Service] Connection established,nodeID=d2f5130f...,endpoint=127.0.0.1:30302
info|2019-12-18 02:56:00.444773|[NETWORK][Host]startPeerSession, From=127.0.0.1:30302,nodeID=d2f5130f...
info|2019-12-18 02:56:00.501763|[NETWORK][Host]startPeerSession, From=127.0.0.1:42268,nodeID=d2f5130f...
info|2019-12-18 02:56:00.527817|[P2P][Service] Connection established,nodeID=493ace4f...,endpoint=127.0.0.1:42276
info|2019-12-18 02:56:00.529606|[NETWORK][Host]startPeerSession, From=127.0.0.1:42276,nodeID=493ace4f...
info|2019-12-18 02:56:00.573071|[P2P][Service] Connection established,nodeID=95edd296...,endpoint=127.0.0.1:42284
info|2019-12-18 02:56:00.576908|[NETWORK][Host]startPeerSession, From=127.0.0.1:42284,nodeID=95edd296...
warning|2019-12-18 02:56:00.604916|[SYNC][id:546baaf5...][Status]Peer data not found,nodeId=d2f5130f...
info|2019-12-18 02:56:01.447588|[g:1][CONSENSUS]addRawPrepare,height=1,reqIdx=0,hash=6fe30463...
info|2019-12-18 02:56:01.455962|[g:1][CONSENSUS][PBFT]checkTimeout Succ,view=0,toView=1,nodeIdx=1,changeCycle=0,myNode=546baaf5...,timecost=8.136
info|2019-12-18 02:56:01.526829|[g:1][CONSENSUS][PBFT]checkAndChangeView: Reach consensus,org_view=0,org_changeCycle=0,cur_changeCycle=0,to_view=1
info|2019-12-18 02:56:02.532144|[g:1][CONSENSUS][SEALER]++++++++++++++++ Generating seal on,blkNum=1,tx=0,nodeIdx=1,hash=9f801824...
info|2019-12-18 02:56:02.555011|[g:1][CONSENSUS][PBFT]checkTimeout Succ,view=1,toView=2,nodeIdx=1,changeCycle=0,myNode=546baaf5...,timecost=3.665
info|2019-12-18 02:56:02.561729|[g:1][CONSENSUS][PBFT]checkAndChangeView: Reach consensus,org_view=1,org_changeCycle=0,cur_changeCycle=0,to_view=2
info|2019-12-18 02:56:03.582613|[g:1][CONSENSUS]addRawPrepare,height=1,reqIdx=2,hash=476209d1...
info|2019-12-18 02:56:03.590655|[g:1][CONSENSUS][PBFT]checkTimeout Succ,view=2,toView=3,nodeIdx=1,changeCycle=0,myNode=546baaf5...,timecost=2.771
info|2019-12-18 02:56:03.615618|[g:1][CONSENSUS][PBFT]checkAndChangeView: Reach consensus,org_view=2,org_changeCycle=0,cur_changeCycle=0,to_view=3
info|2019-12-18 02:56:04.658307|[g:1][CONSENSUS]addRawPrepare,height=1,reqIdx=3,hash=ef7a8a31...
info|2019-12-18 02:56:04.689766|[g:1][CONSENSUS][PBFT]checkTimeout Succ,view=3,toView=4,nodeIdx=1,changeCycle=0,myNode=546baaf5...,timecost=25.796
info|2019-12-18 02:56:04.718374|[g:1][CONSENSUS][PBFT]checkAndChangeView: Reach consensus,org_view=3,org_changeCycle=0,cur_changeCycle=0,to_view=4
info|2019-12-18 02:56:05.746507|[g:1][CONSENSUS]addRawPrepare,height=1,reqIdx=0,hash=d2e467c0...
info|2019-12-18 02:56:05.750911|[g:1][CONSENSUS][PBFT]checkTimeout Succ,view=4,toView=5,nodeIdx=1,changeCycle=0,myNode=546baaf5...,timecost=3.821
info|2019-12-18 02:56:05.818174|[g:1][CONSENSUS][PBFT]checkAndChangeView: Reach consensus,org_view=4,org_changeCycle=0,cur_changeCycle=0,to_view=5
info|2019-12-18 02:56:06.820143|[g:1][CONSENSUS][SEALER]++++++++++++++++ Generating seal on,blkNum=1,tx=0,nodeIdx=1,hash=333abb85...
info|2019-12-18 02:56:06.853906|[g:1][CONSENSUS][PBFT]checkTimeout Succ,view=5,toView=6,nodeIdx=1,changeCycle=0,myNode=546baaf5...,timecost=20.866
info|2019-12-18 02:56:06.888049|[g:1][CONSENSUS][PBFT]checkAndChangeView: Reach consensus,org_view=5,org_changeCycle=0,cur_changeCycle=0,to_view=6
info|2019-12-18 02:56:07.904488|[g:1][CONSENSUS]addRawPrepare,height=1,reqIdx=2,hash=af68aa32...
info|2019-12-18 02:56:07.924788|[g:1][CONSENSUS][PBFT]checkTimeout Succ,view=6,toView=7,nodeIdx=1,changeCycle=0,myNode=546baaf5...,timecost=11.583
info|2019-12-18 02:56:07.949032|[g:1][CONSENSUS][PBFT]checkAndChangeView: Reach consensus,org_view=6,org_changeCycle=0,cur_changeCycle=0,to_view=7
info|2019-12-18 02:56:08.964904|[g:1][CONSENSUS]addRawPrepare,height=1,reqIdx=3,hash=8006f96a...
info|2019-12-18 02:56:08.976335|[g:1][CONSENSUS][PBFT]checkTimeout Succ,view=7,toView=8,nodeIdx=1,changeCycle=0,myNode=546baaf5...,timecost=2.519
info|2019-12-18 02:56:08.989929|[g:1][CONSENSUS][PBFT]checkAndChangeView: Reach consensus,org_view=7,org_changeCycle=0,cur_changeCycle=0,to_view=8
info|2019-12-18 02:56:09.991884|[g:1][CONSENSUS]addRawPrepare,height=1,reqIdx=0,hash=faba0a9c...
info|2019-12-18 02:56:10.001264|[g:1][CONSENSUS][PBFT]checkTimeout Succ,view=8,toView=9,nodeIdx=1,changeCycle=0,myNode=546baaf5...,timecost=6.951
info|2019-12-18 02:56:10.008630|[g:1][CONSENSUS][PBFT]checkAndChangeView: Reach consensus,org_view=8,org_changeCycle=0,cur_changeCycle=0,to_view=9
info|2019-12-18 02:56:10.152265|[NETWORK][Host]Connecting to node,endpoint=127.0.0.1:30300
info|2019-12-18 02:56:10.152483|[NETWORK][Host]Connecting to node,endpoint=127.0.0.1:30301
info|2019-12-18 02:56:10.152625|[P2P][Service] heartBeat,connected count=3
info|2019-12-18 02:56:10.153702|[NETWORK][ASIO]asyncResolveConnect,endpoint=127.0.0.1:30300
info|2019-12-18 02:56:10.153997|[NETWORK][ASIO]asyncResolveConnect,endpoint=127.0.0.1:30301
info|2019-12-18 02:56:10.277209|[NETWORK][Host]startPeerSession, From=127.0.0.1:30300,nodeID=95edd296...
info|2019-12-18 02:56:10.291532|[NETWORK][Host]startPeerSession, From=127.0.0.1:30301,nodeID=493ace4f...
info|2019-12-18 02:56:11.009367|[g:1][CONSENSUS][SEALER]++++++++++++++++ Generating seal on,blkNum=1,tx=0,nodeIdx=1,hash=bfebf9ce...
info|2019-12-18 02:56:11.017342|[g:1][CONSENSUS][PBFT]checkTimeout Succ,view=9,toView=10,nodeIdx=1,changeCycle=0,myNode=546baaf5...,timecost=1.911
info|2019-12-18 02:56:11.041472|[g:1][CONSENSUS][PBFT]checkAndChangeView: Reach consensus,org_view=9,org_changeCycle=0,cur_changeCycle=0,to_view=10
info|2019-12-18 02:56:12.068533|[g:1][CONSENSUS]addRawPrepare,height=1,reqIdx=2,hash=2c6eee5c...
info|2019-12-18 02:56:12.125545|[g:1][CONSENSUS][PBFT]checkTimeout Succ,view=10,toView=11,nodeIdx=1,changeCycle=0,myNode=546baaf5...,timecost=15.754
info|2019-12-18 02:56:12.141701|[g:1][CONSENSUS][PBFT]checkAndChangeView: Reach consensus,org_view=10,org_changeCycle=0,cur_changeCycle=0,to_view=11
info|2019-12-18 02:56:13.163417|[g:1][CONSENSUS]addRawPrepare,height=1,reqIdx=3,hash=a4f528cf...
info|2019-12-18 02:56:13.179109|[g:1][CONSENSUS][PBFT]checkTimeout Succ,view=11,toView=12,nodeIdx=1,changeCycle=0,myNode=546baaf5...,timecost=8.224
info|2019-12-18 02:56:13.188995|[g:1][CONSENSUS][PBFT]checkAndChangeView: Reach consensus,org_view=11,org_changeCycle=0,cur_changeCycle=0,to_view=12
info|2019-12-18 02:56:14.207603|[g:1][CONSENSUS]addRawPrepare,height=1,reqIdx=0,hash=a291121b...
info|2019-12-18 02:56:14.210841|[g:1][CONSENSUS][PBFT]checkTimeout Succ,view=12,toView=13,nodeIdx=1,changeCycle=0,myNode=546baaf5...,timecost=3.076
info|2019-12-18 02:56:14.235397|[g:1][CONSENSUS][PBFT]checkAndChangeView: Reach consensus,org_view=12,org_changeCycle=0,cur_changeCycle=0,to_view=13
info|2019-12-18 02:56:15.243627|[g:1][CONSENSUS][SEALER]++++++++++++++++ Generating seal on,blkNum=1,tx=0,nodeIdx=1,hash=d4bb2c77...
info|2019-12-18 02:56:15.258193|[g:1][CONSENSUS][PBFT]checkTimeout Succ,view=13,toView=14,nodeIdx=1,changeCycle=0,myNode=546baaf5...,timecost=5.551
info|2019-12-18 02:56:15.290113|[g:1][CONSENSUS][PBFT]checkAndChangeView: Reach consensus,org_view=13,org_changeCycle=0,cur_changeCycle=0,to_view=14
info|2019-12-18 02:56:16.312745|[g:1][CONSENSUS]addRawPrepare,height=1,reqIdx=2,hash=d931222f...
info|2019-12-18 02:56:16.329774|[g:1][CONSENSUS][PBFT]checkTimeout Succ,view=14,toView=15,nodeIdx=1,changeCycle=0,myNode=546baaf5...,timecost=10.922
info|2019-12-18 02:56:16.345007|[g:1][CONSENSUS][PBFT]checkAndChangeView: Reach consensus,org_view=14,org_changeCycle=0,cur_changeCycle=0,to_view=15
info|2019-12-18 02:56:17.370836|[g:1][CONSENSUS]addRawPrepare,height=1,reqIdx=3,hash=2e6a7538...
info|2019-12-18 02:56:17.386793|[g:1][CONSENSUS][PBFT]checkTimeout Succ,view=15,toView=16,nodeIdx=1,changeCycle=0,myNode=546baaf5...,timecost=12.365
info|2019-12-18 02:56:17.394164|[g:1][CONSENSUS][PBFT]checkAndChangeView: Reach consensus,org_view=15,org_changeCycle=0,cur_changeCycle=0,to_view=16
info|2019-12-18 02:56:18.429157|[g:1][CONSENSUS]addRawPrepare,height=1,reqIdx=0,hash=ee3ae2b3...
info|2019-12-18 02:56:18.432140|[g:1][CONSENSUS][PBFT]checkTimeout Succ,view=16,toView=17,nodeIdx=1,changeCycle=0,myNode=546baaf5...,timecost=2.811
info|2019-12-18 02:56:18.509809|[g:1][CONSENSUS][PBFT]checkAndChangeView: Reach consensus,org_view=16,org_changeCycle=0,cur_changeCycle=0,to_view=17
info|2019-12-18 02:56:19.516316|[g:1][CONSENSUS][SEALER]++++++++++++++++ Generating seal on,blkNum=1,tx=0,nodeIdx=1,hash=bc31abbf...
info|2019-12-18 02:56:19.522082|[g:1][CONSENSUS][PBFT]checkTimeout Succ,view=17,toView=18,nodeIdx=1,changeCycle=0,myNode=546baaf5...,timecost=2.984
info|2019-12-18 02:56:19.543927|[g:1][CONSENSUS][PBFT]checkAndChangeView: Reach consensus,org_view=17,org_changeCycle=0,cur_changeCycle=0,to_view=18
info|2019-12-18 02:56:20.152861|[P2P][Service] heartBeat,connected count=3
info|2019-12-18 02:56:20.571067|[g:1][CONSENSUS]addRawPrepare,height=1,reqIdx=2,hash=bd7bf537...
info|2019-12-18 02:56:20.572228|[g:1][CONSENSUS][PBFT]checkTimeout Succ,view=18,toView=19,nodeIdx=1,changeCycle=0,myNode=546baaf5...,timecost=0.923
info|2019-12-18 02:56:20.598075|[g:1][CONSENSUS][PBFT]checkAndChangeView: Reach consensus,org_view=18,org_changeCycle=0,cur_changeCycle=0,to_view=19
info|2019-12-18 02:56:21.595932|[g:1][CONSENSUS]addRawPrepare,height=1,reqIdx=3,hash=b102f682...
info|2019-12-18 02:56:21.598072|[g:1][CONSENSUS][PBFT]checkTimeout Succ,view=19,toView=20,nodeIdx=1,changeCycle=0,myNode=546baaf5...,timecost=1.989
info|2019-12-18 02:56:21.604111|[g:1][CONSENSUS][PBFT]checkAndChangeView: Reach consensus,org_view=19,org_changeCycle=0,cur_changeCycle=0,to_view=20
info|2019-12-18 02:56:22.618745|[g:1][CONSENSUS]addRawPrepare,height=1,reqIdx=0,hash=810f7c28...
info|2019-12-18 02:56:22.644275|[g:1][CONSENSUS][PBFT]checkTimeout Succ,view=20,toView=21,nodeIdx=1,changeCycle=0,myNode=546baaf5...,timecost=16.219
info|2019-12-18 02:56:22.656703|[g:1][CONSENSUS][PBFT]checkAndChangeView: Reach consensus,org_view=20,org_changeCycle=0,cur_changeCycle=0,to_view=21
info|2019-12-18 02:56:23.658862|[g:1][CONSENSUS][SEALER]++++++++++++++++ Generating seal on,blkNum=1,tx=0,nodeIdx=1,hash=54872c99...
info|2019-12-18 02:56:23.673580|[g:1][CONSENSUS][PBFT]checkTimeout Succ,view=21,toView=22,nodeIdx=1,changeCycle=0,myNode=546baaf5...,timecost=2.904
info|2019-12-18 02:56:23.708323|[g:1][CONSENSUS][PBFT]checkAndChangeView: Reach consensus,org_view=21,org_changeCycle=0,cur_changeCycle=0,to_view=22
info|2019-12-18 02:56:24.787882|[g:1][CONSENSUS]addRawPrepare,height=1,reqIdx=2,hash=746442a1...
info|2019-12-18 02:56:24.858535|[g:1][CONSENSUS][PBFT]checkTimeout Succ,view=22,toView=23,nodeIdx=1,changeCycle=0,myNode=546baaf5...,timecost=51.546
info|2019-12-18 02:56:25.020523|[g:1][CONSENSUS][PBFT]checkAndChangeView: Reach consensus,org_view=22,org_changeCycle=0,cur_changeCycle=0,to_view=23
info|2019-12-18 02:56:26.143169|[g:1][CONSENSUS]addRawPrepare,height=1,reqIdx=3,hash=101c34b4...
info|2019-12-18 02:56:26.210629|[g:1][CONSENSUS][PBFT]checkTimeout Succ,view=23,toView=24,nodeIdx=1,changeCycle=0,myNode=546baaf5...,timecost=59.27
info|2019-12-18 02:56:26.324330|[g:1][CONSENSUS][PBFT]checkAndChangeView: Reach consensus,org_view=23,org_changeCycle=0,cur_changeCycle=0,to_view=24
info|2019-12-18 02:56:27.287421|[g:1][CONSENSUS]addRawPrepare,height=1,reqIdx=0,hash=3421ea32...
info|2019-12-18 02:56:27.289493|[g:1][CONSENSUS][PBFT]checkTimeout Succ,view=24,toView=25,nodeIdx=1,changeCycle=0,myNode=546baaf5...,timecost=1.869
info|2019-12-18 02:56:27.298916|[g:1][CONSENSUS][PBFT]checkAndChangeView: Reach consensus,org_view=24,org_changeCycle=0,cur_changeCycle=0,to_view=25
info|2019-12-18 02:56:28.304548|[g:1][CONSENSUS][SEALER]++++++++++++++++ Generating seal on,blkNum=1,tx=0,nodeIdx=1,hash=95cebbe1...
info|2019-12-18 02:56:28.308018|[g:1][CONSENSUS][PBFT]checkTimeout Succ,view=25,toView=26,nodeIdx=1,changeCycle=0,myNode=546baaf5...,timecost=1.537
info|2019-12-18 02:56:28.349109|[g:1][CONSENSUS][PBFT]checkAndChangeView: Reach consensus,org_view=25,org_changeCycle=0,cur_changeCycle=0,to_view=26
info|2019-12-18 02:56:29.419483|[g:1][CONSENSUS]addRawPrepare,height=1,reqIdx=2,hash=8e5352df...
info|2019-12-18 02:56:29.583783|[g:1][CONSENSUS][PBFT]checkTimeout Succ,view=26,toView=27,nodeIdx=1,changeCycle=0,myNode=546baaf5...,timecost=163.312
info|2019-12-18 02:56:29.752583|[g:1][CONSENSUS][PBFT]checkAndChangeView: Reach consensus,org_view=26,org_changeCycle=0,cur_changeCycle=0,to_view=27
info|2019-12-18 02:56:30.153667|[P2P][Service] heartBeat,connected count=3
info|2019-12-18 02:56:30.785775|[g:1][CONSENSUS]addRawPrepare,height=1,reqIdx=3,hash=a518a3b1...
info|2019-12-18 02:56:30.788499|[g:1][CONSENSUS][PBFT]checkTimeout Succ,view=27,toView=28,nodeIdx=1,changeCycle=0,myNode=546baaf5...,timecost=1.953
info|2019-12-18 02:56:30.809454|[g:1][CONSENSUS][PBFT]checkAndChangeView: Reach consensus,org_view=27,org_changeCycle=0,cur_changeCycle=0,to_view=28
info|2019-12-18 02:56:31.910184|[g:1][CONSENSUS]addRawPrepare,height=1,reqIdx=0,hash=71ba405f...
info|2019-12-18 02:56:31.913838|[g:1][CONSENSUS][PBFT]checkTimeout Succ,view=28,toView=29,nodeIdx=1,changeCycle=0,myNode=546baaf5...,timecost=48.837
info|2019-12-18 02:56:32.013717|[g:1][CONSENSUS][PBFT]checkAndChangeView: Reach consensus,org_view=28,org_changeCycle=0,cur_changeCycle=0,to_view=29
info|2019-12-18 02:56:33.019367|[g:1][CONSENSUS][SEALER]++++++++++++++++ Generating seal on,blkNum=1,tx=0,nodeIdx=1,hash=44b1415f...
info|2019-12-18 02:56:33.042603|[g:1][CONSENSUS][PBFT]checkTimeout Succ,view=29,toView=30,nodeIdx=1,changeCycle=0,myNode=546baaf5...,timecost=5.776
info|2019-12-18 02:56:33.069065|[g:1][CONSENSUS][PBFT]checkAndChangeView: Reach consensus,org_view=29,org_changeCycle=0,cur_changeCycle=0,to_view=30
info|2019-12-18 02:56:34.096853|[g:1][CONSENSUS]addRawPrepare,height=1,reqIdx=2,hash=9446ac97...
info|2019-12-18 02:56:34.117775|[g:1][CONSENSUS][PBFT]checkTimeout Succ,view=30,toView=31,nodeIdx=1,changeCycle=0,myNode=546baaf5...,timecost=20.086
info|2019-12-18 02:56:34.183117|[g:1][CONSENSUS][PBFT]checkAndChangeView: Reach consensus,org_view=30,org_changeCycle=0,cur_changeCycle=0,to_view=31
info|2019-12-18 02:56:35.203398|[g:1][CONSENSUS]addRawPrepare,height=1,reqIdx=3,hash=bb9c1c4c...
info|2019-12-18 02:56:35.215317|[g:1][CONSENSUS][PBFT]checkTimeout Succ,view=31,toView=32,nodeIdx=1,changeCycle=0,myNode=546baaf5...,timecost=11.824
info|2019-12-18 02:56:35.244146|[g:1][CONSENSUS][PBFT]checkAndChangeView: Reach consensus,org_view=31,org_changeCycle=0,cur_changeCycle=0,to_view=32
info|2019-12-18 02:56:36.272801|[g:1][CONSENSUS]addRawPrepare,height=1,reqIdx=0,hash=2c7986db...
info|2019-12-18 02:56:36.279335|[g:1][CONSENSUS][PBFT]checkTimeout Succ,view=32,toView=33,nodeIdx=1,changeCycle=0,myNode=546baaf5...,timecost=6.171
info|2019-12-18 02:56:36.285288|[g:1][CONSENSUS][PBFT]checkAndChangeView: Reach consensus,org_view=32,org_changeCycle=0,cur_changeCycle=0,to_view=33
info|2019-12-18 02:56:37.287388|[g:1][CONSENSUS][SEALER]++++++++++++++++ Generating seal on,blkNum=1,tx=0,nodeIdx=1,hash=cc0b3661...
info|2019-12-18 02:56:37.313818|[g:1][CONSENSUS][PBFT]checkTimeout Succ,view=33,toView=34,nodeIdx=1,changeCycle=0,myNode=546baaf5...,timecost=2.06
info|2019-12-18 02:56:37.321323|[g:1][CONSENSUS][PBFT]checkAndChangeView: Reach consensus,org_view=33,org_changeCycle=0,cur_changeCycle=0,to_view=34
info|2019-12-18 02:56:38.332613|[g:1][CONSENSUS]addRawPrepare,height=1,reqIdx=2,hash=75a7d845...
info|2019-12-18 02:56:38.351991|[g:1][CONSENSUS][PBFT]checkTimeout Succ,view=34,toView=35,nodeIdx=1,changeCycle=0,myNode=546baaf5...,timecost=15.379
info|2019-12-18 02:56:38.376195|[g:1][CONSENSUS][PBFT]checkAndChangeView: Reach consensus,org_view=34,org_changeCycle=0,cur_changeCycle=0,to_view=35
info|2019-12-18 02:56:39.398908|[g:1][CONSENSUS]addRawPrepare,height=1,reqIdx=3,hash=1cea3fa4...
info|2019-12-18 02:56:39.430406|[g:1][CONSENSUS][PBFT]checkTimeout Succ,view=35,toView=36,nodeIdx=1,changeCycle=0,myNode=546baaf5...,timecost=10.506
info|2019-12-18 02:56:39.443913|[g:1][CONSENSUS][PBFT]checkAndChangeView: Reach consensus,org_view=35,org_changeCycle=0,cur_changeCycle=0,to_view=36
info|2019-12-18 02:56:40.154767|[P2P][Service] heartBeat,connected count=3
info|2019-12-18 02:56:40.481454|[g:1][CONSENSUS]addRawPrepare,height=1,reqIdx=0,hash=ec0ada36...
info|2019-12-18 02:56:40.511569|[g:1][CONSENSUS][PBFT]checkTimeout Succ,view=36,toView=37,nodeIdx=1,changeCycle=0,myNode=546baaf5...,timecost=29.847
info|2019-12-18 02:56:40.592066|[g:1][CONSENSUS][PBFT]checkAndChangeView: Reach consensus,org_view=36,org_changeCycle=0,cur_changeCycle=0,to_view=37
info|2019-12-18 02:56:41.594069|[g:1][CONSENSUS][SEALER]++++++++++++++++ Generating seal on,blkNum=1,tx=0,nodeIdx=1,hash=8272ebc1...
info|2019-12-18 02:56:41.638924|[g:1][CONSENSUS][PBFT]checkTimeout Succ,view=37,toView=38,nodeIdx=1,changeCycle=0,myNode=546baaf5...,timecost=22.009
info|2019-12-18 02:56:41.695393|[g:1][CONSENSUS][PBFT]checkAndChangeView: Reach consensus,org_view=37,org_changeCycle=0,cur_changeCycle=0,to_view=38
info|2019-12-18 02:56:42.720175|[g:1][CONSENSUS]addRawPrepare,height=1,reqIdx=2,hash=eccb5f0d...
info|2019-12-18 02:56:42.742813|[g:1][CONSENSUS][PBFT]checkTimeout Succ,view=38,toView=39,nodeIdx=1,changeCycle=0,myNode=546baaf5...,timecost=8.586
info|2019-12-18 02:56:42.800625|[g:1][CONSENSUS][PBFT]checkAndChangeView: Reach consensus,org_view=38,org_changeCycle=0,cur_changeCycle=0,to_view=39
info|2019-12-18 02:56:43.809614|[g:1][CONSENSUS]addRawPrepare,height=1,reqIdx=3,hash=0bcebb6b...
info|2019-12-18 02:56:43.820680|[g:1][CONSENSUS][PBFT]checkTimeout Succ,view=39,toView=40,nodeIdx=1,changeCycle=0,myNode=546baaf5...,timecost=10.592
info|2019-12-18 02:56:43.840522|[g:1][CONSENSUS][PBFT]checkAndChangeView: Reach consensus,org_view=39,org_changeCycle=0,cur_changeCycle=0,to_view=40
info|2019-12-18 02:56:44.849891|[g:1][CONSENSUS]addRawPrepare,height=1,reqIdx=0,hash=ae62bcbf...
info|2019-12-18 02:56:44.858206|[g:1][CONSENSUS][PBFT]checkTimeout Succ,view=40,toView=41,nodeIdx=1,changeCycle=0,myNode=546baaf5...,timecost=2.3
info|2019-12-18 02:56:44.862328|[g:1][CONSENSUS][PBFT]checkAndChangeView: Reach consensus,org_view=40,org_changeCycle=0,cur_changeCycle=0,to_view=41
info|2019-12-18 02:56:45.875954|[g:1][CONSENSUS][SEALER]++++++++++++++++ Generating seal on,blkNum=1,tx=0,nodeIdx=1,hash=aa7a82b3...
info|2019-12-18 02:56:46.076730|[g:1][CONSENSUS][PBFT]checkTimeout Succ,view=41,toView=42,nodeIdx=1,changeCycle=0,myNode=546baaf5...,timecost=183.555
info|2019-12-18 02:56:46.221485|[g:1][CONSENSUS][PBFT]checkAndChangeView: Reach consensus,org_view=41,org_changeCycle=0,cur_changeCycle=0,to_view=42
info|2019-12-18 02:56:47.217819|[g:1][CONSENSUS]addRawPrepare,height=1,reqIdx=2,hash=c4758f4a...
info|2019-12-18 02:56:47.241991|[g:1][CONSENSUS][PBFT]checkTimeout Succ,view=42,toView=43,nodeIdx=1,changeCycle=0,myNode=546baaf5...,timecost=7.458
info|2019-12-18 02:56:47.250742|[g:1][CONSENSUS][PBFT]checkAndChangeView: Reach consensus,org_view=42,org_changeCycle=0,cur_changeCycle=0,to_view=43
info|2019-12-18 02:56:48.249916|[g:1][CONSENSUS]addRawPrepare,height=1,reqIdx=3,hash=58b0dd2b...
info|2019-12-18 02:56:48.265964|[g:1][CONSENSUS][PBFT]checkTimeout Succ,view=43,toView=44,nodeIdx=1,changeCycle=0,myNode=546baaf5...,timecost=11.345
info|2019-12-18 02:56:48.288335|[g:1][CONSENSUS][PBFT]checkAndChangeView: Reach consensus,org_view=43,org_changeCycle=0,cur_changeCycle=0,to_view=44
info|2019-12-18 02:56:49.302306|[g:1][CONSENSUS]addRawPrepare,height=1,reqIdx=0,hash=f62b03ed...
info|2019-12-18 02:56:49.310738|[g:1][CONSENSUS][PBFT]checkTimeout Succ,view=44,toView=45,nodeIdx=1,changeCycle=0,myNode=546baaf5...,timecost=7.287
info|2019-12-18 02:56:49.342584|[g:1][CONSENSUS][PBFT]checkAndChangeView: Reach consensus,org_view=44,org_changeCycle=0,cur_changeCycle=0,to_view=45
info|2019-12-18 02:56:50.157062|[P2P][Service] heartBeat,connected count=3
info|2019-12-18 02:56:50.348299|[g:1][CONSENSUS][SEALER]++++++++++++++++ Generating seal on,blkNum=1,tx=0,nodeIdx=1,hash=075bac7b...
info|2019-12-18 02:56:50.375993|[g:1][CONSENSUS][PBFT]checkTimeout Succ,view=45,toView=46,nodeIdx=1,changeCycle=0,myNode=546baaf5...,timecost=2.24
info|2019-12-18 02:56:50.401442|[g:1][CONSENSUS][PBFT]checkAndChangeView: Reach consensus,org_view=45,org_changeCycle=0,cur_changeCycle=0,to_view=46
info|2019-12-18 02:56:51.393885|[g:1][CONSENSUS]addRawPrepare,height=1,reqIdx=2,hash=f2529872...
info|2019-12-18 02:56:51.395589|[g:1][CONSENSUS][PBFT]checkTimeout Succ,view=46,toView=47,nodeIdx=1,changeCycle=0,myNode=546baaf5...,timecost=1.15
info|2019-12-18 02:56:51.424463|[g:1][CONSENSUS][PBFT]checkAndChangeView: Reach consensus,org_view=46,org_changeCycle=0,cur_changeCycle=0,to_view=47
info|2019-12-18 02:56:52.500189|[g:1][CONSENSUS]addRawPrepare,height=1,reqIdx=3,hash=2f632eb2...
info|2019-12-18 02:56:52.504682|[g:1][CONSENSUS][PBFT]checkTimeout Succ,view=47,toView=48,nodeIdx=1,changeCycle=0,myNode=546baaf5...,timecost=4.242
info|2019-12-18 02:56:52.516020|[g:1][CONSENSUS][PBFT]checkAndChangeView: Reach consensus,org_view=47,org_changeCycle=0,cur_changeCycle=0,to_view=48
info|2019-12-18 02:56:53.530735|[g:1][CONSENSUS]addRawPrepare,height=1,reqIdx=0,hash=c8916137...
info|2019-12-18 02:56:53.545672|[g:1][CONSENSUS][PBFT]checkTimeout Succ,view=48,toView=49,nodeIdx=1,changeCycle=0,myNode=546baaf5...,timecost=7.035
info|2019-12-18 02:56:53.564534|[g:1][CONSENSUS][PBFT]checkAndChangeView: Reach consensus,org_view=48,org_changeCycle=0,cur_changeCycle=0,to_view=49
info|2019-12-18 02:56:54.565754|[g:1][CONSENSUS][SEALER]++++++++++++++++ Generating seal on,blkNum=1,tx=0,nodeIdx=1,hash=c222f671...
info|2019-12-18 02:56:54.607062|[g:1][CONSENSUS][PBFT]checkTimeout Succ,view=49,toView=50,nodeIdx=1,changeCycle=0,myNode=546baaf5...,timecost=4.046
info|2019-12-18 02:56:54.614899|[g:1][CONSENSUS][PBFT]checkAndChangeView: Reach consensus,org_view=49,org_changeCycle=0,cur_changeCycle=0,to_view=50
info|2019-12-18 02:56:55.641409|[g:1][CONSENSUS]addRawPrepare,height=1,reqIdx=2,hash=9b2d2ca3...
info|2019-12-18 02:56:55.673482|[g:1][CONSENSUS][PBFT]checkTimeout Succ,view=50,toView=51,nodeIdx=1,changeCycle=0,myNode=546baaf5...,timecost=22.511
info|2019-12-18 02:56:55.720195|[g:1][CONSENSUS][PBFT]checkAndChangeView: Reach consensus,org_view=50,org_changeCycle=0,cur_changeCycle=0,to_view=51
info|2019-12-18 02:56:56.713527|[g:1][CONSENSUS]addRawPrepare,height=1,reqIdx=3,hash=1f8c2aae...
info|2019-12-18 02:56:56.748116|[g:1][CONSENSUS][PBFT]checkTimeout Succ,view=51,toView=52,nodeIdx=1,changeCycle=0,myNode=546baaf5...,timecost=32.82
info|2019-12-18 02:56:56.768295|[g:1][CONSENSUS][PBFT]checkAndChangeView: Reach consensus,org_view=51,org_changeCycle=0,cur_changeCycle=0,to_view=52
info|2019-12-18 02:56:57.774408|[g:1][CONSENSUS]addRawPrepare,height=1,reqIdx=0,hash=0404565b...
info|2019-12-18 02:56:57.804312|[g:1][CONSENSUS][PBFT]checkTimeout Succ,view=52,toView=53,nodeIdx=1,changeCycle=0,myNode=546baaf5...,timecost=21.253
info|2019-12-18 02:56:57.815492|[g:1][CONSENSUS][PBFT]checkAndChangeView: Reach consensus,org_view=52,org_changeCycle=0,cur_changeCycle=0,to_view=53
info|2019-12-18 02:56:58.815814|[g:1][CONSENSUS][SEALER]++++++++++++++++ Generating seal on,blkNum=1,tx=0,nodeIdx=1,hash=9956f06d...
info|2019-12-18 02:56:58.831200|[g:1][CONSENSUS][PBFT]checkTimeout Succ,view=53,toView=54,nodeIdx=1,changeCycle=0,myNode=546baaf5...,timecost=2.881
info|2019-12-18 02:56:58.857957|[g:1][CONSENSUS][PBFT]checkAndChangeView: Reach consensus,org_view=53,org_changeCycle=0,cur_changeCycle=0,to_view=54
info|2019-12-18 02:56:59.884095|[g:1][CONSENSUS]addRawPrepare,height=1,reqIdx=2,hash=5fa6f8b0...
info|2019-12-18 02:56:59.901804|[g:1][CONSENSUS][PBFT]checkTimeout Succ,view=54,toView=55,nodeIdx=1,changeCycle=0,myNode=546baaf5...,timecost=15.753
info|2019-12-18 02:56:59.935262|[g:1][CONSENSUS][PBFT]checkAndChangeView: Reach consensus,org_view=54,org_changeCycle=0,cur_changeCycle=0,to_view=55
info|2019-12-18 02:57:00.158668|[P2P][Service] heartBeat,connected count=3
info|2019-12-18 02:57:00.923067|[g:1][CONSENSUS]addRawPrepare,height=1,reqIdx=3,hash=b20d9f6b...
info|2019-12-18 02:57:00.940150|[g:1][CONSENSUS][PBFT]checkTimeout Succ,view=55,toView=56,nodeIdx=1,changeCycle=0,myNode=546baaf5...,timecost=13.648
info|2019-12-18 02:57:00.957017|[g:1][CONSENSUS][PBFT]checkAndChangeView: Reach consensus,org_view=55,org_changeCycle=0,cur_changeCycle=0,to_view=56
info|2019-12-18 02:57:01.983901|[g:1][CONSENSUS]addRawPrepare,height=1,reqIdx=0,hash=d379f017...
info|2019-12-18 02:57:02.013124|[g:1][CONSENSUS][PBFT]checkTimeout Succ,view=56,toView=57,nodeIdx=1,changeCycle=0,myNode=546baaf5...,timecost=31.669
info|2019-12-18 02:57:02.039089|[g:1][CONSENSUS][PBFT]checkAndChangeView: Reach consensus,org_view=56,org_changeCycle=0,cur_changeCycle=0,to_view=57
info|2019-12-18 02:57:03.040000|[g:1][CONSENSUS][SEALER]++++++++++++++++ Generating seal on,blkNum=1,tx=0,nodeIdx=1,hash=ac37cab3...
info|2019-12-18 02:57:03.080899|[g:1][CONSENSUS][PBFT]checkTimeout Succ,view=57,toView=58,nodeIdx=1,changeCycle=0,myNode=546baaf5...,timecost=1.634
info|2019-12-18 02:57:03.091567|[g:1][CONSENSUS][PBFT]checkAndChangeView: Reach consensus,org_view=57,org_changeCycle=0,cur_changeCycle=0,to_view=58
info|2019-12-18 02:57:04.129773|[g:1][CONSENSUS]addRawPrepare,height=1,reqIdx=2,hash=651b32d3...
info|2019-12-18 02:57:04.157579|[g:1][CONSENSUS][PBFT]checkTimeout Succ,view=58,toView=59,nodeIdx=1,changeCycle=0,myNode=546baaf5...,timecost=9.822
info|2019-12-18 02:57:04.187904|[g:1][CONSENSUS][PBFT]checkAndChangeView: Reach consensus,org_view=58,org_changeCycle=0,cur_changeCycle=0,to_view=59
info|2019-12-18 02:57:05.182134|[g:1][CONSENSUS]addRawPrepare,height=1,reqIdx=3,hash=ad364d59...
info|2019-12-18 02:57:05.200618|[g:1][CONSENSUS][PBFT]checkTimeout Succ,view=59,toView=60,nodeIdx=1,changeCycle=0,myNode=546baaf5...,timecost=18.389
info|2019-12-18 02:57:05.205693|[g:1][CONSENSUS][PBFT]checkAndChangeView: Reach consensus,org_view=59,org_changeCycle=0,cur_changeCycle=0,to_view=60
info|2019-12-18 02:57:06.240525|[g:1][CONSENSUS]addRawPrepare,height=1,reqIdx=0,hash=60fc5189...
info|2019-12-18 02:57:06.252411|[g:1][CONSENSUS][PBFT]checkTimeout Succ,view=60,toView=61,nodeIdx=1,changeCycle=0,myNode=546baaf5...,timecost=11.345
info|2019-12-18 02:57:06.301013|[g:1][CONSENSUS][PBFT]checkAndChangeView: Reach consensus,org_view=60,org_changeCycle=0,cur_changeCycle=0,to_view=61
info|2019-12-18 02:57:07.303719|[g:1][CONSENSUS][SEALER]++++++++++++++++ Generating seal on,blkNum=1,tx=0,nodeIdx=1,hash=f241c37e...
info|2019-12-18 02:57:07.335374|[g:1][CONSENSUS][PBFT]checkTimeout Succ,view=61,toView=62,nodeIdx=1,changeCycle=0,myNode=546baaf5...,timecost=1.626
info|2019-12-18 02:57:07.348897|[g:1][CONSENSUS][PBFT]checkAndChangeView: Reach consensus,org_view=61,org_changeCycle=0,cur_changeCycle=0,to_view=62
info|2019-12-18 02:57:08.352853|[g:1][CONSENSUS]addRawPrepare,height=1,reqIdx=2,hash=c1c8670d...
info|2019-12-18 02:57:08.382682|[g:1][CONSENSUS][PBFT]checkTimeout Succ,view=62,toView=63,nodeIdx=1,changeCycle=0,myNode=546baaf5...,timecost=15.381
info|2019-12-18 02:57:08.413076|[g:1][CONSENSUS][PBFT]checkAndChangeView: Reach consensus,org_view=62,org_changeCycle=0,cur_changeCycle=0,to_view=63
info|2019-12-18 02:57:09.441968|[g:1][CONSENSUS]addRawPrepare,height=1,reqIdx=3,hash=b51cf6b2...
info|2019-12-18 02:57:09.444689|[g:1][CONSENSUS][PBFT]checkTimeout Succ,view=63,toView=64,nodeIdx=1,changeCycle=0,myNode=546baaf5...,timecost=2.584
info|2019-12-18 02:57:09.492058|[g:1][CONSENSUS][PBFT]checkAndChangeView: Reach consensus,org_view=63,org_changeCycle=0,cur_changeCycle=0,to_view=64
info|2019-12-18 02:57:10.159915|[P2P][Service] heartBeat,connected count=3
info|2019-12-18 02:57:10.512827|[g:1][CONSENSUS]addRawPrepare,height=1,reqIdx=0,hash=b5953614...
info|2019-12-18 02:57:10.541660|[g:1][CONSENSUS][PBFT]checkTimeout Succ,view=64,toView=65,nodeIdx=1,changeCycle=0,myNode=546baaf5...,timecost=24.036
info|2019-12-18 02:57:10.581285|[g:1][CONSENSUS][PBFT]checkAndChangeView: Reach consensus,org_view=64,org_changeCycle=0,cur_changeCycle=0,to_view=65
info|2019-12-18 02:57:11.583195|[g:1][CONSENSUS][SEALER]++++++++++++++++ Generating seal on,blkNum=1,tx=0,nodeIdx=1,hash=8b632480...
info|2019-12-18 02:57:11.635518|[g:1][CONSENSUS][PBFT]checkTimeout Succ,view=65,toView=66,nodeIdx=1,changeCycle=0,myNode=546baaf5...,timecost=17.961
info|2019-12-18 02:57:11.663374|[g:1][CONSENSUS][PBFT]checkAndChangeView: Reach consensus,org_view=65,org_changeCycle=0,cur_changeCycle=0,to_view=66
info|2019-12-18 02:57:12.680390|[g:1][CONSENSUS]addRawPrepare,height=1,reqIdx=2,hash=6f68f2aa...
info|2019-12-18 02:57:12.733509|[g:1][CONSENSUS][PBFT]checkTimeout Succ,view=66,toView=67,nodeIdx=1,changeCycle=0,myNode=546baaf5...,timecost=47.226
info|2019-12-18 02:57:12.760908|[g:1][CONSENSUS][PBFT]checkAndChangeView: Reach consensus,org_view=66,org_changeCycle=0,cur_changeCycle=0,to_view=67
info|2019-12-18 02:57:13.785620|[g:1][CONSENSUS]addRawPrepare,height=1,reqIdx=3,hash=8e6e2ce3...
info|2019-12-18 02:57:13.791851|[g:1][CONSENSUS][PBFT]checkTimeout Succ,view=67,toView=68,nodeIdx=1,changeCycle=0,myNode=546baaf5...,timecost=6.118
info|2019-12-18 02:57:13.833717|[g:1][CONSENSUS][PBFT]checkAndChangeView: Reach consensus,org_view=67,org_changeCycle=0,cur_changeCycle=0,to_view=68
info|2019-12-18 02:57:14.851960|[g:1][CONSENSUS]addRawPrepare,height=1,reqIdx=0,hash=7a754300...
info|2019-12-18 02:57:14.879346|[g:1][CONSENSUS][PBFT]checkTimeout Succ,view=68,toView=69,nodeIdx=1,changeCycle=0,myNode=546baaf5...,timecost=26.784
info|2019-12-18 02:57:14.917058|[g:1][CONSENSUS][PBFT]checkAndChangeView: Reach consensus,org_view=68,org_changeCycle=0,cur_changeCycle=0,to_view=69
info|2019-12-18 02:57:15.918219|[g:1][CONSENSUS][SEALER]++++++++++++++++ Generating seal on,blkNum=1,tx=0,nodeIdx=1,hash=ec83c4fb...
info|2019-12-18 02:57:15.954430|[g:1][CONSENSUS][PBFT]checkTimeout Succ,view=69,toView=70,nodeIdx=1,changeCycle=0,myNode=546baaf5...,timecost=1.446
info|2019-12-18 02:57:15.962982|[g:1][CONSENSUS][PBFT]checkAndChangeView: Reach consensus,org_view=69,org_changeCycle=0,cur_changeCycle=0,to_view=70
info|2019-12-18 02:57:17.017552|[g:1][CONSENSUS]addRawPrepare,height=1,reqIdx=2,hash=14c3e62b...
info|2019-12-18 02:57:17.023815|[g:1][CONSENSUS][PBFT]checkTimeout Succ,view=70,toView=71,nodeIdx=1,changeCycle=0,myNode=546baaf5...,timecost=2.103
info|2019-12-18 02:57:17.057323|[g:1][CONSENSUS][PBFT]checkAndChangeView: Reach consensus,org_view=70,org_changeCycle=0,cur_changeCycle=0,to_view=71
info|2019-12-18 02:57:18.083679|[g:1][CONSENSUS]addRawPrepare,height=1,reqIdx=3,hash=a6c60c06...
info|2019-12-18 02:57:18.100075|[g:1][CONSENSUS][PBFT]checkTimeout Succ,view=71,toView=72,nodeIdx=1,changeCycle=0,myNode=546baaf5...,timecost=15.035
info|2019-12-18 02:57:18.140445|[g:1][CONSENSUS][PBFT]checkAndChangeView: Reach consensus,org_view=71,org_changeCycle=0,cur_changeCycle=0,to_view=72
info|2019-12-18 02:57:19.122067|[g:1][CONSENSUS]addRawPrepare,height=1,reqIdx=0,hash=2d9a802f...
info|2019-12-18 02:57:19.131525|[g:1][CONSENSUS][PBFT]checkTimeout Succ,view=72,toView=73,nodeIdx=1,changeCycle=0,myNode=546baaf5...,timecost=8.977
info|2019-12-18 02:57:19.161931|[g:1][CONSENSUS][PBFT]checkAndChangeView: Reach consensus,org_view=72,org_changeCycle=0,cur_changeCycle=0,to_view=73
info|2019-12-18 02:57:20.161186|[P2P][Service] heartBeat,connected count=3
info|2019-12-18 02:57:20.169464|[g:1][CONSENSUS][SEALER]++++++++++++++++ Generating seal on,blkNum=1,tx=0,nodeIdx=1,hash=2478a02a...
info|2019-12-18 02:57:20.206213|[g:1][CONSENSUS][PBFT]checkTimeout Succ,view=73,toView=74,nodeIdx=1,changeCycle=0,myNode=546baaf5...,timecost=1.326
info|2019-12-18 02:57:20.220465|[g:1][CONSENSUS][PBFT]checkAndChangeView: Reach consensus,org_view=73,org_changeCycle=0,cur_changeCycle=0,to_view=74
info|2019-12-18 02:57:21.241550|[g:1][CONSENSUS]addRawPrepare,height=1,reqIdx=2,hash=cff9da38...
info|2019-12-18 02:57:21.266582|[g:1][CONSENSUS][PBFT]checkTimeout Succ,view=74,toView=75,nodeIdx=1,changeCycle=0,myNode=546baaf5...,timecost=12.84
info|2019-12-18 02:57:21.305201|[g:1][CONSENSUS][PBFT]checkAndChangeView: Reach consensus,org_view=74,org_changeCycle=0,cur_changeCycle=0,to_view=75
info|2019-12-18 02:57:22.317036|[g:1][CONSENSUS]addRawPrepare,height=1,reqIdx=3,hash=bb5db3ca...
info|2019-12-18 02:57:22.361546|[g:1][CONSENSUS][PBFT]checkTimeout Succ,view=75,toView=76,nodeIdx=1,changeCycle=0,myNode=546baaf5...,timecost=36.257
info|2019-12-18 02:57:22.391424|[g:1][CONSENSUS][PBFT]checkAndChangeView: Reach consensus,org_view=75,org_changeCycle=0,cur_changeCycle=0,to_view=76
info|2019-12-18 02:57:23.395780|[g:1][CONSENSUS]addRawPrepare,height=1,reqIdx=0,hash=8432c89a...
info|2019-12-18 02:57:23.409640|[g:1][CONSENSUS][PBFT]checkTimeout Succ,view=76,toView=77,nodeIdx=1,changeCycle=0,myNode=546baaf5...,timecost=13.47
info|2019-12-18 02:57:23.449272|[g:1][CONSENSUS][PBFT]checkAndChangeView: Reach consensus,org_view=76,org_changeCycle=0,cur_changeCycle=0,to_view=77
info|2019-12-18 02:57:24.451486|[g:1][CONSENSUS][SEALER]++++++++++++++++ Generating seal on,blkNum=1,tx=0,nodeIdx=1,hash=410c8638...
info|2019-12-18 02:57:24.473277|[g:1][CONSENSUS][PBFT]checkTimeout Succ,view=77,toView=78,nodeIdx=1,changeCycle=0,myNode=546baaf5...,timecost=1.705
info|2019-12-18 02:57:24.510459|[g:1][CONSENSUS][PBFT]checkAndChangeView: Reach consensus,org_view=77,org_changeCycle=0,cur_changeCycle=0,to_view=78
info|2019-12-18 02:57:25.526508|[g:1][CONSENSUS]addRawPrepare,height=1,reqIdx=2,hash=fb925aae...
info|2019-12-18 02:57:25.542755|[g:1][CONSENSUS][PBFT]checkTimeout Succ,view=78,toView=79,nodeIdx=1,changeCycle=0,myNode=546baaf5...,timecost=7.005
info|2019-12-18 02:57:25.582420|[g:1][CONSENSUS][PBFT]checkAndChangeView: Reach consensus,org_view=78,org_changeCycle=0,cur_changeCycle=0,to_view=79
info|2019-12-18 02:57:26.609304|[g:1][CONSENSUS]addRawPrepare,height=1,reqIdx=3,hash=d2e87ee9...
info|2019-12-18 02:57:26.616722|[g:1][CONSENSUS][PBFT]checkTimeout Succ,view=79,toView=80,nodeIdx=1,changeCycle=0,myNode=546baaf5...,timecost=6.935
info|2019-12-18 02:57:26.664984|[g:1][CONSENSUS][PBFT]checkAndChangeView: Reach consensus,org_view=79,org_changeCycle=0,cur_changeCycle=0,to_view=80
info|2019-12-18 02:57:27.675506|[g:1][CONSENSUS]addRawPrepare,height=1,reqIdx=0,hash=474ee44c...
info|2019-12-18 02:57:27.677516|[g:1][CONSENSUS][PBFT]checkTimeout Succ,view=80,toView=81,nodeIdx=1,changeCycle=0,myNode=546baaf5...,timecost=1.544
info|2019-12-18 02:57:27.721059|[g:1][CONSENSUS][PBFT]checkAndChangeView: Reach consensus,org_view=80,org_changeCycle=0,cur_changeCycle=0,to_view=81
info|2019-12-18 02:57:28.722880|[g:1][CONSENSUS][SEALER]++++++++++++++++ Generating seal on,blkNum=1,tx=0,nodeIdx=1,hash=648c9ac4...
info|2019-12-18 02:57:28.729810|[g:1][CONSENSUS][PBFT]checkTimeout Succ,view=81,toView=82,nodeIdx=1,changeCycle=0,myNode=546baaf5...,timecost=3.653
info|2019-12-18 02:57:28.778928|[g:1][CONSENSUS][PBFT]checkAndChangeView: Reach consensus,org_view=81,org_changeCycle=0,cur_changeCycle=0,to_view=82
info|2019-12-18 02:57:29.793412|[g:1][CONSENSUS]addRawPrepare,height=1,reqIdx=2,hash=a28c107f...
info|2019-12-18 02:57:29.806069|[g:1][CONSENSUS][PBFT]checkTimeout Succ,view=82,toView=83,nodeIdx=1,changeCycle=0,myNode=546baaf5...,timecost=11.723
info|2019-12-18 02:57:29.839764|[g:1][CONSENSUS][PBFT]checkAndChangeView: Reach consensus,org_view=82,org_changeCycle=0,cur_changeCycle=0,to_view=83
info|2019-12-18 02:57:30.162752|[P2P][Service] heartBeat,connected count=3
info|2019-12-18 02:57:30.871974|[g:1][CONSENSUS]addRawPrepare,height=1,reqIdx=3,hash=6b7a3a14...
info|2019-12-18 02:57:30.884858|[g:1][CONSENSUS][PBFT]checkTimeout Succ,view=83,toView=84,nodeIdx=1,changeCycle=0,myNode=546baaf5...,timecost=12.071
info|2019-12-18 02:57:30.915159|[g:1][CONSENSUS][PBFT]checkAndChangeView: Reach consensus,org_view=83,org_changeCycle=0,cur_changeCycle=0,to_view=84
info|2019-12-18 02:57:31.937730|[g:1][CONSENSUS]addRawPrepare,height=1,reqIdx=0,hash=6ecc49f5...
info|2019-12-18 02:57:31.964666|[g:1][CONSENSUS][PBFT]checkTimeout Succ,view=84,toView=85,nodeIdx=1,changeCycle=0,myNode=546baaf5...,timecost=12.01
info|2019-12-18 02:57:32.000966|[g:1][CONSENSUS][PBFT]checkAndChangeView: Reach consensus,org_view=84,org_changeCycle=0,cur_changeCycle=0,to_view=85
info|2019-12-18 02:57:33.001560|[g:1][CONSENSUS][SEALER]++++++++++++++++ Generating seal on,blkNum=1,tx=0,nodeIdx=1,hash=07e9731a...
info|2019-12-18 02:57:33.038011|[g:1][CONSENSUS][PBFT]checkTimeout Succ,view=85,toView=86,nodeIdx=1,changeCycle=0,myNode=546baaf5...,timecost=22.776
info|2019-12-18 02:57:33.079610|[g:1][CONSENSUS][PBFT]checkAndChangeView: Reach consensus,org_view=85,org_changeCycle=0,cur_changeCycle=0,to_view=86
info|2019-12-18 02:57:34.088453|[g:1][CONSENSUS]addRawPrepare,height=1,reqIdx=2,hash=bf9245f8...
info|2019-12-18 02:57:34.136267|[g:1][CONSENSUS][PBFT]checkTimeout Succ,view=86,toView=87,nodeIdx=1,changeCycle=0,myNode=546baaf5...,timecost=30.838
info|2019-12-18 02:57:34.157165|[g:1][CONSENSUS][PBFT]checkAndChangeView: Reach consensus,org_view=86,org_changeCycle=0,cur_changeCycle=0,to_view=87
info|2019-12-18 02:57:35.157148|[g:1][CONSENSUS]addRawPrepare,height=1,reqIdx=3,hash=089785e6...
info|2019-12-18 02:57:35.161533|[g:1][CONSENSUS][PBFT]checkTimeout Succ,view=87,toView=88,nodeIdx=1,changeCycle=0,myNode=546baaf5...,timecost=3.45
info|2019-12-18 02:57:35.192078|[g:1][CONSENSUS][PBFT]checkAndChangeView: Reach consensus,org_view=87,org_changeCycle=0,cur_changeCycle=0,to_view=88
info|2019-12-18 02:57:36.206584|[g:1][CONSENSUS]addRawPrepare,height=1,reqIdx=0,hash=a3cb00ae...
info|2019-12-18 02:57:36.209428|[g:1][CONSENSUS][PBFT]checkTimeout Succ,view=88,toView=89,nodeIdx=1,changeCycle=0,myNode=546baaf5...,timecost=2.527
info|2019-12-18 02:57:36.240815|[g:1][CONSENSUS][PBFT]checkAndChangeView: Reach consensus,org_view=88,org_changeCycle=0,cur_changeCycle=0,to_view=89
info|2019-12-18 02:57:37.241584|[g:1][CONSENSUS][SEALER]++++++++++++++++ Generating seal on,blkNum=1,tx=0,nodeIdx=1,hash=b5881dce...
info|2019-12-18 02:57:37.285818|[g:1][CONSENSUS][PBFT]checkTimeout Succ,view=89,toView=90,nodeIdx=1,changeCycle=0,myNode=546baaf5...,timecost=3.803
info|2019-12-18 02:57:37.317213|[g:1][CONSENSUS][PBFT]checkAndChangeView: Reach consensus,org_view=89,org_changeCycle=0,cur_changeCycle=0,to_view=90
info|2019-12-18 02:57:38.348405|[g:1][CONSENSUS]addRawPrepare,height=1,reqIdx=2,hash=7533155f...
info|2019-12-18 02:57:38.355418|[g:1][CONSENSUS][PBFT]checkTimeout Succ,view=90,toView=91,nodeIdx=1,changeCycle=0,myNode=546baaf5...,timecost=5.613
info|2019-12-18 02:57:38.392441|[g:1][CONSENSUS][PBFT]checkAndChangeView: Reach consensus,org_view=90,org_changeCycle=0,cur_changeCycle=0,to_view=91
info|2019-12-18 02:57:39.407664|[g:1][CONSENSUS]addRawPrepare,height=1,reqIdx=3,hash=0742b320...
info|2019-12-18 02:57:39.420071|[g:1][CONSENSUS][PBFT]checkTimeout Succ,view=91,toView=92,nodeIdx=1,changeCycle=0,myNode=546baaf5...,timecost=7.019
info|2019-12-18 02:57:39.451909|[g:1][CONSENSUS][PBFT]checkAndChangeView: Reach consensus,org_view=91,org_changeCycle=0,cur_changeCycle=0,to_view=92
info|2019-12-18 02:57:40.164217|[P2P][Service] heartBeat,connected count=3
info|2019-12-18 02:57:40.468168|[g:1][CONSENSUS]addRawPrepare,height=1,reqIdx=0,hash=47aec797...
info|2019-12-18 02:57:40.499382|[g:1][CONSENSUS][PBFT]checkTimeout Succ,view=92,toView=93,nodeIdx=1,changeCycle=0,myNode=546baaf5...,timecost=30.812
info|2019-12-18 02:57:40.508686|[g:1][CONSENSUS][PBFT]checkAndChangeView: Reach consensus,org_view=92,org_changeCycle=0,cur_changeCycle=0,to_view=93
info|2019-12-18 02:57:41.509931|[g:1][CONSENSUS][SEALER]++++++++++++++++ Generating seal on,blkNum=1,tx=0,nodeIdx=1,hash=e8160a24...
info|2019-12-18 02:57:41.527144|[g:1][CONSENSUS][PBFT]checkTimeout Succ,view=93,toView=94,nodeIdx=1,changeCycle=0,myNode=546baaf5...,timecost=2.082
info|2019-12-18 02:57:41.549146|[g:1][CONSENSUS][PBFT]checkAndChangeView: Reach consensus,org_view=93,org_changeCycle=0,cur_changeCycle=0,to_view=94
info|2019-12-18 02:57:42.571894|[g:1][CONSENSUS]addRawPrepare,height=1,reqIdx=2,hash=50e0e673...
info|2019-12-18 02:57:42.583354|[g:1][CONSENSUS][PBFT]checkTimeout Succ,view=94,toView=95,nodeIdx=1,changeCycle=0,myNode=546baaf5...,timecost=10.821
info|2019-12-18 02:57:42.606348|[g:1][CONSENSUS][PBFT]checkAndChangeView: Reach consensus,org_view=94,org_changeCycle=0,cur_changeCycle=0,to_view=95
info|2019-12-18 02:57:43.660823|[g:1][CONSENSUS]addRawPrepare,height=1,reqIdx=3,hash=e85582fd...
info|2019-12-18 02:57:43.665721|[g:1][CONSENSUS][PBFT]checkTimeout Succ,view=95,toView=96,nodeIdx=1,changeCycle=0,myNode=546baaf5...,timecost=4.105
info|2019-12-18 02:57:43.684023|[g:1][CONSENSUS][PBFT]checkAndChangeView: Reach consensus,org_view=95,org_changeCycle=0,cur_changeCycle=0,to_view=96
info|2019-12-18 02:57:44.721010|[g:1][CONSENSUS]addRawPrepare,height=1,reqIdx=0,hash=d7ed53e7...
info|2019-12-18 02:57:44.731879|[g:1][CONSENSUS][PBFT]checkTimeout Succ,view=96,toView=97,nodeIdx=1,changeCycle=0,myNode=546baaf5...,timecost=9.901
info|2019-12-18 02:57:44.777196|[g:1][CONSENSUS][PBFT]checkAndChangeView: Reach consensus,org_view=96,org_changeCycle=0,cur_changeCycle=0,to_view=97
info|2019-12-18 02:57:45.779937|[g:1][CONSENSUS][SEALER]++++++++++++++++ Generating seal on,blkNum=1,tx=0,nodeIdx=1,hash=b776f43d...
info|2019-12-18 02:57:45.807287|[g:1][CONSENSUS][PBFT]checkTimeout Succ,view=97,toView=98,nodeIdx=1,changeCycle=0,myNode=546baaf5...,timecost=3.057
info|2019-12-18 02:57:45.829223|[g:1][CONSENSUS][PBFT]checkAndChangeView: Reach consensus,org_view=97,org_changeCycle=0,cur_changeCycle=0,to_view=98
info|2019-12-18 02:57:46.841298|[g:1][CONSENSUS]addRawPrepare,height=1,reqIdx=2,hash=ed396d9d...
info|2019-12-18 02:57:46.844153|[g:1][CONSENSUS][PBFT]checkTimeout Succ,view=98,toView=99,nodeIdx=1,changeCycle=0,myNode=546baaf5...,timecost=2.046
info|2019-12-18 02:57:46.882413|[g:1][CONSENSUS][PBFT]checkAndChangeView: Reach consensus,org_view=98,org_changeCycle=0,cur_changeCycle=0,to_view=99
info|2019-12-18 02:57:47.910968|[g:1][CONSENSUS]addRawPrepare,height=1,reqIdx=3,hash=855de965...
info|2019-12-18 02:57:47.914743|[g:1][CONSENSUS][PBFT]checkTimeout Succ,view=99,toView=100,nodeIdx=1,changeCycle=0,myNode=546baaf5...,timecost=3.01
info|2019-12-18 02:57:47.945972|[g:1][CONSENSUS][PBFT]checkAndChangeView: Reach consensus,org_view=99,org_changeCycle=0,cur_changeCycle=0,to_view=100
info|2019-12-18 02:57:48.973281|[g:1][CONSENSUS]addRawPrepare,height=1,reqIdx=0,hash=aa9f6629...
info|2019-12-18 02:57:48.985094|[g:1][CONSENSUS][PBFT]checkTimeout Succ,view=100,toView=101,nodeIdx=1,changeCycle=0,myNode=546baaf5...,timecost=11.238
info|2019-12-18 02:57:49.001617|[g:1][CONSENSUS][PBFT]checkAndChangeView: Reach consensus,org_view=100,org_changeCycle=0,cur_changeCycle=0,to_view=101
info|2019-12-18 02:57:50.003334|[g:1][CONSENSUS][SEALER]++++++++++++++++ Generating seal on,blkNum=1,tx=0,nodeIdx=1,hash=8f5a9e3e...
info|2019-12-18 02:57:50.019803|[g:1][CONSENSUS][PBFT]checkTimeout Succ,view=101,toView=102,nodeIdx=1,changeCycle=0,myNode=546baaf5...,timecost=3.425
info|2019-12-18 02:57:50.050988|[g:1][CONSENSUS][PBFT]checkAndChangeView: Reach consensus,org_view=101,org_changeCycle=0,cur_changeCycle=0,to_view=102
info|2019-12-18 02:57:50.165052|[P2P][Service] heartBeat,connected count=3
info|2019-12-18 02:57:51.051702|[g:1][CONSENSUS]addRawPrepare,height=1,reqIdx=2,hash=b9298588...
info|2019-12-18 02:57:51.062405|[g:1][CONSENSUS][PBFT]checkTimeout Succ,view=102,toView=103,nodeIdx=1,changeCycle=0,myNode=546baaf5...,timecost=10.019
info|2019-12-18 02:57:51.100562|[g:1][CONSENSUS][PBFT]checkAndChangeView: Reach consensus,org_view=102,org_changeCycle=0,cur_changeCycle=0,to_view=103
info|2019-12-18 02:57:52.119145|[g:1][CONSENSUS]addRawPrepare,height=1,reqIdx=3,hash=f51a2242...
info|2019-12-18 02:57:52.157357|[g:1][CONSENSUS][PBFT]checkTimeout Succ,view=103,toView=104,nodeIdx=1,changeCycle=0,myNode=546baaf5...,timecost=17.505
info|2019-12-18 02:57:52.169671|[g:1][CONSENSUS][PBFT]checkAndChangeView: Reach consensus,org_view=103,org_changeCycle=0,cur_changeCycle=0,to_view=104
info|2019-12-18 02:57:53.185890|[g:1][CONSENSUS]addRawPrepare,height=1,reqIdx=0,hash=f3c21e22...
info|2019-12-18 02:57:53.219745|[g:1][CONSENSUS][PBFT]checkTimeout Succ,view=104,toView=105,nodeIdx=1,changeCycle=0,myNode=546baaf5...,timecost=18.427
info|2019-12-18 02:57:53.242584|[g:1][CONSENSUS][PBFT]checkAndChangeView: Reach consensus,org_view=104,org_changeCycle=0,cur_changeCycle=0,to_view=105
info|2019-12-18 02:57:54.254811|[g:1][CONSENSUS][SEALER]++++++++++++++++ Generating seal on,blkNum=1,tx=0,nodeIdx=1,hash=cdad6958...
info|2019-12-18 02:57:54.282402|[g:1][CONSENSUS][PBFT]checkTimeout Succ,view=105,toView=106,nodeIdx=1,changeCycle=0,myNode=546baaf5...,timecost=1.631
info|2019-12-18 02:57:54.302686|[g:1][CONSENSUS][PBFT]checkAndChangeView: Reach consensus,org_view=105,org_changeCycle=0,cur_changeCycle=0,to_view=106
info|2019-12-18 02:57:55.313090|[g:1][CONSENSUS]addRawPrepare,height=1,reqIdx=2,hash=65651209...
info|2019-12-18 02:57:55.330763|[g:1][CONSENSUS][PBFT]checkTimeout Succ,view=106,toView=107,nodeIdx=1,changeCycle=0,myNode=546baaf5...,timecost=15.943
info|2019-12-18 02:57:55.366833|[g:1][CONSENSUS][PBFT]checkAndChangeView: Reach consensus,org_view=106,org_changeCycle=0,cur_changeCycle=0,to_view=107
info|2019-12-18 02:57:56.346719|[g:1][CONSENSUS]addRawPrepare,height=1,reqIdx=3,hash=3aecbc0f...
info|2019-12-18 02:57:56.377380|[g:1][CONSENSUS][PBFT]checkTimeout Succ,view=107,toView=108,nodeIdx=1,changeCycle=0,myNode=546baaf5...,timecost=28.817
info|2019-12-18 02:57:56.401293|[g:1][CONSENSUS][PBFT]checkAndChangeView: Reach consensus,org_view=107,org_changeCycle=0,cur_changeCycle=0,to_view=108
info|2019-12-18 02:57:57.412395|[g:1][CONSENSUS]addRawPrepare,height=1,reqIdx=0,hash=88dad573...
info|2019-12-18 02:57:57.445708|[g:1][CONSENSUS][PBFT]checkTimeout Succ,view=108,toView=109,nodeIdx=1,changeCycle=0,myNode=546baaf5...,timecost=25.905
info|2019-12-18 02:57:57.471680|[g:1][CONSENSUS][PBFT]checkAndChangeView: Reach consensus,org_view=108,org_changeCycle=0,cur_changeCycle=0,to_view=109
info|2019-12-18 02:57:58.471997|[g:1][CONSENSUS][SEALER]++++++++++++++++ Generating seal on,blkNum=1,tx=0,nodeIdx=1,hash=6268fbb4...
info|2019-12-18 02:57:58.500255|[g:1][CONSENSUS][PBFT]checkTimeout Succ,view=109,toView=110,nodeIdx=1,changeCycle=0,myNode=546baaf5...,timecost=1.631
info|2019-12-18 02:57:58.518972|[g:1][CONSENSUS][PBFT]checkAndChangeView: Reach consensus,org_view=109,org_changeCycle=0,cur_changeCycle=0,to_view=110
info|2019-12-18 02:57:59.554940|[g:1][CONSENSUS]addRawPrepare,height=1,reqIdx=2,hash=8ddf6a8d...
info|2019-12-18 02:57:59.596346|[g:1][CONSENSUS][PBFT]checkTimeout Succ,view=110,toView=111,nodeIdx=1,changeCycle=0,myNode=546baaf5...,timecost=26.545
info|2019-12-18 02:57:59.621323|[g:1][CONSENSUS][PBFT]checkAndChangeView: Reach consensus,org_view=110,org_changeCycle=0,cur_changeCycle=0,to_view=111
info|2019-12-18 02:58:00.165366|[P2P][Service] heartBeat,connected count=3
info|2019-12-18 02:58:00.612278|[g:1][CONSENSUS]addRawPrepare,height=1,reqIdx=3,hash=6af89762...
info|2019-12-18 02:58:00.645442|[g:1][CONSENSUS][PBFT]checkTimeout Succ,view=111,toView=112,nodeIdx=1,changeCycle=0,myNode=546baaf5...,timecost=23.835
info|2019-12-18 02:58:00.658514|[g:1][CONSENSUS][PBFT]checkAndChangeView: Reach consensus,org_view=111,org_changeCycle=0,cur_changeCycle=0,to_view=112
info|2019-12-18 02:58:01.677456|[g:1][CONSENSUS]addRawPrepare,height=1,reqIdx=0,hash=ac92d13a...
info|2019-12-18 02:58:01.693039|[g:1][CONSENSUS][PBFT]checkTimeout Succ,view=112,toView=113,nodeIdx=1,changeCycle=0,myNode=546baaf5...,timecost=14.119
info|2019-12-18 02:58:01.720921|[g:1][CONSENSUS][PBFT]checkAndChangeView: Reach consensus,org_view=112,org_changeCycle=0,cur_changeCycle=0,to_view=113
info|2019-12-18 02:58:02.722821|[g:1][CONSENSUS][SEALER]++++++++++++++++ Generating seal on,blkNum=1,tx=0,nodeIdx=1,hash=6a871b9c...
info|2019-12-18 02:58:02.745033|[g:1][CONSENSUS][PBFT]checkTimeout Succ,view=113,toView=114,nodeIdx=1,changeCycle=0,myNode=546baaf5...,timecost=2.132
info|2019-12-18 02:58:02.800930|[g:1][CONSENSUS][PBFT]checkAndChangeView: Reach consensus,org_view=113,org_changeCycle=0,cur_changeCycle=0,to_view=114
info|2019-12-18 02:58:03.803474|[g:1][CONSENSUS]addRawPrepare,height=1,reqIdx=2,hash=491e1f10...
info|2019-12-18 02:58:03.832783|[g:1][CONSENSUS][PBFT]checkTimeout Succ,view=114,toView=115,nodeIdx=1,changeCycle=0,myNode=546baaf5...,timecost=13.496
info|2019-12-18 02:58:03.864715|[g:1][CONSENSUS][PBFT]checkAndChangeView: Reach consensus,org_view=114,org_changeCycle=0,cur_changeCycle=0,to_view=115
info|2019-12-18 02:58:04.892854|[g:1][CONSENSUS]addRawPrepare,height=1,reqIdx=3,hash=8654bcaf...
info|2019-12-18 02:58:04.902572|[g:1][CONSENSUS][PBFT]checkTimeout Succ,view=115,toView=116,nodeIdx=1,changeCycle=0,myNode=546baaf5...,timecost=1.969
info|2019-12-18 02:58:04.938629|[g:1][CONSENSUS][PBFT]checkAndChangeView: Reach consensus,org_view=115,org_changeCycle=0,cur_changeCycle=0,to_view=116
info|2019-12-18 02:58:05.944435|[g:1][CONSENSUS]addRawPrepare,height=1,reqIdx=0,hash=7e4481e9...
info|2019-12-18 02:58:05.972621|[g:1][CONSENSUS][PBFT]checkTimeout Succ,view=116,toView=117,nodeIdx=1,changeCycle=0,myNode=546baaf5...,timecost=26.168
info|2019-12-18 02:58:05.990051|[g:1][CONSENSUS][PBFT]checkAndChangeView: Reach consensus,org_view=116,org_changeCycle=0,cur_changeCycle=0,to_view=117
info|2019-12-18 02:58:06.991670|[g:1][CONSENSUS][SEALER]++++++++++++++++ Generating seal on,blkNum=1,tx=0,nodeIdx=1,hash=9f3b8a65...
info|2019-12-18 02:58:07.029467|[g:1][CONSENSUS][PBFT]checkTimeout Succ,view=117,toView=118,nodeIdx=1,changeCycle=0,myNode=546baaf5...,timecost=2.391
info|2019-12-18 02:58:07.065193|[g:1][CONSENSUS][PBFT]checkAndChangeView: Reach consensus,org_view=117,org_changeCycle=0,cur_changeCycle=0,to_view=118
info|2019-12-18 02:58:08.051661|[g:1][CONSENSUS]addRawPrepare,height=1,reqIdx=2,hash=44264646...
info|2019-12-18 02:58:08.074975|[g:1][CONSENSUS][PBFT]checkTimeout Succ,view=118,toView=119,nodeIdx=1,changeCycle=0,myNode=546baaf5...,timecost=8.798
info|2019-12-18 02:58:08.109961|[g:1][CONSENSUS][PBFT]checkAndChangeView: Reach consensus,org_view=118,org_changeCycle=0,cur_changeCycle=0,to_view=119
info|2019-12-18 02:58:09.120783|[g:1][CONSENSUS]addRawPrepare,height=1,reqIdx=3,hash=d4143c9b...
info|2019-12-18 02:58:09.137795|[g:1][CONSENSUS][PBFT]checkTimeout Succ,view=119,toView=120,nodeIdx=1,changeCycle=0,myNode=546baaf5...,timecost=16.132
info|2019-12-18 02:58:09.169623|[g:1][CONSENSUS][PBFT]checkAndChangeView: Reach consensus,org_view=119,org_changeCycle=0,cur_changeCycle=0,to_view=120
info|2019-12-18 02:58:10.166110|[P2P][Service] heartBeat,connected count=3
info|2019-12-18 02:58:10.184629|[g:1][CONSENSUS]addRawPrepare,height=1,reqIdx=0,hash=2ed41df8...
info|2019-12-18 02:58:10.211451|[g:1][CONSENSUS][PBFT]checkTimeout Succ,view=120,toView=121,nodeIdx=1,changeCycle=0,myNode=546baaf5...,timecost=20.275
info|2019-12-18 02:58:10.244376|[g:1][CONSENSUS][PBFT]checkAndChangeView: Reach consensus,org_view=120,org_changeCycle=0,cur_changeCycle=0,to_view=121
info|2019-12-18 02:58:11.245383|[g:1][CONSENSUS][SEALER]++++++++++++++++ Generating seal on,blkNum=1,tx=0,nodeIdx=1,hash=bc892f44...
info|2019-12-18 02:58:11.283591|[g:1][CONSENSUS][PBFT]checkTimeout Succ,view=121,toView=122,nodeIdx=1,changeCycle=0,myNode=546baaf5...,timecost=3.12
info|2019-12-18 02:58:11.302501|[g:1][CONSENSUS][PBFT]checkAndChangeView: Reach consensus,org_view=121,org_changeCycle=0,cur_changeCycle=0,to_view=122
info|2019-12-18 02:58:12.314816|[g:1][CONSENSUS]addRawPrepare,height=1,reqIdx=2,hash=b38f22f7...
info|2019-12-18 02:58:12.348963|[g:1][CONSENSUS][PBFT]checkTimeout Succ,view=122,toView=123,nodeIdx=1,changeCycle=0,myNode=546baaf5...,timecost=16.741
info|2019-12-18 02:58:12.366238|[g:1][CONSENSUS][PBFT]checkAndChangeView: Reach consensus,org_view=122,org_changeCycle=0,cur_changeCycle=0,to_view=123
info|2019-12-18 02:58:13.343154|[g:1][CONSENSUS]addRawPrepare,height=1,reqIdx=3,hash=172a1714...
info|2019-12-18 02:58:13.363287|[g:1][CONSENSUS][PBFT]checkTimeout Succ,view=123,toView=124,nodeIdx=1,changeCycle=0,myNode=546baaf5...,timecost=10.659
info|2019-12-18 02:58:13.401047|[g:1][CONSENSUS][PBFT]checkAndChangeView: Reach consensus,org_view=123,org_changeCycle=0,cur_changeCycle=0,to_view=124
info|2019-12-18 02:58:14.423609|[g:1][CONSENSUS]addRawPrepare,height=1,reqIdx=0,hash=37c033bc...
info|2019-12-18 02:58:14.435998|[g:1][CONSENSUS][PBFT]checkTimeout Succ,view=124,toView=125,nodeIdx=1,changeCycle=0,myNode=546baaf5...,timecost=11.903
info|2019-12-18 02:58:14.462249|[g:1][CONSENSUS][PBFT]checkAndChangeView: Reach consensus,org_view=124,org_changeCycle=0,cur_changeCycle=0,to_view=125
info|2019-12-18 02:58:15.470950|[g:1][CONSENSUS][SEALER]++++++++++++++++ Generating seal on,blkNum=1,tx=0,nodeIdx=1,hash=49a7a60a...
info|2019-12-18 02:58:15.511811|[g:1][CONSENSUS][PBFT]checkTimeout Succ,view=125,toView=126,nodeIdx=1,changeCycle=0,myNode=546baaf5...,timecost=7.417
info|2019-12-18 02:58:15.522120|[g:1][CONSENSUS][PBFT]checkAndChangeView: Reach consensus,org_view=125,org_changeCycle=0,cur_changeCycle=0,to_view=126
info|2019-12-18 02:58:16.524314|[g:1][CONSENSUS]addRawPrepare,height=1,reqIdx=2,hash=24a1ff6b...
info|2019-12-18 02:58:16.537626|[g:1][CONSENSUS][PBFT]checkTimeout Succ,view=126,toView=127,nodeIdx=1,changeCycle=0,myNode=546baaf5...,timecost=1.79
info|2019-12-18 02:58:16.575837|[g:1][CONSENSUS][PBFT]checkAndChangeView: Reach consensus,org_view=126,org_changeCycle=0,cur_changeCycle=0,to_view=127
info|2019-12-18 02:58:17.593637|[g:1][CONSENSUS]addRawPrepare,height=1,reqIdx=3,hash=4e0a4234...
info|2019-12-18 02:58:17.616389|[g:1][CONSENSUS][PBFT]checkTimeout Succ,view=127,toView=128,nodeIdx=1,changeCycle=0,myNode=546baaf5...,timecost=16.074
info|2019-12-18 02:58:17.630076|[g:1][CONSENSUS][PBFT]checkAndChangeView: Reach consensus,org_view=127,org_changeCycle=0,cur_changeCycle=0,to_view=128
info|2019-12-18 02:58:18.649861|[g:1][CONSENSUS]addRawPrepare,height=1,reqIdx=0,hash=80f86dd3...
info|2019-12-18 02:58:18.668086|[g:1][CONSENSUS][PBFT]checkTimeout Succ,view=128,toView=129,nodeIdx=1,changeCycle=0,myNode=546baaf5...,timecost=14.22
info|2019-12-18 02:58:18.690910|[g:1][CONSENSUS][PBFT]checkAndChangeView: Reach consensus,org_view=128,org_changeCycle=0,cur_changeCycle=0,to_view=129
info|2019-12-18 02:58:19.693134|[g:1][CONSENSUS][SEALER]++++++++++++++++ Generating seal on,blkNum=1,tx=0,nodeIdx=1,hash=822672e4...
info|2019-12-18 02:58:19.710623|[g:1][CONSENSUS][PBFT]checkTimeout Succ,view=129,toView=130,nodeIdx=1,changeCycle=0,myNode=546baaf5...,timecost=2.896
info|2019-12-18 02:58:19.739408|[g:1][CONSENSUS][PBFT]checkAndChangeView: Reach consensus,org_view=129,org_changeCycle=0,cur_changeCycle=0,to_view=130
info|2019-12-18 02:58:20.167528|[P2P][Service] heartBeat,connected count=3
info|2019-12-18 02:58:20.762325|[g:1][CONSENSUS]addRawPrepare,height=1,reqIdx=2,hash=4bc7fd62...
info|2019-12-18 02:58:20.776706|[g:1][CONSENSUS][PBFT]checkTimeout Succ,view=130,toView=131,nodeIdx=1,changeCycle=0,myNode=546baaf5...,timecost=5.883
info|2019-12-18 02:58:20.816780|[g:1][CONSENSUS][PBFT]checkAndChangeView: Reach consensus,org_view=130,org_changeCycle=0,cur_changeCycle=0,to_view=131
info|2019-12-18 02:58:21.825676|[g:1][CONSENSUS]addRawPrepare,height=1,reqIdx=3,hash=83a1919a...
info|2019-12-18 02:58:21.833397|[g:1][CONSENSUS][PBFT]checkTimeout Succ,view=131,toView=132,nodeIdx=1,changeCycle=0,myNode=546baaf5...,timecost=4.353
info|2019-12-18 02:58:22.013110|[g:1][CONSENSUS][PBFT]checkAndChangeView: Reach consensus,org_view=131,org_changeCycle=0,cur_changeCycle=0,to_view=132
info|2019-12-18 02:58:23.031971|[g:1][CONSENSUS]addRawPrepare,height=1,reqIdx=0,hash=5c68d90f...
info|2019-12-18 02:58:23.045623|[g:1][CONSENSUS][PBFT]checkTimeout Succ,view=132,toView=133,nodeIdx=1,changeCycle=0,myNode=546baaf5...,timecost=4.843
info|2019-12-18 02:58:23.069790|[g:1][CONSENSUS][PBFT]checkAndChangeView: Reach consensus,org_view=132,org_changeCycle=0,cur_changeCycle=0,to_view=133
info|2019-12-18 02:58:24.072009|[g:1][CONSENSUS][SEALER]++++++++++++++++ Generating seal on,blkNum=1,tx=0,nodeIdx=1,hash=701ff03f...
info|2019-12-18 02:58:24.106425|[g:1][CONSENSUS][PBFT]checkTimeout Succ,view=133,toView=134,nodeIdx=1,changeCycle=0,myNode=546baaf5...,timecost=3.157
info|2019-12-18 02:58:24.112105|[g:1][CONSENSUS][PBFT]checkAndChangeView: Reach consensus,org_view=133,org_changeCycle=0,cur_changeCycle=0,to_view=134
info|2019-12-18 02:58:25.106939|[g:1][CONSENSUS]addRawPrepare,height=1,reqIdx=2,hash=4c396f41...
info|2019-12-18 02:58:25.108007|[g:1][CONSENSUS][PBFT]checkTimeout Succ,view=134,toView=135,nodeIdx=1,changeCycle=0,myNode=546baaf5...,timecost=0.889
info|2019-12-18 02:58:25.115477|[g:1][CONSENSUS][PBFT]checkAndChangeView: Reach consensus,org_view=134,org_changeCycle=0,cur_changeCycle=0,to_view=135
info|2019-12-18 02:58:26.126481|[g:1][CONSENSUS]addRawPrepare,height=1,reqIdx=3,hash=2a721d1d...
info|2019-12-18 02:58:26.127647|[g:1][CONSENSUS][PBFT]checkTimeout Succ,view=135,toView=136,nodeIdx=1,changeCycle=0,myNode=546baaf5...,timecost=0.819
info|2019-12-18 02:58:26.139463|[g:1][CONSENSUS][PBFT]checkAndChangeView: Reach consensus,org_view=135,org_changeCycle=0,cur_changeCycle=0,to_view=136
info|2019-12-18 02:58:27.153375|[g:1][CONSENSUS]addRawPrepare,height=1,reqIdx=0,hash=3151b7dc...
info|2019-12-18 02:58:27.154168|[g:1][CONSENSUS][PBFT]checkTimeout Succ,view=136,toView=137,nodeIdx=1,changeCycle=0,myNode=546baaf5...,timecost=0.558
info|2019-12-18 02:58:27.169073|[g:1][CONSENSUS][PBFT]checkAndChangeView: Reach consensus,org_view=136,org_changeCycle=0,cur_changeCycle=0,to_view=137
info|2019-12-18 02:58:28.170456|[g:1][CONSENSUS][SEALER]++++++++++++++++ Generating seal on,blkNum=1,tx=0,nodeIdx=1,hash=5d3a12b2...
info|2019-12-18 02:58:28.177539|[g:1][CONSENSUS][PBFT]checkTimeout Succ,view=137,toView=138,nodeIdx=1,changeCycle=0,myNode=546baaf5...,timecost=0.619
info|2019-12-18 02:58:28.181419|[g:1][CONSENSUS][PBFT]checkAndChangeView: Reach consensus,org_view=137,org_changeCycle=0,cur_changeCycle=0,to_view=138
info|2019-12-18 02:58:29.212114|[g:1][CONSENSUS]addRawPrepare,height=1,reqIdx=2,hash=e4d2e9bb...
info|2019-12-18 02:58:29.230208|[g:1][CONSENSUS][PBFT]checkTimeout Succ,view=138,toView=139,nodeIdx=1,changeCycle=0,myNode=546baaf5...,timecost=17.47
info|2019-12-18 02:58:29.279771|[g:1][CONSENSUS][PBFT]checkAndChangeView: Reach consensus,org_view=138,org_changeCycle=0,cur_changeCycle=0,to_view=139
info|2019-12-18 02:58:30.170438|[P2P][Service] heartBeat,connected count=3
info|2019-12-18 02:58:30.265705|[g:1][CONSENSUS]addRawPrepare,height=1,reqIdx=3,hash=576d6d66...
info|2019-12-18 02:58:30.277676|[g:1][CONSENSUS][PBFT]checkTimeout Succ,view=139,toView=140,nodeIdx=1,changeCycle=0,myNode=546baaf5...,timecost=10.798
info|2019-12-18 02:58:30.335030|[g:1][CONSENSUS][PBFT]checkAndChangeView: Reach consensus,org_view=139,org_changeCycle=0,cur_changeCycle=0,to_view=140
info|2019-12-18 02:58:31.379086|[g:1][CONSENSUS]addRawPrepare,height=1,reqIdx=0,hash=63091a71...
info|2019-12-18 02:58:31.380462|[g:1][CONSENSUS][PBFT]checkTimeout Succ,view=140,toView=141,nodeIdx=1,changeCycle=0,myNode=546baaf5...,timecost=1.271
info|2019-12-18 02:58:31.424831|[g:1][CONSENSUS][PBFT]checkAndChangeView: Reach consensus,org_view=140,org_changeCycle=0,cur_changeCycle=0,to_view=141
info|2019-12-18 02:58:32.427066|[g:1][CONSENSUS][SEALER]++++++++++++++++ Generating seal on,blkNum=1,tx=0,nodeIdx=1,hash=5eb3562b...
info|2019-12-18 02:58:32.461986|[g:1][CONSENSUS][PBFT]checkTimeout Succ,view=141,toView=142,nodeIdx=1,changeCycle=0,myNode=546baaf5...,timecost=19.954
info|2019-12-18 02:58:32.511022|[g:1][CONSENSUS][PBFT]checkAndChangeView: Reach consensus,org_view=141,org_changeCycle=0,cur_changeCycle=0,to_view=142
info|2019-12-18 02:58:33.524120|[g:1][CONSENSUS]addRawPrepare,height=1,reqIdx=2,hash=464848cc...
info|2019-12-18 02:58:33.543709|[g:1][CONSENSUS][PBFT]checkTimeout Succ,view=142,toView=143,nodeIdx=1,changeCycle=0,myNode=546baaf5...,timecost=10.007
info|2019-12-18 02:58:33.589407|[g:1][CONSENSUS][PBFT]checkAndChangeView: Reach consensus,org_view=142,org_changeCycle=0,cur_changeCycle=0,to_view=143
info|2019-12-18 02:58:34.614297|[g:1][CONSENSUS]addRawPrepare,height=1,reqIdx=3,hash=fd794b5a...
info|2019-12-18 02:58:34.643121|[g:1][CONSENSUS][PBFT]checkTimeout Succ,view=143,toView=144,nodeIdx=1,changeCycle=0,myNode=546baaf5...,timecost=17.986
info|2019-12-18 02:58:34.671386|[g:1][CONSENSUS][PBFT]checkAndChangeView: Reach consensus,org_view=143,org_changeCycle=0,cur_changeCycle=0,to_view=144
info|2019-12-18 02:58:35.685512|[g:1][CONSENSUS]addRawPrepare,height=1,reqIdx=0,hash=3bea1b7c...
info|2019-12-18 02:58:35.742485|[g:1][CONSENSUS][PBFT]checkTimeout Succ,view=144,toView=145,nodeIdx=1,changeCycle=0,myNode=546baaf5...,timecost=25.669
info|2019-12-18 02:58:35.768771|[g:1][CONSENSUS][PBFT]checkAndChangeView: Reach consensus,org_view=144,org_changeCycle=0,cur_changeCycle=0,to_view=145
info|2019-12-18 02:58:36.769702|[g:1][CONSENSUS][SEALER]++++++++++++++++ Generating seal on,blkNum=1,tx=0,nodeIdx=1,hash=d380231f...
info|2019-12-18 02:58:36.797357|[g:1][CONSENSUS][PBFT]checkTimeout Succ,view=145,toView=146,nodeIdx=1,changeCycle=0,myNode=546baaf5...,timecost=19.491
info|2019-12-18 02:58:36.847032|[g:1][CONSENSUS][PBFT]checkAndChangeView: Reach consensus,org_view=145,org_changeCycle=0,cur_changeCycle=0,to_view=146
info|2019-12-18 02:58:37.866987|[g:1][CONSENSUS]addRawPrepare,height=1,reqIdx=2,hash=c71c7948...
info|2019-12-18 02:58:37.871634|[g:1][CONSENSUS][PBFT]checkTimeout Succ,view=146,toView=147,nodeIdx=1,changeCycle=0,myNode=546baaf5...,timecost=2.577
info|2019-12-18 02:58:37.911970|[g:1][CONSENSUS][PBFT]checkAndChangeView: Reach consensus,org_view=146,org_changeCycle=0,cur_changeCycle=0,to_view=147
info|2019-12-18 02:58:38.941863|[g:1][CONSENSUS]addRawPrepare,height=1,reqIdx=3,hash=e9be7beb...
info|2019-12-18 02:58:38.955754|[g:1][CONSENSUS][PBFT]checkTimeout Succ,view=147,toView=148,nodeIdx=1,changeCycle=0,myNode=546baaf5...,timecost=11.169
info|2019-12-18 02:58:38.973171|[g:1][CONSENSUS][PBFT]checkAndChangeView: Reach consensus,org_view=147,org_changeCycle=0,cur_changeCycle=0,to_view=148
info|2019-12-18 02:58:40.005428|[g:1][CONSENSUS]addRawPrepare,height=1,reqIdx=0,hash=ba8fa814...
info|2019-12-18 02:58:40.013675|[g:1][CONSENSUS][PBFT]checkTimeout Succ,view=148,toView=149,nodeIdx=1,changeCycle=0,myNode=546baaf5...,timecost=1.825
info|2019-12-18 02:58:40.046344|[g:1][CONSENSUS][PBFT]checkAndChangeView: Reach consensus,org_view=148,org_changeCycle=0,cur_changeCycle=0,to_view=149
info|2019-12-18 02:58:40.173294|[P2P][Service] heartBeat,connected count=3
info|2019-12-18 02:58:41.046588|[g:1][CONSENSUS][SEALER]++++++++++++++++ Generating seal on,blkNum=1,tx=0,nodeIdx=1,hash=6171bb0f...
info|2019-12-18 02:58:41.067787|[g:1][CONSENSUS][PBFT]checkTimeout Succ,view=149,toView=150,nodeIdx=1,changeCycle=0,myNode=546baaf5...,timecost=3.507
info|2019-12-18 02:58:41.081400|[g:1][CONSENSUS][PBFT]checkAndChangeView: Reach consensus,org_view=149,org_changeCycle=0,cur_changeCycle=0,to_view=150
info|2019-12-18 02:58:42.115111|[g:1][CONSENSUS]addRawPrepare,height=1,reqIdx=2,hash=d60468b2...
info|2019-12-18 02:58:42.172594|[g:1][CONSENSUS][PBFT]checkTimeout Succ,view=150,toView=151,nodeIdx=1,changeCycle=0,myNode=546baaf5...,timecost=8.737
info|2019-12-18 02:58:42.193659|[g:1][CONSENSUS][PBFT]checkAndChangeView: Reach consensus,org_view=150,org_changeCycle=0,cur_changeCycle=0,to_view=151
info|2019-12-18 02:58:43.202499|[g:1][CONSENSUS]addRawPrepare,height=1,reqIdx=3,hash=bd3c7e4c...
info|2019-12-18 02:58:43.221637|[g:1][CONSENSUS][PBFT]checkTimeout Succ,view=151,toView=152,nodeIdx=1,changeCycle=0,myNode=546baaf5...,timecost=13.169
info|2019-12-18 02:58:43.238035|[g:1][CONSENSUS][PBFT]checkAndChangeView: Reach consensus,org_view=151,org_changeCycle=0,cur_changeCycle=0,to_view=152
info|2019-12-18 02:58:44.262257|[g:1][CONSENSUS]addRawPrepare,height=1,reqIdx=0,hash=75825d0f...
info|2019-12-18 02:58:44.284888|[g:1][CONSENSUS][PBFT]checkTimeout Succ,view=152,toView=153,nodeIdx=1,changeCycle=0,myNode=546baaf5...,timecost=7.14
info|2019-12-18 02:58:44.301455|[g:1][CONSENSUS][PBFT]checkAndChangeView: Reach consensus,org_view=152,org_changeCycle=0,cur_changeCycle=0,to_view=153
info|2019-12-18 02:58:45.301755|[g:1][CONSENSUS][SEALER]++++++++++++++++ Generating seal on,blkNum=1,tx=0,nodeIdx=1,hash=4c315ec2...
info|2019-12-18 02:58:45.317807|[g:1][CONSENSUS][PBFT]checkTimeout Succ,view=153,toView=154,nodeIdx=1,changeCycle=0,myNode=546baaf5...,timecost=11.786
info|2019-12-18 02:58:45.376237|[g:1][CONSENSUS][PBFT]checkAndChangeView: Reach consensus,org_view=153,org_changeCycle=0,cur_changeCycle=0,to_view=154
info|2019-12-18 02:58:46.421724|[g:1][CONSENSUS]addRawPrepare,height=1,reqIdx=2,hash=580f0eb7...
info|2019-12-18 02:58:46.433484|[g:1][CONSENSUS][PBFT]checkTimeout Succ,view=154,toView=155,nodeIdx=1,changeCycle=0,myNode=546baaf5...,timecost=8.443
info|2019-12-18 02:58:46.445981|[g:1][CONSENSUS][PBFT]checkAndChangeView: Reach consensus,org_view=154,org_changeCycle=0,cur_changeCycle=0,to_view=155
info|2019-12-18 02:58:47.483624|[g:1][CONSENSUS]addRawPrepare,height=1,reqIdx=3,hash=cebf4b37...
info|2019-12-18 02:58:47.506736|[g:1][CONSENSUS][PBFT]checkTimeout Succ,view=155,toView=156,nodeIdx=1,changeCycle=0,myNode=546baaf5...,timecost=14.571
info|2019-12-18 02:58:47.525991|[g:1][CONSENSUS][PBFT]checkAndChangeView: Reach consensus,org_view=155,org_changeCycle=0,cur_changeCycle=0,to_view=156
info|2019-12-18 02:58:48.506158|[g:1][CONSENSUS]addRawPrepare,height=1,reqIdx=0,hash=ab1c2046...
info|2019-12-18 02:58:48.519531|[g:1][CONSENSUS][PBFT]checkTimeout Succ,view=156,toView=157,nodeIdx=1,changeCycle=0,myNode=546baaf5...,timecost=6.157
info|2019-12-18 02:58:48.548047|[g:1][CONSENSUS][PBFT]checkAndChangeView: Reach consensus,org_view=156,org_changeCycle=0,cur_changeCycle=0,to_view=157
info|2019-12-18 02:58:49.549576|[g:1][CONSENSUS][SEALER]++++++++++++++++ Generating seal on,blkNum=1,tx=0,nodeIdx=1,hash=aa8d81ad...
info|2019-12-18 02:58:49.571572|[g:1][CONSENSUS][PBFT]checkTimeout Succ,view=157,toView=158,nodeIdx=1,changeCycle=0,myNode=546baaf5...,timecost=1.983
info|2019-12-18 02:58:49.598313|[g:1][CONSENSUS][PBFT]checkAndChangeView: Reach consensus,org_view=157,org_changeCycle=0,cur_changeCycle=0,to_view=158
info|2019-12-18 02:58:50.173866|[P2P][Service] heartBeat,connected count=3
info|2019-12-18 02:58:50.639518|[g:1][CONSENSUS]addRawPrepare,height=1,reqIdx=2,hash=48e8b3fa...
info|2019-12-18 02:58:50.673055|[g:1][CONSENSUS][PBFT]checkTimeout Succ,view=158,toView=159,nodeIdx=1,changeCycle=0,myNode=546baaf5...,timecost=29.439
info|2019-12-18 02:58:50.689585|[g:1][CONSENSUS][PBFT]checkAndChangeView: Reach consensus,org_view=158,org_changeCycle=0,cur_changeCycle=0,to_view=159
info|2019-12-18 02:58:51.695147|[g:1][CONSENSUS]addRawPrepare,height=1,reqIdx=3,hash=aa21d80a...
info|2019-12-18 02:58:51.716172|[g:1][CONSENSUS][PBFT]checkTimeout Succ,view=159,toView=160,nodeIdx=1,changeCycle=0,myNode=546baaf5...,timecost=20.603
info|2019-12-18 02:58:51.767602|[g:1][CONSENSUS][PBFT]checkAndChangeView: Reach consensus,org_view=159,org_changeCycle=0,cur_changeCycle=0,to_view=160
info|2019-12-18 02:58:52.741941|[g:1][CONSENSUS]addRawPrepare,height=1,reqIdx=0,hash=b2586aad...
info|2019-12-18 02:58:52.763918|[g:1][CONSENSUS][PBFT]checkTimeout Succ,view=160,toView=161,nodeIdx=1,changeCycle=0,myNode=546baaf5...,timecost=2.196
info|2019-12-18 02:58:52.792705|[g:1][CONSENSUS][PBFT]checkAndChangeView: Reach consensus,org_view=160,org_changeCycle=0,cur_changeCycle=0,to_view=161
info|2019-12-18 02:58:53.792944|[g:1][CONSENSUS][SEALER]++++++++++++++++ Generating seal on,blkNum=1,tx=0,nodeIdx=1,hash=32fc5002...
info|2019-12-18 02:58:53.806466|[g:1][CONSENSUS][PBFT]checkTimeout Succ,view=161,toView=162,nodeIdx=1,changeCycle=0,myNode=546baaf5...,timecost=6.76
info|2019-12-18 02:58:53.826357|[g:1][CONSENSUS][PBFT]checkAndChangeView: Reach consensus,org_view=161,org_changeCycle=0,cur_changeCycle=0,to_view=162
info|2019-12-18 02:58:54.852549|[g:1][CONSENSUS]addRawPrepare,height=1,reqIdx=2,hash=b7d1176d...
info|2019-12-18 02:58:54.875057|[g:1][CONSENSUS][PBFT]checkTimeout Succ,view=162,toView=163,nodeIdx=1,changeCycle=0,myNode=546baaf5...,timecost=10.942
info|2019-12-18 02:58:54.897863|[g:1][CONSENSUS][PBFT]checkAndChangeView: Reach consensus,org_view=162,org_changeCycle=0,cur_changeCycle=0,to_view=163
info|2019-12-18 02:58:55.929152|[g:1][CONSENSUS]addRawPrepare,height=1,reqIdx=3,hash=aa4e95cd...
info|2019-12-18 02:58:55.949637|[g:1][CONSENSUS][PBFT]checkTimeout Succ,view=163,toView=164,nodeIdx=1,changeCycle=0,myNode=546baaf5...,timecost=15.062
info|2019-12-18 02:58:55.990173|[g:1][CONSENSUS][PBFT]checkAndChangeView: Reach consensus,org_view=163,org_changeCycle=0,cur_changeCycle=0,to_view=164
info|2019-12-18 02:58:57.027412|[g:1][CONSENSUS]addRawPrepare,height=1,reqIdx=0,hash=0d873358...
info|2019-12-18 02:58:57.056442|[g:1][CONSENSUS][PBFT]checkTimeout Succ,view=164,toView=165,nodeIdx=1,changeCycle=0,myNode=546baaf5...,timecost=11.195
info|2019-12-18 02:58:57.075223|[g:1][CONSENSUS][PBFT]checkAndChangeView: Reach consensus,org_view=164,org_changeCycle=0,cur_changeCycle=0,to_view=165
info|2019-12-18 02:58:58.076514|[g:1][CONSENSUS][SEALER]++++++++++++++++ Generating seal on,blkNum=1,tx=0,nodeIdx=1,hash=016588ae...
info|2019-12-18 02:58:58.111618|[g:1][CONSENSUS][PBFT]checkTimeout Succ,view=165,toView=166,nodeIdx=1,changeCycle=0,myNode=546baaf5...,timecost=1.424
info|2019-12-18 02:58:58.129059|[g:1][CONSENSUS][PBFT]checkAndChangeView: Reach consensus,org_view=165,org_changeCycle=0,cur_changeCycle=0,to_view=166
info|2019-12-18 02:58:59.173863|[g:1][CONSENSUS]addRawPrepare,height=1,reqIdx=2,hash=6735b661...
info|2019-12-18 02:58:59.183687|[g:1][CONSENSUS][PBFT]checkTimeout Succ,view=166,toView=167,nodeIdx=1,changeCycle=0,myNode=546baaf5...,timecost=9.229
info|2019-12-18 02:58:59.216002|[g:1][CONSENSUS][PBFT]checkAndChangeView: Reach consensus,org_view=166,org_changeCycle=0,cur_changeCycle=0,to_view=167
info|2019-12-18 02:59:00.174706|[P2P][Service] heartBeat,connected count=3
info|2019-12-18 02:59:00.238344|[g:1][CONSENSUS]addRawPrepare,height=1,reqIdx=3,hash=496d8c40...
info|2019-12-18 02:59:00.271796|[g:1][CONSENSUS][PBFT]checkTimeout Succ,view=167,toView=168,nodeIdx=1,changeCycle=0,myNode=546baaf5...,timecost=17.573
info|2019-12-18 02:59:00.310600|[g:1][CONSENSUS][PBFT]checkAndChangeView: Reach consensus,org_view=167,org_changeCycle=0,cur_changeCycle=0,to_view=168
info|2019-12-18 02:59:01.296125|[g:1][CONSENSUS]addRawPrepare,height=1,reqIdx=0,hash=2a001d9b...
info|2019-12-18 02:59:01.320796|[g:1][CONSENSUS][PBFT]checkTimeout Succ,view=168,toView=169,nodeIdx=1,changeCycle=0,myNode=546baaf5...,timecost=20.456
info|2019-12-18 02:59:01.347843|[g:1][CONSENSUS][PBFT]checkAndChangeView: Reach consensus,org_view=168,org_changeCycle=0,cur_changeCycle=0,to_view=169
info|2019-12-18 02:59:02.349563|[g:1][CONSENSUS][SEALER]++++++++++++++++ Generating seal on,blkNum=1,tx=0,nodeIdx=1,hash=135d2b34...
info|2019-12-18 02:59:02.372364|[g:1][CONSENSUS][PBFT]checkTimeout Succ,view=169,toView=170,nodeIdx=1,changeCycle=0,myNode=546baaf5...,timecost=2.218
info|2019-12-18 02:59:02.391600|[g:1][CONSENSUS][PBFT]checkAndChangeView: Reach consensus,org_view=169,org_changeCycle=0,cur_changeCycle=0,to_view=170
info|2019-12-18 02:59:03.409989|[g:1][CONSENSUS]addRawPrepare,height=1,reqIdx=2,hash=7defd677...
info|2019-12-18 02:59:03.412708|[g:1][CONSENSUS][PBFT]checkTimeout Succ,view=170,toView=171,nodeIdx=1,changeCycle=0,myNode=546baaf5...,timecost=1.545
info|2019-12-18 02:59:03.452611|[g:1][CONSENSUS][PBFT]checkAndChangeView: Reach consensus,org_view=170,org_changeCycle=0,cur_changeCycle=0,to_view=171
info|2019-12-18 02:59:04.486393|[g:1][CONSENSUS]addRawPrepare,height=1,reqIdx=3,hash=e2dbb443...
info|2019-12-18 02:59:04.500648|[g:1][CONSENSUS][PBFT]checkTimeout Succ,view=171,toView=172,nodeIdx=1,changeCycle=0,myNode=546baaf5...,timecost=13.609
info|2019-12-18 02:59:04.524482|[g:1][CONSENSUS][PBFT]checkAndChangeView: Reach consensus,org_view=171,org_changeCycle=0,cur_changeCycle=0,to_view=172
info|2019-12-18 02:59:05.514088|[g:1][CONSENSUS]addRawPrepare,height=1,reqIdx=0,hash=98367c67...
info|2019-12-18 02:59:05.544939|[g:1][CONSENSUS][PBFT]checkTimeout Succ,view=172,toView=173,nodeIdx=1,changeCycle=0,myNode=546baaf5...,timecost=27.706
info|2019-12-18 02:59:05.571166|[g:1][CONSENSUS][PBFT]checkAndChangeView: Reach consensus,org_view=172,org_changeCycle=0,cur_changeCycle=0,to_view=173
info|2019-12-18 02:59:06.572569|[g:1][CONSENSUS][SEALER]++++++++++++++++ Generating seal on,blkNum=1,tx=0,nodeIdx=1,hash=94798d1a...
info|2019-12-18 02:59:06.591787|[g:1][CONSENSUS][PBFT]checkTimeout Succ,view=173,toView=174,nodeIdx=1,changeCycle=0,myNode=546baaf5...,timecost=5.705
info|2019-12-18 02:59:06.615517|[g:1][CONSENSUS][PBFT]checkAndChangeView: Reach consensus,org_view=173,org_changeCycle=0,cur_changeCycle=0,to_view=174
info|2019-12-18 02:59:07.647615|[g:1][CONSENSUS]addRawPrepare,height=1,reqIdx=2,hash=4b51a46d...
info|2019-12-18 02:59:07.685530|[g:1][CONSENSUS][PBFT]checkTimeout Succ,view=174,toView=175,nodeIdx=1,changeCycle=0,myNode=546baaf5...,timecost=33.09
info|2019-12-18 02:59:07.713923|[g:1][CONSENSUS][PBFT]checkAndChangeView: Reach consensus,org_view=174,org_changeCycle=0,cur_changeCycle=0,to_view=175
info|2019-12-18 02:59:08.747047|[g:1][CONSENSUS]addRawPrepare,height=1,reqIdx=3,hash=3f77211e...
info|2019-12-18 02:59:08.753853|[g:1][CONSENSUS][PBFT]checkTimeout Succ,view=175,toView=176,nodeIdx=1,changeCycle=0,myNode=546baaf5...,timecost=6.848
info|2019-12-18 02:59:08.770321|[g:1][CONSENSUS][PBFT]checkAndChangeView: Reach consensus,org_view=175,org_changeCycle=0,cur_changeCycle=0,to_view=176
info|2019-12-18 02:59:09.803422|[g:1][CONSENSUS]addRawPrepare,height=1,reqIdx=0,hash=153c0e7c...
info|2019-12-18 02:59:09.822794|[g:1][CONSENSUS][PBFT]checkTimeout Succ,view=176,toView=177,nodeIdx=1,changeCycle=0,myNode=546baaf5...,timecost=14.118
info|2019-12-18 02:59:09.845282|[g:1][CONSENSUS][PBFT]checkAndChangeView: Reach consensus,org_view=176,org_changeCycle=0,cur_changeCycle=0,to_view=177
info|2019-12-18 02:59:10.175928|[P2P][Service] heartBeat,connected count=3
info|2019-12-18 02:59:10.847135|[g:1][CONSENSUS][SEALER]++++++++++++++++ Generating seal on,blkNum=1,tx=0,nodeIdx=1,hash=e0adda22...
info|2019-12-18 02:59:10.862532|[g:1][CONSENSUS][PBFT]checkTimeout Succ,view=177,toView=178,nodeIdx=1,changeCycle=0,myNode=546baaf5...,timecost=3.19
info|2019-12-18 02:59:10.891897|[g:1][CONSENSUS][PBFT]checkAndChangeView: Reach consensus,org_view=177,org_changeCycle=0,cur_changeCycle=0,to_view=178
info|2019-12-18 02:59:11.917730|[g:1][CONSENSUS]addRawPrepare,height=1,reqIdx=2,hash=f7b52345...
info|2019-12-18 02:59:11.968730|[g:1][CONSENSUS][PBFT]checkTimeout Succ,view=178,toView=179,nodeIdx=1,changeCycle=0,myNode=546baaf5...,timecost=29.231
info|2019-12-18 02:59:11.992303|[g:1][CONSENSUS][PBFT]checkAndChangeView: Reach consensus,org_view=178,org_changeCycle=0,cur_changeCycle=0,to_view=179
info|2019-12-18 02:59:13.009787|[g:1][CONSENSUS]addRawPrepare,height=1,reqIdx=3,hash=d92cbde4...
info|2019-12-18 02:59:13.039163|[g:1][CONSENSUS][PBFT]checkTimeout Succ,view=179,toView=180,nodeIdx=1,changeCycle=0,myNode=546baaf5...,timecost=25.275
info|2019-12-18 02:59:13.076146|[g:1][CONSENSUS][PBFT]checkAndChangeView: Reach consensus,org_view=179,org_changeCycle=0,cur_changeCycle=0,to_view=180
info|2019-12-18 02:59:14.093723|[g:1][CONSENSUS]addRawPrepare,height=1,reqIdx=0,hash=9879901a...
info|2019-12-18 02:59:14.126618|[g:1][CONSENSUS][PBFT]checkTimeout Succ,view=180,toView=181,nodeIdx=1,changeCycle=0,myNode=546baaf5...,timecost=32.427
info|2019-12-18 02:59:14.159686|[g:1][CONSENSUS][PBFT]checkAndChangeView: Reach consensus,org_view=180,org_changeCycle=0,cur_changeCycle=0,to_view=181
info|2019-12-18 02:59:15.160544|[g:1][CONSENSUS][SEALER]++++++++++++++++ Generating seal on,blkNum=1,tx=0,nodeIdx=1,hash=5732172f...
info|2019-12-18 02:59:15.206694|[g:1][CONSENSUS][PBFT]checkTimeout Succ,view=181,toView=182,nodeIdx=1,changeCycle=0,myNode=546baaf5...,timecost=2.734
info|2019-12-18 02:59:15.213731|[g:1][CONSENSUS][PBFT]checkAndChangeView: Reach consensus,org_view=181,org_changeCycle=0,cur_changeCycle=0,to_view=182
info|2019-12-18 02:59:16.247436|[g:1][CONSENSUS]addRawPrepare,height=1,reqIdx=2,hash=bf526de1...
info|2019-12-18 02:59:16.281627|[g:1][CONSENSUS][PBFT]checkTimeout Succ,view=182,toView=183,nodeIdx=1,changeCycle=0,myNode=546baaf5...,timecost=20.501
info|2019-12-18 02:59:16.303375|[g:1][CONSENSUS][PBFT]checkAndChangeView: Reach consensus,org_view=182,org_changeCycle=0,cur_changeCycle=0,to_view=183
info|2019-12-18 02:59:17.286296|[g:1][CONSENSUS]addRawPrepare,height=1,reqIdx=3,hash=7eb48e19...
info|2019-12-18 02:59:17.308648|[g:1][CONSENSUS][PBFT]checkTimeout Succ,view=183,toView=184,nodeIdx=1,changeCycle=0,myNode=546baaf5...,timecost=7.063
info|2019-12-18 02:59:17.337142|[g:1][CONSENSUS][PBFT]checkAndChangeView: Reach consensus,org_view=183,org_changeCycle=0,cur_changeCycle=0,to_view=184
info|2019-12-18 02:59:18.362626|[g:1][CONSENSUS]addRawPrepare,height=1,reqIdx=0,hash=556eba64...
info|2019-12-18 02:59:18.376201|[g:1][CONSENSUS][PBFT]checkTimeout Succ,view=184,toView=185,nodeIdx=1,changeCycle=0,myNode=546baaf5...,timecost=8.632
info|2019-12-18 02:59:18.394922|[g:1][CONSENSUS][PBFT]checkAndChangeView: Reach consensus,org_view=184,org_changeCycle=0,cur_changeCycle=0,to_view=185
info|2019-12-18 02:59:19.396721|[g:1][CONSENSUS][SEALER]++++++++++++++++ Generating seal on,blkNum=1,tx=0,nodeIdx=1,hash=510b6ffd...
info|2019-12-18 02:59:19.435096|[g:1][CONSENSUS][PBFT]checkTimeout Succ,view=185,toView=186,nodeIdx=1,changeCycle=0,myNode=546baaf5...,timecost=1.607
info|2019-12-18 02:59:19.450032|[g:1][CONSENSUS][PBFT]checkAndChangeView: Reach consensus,org_view=185,org_changeCycle=0,cur_changeCycle=0,to_view=186
info|2019-12-18 02:59:20.176369|[P2P][Service] heartBeat,connected count=3
info|2019-12-18 02:59:20.477148|[g:1][CONSENSUS]addRawPrepare,height=1,reqIdx=2,hash=609fc819...
info|2019-12-18 02:59:20.491991|[g:1][CONSENSUS][PBFT]checkTimeout Succ,view=186,toView=187,nodeIdx=1,changeCycle=0,myNode=546baaf5...,timecost=3.346
info|2019-12-18 02:59:20.537459|[g:1][CONSENSUS][PBFT]checkAndChangeView: Reach consensus,org_view=186,org_changeCycle=0,cur_changeCycle=0,to_view=187
info|2019-12-18 02:59:21.565837|[g:1][CONSENSUS]addRawPrepare,height=1,reqIdx=3,hash=da33fc4d...
info|2019-12-18 02:59:21.586937|[g:1][CONSENSUS][PBFT]checkTimeout Succ,view=187,toView=188,nodeIdx=1,changeCycle=0,myNode=546baaf5...,timecost=7.484
info|2019-12-18 02:59:21.604710|[g:1][CONSENSUS][PBFT]checkAndChangeView: Reach consensus,org_view=187,org_changeCycle=0,cur_changeCycle=0,to_view=188
info|2019-12-18 02:59:22.608583|[g:1][CONSENSUS]addRawPrepare,height=1,reqIdx=0,hash=b994e81f...
info|2019-12-18 02:59:22.623334|[g:1][CONSENSUS][PBFT]checkTimeout Succ,view=188,toView=189,nodeIdx=1,changeCycle=0,myNode=546baaf5...,timecost=14.451
info|2019-12-18 02:59:22.672416|[g:1][CONSENSUS][PBFT]checkAndChangeView: Reach consensus,org_view=188,org_changeCycle=0,cur_changeCycle=0,to_view=189
info|2019-12-18 02:59:23.674812|[g:1][CONSENSUS][SEALER]++++++++++++++++ Generating seal on,blkNum=1,tx=0,nodeIdx=1,hash=3aca0995...
info|2019-12-18 02:59:23.687734|[g:1][CONSENSUS][PBFT]checkTimeout Succ,view=189,toView=190,nodeIdx=1,changeCycle=0,myNode=546baaf5...,timecost=2.05
info|2019-12-18 02:59:23.711246|[g:1][CONSENSUS][PBFT]checkAndChangeView: Reach consensus,org_view=189,org_changeCycle=0,cur_changeCycle=0,to_view=190
info|2019-12-18 02:59:24.773162|[g:1][CONSENSUS]addRawPrepare,height=1,reqIdx=2,hash=11f7e5c8...
info|2019-12-18 02:59:24.809767|[g:1][CONSENSUS][PBFT]checkTimeout Succ,view=190,toView=191,nodeIdx=1,changeCycle=0,myNode=546baaf5...,timecost=34.836
info|2019-12-18 02:59:24.839531|[g:1][CONSENSUS][PBFT]checkAndChangeView: Reach consensus,org_view=190,org_changeCycle=0,cur_changeCycle=0,to_view=191
info|2019-12-18 02:59:25.832824|[g:1][CONSENSUS]addRawPrepare,height=1,reqIdx=3,hash=fe4632c0...
info|2019-12-18 02:59:25.840446|[g:1][CONSENSUS][PBFT]checkTimeout Succ,view=191,toView=192,nodeIdx=1,changeCycle=0,myNode=546baaf5...,timecost=7.325
info|2019-12-18 02:59:25.875729|[g:1][CONSENSUS][PBFT]checkAndChangeView: Reach consensus,org_view=191,org_changeCycle=0,cur_changeCycle=0,to_view=192
info|2019-12-18 02:59:26.905921|[g:1][CONSENSUS]addRawPrepare,height=1,reqIdx=0,hash=ecb3f53a...
info|2019-12-18 02:59:26.933179|[g:1][CONSENSUS][PBFT]checkTimeout Succ,view=192,toView=193,nodeIdx=1,changeCycle=0,myNode=546baaf5...,timecost=10.514
info|2019-12-18 02:59:26.965220|[g:1][CONSENSUS][PBFT]checkAndChangeView: Reach consensus,org_view=192,org_changeCycle=0,cur_changeCycle=0,to_view=193
info|2019-12-18 02:59:27.965709|[g:1][CONSENSUS][SEALER]++++++++++++++++ Generating seal on,blkNum=1,tx=0,nodeIdx=1,hash=4520fb6c...
info|2019-12-18 02:59:28.006521|[g:1][CONSENSUS][PBFT]checkTimeout Succ,view=193,toView=194,nodeIdx=1,changeCycle=0,myNode=546baaf5...,timecost=4.307
info|2019-12-18 02:59:28.015551|[g:1][CONSENSUS][PBFT]checkAndChangeView: Reach consensus,org_view=193,org_changeCycle=0,cur_changeCycle=0,to_view=194
info|2019-12-18 02:59:29.033748|[g:1][CONSENSUS]addRawPrepare,height=1,reqIdx=2,hash=7f496fc3...
info|2019-12-18 02:59:29.050126|[g:1][CONSENSUS][PBFT]checkTimeout Succ,view=194,toView=195,nodeIdx=1,changeCycle=0,myNode=546baaf5...,timecost=6.202
info|2019-12-18 02:59:29.060717|[g:1][CONSENSUS][PBFT]checkAndChangeView: Reach consensus,org_view=194,org_changeCycle=0,cur_changeCycle=0,to_view=195
info|2019-12-18 02:59:30.101869|[g:1][CONSENSUS]addRawPrepare,height=1,reqIdx=3,hash=f13117da...
info|2019-12-18 02:59:30.114967|[g:1][CONSENSUS][PBFT]checkTimeout Succ,view=195,toView=196,nodeIdx=1,changeCycle=0,myNode=546baaf5...,timecost=10.187
info|2019-12-18 02:59:30.134574|[g:1][CONSENSUS][PBFT]checkAndChangeView: Reach consensus,org_view=195,org_changeCycle=0,cur_changeCycle=0,to_view=196
info|2019-12-18 02:59:30.176692|[P2P][Service] heartBeat,connected count=3
info|2019-12-18 02:59:31.132376|[g:1][CONSENSUS]addRawPrepare,height=1,reqIdx=0,hash=e024cad7...
info|2019-12-18 02:59:31.148603|[g:1][CONSENSUS][PBFT]checkTimeout Succ,view=196,toView=197,nodeIdx=1,changeCycle=0,myNode=546baaf5...,timecost=2.806
info|2019-12-18 02:59:31.199611|[g:1][CONSENSUS][PBFT]checkAndChangeView: Reach consensus,org_view=196,org_changeCycle=0,cur_changeCycle=0,to_view=197
info|2019-12-18 02:59:32.201683|[g:1][CONSENSUS][SEALER]++++++++++++++++ Generating seal on,blkNum=1,tx=0,nodeIdx=1,hash=aebf47c7...
info|2019-12-18 02:59:32.219924|[g:1][CONSENSUS][PBFT]checkTimeout Succ,view=197,toView=198,nodeIdx=1,changeCycle=0,myNode=546baaf5...,timecost=14.766
info|2019-12-18 02:59:32.271878|[g:1][CONSENSUS][PBFT]checkAndChangeView: Reach consensus,org_view=197,org_changeCycle=0,cur_changeCycle=0,to_view=198
info|2019-12-18 02:59:33.290535|[g:1][CONSENSUS]addRawPrepare,height=1,reqIdx=2,hash=eb885750...
info|2019-12-18 02:59:33.307884|[g:1][CONSENSUS][PBFT]checkTimeout Succ,view=198,toView=199,nodeIdx=1,changeCycle=0,myNode=546baaf5...,timecost=16.976
info|2019-12-18 02:59:33.342396|[g:1][CONSENSUS][PBFT]checkAndChangeView: Reach consensus,org_view=198,org_changeCycle=0,cur_changeCycle=0,to_view=199
info|2019-12-18 02:59:34.364417|[g:1][CONSENSUS]addRawPrepare,height=1,reqIdx=3,hash=b1001e67...
info|2019-12-18 02:59:34.380550|[g:1][CONSENSUS][PBFT]checkTimeout Succ,view=199,toView=200,nodeIdx=1,changeCycle=0,myNode=546baaf5...,timecost=4.441
info|2019-12-18 02:59:34.409368|[g:1][CONSENSUS][PBFT]checkAndChangeView: Reach consensus,org_view=199,org_changeCycle=0,cur_changeCycle=0,to_view=200
info|2019-12-18 02:59:35.411158|[g:1][CONSENSUS]addRawPrepare,height=1,reqIdx=0,hash=9cf13d8b...
info|2019-12-18 02:59:35.421794|[g:1][CONSENSUS][PBFT]checkTimeout Succ,view=200,toView=201,nodeIdx=1,changeCycle=0,myNode=546baaf5...,timecost=10.163
info|2019-12-18 02:59:35.442487|[g:1][CONSENSUS][PBFT]checkAndChangeView: Reach consensus,org_view=200,org_changeCycle=0,cur_changeCycle=0,to_view=201
info|2019-12-18 02:59:36.443236|[g:1][CONSENSUS][SEALER]++++++++++++++++ Generating seal on,blkNum=1,tx=0,nodeIdx=1,hash=2112b421...
info|2019-12-18 02:59:36.449814|[g:1][CONSENSUS][PBFT]checkTimeout Succ,view=201,toView=202,nodeIdx=1,changeCycle=0,myNode=546baaf5...,timecost=4.444
info|2019-12-18 02:59:36.483686|[g:1][CONSENSUS][PBFT]checkAndChangeView: Reach consensus,org_view=201,org_changeCycle=0,cur_changeCycle=0,to_view=202
info|2019-12-18 02:59:37.510206|[g:1][CONSENSUS]addRawPrepare,height=1,reqIdx=2,hash=7cd0f30f...
info|2019-12-18 02:59:37.549359|[g:1][CONSENSUS][PBFT]checkTimeout Succ,view=202,toView=203,nodeIdx=1,changeCycle=0,myNode=546baaf5...,timecost=24.103
info|2019-12-18 02:59:37.565525|[g:1][CONSENSUS][PBFT]checkAndChangeView: Reach consensus,org_view=202,org_changeCycle=0,cur_changeCycle=0,to_view=203
info|2019-12-18 02:59:38.585510|[g:1][CONSENSUS]addRawPrepare,height=1,reqIdx=3,hash=075c5945...
info|2019-12-18 02:59:38.591485|[g:1][CONSENSUS][PBFT]checkTimeout Succ,view=203,toView=204,nodeIdx=1,changeCycle=0,myNode=546baaf5...,timecost=4.981
info|2019-12-18 02:59:38.618710|[g:1][CONSENSUS][PBFT]checkAndChangeView: Reach consensus,org_view=203,org_changeCycle=0,cur_changeCycle=0,to_view=204
info|2019-12-18 02:59:39.633093|[g:1][CONSENSUS]addRawPrepare,height=1,reqIdx=0,hash=642774ae...
info|2019-12-18 02:59:39.638684|[g:1][CONSENSUS][PBFT]checkTimeout Succ,view=204,toView=205,nodeIdx=1,changeCycle=0,myNode=546baaf5...,timecost=5.078
info|2019-12-18 02:59:39.675277|[g:1][CONSENSUS][PBFT]checkAndChangeView: Reach consensus,org_view=204,org_changeCycle=0,cur_changeCycle=0,to_view=205
info|2019-12-18 02:59:40.177447|[P2P][Service] heartBeat,connected count=3
info|2019-12-18 02:59:40.682772|[g:1][CONSENSUS][SEALER]++++++++++++++++ Generating seal on,blkNum=1,tx=0,nodeIdx=1,hash=63ac53c9...
info|2019-12-18 02:59:40.709957|[g:1][CONSENSUS][PBFT]checkTimeout Succ,view=205,toView=206,nodeIdx=1,changeCycle=0,myNode=546baaf5...,timecost=2.243
info|2019-12-18 02:59:40.753811|[g:1][CONSENSUS][PBFT]checkAndChangeView: Reach consensus,org_view=205,org_changeCycle=0,cur_changeCycle=0,to_view=206
info|2019-12-18 02:59:41.737134|[g:1][CONSENSUS]addRawPrepare,height=1,reqIdx=2,hash=407fed99...
info|2019-12-18 02:59:41.741098|[g:1][CONSENSUS][PBFT]checkTimeout Succ,view=206,toView=207,nodeIdx=1,changeCycle=0,myNode=546baaf5...,timecost=2.547
info|2019-12-18 02:59:41.767196|[g:1][CONSENSUS][PBFT]checkAndChangeView: Reach consensus,org_view=206,org_changeCycle=0,cur_changeCycle=0,to_view=207
info|2019-12-18 02:59:42.804493|[g:1][CONSENSUS]addRawPrepare,height=1,reqIdx=3,hash=c3180a7a...
info|2019-12-18 02:59:42.831887|[g:1][CONSENSUS][PBFT]checkTimeout Succ,view=207,toView=208,nodeIdx=1,changeCycle=0,myNode=546baaf5...,timecost=19.984
info|2019-12-18 02:59:42.844820|[g:1][CONSENSUS][PBFT]checkAndChangeView: Reach consensus,org_view=207,org_changeCycle=0,cur_changeCycle=0,to_view=208
info|2019-12-18 02:59:43.880100|[g:1][CONSENSUS]addRawPrepare,height=1,reqIdx=0,hash=6a49a490...
info|2019-12-18 02:59:43.914570|[g:1][CONSENSUS][PBFT]checkTimeout Succ,view=208,toView=209,nodeIdx=1,changeCycle=0,myNode=546baaf5...,timecost=14.862
info|2019-12-18 02:59:43.956619|[g:1][CONSENSUS][PBFT]checkAndChangeView: Reach consensus,org_view=208,org_changeCycle=0,cur_changeCycle=0,to_view=209
info|2019-12-18 02:59:44.958400|[g:1][CONSENSUS][SEALER]++++++++++++++++ Generating seal on,blkNum=1,tx=0,nodeIdx=1,hash=1cd598ad...
info|2019-12-18 02:59:44.971078|[g:1][CONSENSUS][PBFT]checkTimeout Succ,view=209,toView=210,nodeIdx=1,changeCycle=0,myNode=546baaf5...,timecost=10.614
info|2019-12-18 02:59:44.993374|[g:1][CONSENSUS][PBFT]checkAndChangeView: Reach consensus,org_view=209,org_changeCycle=0,cur_changeCycle=0,to_view=210
info|2019-12-18 02:59:46.017596|[g:1][CONSENSUS]addRawPrepare,height=1,reqIdx=2,hash=367430f5...
info|2019-12-18 02:59:46.020751|[g:1][CONSENSUS][PBFT]checkTimeout Succ,view=210,toView=211,nodeIdx=1,changeCycle=0,myNode=546baaf5...,timecost=2.655
info|2019-12-18 02:59:46.054393|[g:1][CONSENSUS][PBFT]checkAndChangeView: Reach consensus,org_view=210,org_changeCycle=0,cur_changeCycle=0,to_view=211
info|2019-12-18 02:59:47.103025|[g:1][CONSENSUS]addRawPrepare,height=1,reqIdx=3,hash=a897a473...
info|2019-12-18 02:59:47.127227|[g:1][CONSENSUS][PBFT]checkTimeout Succ,view=211,toView=212,nodeIdx=1,changeCycle=0,myNode=546baaf5...,timecost=27.445
info|2019-12-18 02:59:47.160309|[g:1][CONSENSUS][PBFT]checkAndChangeView: Reach consensus,org_view=211,org_changeCycle=0,cur_changeCycle=0,to_view=212
info|2019-12-18 02:59:48.148888|[g:1][CONSENSUS]addRawPrepare,height=1,reqIdx=0,hash=006afd36...
info|2019-12-18 02:59:48.172010|[g:1][CONSENSUS][PBFT]checkTimeout Succ,view=212,toView=213,nodeIdx=1,changeCycle=0,myNode=546baaf5...,timecost=22.431
info|2019-12-18 02:59:48.193597|[g:1][CONSENSUS][PBFT]checkAndChangeView: Reach consensus,org_view=212,org_changeCycle=0,cur_changeCycle=0,to_view=213
info|2019-12-18 02:59:49.195179|[g:1][CONSENSUS][SEALER]++++++++++++++++ Generating seal on,blkNum=1,tx=0,nodeIdx=1,hash=df1c0550...
info|2019-12-18 02:59:49.199265|[g:1][CONSENSUS][PBFT]checkTimeout Succ,view=213,toView=214,nodeIdx=1,changeCycle=0,myNode=546baaf5...,timecost=2.08
info|2019-12-18 02:59:49.239528|[g:1][CONSENSUS][PBFT]checkAndChangeView: Reach consensus,org_view=213,org_changeCycle=0,cur_changeCycle=0,to_view=214
info|2019-12-18 02:59:50.178215|[P2P][Service] heartBeat,connected count=3
info|2019-12-18 02:59:50.244512|[g:1][CONSENSUS]addRawPrepare,height=1,reqIdx=2,hash=b394573b...
info|2019-12-18 02:59:50.248305|[g:1][CONSENSUS][PBFT]checkTimeout Succ,view=214,toView=215,nodeIdx=1,changeCycle=0,myNode=546baaf5...,timecost=3.221
info|2019-12-18 02:59:50.307737|[g:1][CONSENSUS][PBFT]checkAndChangeView: Reach consensus,org_view=214,org_changeCycle=0,cur_changeCycle=0,to_view=215
info|2019-12-18 02:59:51.313876|[g:1][CONSENSUS]addRawPrepare,height=1,reqIdx=3,hash=8a84bf6c...
info|2019-12-18 02:59:51.338047|[g:1][CONSENSUS][PBFT]checkTimeout Succ,view=215,toView=216,nodeIdx=1,changeCycle=0,myNode=546baaf5...,timecost=17.816
info|2019-12-18 02:59:51.349323|[g:1][CONSENSUS][PBFT]checkAndChangeView: Reach consensus,org_view=215,org_changeCycle=0,cur_changeCycle=0,to_view=216
info|2019-12-18 02:59:52.342263|[g:1][CONSENSUS]addRawPrepare,height=1,reqIdx=0,hash=43b76a0f...
info|2019-12-18 02:59:52.358297|[g:1][CONSENSUS][PBFT]checkTimeout Succ,view=216,toView=217,nodeIdx=1,changeCycle=0,myNode=546baaf5...,timecost=10.418
info|2019-12-18 02:59:52.388225|[g:1][CONSENSUS][PBFT]checkAndChangeView: Reach consensus,org_view=216,org_changeCycle=0,cur_changeCycle=0,to_view=217
info|2019-12-18 02:59:53.391245|[g:1][CONSENSUS][SEALER]++++++++++++++++ Generating seal on,blkNum=1,tx=0,nodeIdx=1,hash=9751e34d...
info|2019-12-18 02:59:53.423648|[g:1][CONSENSUS][PBFT]checkTimeout Succ,view=217,toView=218,nodeIdx=1,changeCycle=0,myNode=546baaf5...,timecost=27.933
info|2019-12-18 02:59:53.465139|[g:1][CONSENSUS][PBFT]checkAndChangeView: Reach consensus,org_view=217,org_changeCycle=0,cur_changeCycle=0,to_view=218
info|2019-12-18 02:59:54.483808|[g:1][CONSENSUS]addRawPrepare,height=1,reqIdx=2,hash=1df4c2c5...
info|2019-12-18 02:59:54.496608|[g:1][CONSENSUS][PBFT]checkTimeout Succ,view=218,toView=219,nodeIdx=1,changeCycle=0,myNode=546baaf5...,timecost=6.601
info|2019-12-18 02:59:54.527123|[g:1][CONSENSUS][PBFT]checkAndChangeView: Reach consensus,org_view=218,org_changeCycle=0,cur_changeCycle=0,to_view=219
info|2019-12-18 02:59:55.515092|[g:1][CONSENSUS]addRawPrepare,height=1,reqIdx=3,hash=f049d92f...
info|2019-12-18 02:59:55.520283|[g:1][CONSENSUS][PBFT]checkTimeout Succ,view=219,toView=220,nodeIdx=1,changeCycle=0,myNode=546baaf5...,timecost=4.694
info|2019-12-18 02:59:55.557668|[g:1][CONSENSUS][PBFT]checkAndChangeView: Reach consensus,org_view=219,org_changeCycle=0,cur_changeCycle=0,to_view=220
info|2019-12-18 02:59:56.552234|[g:1][CONSENSUS]addRawPrepare,height=1,reqIdx=0,hash=1441acf4...
info|2019-12-18 02:59:56.562349|[g:1][CONSENSUS][PBFT]checkTimeout Succ,view=220,toView=221,nodeIdx=1,changeCycle=0,myNode=546baaf5...,timecost=8.881
info|2019-12-18 02:59:56.584630|[g:1][CONSENSUS][PBFT]checkAndChangeView: Reach consensus,org_view=220,org_changeCycle=0,cur_changeCycle=0,to_view=221
info|2019-12-18 02:59:57.588023|[g:1][CONSENSUS][SEALER]++++++++++++++++ Generating seal on,blkNum=1,tx=0,nodeIdx=1,hash=0f973063...
info|2019-12-18 02:59:57.594292|[g:1][CONSENSUS][PBFT]checkTimeout Succ,view=221,toView=222,nodeIdx=1,changeCycle=0,myNode=546baaf5...,timecost=1.376
info|2019-12-18 02:59:57.633705|[g:1][CONSENSUS][PBFT]checkAndChangeView: Reach consensus,org_view=221,org_changeCycle=0,cur_changeCycle=0,to_view=222
info|2019-12-18 02:59:58.655993|[g:1][CONSENSUS]addRawPrepare,height=1,reqIdx=2,hash=46245947...
info|2019-12-18 02:59:58.677196|[g:1][CONSENSUS][PBFT]checkTimeout Succ,view=222,toView=223,nodeIdx=1,changeCycle=0,myNode=546baaf5...,timecost=15.611
info|2019-12-18 02:59:58.697266|[g:1][CONSENSUS][PBFT]checkAndChangeView: Reach consensus,org_view=222,org_changeCycle=0,cur_changeCycle=0,to_view=223
info|2019-12-18 02:59:59.708027|[g:1][CONSENSUS]addRawPrepare,height=1,reqIdx=3,hash=7ad633ab...
info|2019-12-18 02:59:59.724697|[g:1][CONSENSUS][PBFT]checkTimeout Succ,view=223,toView=224,nodeIdx=1,changeCycle=0,myNode=546baaf5...,timecost=13.42
info|2019-12-18 02:59:59.740947|[g:1][CONSENSUS][PBFT]checkAndChangeView: Reach consensus,org_view=223,org_changeCycle=0,cur_changeCycle=0,to_view=224
