info|2020-01-05 03:00:00.851903|[g:1][CONSENSUS][SEALER]++++++++++++++++ Generating seal on,blkNum=821,tx=0,nodeIdx=1,hash=29af6bcc...
info|2020-01-05 03:00:00.884413|[g:1][CONSENSUS][PBFT]checkTimeout Succ,view=645,toView=646,nodeIdx=1,changeCycle=0,myNode=546baaf5...,timecost=1.159
info|2020-01-05 03:00:00.889428|[g:1][CONSENSUS][PBFT]checkAndChangeView: Reach consensus,org_view=645,org_changeCycle=0,cur_changeCycle=0,to_view=646
info|2020-01-05 03:00:01.906173|[g:1][CONSENSUS]addRawPrepare,height=821,reqIdx=2,hash=40a0c9f7...
info|2020-01-05 03:00:01.910769|[g:1][CONSENSUS][PBFT]checkTimeout Succ,view=646,toView=647,nodeIdx=1,changeCycle=0,myNode=546baaf5...,timecost=4.395
info|2020-01-05 03:00:01.938425|[g:1][CONSENSUS][PBFT]checkAndChangeView: Reach consensus,org_view=646,org_changeCycle=0,cur_changeCycle=0,to_view=647
info|2020-01-05 03:00:02.839995|[P2P][Service] heartBeat,connected count=3
info|2020-01-05 03:00:02.961336|[g:1][CONSENSUS]addRawPrepare,height=821,reqIdx=3,hash=50829b8f...
info|2020-01-05 03:00:02.975984|[g:1][CONSENSUS][PBFT]checkTimeout Succ,view=647,toView=648,nodeIdx=1,changeCycle=0,myNode=546baaf5...,timecost=14.157
info|2020-01-05 03:00:03.006413|[g:1][CONSENSUS][PBFT]checkAndChangeView: Reach consensus,org_view=647,org_changeCycle=0,cur_changeCycle=0,to_view=648
info|2020-01-05 03:00:04.009697|[g:1][CONSENSUS]addRawPrepare,height=821,reqIdx=0,hash=1f8740d7...
info|2020-01-05 03:00:04.010677|[g:1][CONSENSUS][PBFT]checkTimeout Succ,view=648,toView=649,nodeIdx=1,changeCycle=0,myNode=546baaf5...,timecost=0.898
info|2020-01-05 03:00:04.024124|[g:1][CONSENSUS][PBFT]checkAndChangeView: Reach consensus,org_view=648,org_changeCycle=0,cur_changeCycle=0,to_view=649
info|2020-01-05 03:00:05.033366|[g:1][CONSENSUS][SEALER]++++++++++++++++ Generating seal on,blkNum=821,tx=0,nodeIdx=1,hash=a74b9dfb...
info|2020-01-05 03:00:05.052793|[g:1][CONSENSUS][PBFT]checkTimeout Succ,view=649,toView=650,nodeIdx=1,changeCycle=0,myNode=546baaf5...,timecost=16.728
info|2020-01-05 03:00:05.074946|[g:1][CONSENSUS][PBFT]checkAndChangeView: Reach consensus,org_view=649,org_changeCycle=0,cur_changeCycle=0,to_view=650
info|2020-01-05 03:00:06.081630|[g:1][CONSENSUS]addRawPrepare,height=821,reqIdx=2,hash=4d41b9ed...
info|2020-01-05 03:00:06.094835|[g:1][CONSENSUS][PBFT]checkTimeout Succ,view=650,toView=651,nodeIdx=1,changeCycle=0,myNode=546baaf5...,timecost=12.622
info|2020-01-05 03:00:06.136802|[g:1][CONSENSUS][PBFT]checkAndChangeView: Reach consensus,org_view=650,org_changeCycle=0,cur_changeCycle=0,to_view=651
info|2020-01-05 03:00:07.128383|[g:1][CONSENSUS]addRawPrepare,height=821,reqIdx=3,hash=573c97e1...
info|2020-01-05 03:00:07.136909|[g:1][CONSENSUS][PBFT]checkTimeout Succ,view=651,toView=652,nodeIdx=1,changeCycle=0,myNode=546baaf5...,timecost=8.28
info|2020-01-05 03:00:07.154976|[g:1][CONSENSUS][PBFT]checkAndChangeView: Reach consensus,org_view=651,org_changeCycle=0,cur_changeCycle=0,to_view=652
info|2020-01-05 03:00:08.168293|[g:1][CONSENSUS]addRawPrepare,height=821,reqIdx=0,hash=59dfe35e...
info|2020-01-05 03:00:08.170246|[g:1][CONSENSUS][PBFT]checkTimeout Succ,view=652,toView=653,nodeIdx=1,changeCycle=0,myNode=546baaf5...,timecost=1.344
info|2020-01-05 03:00:08.225652|[g:1][CONSENSUS][PBFT]checkAndChangeView: Reach consensus,org_view=652,org_changeCycle=0,cur_changeCycle=0,to_view=653
info|2020-01-05 03:00:09.229272|[g:1][CONSENSUS][SEALER]++++++++++++++++ Generating seal on,blkNum=821,tx=0,nodeIdx=1,hash=b5a57da6...
info|2020-01-05 03:00:09.240787|[g:1][CONSENSUS][PBFT]checkTimeout Succ,view=653,toView=654,nodeIdx=1,changeCycle=0,myNode=546baaf5...,timecost=1.411
info|2020-01-05 03:00:09.281484|[g:1][CONSENSUS][PBFT]checkAndChangeView: Reach consensus,org_view=653,org_changeCycle=0,cur_changeCycle=0,to_view=654
info|2020-01-05 03:00:10.317541|[g:1][CONSENSUS]addRawPrepare,height=821,reqIdx=2,hash=6ecf625f...
info|2020-01-05 03:00:10.435105|[g:1][CONSENSUS][PBFT]checkTimeout Succ,view=654,toView=655,nodeIdx=1,changeCycle=0,myNode=546baaf5...,timecost=117.088
info|2020-01-05 03:00:10.512526|[g:1][CONSENSUS][PBFT]checkAndChangeView: Reach consensus,org_view=654,org_changeCycle=0,cur_changeCycle=0,to_view=655
info|2020-01-05 03:00:11.474254|[g:1][CONSENSUS]addRawPrepare,height=821,reqIdx=3,hash=60740dbe...
info|2020-01-05 03:00:11.475365|[g:1][CONSENSUS][PBFT]checkTimeout Succ,view=655,toView=656,nodeIdx=1,changeCycle=0,myNode=546baaf5...,timecost=0.889
info|2020-01-05 03:00:11.510188|[g:1][CONSENSUS][PBFT]checkAndChangeView: Reach consensus,org_view=655,org_changeCycle=0,cur_changeCycle=0,to_view=656
info|2020-01-05 03:00:12.569233|[g:1][CONSENSUS]addRawPrepare,height=821,reqIdx=0,hash=778ee92c...
info|2020-01-05 03:00:12.570264|[g:1][CONSENSUS][PBFT]checkTimeout Succ,view=656,toView=657,nodeIdx=1,changeCycle=0,myNode=546baaf5...,timecost=0.922
info|2020-01-05 03:00:12.592996|[g:1][CONSENSUS][PBFT]checkAndChangeView: Reach consensus,org_view=656,org_changeCycle=0,cur_changeCycle=0,to_view=657
info|2020-01-05 03:00:12.840926|[P2P][Service] heartBeat,connected count=3
info|2020-01-05 03:00:13.595894|[g:1][CONSENSUS][SEALER]++++++++++++++++ Generating seal on,blkNum=821,tx=0,nodeIdx=1,hash=c0027f08...
info|2020-01-05 03:00:13.636048|[g:1][CONSENSUS][PBFT]checkTimeout Succ,view=657,toView=658,nodeIdx=1,changeCycle=0,myNode=546baaf5...,timecost=7.15
info|2020-01-05 03:00:13.691543|[g:1][CONSENSUS][PBFT]checkAndChangeView: Reach consensus,org_view=657,org_changeCycle=0,cur_changeCycle=0,to_view=658
info|2020-01-05 03:00:14.742093|[g:1][CONSENSUS]addRawPrepare,height=821,reqIdx=2,hash=758f161c...
info|2020-01-05 03:00:14.755693|[g:1][CONSENSUS][PBFT]checkTimeout Succ,view=658,toView=659,nodeIdx=1,changeCycle=0,myNode=546baaf5...,timecost=10.926
info|2020-01-05 03:00:14.764672|[g:1][CONSENSUS][PBFT]checkAndChangeView: Reach consensus,org_view=658,org_changeCycle=0,cur_changeCycle=0,to_view=659
info|2020-01-05 03:00:15.775664|[g:1][CONSENSUS]addRawPrepare,height=821,reqIdx=3,hash=a4ee305a...
info|2020-01-05 03:00:15.777021|[g:1][CONSENSUS][PBFT]checkTimeout Succ,view=659,toView=660,nodeIdx=1,changeCycle=0,myNode=546baaf5...,timecost=0.901
info|2020-01-05 03:00:15.806808|[g:1][CONSENSUS][PBFT]checkAndChangeView: Reach consensus,org_view=659,org_changeCycle=0,cur_changeCycle=0,to_view=660
info|2020-01-05 03:00:16.837213|[g:1][CONSENSUS]addRawPrepare,height=821,reqIdx=0,hash=f432bd9d...
info|2020-01-05 03:00:16.838080|[g:1][CONSENSUS][PBFT]checkTimeout Succ,view=660,toView=661,nodeIdx=1,changeCycle=0,myNode=546baaf5...,timecost=0.787
info|2020-01-05 03:00:16.852950|[g:1][CONSENSUS][PBFT]checkAndChangeView: Reach consensus,org_view=660,org_changeCycle=0,cur_changeCycle=0,to_view=661
info|2020-01-05 03:00:17.866437|[g:1][CONSENSUS][SEALER]++++++++++++++++ Generating seal on,blkNum=821,tx=0,nodeIdx=1,hash=66724bac...
info|2020-01-05 03:00:17.958536|[g:1][CONSENSUS][PBFT]checkTimeout Succ,view=661,toView=662,nodeIdx=1,changeCycle=0,myNode=546baaf5...,timecost=3.372
info|2020-01-05 03:00:17.979590|[g:1][CONSENSUS][PBFT]checkAndChangeView: Reach consensus,org_view=661,org_changeCycle=0,cur_changeCycle=0,to_view=662
info|2020-01-05 03:00:19.073073|[g:1][CONSENSUS]addRawPrepare,height=821,reqIdx=2,hash=514a057f...
info|2020-01-05 03:00:19.134115|[g:1][CONSENSUS][PBFT]checkTimeout Succ,view=662,toView=663,nodeIdx=1,changeCycle=0,myNode=546baaf5...,timecost=58.578
info|2020-01-05 03:00:19.213224|[g:1][CONSENSUS][PBFT]checkAndChangeView: Reach consensus,org_view=662,org_changeCycle=0,cur_changeCycle=0,to_view=663
info|2020-01-05 03:00:20.170978|[g:1][CONSENSUS]addRawPrepare,height=821,reqIdx=3,hash=7eb4dc04...
info|2020-01-05 03:00:20.307819|[g:1][CONSENSUS][PBFT]checkTimeout Succ,view=663,toView=664,nodeIdx=1,changeCycle=0,myNode=546baaf5...,timecost=144.117
info|2020-01-05 03:00:20.379908|[g:1][CONSENSUS][PBFT]checkAndChangeView: Reach consensus,org_view=663,org_changeCycle=0,cur_changeCycle=0,to_view=664
info|2020-01-05 03:00:21.339213|[g:1][CONSENSUS]addRawPrepare,height=821,reqIdx=0,hash=493266bb...
info|2020-01-05 03:00:21.348997|[g:1][CONSENSUS][PBFT]checkTimeout Succ,view=664,toView=665,nodeIdx=1,changeCycle=0,myNode=546baaf5...,timecost=9.696
info|2020-01-05 03:00:21.434315|[g:1][CONSENSUS][PBFT]checkAndChangeView: Reach consensus,org_view=664,org_changeCycle=0,cur_changeCycle=0,to_view=665
info|2020-01-05 03:00:22.439516|[g:1][CONSENSUS][SEALER]++++++++++++++++ Generating seal on,blkNum=821,tx=0,nodeIdx=1,hash=7e5a26c1...
info|2020-01-05 03:00:22.458434|[g:1][CONSENSUS][PBFT]checkTimeout Succ,view=665,toView=666,nodeIdx=1,changeCycle=0,myNode=546baaf5...,timecost=0.515
info|2020-01-05 03:00:22.461248|[g:1][CONSENSUS][PBFT]checkAndChangeView: Reach consensus,org_view=665,org_changeCycle=0,cur_changeCycle=0,to_view=666
info|2020-01-05 03:00:22.841729|[P2P][Service] heartBeat,connected count=3
info|2020-01-05 03:00:23.464786|[g:1][CONSENSUS]addRawPrepare,height=821,reqIdx=2,hash=37db21fc...
info|2020-01-05 03:00:23.465672|[g:1][CONSENSUS][PBFT]checkTimeout Succ,view=666,toView=667,nodeIdx=1,changeCycle=0,myNode=546baaf5...,timecost=0.797
info|2020-01-05 03:00:23.482900|[g:1][CONSENSUS][PBFT]checkAndChangeView: Reach consensus,org_view=666,org_changeCycle=0,cur_changeCycle=0,to_view=667
info|2020-01-05 03:00:24.489991|[g:1][CONSENSUS]addRawPrepare,height=821,reqIdx=3,hash=d1067f51...
info|2020-01-05 03:00:24.501108|[g:1][CONSENSUS][PBFT]checkTimeout Succ,view=667,toView=668,nodeIdx=1,changeCycle=0,myNode=546baaf5...,timecost=10.8
info|2020-01-05 03:00:24.511505|[g:1][CONSENSUS][PBFT]checkAndChangeView: Reach consensus,org_view=667,org_changeCycle=0,cur_changeCycle=0,to_view=668
info|2020-01-05 03:00:25.530139|[g:1][CONSENSUS]addRawPrepare,height=821,reqIdx=0,hash=61085cd2...
info|2020-01-05 03:00:25.532758|[g:1][CONSENSUS][PBFT]checkTimeout Succ,view=668,toView=669,nodeIdx=1,changeCycle=0,myNode=546baaf5...,timecost=2.492
info|2020-01-05 03:00:25.544960|[g:1][CONSENSUS][PBFT]checkAndChangeView: Reach consensus,org_view=668,org_changeCycle=0,cur_changeCycle=0,to_view=669
info|2020-01-05 03:00:26.549846|[g:1][CONSENSUS][SEALER]++++++++++++++++ Generating seal on,blkNum=821,tx=0,nodeIdx=1,hash=fd0c66f0...
info|2020-01-05 03:00:26.585725|[g:1][CONSENSUS][PBFT]checkTimeout Succ,view=669,toView=670,nodeIdx=1,changeCycle=0,myNode=546baaf5...,timecost=2.856
info|2020-01-05 03:00:26.592662|[g:1][CONSENSUS][PBFT]checkAndChangeView: Reach consensus,org_view=669,org_changeCycle=0,cur_changeCycle=0,to_view=670
info|2020-01-05 03:00:27.588507|[g:1][CONSENSUS]addRawPrepare,height=821,reqIdx=2,hash=e9d2d696...
info|2020-01-05 03:00:27.589300|[g:1][CONSENSUS][PBFT]checkTimeout Succ,view=670,toView=671,nodeIdx=1,changeCycle=0,myNode=546baaf5...,timecost=0.711
info|2020-01-05 03:00:27.602801|[g:1][CONSENSUS][PBFT]checkAndChangeView: Reach consensus,org_view=670,org_changeCycle=0,cur_changeCycle=0,to_view=671
info|2020-01-05 03:00:28.613029|[g:1][CONSENSUS]addRawPrepare,height=821,reqIdx=3,hash=58520e1b...
info|2020-01-05 03:00:28.614128|[g:1][CONSENSUS][PBFT]checkTimeout Succ,view=671,toView=672,nodeIdx=1,changeCycle=0,myNode=546baaf5...,timecost=0.853
info|2020-01-05 03:00:28.641445|[g:1][CONSENSUS][PBFT]checkAndChangeView: Reach consensus,org_view=671,org_changeCycle=0,cur_changeCycle=0,to_view=672
info|2020-01-05 03:00:29.645781|[g:1][CONSENSUS]addRawPrepare,height=821,reqIdx=0,hash=70b8a8ea...
info|2020-01-05 03:00:29.659818|[g:1][CONSENSUS][PBFT]checkTimeout Succ,view=672,toView=673,nodeIdx=1,changeCycle=0,myNode=546baaf5...,timecost=13.936
info|2020-01-05 03:00:29.679569|[g:1][CONSENSUS][PBFT]checkAndChangeView: Reach consensus,org_view=672,org_changeCycle=0,cur_changeCycle=0,to_view=673
info|2020-01-05 03:00:30.692306|[g:1][CONSENSUS][SEALER]++++++++++++++++ Generating seal on,blkNum=821,tx=0,nodeIdx=1,hash=88cf44b6...
info|2020-01-05 03:00:30.740727|[g:1][CONSENSUS][PBFT]checkTimeout Succ,view=673,toView=674,nodeIdx=1,changeCycle=0,myNode=546baaf5...,timecost=2.138
info|2020-01-05 03:00:30.773297|[g:1][CONSENSUS][PBFT]checkAndChangeView: Reach consensus,org_view=673,org_changeCycle=0,cur_changeCycle=0,to_view=674
info|2020-01-05 03:00:31.760881|[g:1][CONSENSUS]addRawPrepare,height=821,reqIdx=2,hash=8e8ea1c6...
info|2020-01-05 03:00:31.762571|[g:1][CONSENSUS][PBFT]checkTimeout Succ,view=674,toView=675,nodeIdx=1,changeCycle=0,myNode=546baaf5...,timecost=1.137
info|2020-01-05 03:00:31.811796|[g:1][CONSENSUS][PBFT]checkAndChangeView: Reach consensus,org_view=674,org_changeCycle=0,cur_changeCycle=0,to_view=675
info|2020-01-05 03:00:32.844243|[P2P][Service] heartBeat,connected count=3
info|2020-01-05 03:00:32.899203|[g:1][CONSENSUS]addRawPrepare,height=821,reqIdx=3,hash=389ef7ca...
info|2020-01-05 03:00:32.934124|[g:1][CONSENSUS][PBFT]checkTimeout Succ,view=675,toView=676,nodeIdx=1,changeCycle=0,myNode=546baaf5...,timecost=12.202
info|2020-01-05 03:00:32.958286|[g:1][CONSENSUS][PBFT]checkAndChangeView: Reach consensus,org_view=675,org_changeCycle=0,cur_changeCycle=0,to_view=676
info|2020-01-05 03:00:34.065171|[g:1][CONSENSUS]addRawPrepare,height=821,reqIdx=0,hash=35d7c96e...
info|2020-01-05 03:00:34.084293|[g:1][CONSENSUS][PBFT]checkTimeout Succ,view=676,toView=677,nodeIdx=1,changeCycle=0,myNode=546baaf5...,timecost=18.666
info|2020-01-05 03:00:34.134024|[g:1][CONSENSUS][PBFT]checkAndChangeView: Reach consensus,org_view=676,org_changeCycle=0,cur_changeCycle=0,to_view=677
info|2020-01-05 03:00:35.148106|[g:1][CONSENSUS][SEALER]++++++++++++++++ Generating seal on,blkNum=821,tx=0,nodeIdx=1,hash=b8c7bf1c...
info|2020-01-05 03:00:35.154563|[g:1][CONSENSUS][PBFT]checkTimeout Succ,view=677,toView=678,nodeIdx=1,changeCycle=0,myNode=546baaf5...,timecost=1.074
info|2020-01-05 03:00:35.181161|[g:1][CONSENSUS][PBFT]checkAndChangeView: Reach consensus,org_view=677,org_changeCycle=0,cur_changeCycle=0,to_view=678
info|2020-01-05 03:00:36.199729|[g:1][CONSENSUS]addRawPrepare,height=821,reqIdx=2,hash=86d5c423...
info|2020-01-05 03:00:36.200725|[g:1][CONSENSUS][PBFT]checkTimeout Succ,view=678,toView=679,nodeIdx=1,changeCycle=0,myNode=546baaf5...,timecost=0.771
info|2020-01-05 03:00:36.334409|[g:1][CONSENSUS][PBFT]checkAndChangeView: Reach consensus,org_view=678,org_changeCycle=0,cur_changeCycle=0,to_view=679
info|2020-01-05 03:00:37.368645|[g:1][CONSENSUS]addRawPrepare,height=821,reqIdx=3,hash=38ccab5b...
info|2020-01-05 03:00:37.384802|[g:1][CONSENSUS][PBFT]checkTimeout Succ,view=679,toView=680,nodeIdx=1,changeCycle=0,myNode=546baaf5...,timecost=6.145
info|2020-01-05 03:00:37.394709|[g:1][CONSENSUS][PBFT]checkAndChangeView: Reach consensus,org_view=679,org_changeCycle=0,cur_changeCycle=0,to_view=680
info|2020-01-05 03:00:38.398133|[g:1][CONSENSUS]addRawPrepare,height=821,reqIdx=0,hash=b7dd540f...
info|2020-01-05 03:00:38.399149|[g:1][CONSENSUS][PBFT]checkTimeout Succ,view=680,toView=681,nodeIdx=1,changeCycle=0,myNode=546baaf5...,timecost=0.846
info|2020-01-05 03:00:38.418758|[g:1][CONSENSUS][PBFT]checkAndChangeView: Reach consensus,org_view=680,org_changeCycle=0,cur_changeCycle=0,to_view=681
info|2020-01-05 03:00:39.420550|[g:1][CONSENSUS][SEALER]++++++++++++++++ Generating seal on,blkNum=821,tx=0,nodeIdx=1,hash=5cea260c...
info|2020-01-05 03:00:39.425958|[g:1][CONSENSUS][PBFT]checkTimeout Succ,view=681,toView=682,nodeIdx=1,changeCycle=0,myNode=546baaf5...,timecost=2.453
info|2020-01-05 03:00:39.453790|[g:1][CONSENSUS][PBFT]checkAndChangeView: Reach consensus,org_view=681,org_changeCycle=0,cur_changeCycle=0,to_view=682
info|2020-01-05 03:00:40.441208|[g:1][CONSENSUS]addRawPrepare,height=821,reqIdx=2,hash=1c34f7d8...
info|2020-01-05 03:00:40.441695|[g:1][CONSENSUS][PBFT]checkTimeout Succ,view=682,toView=683,nodeIdx=1,changeCycle=0,myNode=546baaf5...,timecost=0.423
info|2020-01-05 03:00:40.442370|[g:1][CONSENSUS][PBFT]checkAndChangeView: Reach consensus,org_view=682,org_changeCycle=0,cur_changeCycle=0,to_view=683
info|2020-01-05 03:00:41.452602|[g:1][CONSENSUS]addRawPrepare,height=821,reqIdx=3,hash=4af5ae3c...
info|2020-01-05 03:00:41.453557|[g:1][CONSENSUS][PBFT]checkTimeout Succ,view=683,toView=684,nodeIdx=1,changeCycle=0,myNode=546baaf5...,timecost=0.59
info|2020-01-05 03:00:41.496296|[g:1][CONSENSUS][PBFT]checkAndChangeView: Reach consensus,org_view=683,org_changeCycle=0,cur_changeCycle=0,to_view=684
info|2020-01-05 03:00:42.521319|[g:1][CONSENSUS]addRawPrepare,height=821,reqIdx=0,hash=de948bcb...
info|2020-01-05 03:00:42.522042|[g:1][CONSENSUS][PBFT]checkTimeout Succ,view=684,toView=685,nodeIdx=1,changeCycle=0,myNode=546baaf5...,timecost=0.646
info|2020-01-05 03:00:42.540121|[g:1][CONSENSUS][PBFT]checkAndChangeView: Reach consensus,org_view=684,org_changeCycle=0,cur_changeCycle=0,to_view=685
info|2020-01-05 03:00:42.844475|[P2P][Service] heartBeat,connected count=3
info|2020-01-05 03:00:43.545491|[g:1][CONSENSUS][SEALER]++++++++++++++++ Generating seal on,blkNum=821,tx=0,nodeIdx=1,hash=b962f6d7...
info|2020-01-05 03:00:43.567214|[g:1][CONSENSUS][PBFT]checkTimeout Succ,view=685,toView=686,nodeIdx=1,changeCycle=0,myNode=546baaf5...,timecost=0.551
info|2020-01-05 03:00:43.573610|[g:1][CONSENSUS][PBFT]checkAndChangeView: Reach consensus,org_view=685,org_changeCycle=0,cur_changeCycle=0,to_view=686
info|2020-01-05 03:00:44.568678|[g:1][CONSENSUS]addRawPrepare,height=821,reqIdx=2,hash=ae9a67c6...
info|2020-01-05 03:00:44.572147|[g:1][CONSENSUS][PBFT]checkTimeout Succ,view=686,toView=687,nodeIdx=1,changeCycle=0,myNode=546baaf5...,timecost=2.495
info|2020-01-05 03:00:44.610952|[g:1][CONSENSUS][PBFT]checkAndChangeView: Reach consensus,org_view=686,org_changeCycle=0,cur_changeCycle=0,to_view=687
info|2020-01-05 03:00:45.660042|[g:1][CONSENSUS]addRawPrepare,height=821,reqIdx=3,hash=dd3a34b8...
info|2020-01-05 03:00:45.669293|[g:1][CONSENSUS][PBFT]checkTimeout Succ,view=687,toView=688,nodeIdx=1,changeCycle=0,myNode=546baaf5...,timecost=8.17
info|2020-01-05 03:00:45.687796|[g:1][CONSENSUS][PBFT]checkAndChangeView: Reach consensus,org_view=687,org_changeCycle=0,cur_changeCycle=0,to_view=688
info|2020-01-05 03:00:46.728655|[g:1][CONSENSUS]addRawPrepare,height=821,reqIdx=0,hash=1aa47d46...
info|2020-01-05 03:00:46.749479|[g:1][CONSENSUS][PBFT]checkTimeout Succ,view=688,toView=689,nodeIdx=1,changeCycle=0,myNode=546baaf5...,timecost=19.998
info|2020-01-05 03:00:46.777393|[g:1][CONSENSUS][PBFT]checkAndChangeView: Reach consensus,org_view=688,org_changeCycle=0,cur_changeCycle=0,to_view=689
info|2020-01-05 03:00:47.780517|[g:1][CONSENSUS][SEALER]++++++++++++++++ Generating seal on,blkNum=821,tx=0,nodeIdx=1,hash=a15576bc...
info|2020-01-05 03:00:47.793546|[g:1][CONSENSUS][PBFT]checkTimeout Succ,view=689,toView=690,nodeIdx=1,changeCycle=0,myNode=546baaf5...,timecost=8.421
info|2020-01-05 03:00:47.811188|[g:1][CONSENSUS][PBFT]checkAndChangeView: Reach consensus,org_view=689,org_changeCycle=0,cur_changeCycle=0,to_view=690
info|2020-01-05 03:00:48.859502|[g:1][CONSENSUS]addRawPrepare,height=821,reqIdx=2,hash=405d8826...
info|2020-01-05 03:00:48.868929|[g:1][CONSENSUS][PBFT]checkTimeout Succ,view=690,toView=691,nodeIdx=1,changeCycle=0,myNode=546baaf5...,timecost=4.667
info|2020-01-05 03:00:48.891840|[g:1][CONSENSUS][PBFT]checkAndChangeView: Reach consensus,org_view=690,org_changeCycle=0,cur_changeCycle=0,to_view=691
info|2020-01-05 03:00:49.910990|[g:1][CONSENSUS]addRawPrepare,height=821,reqIdx=3,hash=9783c110...
info|2020-01-05 03:00:49.922412|[g:1][CONSENSUS][PBFT]checkTimeout Succ,view=691,toView=692,nodeIdx=1,changeCycle=0,myNode=546baaf5...,timecost=1.31
info|2020-01-05 03:00:49.942687|[g:1][CONSENSUS][PBFT]checkAndChangeView: Reach consensus,org_view=691,org_changeCycle=0,cur_changeCycle=0,to_view=692
info|2020-01-05 03:00:50.989811|[g:1][CONSENSUS]addRawPrepare,height=821,reqIdx=0,hash=462099da...
info|2020-01-05 03:00:50.991169|[g:1][CONSENSUS][PBFT]checkTimeout Succ,view=692,toView=693,nodeIdx=1,changeCycle=0,myNode=546baaf5...,timecost=1.225
info|2020-01-05 03:00:51.074681|[g:1][CONSENSUS][PBFT]checkAndChangeView: Reach consensus,org_view=692,org_changeCycle=0,cur_changeCycle=0,to_view=693
info|2020-01-05 03:00:52.080183|[g:1][CONSENSUS][SEALER]++++++++++++++++ Generating seal on,blkNum=821,tx=0,nodeIdx=1,hash=3fe47e2f...
info|2020-01-05 03:00:52.104830|[g:1][CONSENSUS][PBFT]checkTimeout Succ,view=693,toView=694,nodeIdx=1,changeCycle=0,myNode=546baaf5...,timecost=22.642
info|2020-01-05 03:00:52.145726|[g:1][CONSENSUS][PBFT]checkAndChangeView: Reach consensus,org_view=693,org_changeCycle=0,cur_changeCycle=0,to_view=694
info|2020-01-05 03:00:52.844828|[P2P][Service] heartBeat,connected count=3
info|2020-01-05 03:00:53.155712|[g:1][CONSENSUS]addRawPrepare,height=821,reqIdx=2,hash=cd2488a1...
info|2020-01-05 03:00:53.171916|[g:1][CONSENSUS][PBFT]checkTimeout Succ,view=694,toView=695,nodeIdx=1,changeCycle=0,myNode=546baaf5...,timecost=15.794
info|2020-01-05 03:00:53.185046|[g:1][CONSENSUS][PBFT]checkAndChangeView: Reach consensus,org_view=694,org_changeCycle=0,cur_changeCycle=0,to_view=695
info|2020-01-05 03:00:54.284703|[g:1][CONSENSUS]addRawPrepare,height=821,reqIdx=3,hash=3a004881...
info|2020-01-05 03:00:54.292574|[g:1][CONSENSUS][PBFT]checkTimeout Succ,view=695,toView=696,nodeIdx=1,changeCycle=0,myNode=546baaf5...,timecost=7.195
info|2020-01-05 03:00:54.594876|[g:1][CONSENSUS][PBFT]checkAndChangeView: Reach consensus,org_view=695,org_changeCycle=0,cur_changeCycle=0,to_view=696
info|2020-01-05 03:00:55.577526|[g:1][CONSENSUS]addRawPrepare,height=821,reqIdx=0,hash=f6ec2963...
info|2020-01-05 03:00:55.588220|[g:1][CONSENSUS][PBFT]checkTimeout Succ,view=696,toView=697,nodeIdx=1,changeCycle=0,myNode=546baaf5...,timecost=10.345
info|2020-01-05 03:00:55.614378|[g:1][CONSENSUS][PBFT]checkAndChangeView: Reach consensus,org_view=696,org_changeCycle=0,cur_changeCycle=0,to_view=697
info|2020-01-05 03:00:56.615161|[g:1][CONSENSUS][SEALER]++++++++++++++++ Generating seal on,blkNum=821,tx=0,nodeIdx=1,hash=d3d99f37...
info|2020-01-05 03:00:56.662284|[g:1][CONSENSUS][PBFT]checkTimeout Succ,view=697,toView=698,nodeIdx=1,changeCycle=0,myNode=546baaf5...,timecost=1.314
info|2020-01-05 03:00:56.683354|[g:1][CONSENSUS][PBFT]checkAndChangeView: Reach consensus,org_view=697,org_changeCycle=0,cur_changeCycle=0,to_view=698
info|2020-01-05 03:00:57.712236|[g:1][CONSENSUS]addRawPrepare,height=821,reqIdx=2,hash=b18ca1f4...
info|2020-01-05 03:00:57.713082|[g:1][CONSENSUS][PBFT]checkTimeout Succ,view=698,toView=699,nodeIdx=1,changeCycle=0,myNode=546baaf5...,timecost=0.592
info|2020-01-05 03:00:57.732634|[g:1][CONSENSUS][PBFT]checkAndChangeView: Reach consensus,org_view=698,org_changeCycle=0,cur_changeCycle=0,to_view=699
info|2020-01-05 03:00:58.728888|[g:1][CONSENSUS]addRawPrepare,height=821,reqIdx=3,hash=5c0c9c6c...
info|2020-01-05 03:00:58.741188|[g:1][CONSENSUS][PBFT]checkTimeout Succ,view=699,toView=700,nodeIdx=1,changeCycle=0,myNode=546baaf5...,timecost=11.996
info|2020-01-05 03:00:58.766013|[g:1][CONSENSUS][PBFT]checkAndChangeView: Reach consensus,org_view=699,org_changeCycle=0,cur_changeCycle=0,to_view=700
info|2020-01-05 03:00:59.812551|[g:1][CONSENSUS]addRawPrepare,height=821,reqIdx=0,hash=28a2032a...
info|2020-01-05 03:00:59.815079|[g:1][CONSENSUS][PBFT]checkTimeout Succ,view=700,toView=701,nodeIdx=1,changeCycle=0,myNode=546baaf5...,timecost=0.607
info|2020-01-05 03:00:59.833262|[g:1][CONSENSUS][PBFT]checkAndChangeView: Reach consensus,org_view=700,org_changeCycle=0,cur_changeCycle=0,to_view=701
info|2020-01-05 03:01:00.843829|[g:1][CONSENSUS][SEALER]++++++++++++++++ Generating seal on,blkNum=821,tx=0,nodeIdx=1,hash=c4a2467d...
info|2020-01-05 03:01:00.846467|[g:1][CONSENSUS][PBFT]checkTimeout Succ,view=701,toView=702,nodeIdx=1,changeCycle=0,myNode=546baaf5...,timecost=1.233
info|2020-01-05 03:01:00.952347|[g:1][CONSENSUS][PBFT]checkAndChangeView: Reach consensus,org_view=701,org_changeCycle=0,cur_changeCycle=0,to_view=702
info|2020-01-05 03:01:01.928826|[g:1][CONSENSUS]addRawPrepare,height=821,reqIdx=2,hash=d577a461...
info|2020-01-05 03:01:01.937820|[g:1][CONSENSUS][PBFT]checkTimeout Succ,view=702,toView=703,nodeIdx=1,changeCycle=0,myNode=546baaf5...,timecost=8.782
info|2020-01-05 03:01:01.945821|[g:1][CONSENSUS][PBFT]checkAndChangeView: Reach consensus,org_view=702,org_changeCycle=0,cur_changeCycle=0,to_view=703
info|2020-01-05 03:01:02.845155|[P2P][Service] heartBeat,connected count=3
info|2020-01-05 03:01:02.967960|[g:1][CONSENSUS]addRawPrepare,height=821,reqIdx=3,hash=54d774b9...
info|2020-01-05 03:01:02.969680|[g:1][CONSENSUS][PBFT]checkTimeout Succ,view=703,toView=704,nodeIdx=1,changeCycle=0,myNode=546baaf5...,timecost=1.213
info|2020-01-05 03:01:03.042726|[g:1][CONSENSUS][PBFT]checkAndChangeView: Reach consensus,org_view=703,org_changeCycle=0,cur_changeCycle=0,to_view=704
info|2020-01-05 03:01:04.156459|[g:1][CONSENSUS]addRawPrepare,height=821,reqIdx=0,hash=6240cfac...
info|2020-01-05 03:01:04.246990|[g:1][CONSENSUS][PBFT]checkTimeout Succ,view=704,toView=705,nodeIdx=1,changeCycle=0,myNode=546baaf5...,timecost=16.262
info|2020-01-05 03:01:04.291489|[g:1][CONSENSUS][PBFT]checkAndChangeView: Reach consensus,org_view=704,org_changeCycle=0,cur_changeCycle=0,to_view=705
info|2020-01-05 03:01:05.344903|[g:1][CONSENSUS][SEALER]++++++++++++++++ Generating seal on,blkNum=821,tx=0,nodeIdx=1,hash=295c1cac...
info|2020-01-05 03:01:05.348462|[g:1][CONSENSUS][PBFT]checkTimeout Succ,view=705,toView=706,nodeIdx=1,changeCycle=0,myNode=546baaf5...,timecost=1.424
info|2020-01-05 03:01:05.416377|[g:1][CONSENSUS][PBFT]checkAndChangeView: Reach consensus,org_view=705,org_changeCycle=0,cur_changeCycle=0,to_view=706
info|2020-01-05 03:01:07.395554|[g:1][CONSENSUS]addRawPrepare,height=821,reqIdx=2,hash=4978132f...
info|2020-01-05 03:01:07.653321|[g:1][CONSENSUS][PBFT]checkTimeout Succ,view=706,toView=707,nodeIdx=1,changeCycle=0,myNode=546baaf5...,timecost=257.145
info|2020-01-05 03:01:07.972491|[g:1][CONSENSUS][PBFT]checkAndChangeView: Reach consensus,org_view=706,org_changeCycle=0,cur_changeCycle=0,to_view=707
info|2020-01-05 03:01:09.013027|[g:1][CONSENSUS]addRawPrepare,height=821,reqIdx=3,hash=9de0c6e8...
info|2020-01-05 03:01:09.013783|[g:1][CONSENSUS][PBFT]checkTimeout Succ,view=707,toView=708,nodeIdx=1,changeCycle=0,myNode=546baaf5...,timecost=0.589
info|2020-01-05 03:01:09.038039|[g:1][CONSENSUS][PBFT]checkAndChangeView: Reach consensus,org_view=707,org_changeCycle=0,cur_changeCycle=0,to_view=708
info|2020-01-05 03:01:10.094140|[g:1][CONSENSUS]addRawPrepare,height=821,reqIdx=0,hash=fe1e53f0...
info|2020-01-05 03:01:10.100085|[g:1][CONSENSUS][PBFT]checkTimeout Succ,view=708,toView=709,nodeIdx=1,changeCycle=0,myNode=546baaf5...,timecost=5.702
info|2020-01-05 03:01:10.108522|[g:1][CONSENSUS][PBFT]checkAndChangeView: Reach consensus,org_view=708,org_changeCycle=0,cur_changeCycle=0,to_view=709
info|2020-01-05 03:01:11.327227|[g:1][CONSENSUS][SEALER]++++++++++++++++ Generating seal on,blkNum=821,tx=0,nodeIdx=1,hash=d89a2b58...
info|2020-01-05 03:01:11.425779|[g:1][CONSENSUS][PBFT]checkTimeout Succ,view=709,toView=710,nodeIdx=1,changeCycle=0,myNode=546baaf5...,timecost=76.489
info|2020-01-05 03:01:11.437913|[g:1][CONSENSUS][PBFT]checkAndChangeView: Reach consensus,org_view=709,org_changeCycle=0,cur_changeCycle=0,to_view=710
info|2020-01-05 03:01:12.845713|[P2P][Service] heartBeat,connected count=3
info|2020-01-05 03:01:13.900553|[g:1][CONSENSUS]addRawPrepare,height=821,reqIdx=2,hash=5a6a1f7e...
info|2020-01-05 03:01:13.908731|[g:1][CONSENSUS][PBFT]checkTimeout Succ,view=710,toView=711,nodeIdx=1,changeCycle=0,myNode=546baaf5...,timecost=6.745
info|2020-01-05 03:01:13.932536|[g:1][CONSENSUS][PBFT]checkAndChangeView: Reach consensus,org_view=710,org_changeCycle=0,cur_changeCycle=0,to_view=711
info|2020-01-05 03:01:14.926530|[g:1][CONSENSUS]addRawPrepare,height=821,reqIdx=3,hash=f16e9851...
info|2020-01-05 03:01:14.953247|[g:1][CONSENSUS][PBFT]checkTimeout Succ,view=711,toView=712,nodeIdx=1,changeCycle=0,myNode=546baaf5...,timecost=26.362
info|2020-01-05 03:01:15.009733|[g:1][CONSENSUS][PBFT]checkAndChangeView: Reach consensus,org_view=711,org_changeCycle=0,cur_changeCycle=0,to_view=712
info|2020-01-05 03:01:16.058961|[g:1][CONSENSUS]addRawPrepare,height=821,reqIdx=0,hash=91baf849...
info|2020-01-05 03:01:16.068370|[g:1][CONSENSUS][PBFT]checkTimeout Succ,view=712,toView=713,nodeIdx=1,changeCycle=0,myNode=546baaf5...,timecost=9.032
info|2020-01-05 03:01:16.118134|[g:1][CONSENSUS][PBFT]checkAndChangeView: Reach consensus,org_view=712,org_changeCycle=0,cur_changeCycle=0,to_view=713
info|2020-01-05 03:01:17.124770|[g:1][CONSENSUS][SEALER]++++++++++++++++ Generating seal on,blkNum=821,tx=0,nodeIdx=1,hash=01752c6f...
info|2020-01-05 03:01:17.160542|[g:1][CONSENSUS][PBFT]checkTimeout Succ,view=713,toView=714,nodeIdx=1,changeCycle=0,myNode=546baaf5...,timecost=0.958
info|2020-01-05 03:01:17.166389|[g:1][CONSENSUS][PBFT]checkAndChangeView: Reach consensus,org_view=713,org_changeCycle=0,cur_changeCycle=0,to_view=714
info|2020-01-05 03:01:18.194327|[g:1][CONSENSUS]addRawPrepare,height=821,reqIdx=2,hash=2d44e507...
info|2020-01-05 03:01:18.211523|[g:1][CONSENSUS][PBFT]checkTimeout Succ,view=714,toView=715,nodeIdx=1,changeCycle=0,myNode=546baaf5...,timecost=14.104
info|2020-01-05 03:01:18.273256|[g:1][CONSENSUS][PBFT]checkAndChangeView: Reach consensus,org_view=714,org_changeCycle=0,cur_changeCycle=0,to_view=715
info|2020-01-05 03:01:19.221688|[g:1][CONSENSUS]addRawPrepare,height=821,reqIdx=3,hash=c9814aaf...
info|2020-01-05 03:01:19.240760|[g:1][CONSENSUS][PBFT]checkTimeout Succ,view=715,toView=716,nodeIdx=1,changeCycle=0,myNode=546baaf5...,timecost=3.122
info|2020-01-05 03:01:19.254955|[g:1][CONSENSUS][PBFT]checkAndChangeView: Reach consensus,org_view=715,org_changeCycle=0,cur_changeCycle=0,to_view=716
info|2020-01-05 03:01:20.261895|[g:1][CONSENSUS]addRawPrepare,height=821,reqIdx=0,hash=242532d3...
info|2020-01-05 03:01:20.262914|[g:1][CONSENSUS][PBFT]checkTimeout Succ,view=716,toView=717,nodeIdx=1,changeCycle=0,myNode=546baaf5...,timecost=0.945
info|2020-01-05 03:01:20.286846|[g:1][CONSENSUS][PBFT]checkAndChangeView: Reach consensus,org_view=716,org_changeCycle=0,cur_changeCycle=0,to_view=717
info|2020-01-05 03:01:21.287474|[g:1][CONSENSUS][SEALER]++++++++++++++++ Generating seal on,blkNum=821,tx=0,nodeIdx=1,hash=e6a15f84...
info|2020-01-05 03:01:21.328844|[g:1][CONSENSUS][PBFT]checkTimeout Succ,view=717,toView=718,nodeIdx=1,changeCycle=0,myNode=546baaf5...,timecost=0.615
info|2020-01-05 03:01:21.338538|[g:1][CONSENSUS][PBFT]checkAndChangeView: Reach consensus,org_view=717,org_changeCycle=0,cur_changeCycle=0,to_view=718
info|2020-01-05 03:01:22.335175|[g:1][CONSENSUS]addRawPrepare,height=821,reqIdx=2,hash=65152a5f...
info|2020-01-05 03:01:22.338105|[g:1][CONSENSUS][PBFT]checkTimeout Succ,view=718,toView=719,nodeIdx=1,changeCycle=0,myNode=546baaf5...,timecost=2.85
info|2020-01-05 03:01:22.343337|[g:1][CONSENSUS][PBFT]checkAndChangeView: Reach consensus,org_view=718,org_changeCycle=0,cur_changeCycle=0,to_view=719
info|2020-01-05 03:01:22.846221|[P2P][Service] heartBeat,connected count=3
info|2020-01-05 03:01:23.358697|[g:1][CONSENSUS]addRawPrepare,height=821,reqIdx=3,hash=3e14eac9...
info|2020-01-05 03:01:23.359380|[g:1][CONSENSUS][PBFT]checkTimeout Succ,view=719,toView=720,nodeIdx=1,changeCycle=0,myNode=546baaf5...,timecost=0.509
info|2020-01-05 03:01:23.371598|[g:1][CONSENSUS][PBFT]checkAndChangeView: Reach consensus,org_view=719,org_changeCycle=0,cur_changeCycle=0,to_view=720
info|2020-01-05 03:01:24.383899|[g:1][CONSENSUS]addRawPrepare,height=821,reqIdx=0,hash=265e88f0...
info|2020-01-05 03:01:24.393776|[g:1][CONSENSUS][PBFT]checkTimeout Succ,view=720,toView=721,nodeIdx=1,changeCycle=0,myNode=546baaf5...,timecost=9.313
info|2020-01-05 03:01:24.422487|[g:1][CONSENSUS][PBFT]checkAndChangeView: Reach consensus,org_view=720,org_changeCycle=0,cur_changeCycle=0,to_view=721
info|2020-01-05 03:01:25.430559|[g:1][CONSENSUS][SEALER]++++++++++++++++ Generating seal on,blkNum=821,tx=0,nodeIdx=1,hash=eb561f2f...
info|2020-01-05 03:01:25.529910|[g:1][CONSENSUS][PBFT]checkTimeout Succ,view=721,toView=722,nodeIdx=1,changeCycle=0,myNode=546baaf5...,timecost=0.755
info|2020-01-05 03:01:25.542114|[g:1][CONSENSUS][PBFT]checkAndChangeView: Reach consensus,org_view=721,org_changeCycle=0,cur_changeCycle=0,to_view=722
info|2020-01-05 03:01:26.574257|[g:1][CONSENSUS]addRawPrepare,height=821,reqIdx=2,hash=e47c0f3f...
info|2020-01-05 03:01:26.577101|[g:1][CONSENSUS][PBFT]checkTimeout Succ,view=722,toView=723,nodeIdx=1,changeCycle=0,myNode=546baaf5...,timecost=1.837
info|2020-01-05 03:01:26.613350|[g:1][CONSENSUS][PBFT]checkAndChangeView: Reach consensus,org_view=722,org_changeCycle=0,cur_changeCycle=0,to_view=723
info|2020-01-05 03:01:27.609789|[g:1][CONSENSUS]addRawPrepare,height=821,reqIdx=3,hash=72b7eb87...
info|2020-01-05 03:01:27.643913|[g:1][CONSENSUS][PBFT]checkTimeout Succ,view=723,toView=724,nodeIdx=1,changeCycle=0,myNode=546baaf5...,timecost=10.991
info|2020-01-05 03:01:27.660996|[g:1][CONSENSUS][PBFT]checkAndChangeView: Reach consensus,org_view=723,org_changeCycle=0,cur_changeCycle=0,to_view=724
info|2020-01-05 03:01:30.436357|[g:1][CONSENSUS]addRawPrepare,height=821,reqIdx=0,hash=fb22af91...
info|2020-01-05 03:01:31.651973|[g:1][CONSENSUS][PBFT]checkTimeout Succ,view=724,toView=725,nodeIdx=1,changeCycle=0,myNode=546baaf5...,timecost=1214.46
info|2020-01-05 03:01:31.669395|[g:1][CONSENSUS][PBFT]checkAndChangeView: Reach consensus,org_view=724,org_changeCycle=0,cur_changeCycle=0,to_view=725
info|2020-01-05 03:01:32.670403|[g:1][CONSENSUS][SEALER]++++++++++++++++ Generating seal on,blkNum=821,tx=0,nodeIdx=1,hash=45158db3...
info|2020-01-05 03:01:32.672893|[g:1][CONSENSUS][PBFT]checkTimeout Succ,view=725,toView=726,nodeIdx=1,changeCycle=0,myNode=546baaf5...,timecost=1.798
info|2020-01-05 03:01:32.864060|[P2P][Service] heartBeat,connected count=3
info|2020-01-05 03:01:32.951269|[g:1][CONSENSUS][PBFT]checkAndChangeView: Reach consensus,org_view=725,org_changeCycle=0,cur_changeCycle=0,to_view=726
info|2020-01-05 03:01:33.970328|[g:1][CONSENSUS]addRawPrepare,height=821,reqIdx=2,hash=60acdb02...
info|2020-01-05 03:01:34.026321|[g:1][CONSENSUS][PBFT]checkTimeout Succ,view=726,toView=727,nodeIdx=1,changeCycle=0,myNode=546baaf5...,timecost=55.662
info|2020-01-05 03:01:34.123155|[g:1][CONSENSUS][PBFT]checkAndChangeView: Reach consensus,org_view=726,org_changeCycle=0,cur_changeCycle=0,to_view=727
info|2020-01-05 03:01:35.125437|[g:1][CONSENSUS]addRawPrepare,height=821,reqIdx=3,hash=4100c36d...
info|2020-01-05 03:01:35.129171|[g:1][CONSENSUS][PBFT]checkTimeout Succ,view=727,toView=728,nodeIdx=1,changeCycle=0,myNode=546baaf5...,timecost=3.433
info|2020-01-05 03:01:35.177808|[g:1][CONSENSUS][PBFT]checkAndChangeView: Reach consensus,org_view=727,org_changeCycle=0,cur_changeCycle=0,to_view=728
info|2020-01-05 03:01:36.281803|[g:1][CONSENSUS]addRawPrepare,height=821,reqIdx=0,hash=1bc03b6a...
info|2020-01-05 03:01:36.353283|[g:1][CONSENSUS][PBFT]checkTimeout Succ,view=728,toView=729,nodeIdx=1,changeCycle=0,myNode=546baaf5...,timecost=71.348
info|2020-01-05 03:01:36.392565|[g:1][CONSENSUS][PBFT]checkAndChangeView: Reach consensus,org_view=728,org_changeCycle=0,cur_changeCycle=0,to_view=729
info|2020-01-05 03:01:37.393172|[g:1][CONSENSUS][SEALER]++++++++++++++++ Generating seal on,blkNum=821,tx=0,nodeIdx=1,hash=80e34bd2...
info|2020-01-05 03:01:37.407102|[g:1][CONSENSUS][PBFT]checkTimeout Succ,view=729,toView=730,nodeIdx=1,changeCycle=0,myNode=546baaf5...,timecost=11.599
info|2020-01-05 03:01:37.415056|[g:1][CONSENSUS][PBFT]checkAndChangeView: Reach consensus,org_view=729,org_changeCycle=0,cur_changeCycle=0,to_view=730
info|2020-01-05 03:01:38.430753|[g:1][CONSENSUS]addRawPrepare,height=821,reqIdx=2,hash=2073d555...
info|2020-01-05 03:01:38.437136|[g:1][CONSENSUS][PBFT]checkTimeout Succ,view=730,toView=731,nodeIdx=1,changeCycle=0,myNode=546baaf5...,timecost=6.349
info|2020-01-05 03:01:38.452658|[g:1][CONSENSUS][PBFT]checkAndChangeView: Reach consensus,org_view=730,org_changeCycle=0,cur_changeCycle=0,to_view=731
info|2020-01-05 03:01:39.450846|[g:1][CONSENSUS]addRawPrepare,height=821,reqIdx=3,hash=d905da0b...
info|2020-01-05 03:01:39.476169|[g:1][CONSENSUS][PBFT]checkTimeout Succ,view=731,toView=732,nodeIdx=1,changeCycle=0,myNode=546baaf5...,timecost=23.943
info|2020-01-05 03:01:39.525416|[g:1][CONSENSUS][PBFT]checkAndChangeView: Reach consensus,org_view=731,org_changeCycle=0,cur_changeCycle=0,to_view=732
info|2020-01-05 03:01:40.531018|[g:1][CONSENSUS]addRawPrepare,height=821,reqIdx=0,hash=a51ccb00...
info|2020-01-05 03:01:40.935717|[g:1][CONSENSUS][PBFT]checkTimeout Succ,view=732,toView=733,nodeIdx=1,changeCycle=0,myNode=546baaf5...,timecost=404.415
info|2020-01-05 03:01:40.946235|[g:1][CONSENSUS][PBFT]checkAndChangeView: Reach consensus,org_view=732,org_changeCycle=0,cur_changeCycle=0,to_view=733
info|2020-01-05 03:01:42.350383|[g:1][CONSENSUS][SEALER]++++++++++++++++ Generating seal on,blkNum=821,tx=0,nodeIdx=1,hash=5084b910...
