info|2020-01-01 02:58:35.396648|[g:1][CONSENSUS][SEALER]++++++++++++++++ Generating seal on,blkNum=89,tx=0,nodeIdx=1,hash=2e09d36e...
info|2020-01-01 02:58:35.663050|[g:1][CONSENSUS][PBFT]checkTimeout Succ,view=34913,toView=34914,nodeIdx=1,changeCycle=0,myNode=546baaf5...,timecost=5.807
info|2020-01-01 02:58:35.665814|[g:1][CONSENSUS][PBFT]checkAndChangeView: Reach consensus,org_view=34913,org_changeCycle=0,cur_changeCycle=0,to_view=34914
info|2020-01-01 02:58:37.085889|[g:1][CONSENSUS]addRawPrepare,height=89,reqIdx=2,hash=62291e95...
info|2020-01-01 02:58:37.125054|[g:1][CONSENSUS][PBFT]checkTimeout Succ,view=34914,toView=34915,nodeIdx=1,changeCycle=0,myNode=546baaf5...,timecost=37.712
info|2020-01-01 02:58:37.126643|[g:1][CONSENSUS][PBFT]checkAndChangeView: Reach consensus,org_view=34914,org_changeCycle=0,cur_changeCycle=0,to_view=34915
info|2020-01-01 02:58:38.527304|[g:1][CONSENSUS]addRawPrepare,height=89,reqIdx=3,hash=0fba9182...
info|2020-01-01 02:58:38.535211|[g:1][CONSENSUS][PBFT]checkTimeout Succ,view=34915,toView=34916,nodeIdx=1,changeCycle=0,myNode=546baaf5...,timecost=7.847
info|2020-01-01 02:58:38.538599|[g:1][CONSENSUS][PBFT]checkAndChangeView: Reach consensus,org_view=34915,org_changeCycle=0,cur_changeCycle=0,to_view=34916
info|2020-01-01 02:58:39.282181|[P2P][Service] heartBeat,connected count=3
info|2020-01-01 02:58:39.613242|[g:1][CONSENSUS]addRawPrepare,height=89,reqIdx=0,hash=b7d81a9a...
info|2020-01-01 02:58:39.659392|[g:1][CONSENSUS][PBFT]checkTimeout Succ,view=34916,toView=34917,nodeIdx=1,changeCycle=0,myNode=546baaf5...,timecost=45.977
info|2020-01-01 02:58:39.704776|[g:1][CONSENSUS][PBFT]checkAndChangeView: Reach consensus,org_view=34916,org_changeCycle=0,cur_changeCycle=0,to_view=34917
info|2020-01-01 02:58:40.704513|[g:1][CONSENSUS][SEALER]++++++++++++++++ Generating seal on,blkNum=89,tx=0,nodeIdx=1,hash=d6ad5c2f...
info|2020-01-01 02:58:40.705597|[g:1][CONSENSUS][PBFT]checkTimeout Succ,view=34917,toView=34918,nodeIdx=1,changeCycle=0,myNode=546baaf5...,timecost=0.515
info|2020-01-01 02:58:40.753310|[g:1][CONSENSUS][PBFT]checkAndChangeView: Reach consensus,org_view=34917,org_changeCycle=0,cur_changeCycle=0,to_view=34918
info|2020-01-01 02:58:41.773923|[g:1][CONSENSUS]addRawPrepare,height=89,reqIdx=2,hash=ac2faf8e...
info|2020-01-01 02:58:41.774648|[g:1][CONSENSUS][PBFT]checkTimeout Succ,view=34918,toView=34919,nodeIdx=1,changeCycle=0,myNode=546baaf5...,timecost=0.362
info|2020-01-01 02:58:41.790971|[g:1][CONSENSUS][PBFT]checkAndChangeView: Reach consensus,org_view=34918,org_changeCycle=0,cur_changeCycle=0,to_view=34919
info|2020-01-01 02:58:42.955517|[g:1][CONSENSUS]addRawPrepare,height=89,reqIdx=3,hash=2d9d8ee3...
info|2020-01-01 02:58:42.959420|[g:1][CONSENSUS][PBFT]checkTimeout Succ,view=34919,toView=34920,nodeIdx=1,changeCycle=0,myNode=546baaf5...,timecost=2.707
info|2020-01-01 02:58:42.962388|[g:1][CONSENSUS][PBFT]checkAndChangeView: Reach consensus,org_view=34919,org_changeCycle=0,cur_changeCycle=0,to_view=34920
info|2020-01-01 02:58:43.966230|[g:1][CONSENSUS]addRawPrepare,height=89,reqIdx=0,hash=b3352fc0...
info|2020-01-01 02:58:43.967025|[g:1][CONSENSUS][PBFT]checkTimeout Succ,view=34920,toView=34921,nodeIdx=1,changeCycle=0,myNode=546baaf5...,timecost=0.446
info|2020-01-01 02:58:43.978952|[g:1][CONSENSUS][PBFT]checkAndChangeView: Reach consensus,org_view=34920,org_changeCycle=0,cur_changeCycle=0,to_view=34921
info|2020-01-01 02:58:44.979702|[g:1][CONSENSUS][SEALER]++++++++++++++++ Generating seal on,blkNum=89,tx=0,nodeIdx=1,hash=04af7fae...
info|2020-01-01 02:58:45.017622|[g:1][CONSENSUS][PBFT]checkTimeout Succ,view=34921,toView=34922,nodeIdx=1,changeCycle=0,myNode=546baaf5...,timecost=19.59
info|2020-01-01 02:58:45.025281|[g:1][CONSENSUS][PBFT]checkAndChangeView: Reach consensus,org_view=34921,org_changeCycle=0,cur_changeCycle=0,to_view=34922
info|2020-01-01 02:58:46.033707|[g:1][CONSENSUS]addRawPrepare,height=89,reqIdx=2,hash=194b1c9b...
info|2020-01-01 02:58:46.038483|[g:1][CONSENSUS][PBFT]checkTimeout Succ,view=34922,toView=34923,nodeIdx=1,changeCycle=0,myNode=546baaf5...,timecost=3.264
info|2020-01-01 02:58:46.044318|[g:1][CONSENSUS][PBFT]checkAndChangeView: Reach consensus,org_view=34922,org_changeCycle=0,cur_changeCycle=0,to_view=34923
info|2020-01-01 02:58:47.048178|[g:1][CONSENSUS]addRawPrepare,height=89,reqIdx=3,hash=363f9942...
info|2020-01-01 02:58:47.056717|[g:1][CONSENSUS][PBFT]checkTimeout Succ,view=34923,toView=34924,nodeIdx=1,changeCycle=0,myNode=546baaf5...,timecost=7.589
info|2020-01-01 02:58:47.070959|[g:1][CONSENSUS][PBFT]checkAndChangeView: Reach consensus,org_view=34923,org_changeCycle=0,cur_changeCycle=0,to_view=34924
info|2020-01-01 02:58:48.156759|[g:1][CONSENSUS]addRawPrepare,height=89,reqIdx=0,hash=f9286319...
info|2020-01-01 02:58:48.173634|[g:1][CONSENSUS][PBFT]checkTimeout Succ,view=34924,toView=34925,nodeIdx=1,changeCycle=0,myNode=546baaf5...,timecost=1.406
info|2020-01-01 02:58:48.335134|[g:1][CONSENSUS][PBFT]checkAndChangeView: Reach consensus,org_view=34924,org_changeCycle=0,cur_changeCycle=0,to_view=34925
info|2020-01-01 02:58:49.282832|[P2P][Service] heartBeat,connected count=3
info|2020-01-01 02:58:49.335198|[g:1][CONSENSUS][SEALER]++++++++++++++++ Generating seal on,blkNum=89,tx=0,nodeIdx=1,hash=d4feca3d...
info|2020-01-01 02:58:49.336670|[g:1][CONSENSUS][PBFT]checkTimeout Succ,view=34925,toView=34926,nodeIdx=1,changeCycle=0,myNode=546baaf5...,timecost=0.528
info|2020-01-01 02:58:49.351746|[g:1][CONSENSUS][PBFT]checkAndChangeView: Reach consensus,org_view=34925,org_changeCycle=0,cur_changeCycle=0,to_view=34926
info|2020-01-01 02:58:50.350191|[g:1][CONSENSUS]addRawPrepare,height=89,reqIdx=2,hash=39f78907...
info|2020-01-01 02:58:50.350921|[g:1][CONSENSUS][PBFT]checkTimeout Succ,view=34926,toView=34927,nodeIdx=1,changeCycle=0,myNode=546baaf5...,timecost=0.478
info|2020-01-01 02:58:50.358819|[g:1][CONSENSUS][PBFT]checkAndChangeView: Reach consensus,org_view=34926,org_changeCycle=0,cur_changeCycle=0,to_view=34927
info|2020-01-01 02:58:51.392293|[g:1][CONSENSUS]addRawPrepare,height=89,reqIdx=3,hash=fa6ba59b...
info|2020-01-01 02:58:51.394073|[g:1][CONSENSUS][PBFT]checkTimeout Succ,view=34927,toView=34928,nodeIdx=1,changeCycle=0,myNode=546baaf5...,timecost=1.963
info|2020-01-01 02:58:51.396489|[g:1][CONSENSUS][PBFT]checkAndChangeView: Reach consensus,org_view=34927,org_changeCycle=0,cur_changeCycle=0,to_view=34928
info|2020-01-01 02:58:52.396290|[g:1][CONSENSUS]addRawPrepare,height=89,reqIdx=0,hash=6f007f07...
info|2020-01-01 02:58:52.397040|[g:1][CONSENSUS][PBFT]checkTimeout Succ,view=34928,toView=34929,nodeIdx=1,changeCycle=0,myNode=546baaf5...,timecost=0.526
info|2020-01-01 02:58:52.455190|[g:1][CONSENSUS][PBFT]checkAndChangeView: Reach consensus,org_view=34928,org_changeCycle=0,cur_changeCycle=0,to_view=34929
info|2020-01-01 02:58:53.455268|[g:1][CONSENSUS][SEALER]++++++++++++++++ Generating seal on,blkNum=89,tx=0,nodeIdx=1,hash=b21c717b...
info|2020-01-01 02:58:53.497874|[g:1][CONSENSUS][PBFT]checkTimeout Succ,view=34929,toView=34930,nodeIdx=1,changeCycle=0,myNode=546baaf5...,timecost=41.942
info|2020-01-01 02:58:53.601960|[g:1][CONSENSUS][PBFT]checkAndChangeView: Reach consensus,org_view=34929,org_changeCycle=0,cur_changeCycle=0,to_view=34930
info|2020-01-01 02:58:54.600078|[g:1][CONSENSUS]addRawPrepare,height=89,reqIdx=2,hash=96f8ad77...
info|2020-01-01 02:58:54.600680|[g:1][CONSENSUS][PBFT]checkTimeout Succ,view=34930,toView=34931,nodeIdx=1,changeCycle=0,myNode=546baaf5...,timecost=0.395
info|2020-01-01 02:58:54.606242|[g:1][CONSENSUS][PBFT]checkAndChangeView: Reach consensus,org_view=34930,org_changeCycle=0,cur_changeCycle=0,to_view=34931
info|2020-01-01 02:58:55.621694|[g:1][CONSENSUS]addRawPrepare,height=89,reqIdx=3,hash=6d277d5e...
info|2020-01-01 02:58:55.631156|[g:1][CONSENSUS][PBFT]checkTimeout Succ,view=34931,toView=34932,nodeIdx=1,changeCycle=0,myNode=546baaf5...,timecost=8.471
info|2020-01-01 02:58:55.649291|[g:1][CONSENSUS][PBFT]checkAndChangeView: Reach consensus,org_view=34931,org_changeCycle=0,cur_changeCycle=0,to_view=34932
info|2020-01-01 02:58:56.661616|[g:1][CONSENSUS]addRawPrepare,height=89,reqIdx=0,hash=dca17763...
info|2020-01-01 02:58:56.664661|[g:1][CONSENSUS][PBFT]checkTimeout Succ,view=34932,toView=34933,nodeIdx=1,changeCycle=0,myNode=546baaf5...,timecost=1.983
info|2020-01-01 02:58:56.672836|[g:1][CONSENSUS][PBFT]checkAndChangeView: Reach consensus,org_view=34932,org_changeCycle=0,cur_changeCycle=0,to_view=34933
info|2020-01-01 02:58:57.674092|[g:1][CONSENSUS][SEALER]++++++++++++++++ Generating seal on,blkNum=89,tx=0,nodeIdx=1,hash=3fdca1a0...
info|2020-01-01 02:58:57.694603|[g:1][CONSENSUS][PBFT]checkTimeout Succ,view=34933,toView=34934,nodeIdx=1,changeCycle=0,myNode=546baaf5...,timecost=1.305
info|2020-01-01 02:58:57.696360|[g:1][CONSENSUS][PBFT]checkAndChangeView: Reach consensus,org_view=34933,org_changeCycle=0,cur_changeCycle=0,to_view=34934
info|2020-01-01 02:58:58.699581|[g:1][CONSENSUS]addRawPrepare,height=89,reqIdx=2,hash=66c99746...
info|2020-01-01 02:58:58.704156|[g:1][CONSENSUS][PBFT]checkTimeout Succ,view=34934,toView=34935,nodeIdx=1,changeCycle=0,myNode=546baaf5...,timecost=4.344
info|2020-01-01 02:58:58.706174|[g:1][CONSENSUS][PBFT]checkAndChangeView: Reach consensus,org_view=34934,org_changeCycle=0,cur_changeCycle=0,to_view=34935
info|2020-01-01 02:58:59.283436|[P2P][Service] heartBeat,connected count=3
info|2020-01-01 02:58:59.713290|[g:1][CONSENSUS]addRawPrepare,height=89,reqIdx=3,hash=158ec957...
info|2020-01-01 02:58:59.713807|[g:1][CONSENSUS][PBFT]checkTimeout Succ,view=34935,toView=34936,nodeIdx=1,changeCycle=0,myNode=546baaf5...,timecost=0.384
info|2020-01-01 02:58:59.716432|[g:1][CONSENSUS][PBFT]checkAndChangeView: Reach consensus,org_view=34935,org_changeCycle=0,cur_changeCycle=0,to_view=34936
info|2020-01-01 02:59:00.716540|[g:1][CONSENSUS]addRawPrepare,height=89,reqIdx=0,hash=a663e890...
info|2020-01-01 02:59:00.717095|[g:1][CONSENSUS][PBFT]checkTimeout Succ,view=34936,toView=34937,nodeIdx=1,changeCycle=0,myNode=546baaf5...,timecost=0.386
info|2020-01-01 02:59:00.738051|[g:1][CONSENSUS][PBFT]checkAndChangeView: Reach consensus,org_view=34936,org_changeCycle=0,cur_changeCycle=0,to_view=34937
info|2020-01-01 02:59:01.739739|[g:1][CONSENSUS][SEALER]++++++++++++++++ Generating seal on,blkNum=89,tx=0,nodeIdx=1,hash=6be05a19...
info|2020-01-01 02:59:01.746797|[g:1][CONSENSUS][PBFT]checkTimeout Succ,view=34937,toView=34938,nodeIdx=1,changeCycle=0,myNode=546baaf5...,timecost=0.462
info|2020-01-01 02:59:01.764668|[g:1][CONSENSUS][PBFT]checkAndChangeView: Reach consensus,org_view=34937,org_changeCycle=0,cur_changeCycle=0,to_view=34938
info|2020-01-01 02:59:02.777107|[g:1][CONSENSUS]addRawPrepare,height=89,reqIdx=2,hash=13ce68ee...
info|2020-01-01 02:59:02.778225|[g:1][CONSENSUS][PBFT]checkTimeout Succ,view=34938,toView=34939,nodeIdx=1,changeCycle=0,myNode=546baaf5...,timecost=0.778
info|2020-01-01 02:59:02.866594|[g:1][CONSENSUS][PBFT]checkAndChangeView: Reach consensus,org_view=34938,org_changeCycle=0,cur_changeCycle=0,to_view=34939
info|2020-01-01 02:59:03.987203|[g:1][CONSENSUS]addRawPrepare,height=89,reqIdx=3,hash=c3c6f378...
info|2020-01-01 02:59:03.987666|[g:1][CONSENSUS][PBFT]checkTimeout Succ,view=34939,toView=34940,nodeIdx=1,changeCycle=0,myNode=546baaf5...,timecost=0.401
info|2020-01-01 02:59:03.988406|[g:1][CONSENSUS][PBFT]checkAndChangeView: Reach consensus,org_view=34939,org_changeCycle=0,cur_changeCycle=0,to_view=34940
info|2020-01-01 02:59:05.010202|[g:1][CONSENSUS]addRawPrepare,height=89,reqIdx=0,hash=99924941...
info|2020-01-01 02:59:05.010778|[g:1][CONSENSUS][PBFT]checkTimeout Succ,view=34940,toView=34941,nodeIdx=1,changeCycle=0,myNode=546baaf5...,timecost=0.457
info|2020-01-01 02:59:05.032451|[g:1][CONSENSUS][PBFT]checkAndChangeView: Reach consensus,org_view=34940,org_changeCycle=0,cur_changeCycle=0,to_view=34941
info|2020-01-01 02:59:06.032863|[g:1][CONSENSUS][SEALER]++++++++++++++++ Generating seal on,blkNum=89,tx=0,nodeIdx=1,hash=812fabc3...
info|2020-01-01 02:59:06.047303|[g:1][CONSENSUS][PBFT]checkTimeout Succ,view=34941,toView=34942,nodeIdx=1,changeCycle=0,myNode=546baaf5...,timecost=0.856
info|2020-01-01 02:59:06.134132|[g:1][CONSENSUS][PBFT]checkAndChangeView: Reach consensus,org_view=34941,org_changeCycle=0,cur_changeCycle=0,to_view=34942
info|2020-01-01 02:59:07.142091|[g:1][CONSENSUS]addRawPrepare,height=89,reqIdx=2,hash=93629ee7...
info|2020-01-01 02:59:07.142702|[g:1][CONSENSUS][PBFT]checkTimeout Succ,view=34942,toView=34943,nodeIdx=1,changeCycle=0,myNode=546baaf5...,timecost=0.376
info|2020-01-01 02:59:07.161395|[g:1][CONSENSUS][PBFT]checkAndChangeView: Reach consensus,org_view=34942,org_changeCycle=0,cur_changeCycle=0,to_view=34943
info|2020-01-01 02:59:08.164878|[g:1][CONSENSUS]addRawPrepare,height=89,reqIdx=3,hash=caf03097...
info|2020-01-01 02:59:08.165437|[g:1][CONSENSUS][PBFT]checkTimeout Succ,view=34943,toView=34944,nodeIdx=1,changeCycle=0,myNode=546baaf5...,timecost=0.465
info|2020-01-01 02:59:08.170766|[g:1][CONSENSUS][PBFT]checkAndChangeView: Reach consensus,org_view=34943,org_changeCycle=0,cur_changeCycle=0,to_view=34944
info|2020-01-01 02:59:09.178534|[g:1][CONSENSUS]addRawPrepare,height=89,reqIdx=0,hash=af750608...
info|2020-01-01 02:59:09.179054|[g:1][CONSENSUS][PBFT]checkTimeout Succ,view=34944,toView=34945,nodeIdx=1,changeCycle=0,myNode=546baaf5...,timecost=0.359
info|2020-01-01 02:59:09.181764|[g:1][CONSENSUS][PBFT]checkAndChangeView: Reach consensus,org_view=34944,org_changeCycle=0,cur_changeCycle=0,to_view=34945
info|2020-01-01 02:59:09.283657|[P2P][Service] heartBeat,connected count=3
info|2020-01-01 02:59:10.182394|[g:1][CONSENSUS][SEALER]++++++++++++++++ Generating seal on,blkNum=89,tx=0,nodeIdx=1,hash=dfb708d5...
info|2020-01-01 02:59:10.186821|[g:1][CONSENSUS][PBFT]checkTimeout Succ,view=34945,toView=34946,nodeIdx=1,changeCycle=0,myNode=546baaf5...,timecost=0.461
info|2020-01-01 02:59:10.199889|[g:1][CONSENSUS][PBFT]checkAndChangeView: Reach consensus,org_view=34945,org_changeCycle=0,cur_changeCycle=0,to_view=34946
info|2020-01-01 02:59:11.197811|[g:1][CONSENSUS]addRawPrepare,height=89,reqIdx=2,hash=948fa1ef...
info|2020-01-01 02:59:11.198362|[g:1][CONSENSUS][PBFT]checkTimeout Succ,view=34946,toView=34947,nodeIdx=1,changeCycle=0,myNode=546baaf5...,timecost=0.365
info|2020-01-01 02:59:11.202990|[g:1][CONSENSUS][PBFT]checkAndChangeView: Reach consensus,org_view=34946,org_changeCycle=0,cur_changeCycle=0,to_view=34947
info|2020-01-01 02:59:12.214045|[g:1][CONSENSUS]addRawPrepare,height=89,reqIdx=3,hash=acf85c64...
info|2020-01-01 02:59:12.229657|[g:1][CONSENSUS][PBFT]checkTimeout Succ,view=34947,toView=34948,nodeIdx=1,changeCycle=0,myNode=546baaf5...,timecost=1.501
info|2020-01-01 02:59:12.231445|[g:1][CONSENSUS][PBFT]checkAndChangeView: Reach consensus,org_view=34947,org_changeCycle=0,cur_changeCycle=0,to_view=34948
info|2020-01-01 02:59:13.231638|[g:1][CONSENSUS]addRawPrepare,height=89,reqIdx=0,hash=60f1b0c0...
info|2020-01-01 02:59:13.240949|[g:1][CONSENSUS][PBFT]checkTimeout Succ,view=34948,toView=34949,nodeIdx=1,changeCycle=0,myNode=546baaf5...,timecost=6.104
info|2020-01-01 02:59:13.251903|[g:1][CONSENSUS][PBFT]checkAndChangeView: Reach consensus,org_view=34948,org_changeCycle=0,cur_changeCycle=0,to_view=34949
info|2020-01-01 02:59:14.251427|[g:1][CONSENSUS][SEALER]++++++++++++++++ Generating seal on,blkNum=89,tx=0,nodeIdx=1,hash=c70dd343...
info|2020-01-01 02:59:14.260417|[g:1][CONSENSUS][PBFT]checkTimeout Succ,view=34949,toView=34950,nodeIdx=1,changeCycle=0,myNode=546baaf5...,timecost=0.327
info|2020-01-01 02:59:14.261988|[g:1][CONSENSUS][PBFT]checkAndChangeView: Reach consensus,org_view=34949,org_changeCycle=0,cur_changeCycle=0,to_view=34950
info|2020-01-01 02:59:15.280690|[g:1][CONSENSUS]addRawPrepare,height=89,reqIdx=2,hash=f2cf3cf1...
info|2020-01-01 02:59:15.284817|[g:1][CONSENSUS][PBFT]checkTimeout Succ,view=34950,toView=34951,nodeIdx=1,changeCycle=0,myNode=546baaf5...,timecost=3.645
info|2020-01-01 02:59:15.324228|[g:1][CONSENSUS][PBFT]checkAndChangeView: Reach consensus,org_view=34950,org_changeCycle=0,cur_changeCycle=0,to_view=34951
info|2020-01-01 02:59:16.323275|[g:1][CONSENSUS]addRawPrepare,height=89,reqIdx=3,hash=ad3f7207...
info|2020-01-01 02:59:16.324464|[g:1][CONSENSUS][PBFT]checkTimeout Succ,view=34951,toView=34952,nodeIdx=1,changeCycle=0,myNode=546baaf5...,timecost=0.73
info|2020-01-01 02:59:16.325388|[g:1][CONSENSUS][PBFT]checkAndChangeView: Reach consensus,org_view=34951,org_changeCycle=0,cur_changeCycle=0,to_view=34952
info|2020-01-01 02:59:17.332235|[g:1][CONSENSUS]addRawPrepare,height=89,reqIdx=0,hash=7733ae3a...
info|2020-01-01 02:59:17.334079|[g:1][CONSENSUS][PBFT]checkTimeout Succ,view=34952,toView=34953,nodeIdx=1,changeCycle=0,myNode=546baaf5...,timecost=1.112
info|2020-01-01 02:59:17.335151|[g:1][CONSENSUS][PBFT]checkAndChangeView: Reach consensus,org_view=34952,org_changeCycle=0,cur_changeCycle=0,to_view=34953
info|2020-01-01 02:59:18.335483|[g:1][CONSENSUS][SEALER]++++++++++++++++ Generating seal on,blkNum=89,tx=0,nodeIdx=1,hash=f138db69...
info|2020-01-01 02:59:18.342441|[g:1][CONSENSUS][PBFT]checkTimeout Succ,view=34953,toView=34954,nodeIdx=1,changeCycle=0,myNode=546baaf5...,timecost=0.27
info|2020-01-01 02:59:18.343740|[g:1][CONSENSUS][PBFT]checkAndChangeView: Reach consensus,org_view=34953,org_changeCycle=0,cur_changeCycle=0,to_view=34954
info|2020-01-01 02:59:19.284561|[P2P][Service] heartBeat,connected count=3
info|2020-01-01 02:59:19.342391|[g:1][CONSENSUS]addRawPrepare,height=89,reqIdx=2,hash=c74e91d0...
info|2020-01-01 02:59:19.343068|[g:1][CONSENSUS][PBFT]checkTimeout Succ,view=34954,toView=34955,nodeIdx=1,changeCycle=0,myNode=546baaf5...,timecost=0.525
info|2020-01-01 02:59:19.345285|[g:1][CONSENSUS][PBFT]checkAndChangeView: Reach consensus,org_view=34954,org_changeCycle=0,cur_changeCycle=0,to_view=34955
info|2020-01-01 02:59:20.348861|[g:1][CONSENSUS]addRawPrepare,height=89,reqIdx=3,hash=263c002d...
info|2020-01-01 02:59:20.353251|[g:1][CONSENSUS][PBFT]checkTimeout Succ,view=34955,toView=34956,nodeIdx=1,changeCycle=0,myNode=546baaf5...,timecost=4.232
info|2020-01-01 02:59:20.359010|[g:1][CONSENSUS][PBFT]checkAndChangeView: Reach consensus,org_view=34955,org_changeCycle=0,cur_changeCycle=0,to_view=34956
info|2020-01-01 02:59:21.361816|[g:1][CONSENSUS]addRawPrepare,height=89,reqIdx=0,hash=f75aa298...
info|2020-01-01 02:59:21.362684|[g:1][CONSENSUS][PBFT]checkTimeout Succ,view=34956,toView=34957,nodeIdx=1,changeCycle=0,myNode=546baaf5...,timecost=0.686
info|2020-01-01 02:59:21.375397|[g:1][CONSENSUS][PBFT]checkAndChangeView: Reach consensus,org_view=34956,org_changeCycle=0,cur_changeCycle=0,to_view=34957
info|2020-01-01 02:59:22.376630|[g:1][CONSENSUS][SEALER]++++++++++++++++ Generating seal on,blkNum=89,tx=0,nodeIdx=1,hash=55bb518f...
info|2020-01-01 02:59:22.385523|[g:1][CONSENSUS][PBFT]checkTimeout Succ,view=34957,toView=34958,nodeIdx=1,changeCycle=0,myNode=546baaf5...,timecost=0.713
info|2020-01-01 02:59:22.386969|[g:1][CONSENSUS][PBFT]checkAndChangeView: Reach consensus,org_view=34957,org_changeCycle=0,cur_changeCycle=0,to_view=34958
info|2020-01-01 02:59:23.411935|[g:1][CONSENSUS]addRawPrepare,height=89,reqIdx=2,hash=b332c59a...
info|2020-01-01 02:59:23.413275|[g:1][CONSENSUS][PBFT]checkTimeout Succ,view=34958,toView=34959,nodeIdx=1,changeCycle=0,myNode=546baaf5...,timecost=14.53
info|2020-01-01 02:59:23.439198|[g:1][CONSENSUS][PBFT]checkAndChangeView: Reach consensus,org_view=34958,org_changeCycle=0,cur_changeCycle=0,to_view=34959
info|2020-01-01 02:59:24.494068|[g:1][CONSENSUS]addRawPrepare,height=89,reqIdx=3,hash=1c1aae58...
info|2020-01-01 02:59:24.494663|[g:1][CONSENSUS][PBFT]checkTimeout Succ,view=34959,toView=34960,nodeIdx=1,changeCycle=0,myNode=546baaf5...,timecost=0.44
info|2020-01-01 02:59:24.553809|[g:1][CONSENSUS][PBFT]checkAndChangeView: Reach consensus,org_view=34959,org_changeCycle=0,cur_changeCycle=0,to_view=34960
info|2020-01-01 02:59:25.565798|[g:1][CONSENSUS]addRawPrepare,height=89,reqIdx=0,hash=ff8c8d71...
info|2020-01-01 02:59:25.566321|[g:1][CONSENSUS][PBFT]checkTimeout Succ,view=34960,toView=34961,nodeIdx=1,changeCycle=0,myNode=546baaf5...,timecost=0.348
info|2020-01-01 02:59:25.576056|[g:1][CONSENSUS][PBFT]checkAndChangeView: Reach consensus,org_view=34960,org_changeCycle=0,cur_changeCycle=0,to_view=34961
info|2020-01-01 02:59:26.576238|[g:1][CONSENSUS][SEALER]++++++++++++++++ Generating seal on,blkNum=89,tx=0,nodeIdx=1,hash=d59869f0...
info|2020-01-01 02:59:26.583182|[g:1][CONSENSUS][PBFT]checkTimeout Succ,view=34961,toView=34962,nodeIdx=1,changeCycle=0,myNode=546baaf5...,timecost=0.363
info|2020-01-01 02:59:26.584322|[g:1][CONSENSUS][PBFT]checkAndChangeView: Reach consensus,org_view=34961,org_changeCycle=0,cur_changeCycle=0,to_view=34962
info|2020-01-01 02:59:27.582440|[g:1][CONSENSUS]addRawPrepare,height=89,reqIdx=2,hash=58d7ac89...
info|2020-01-01 02:59:27.583300|[g:1][CONSENSUS][PBFT]checkTimeout Succ,view=34962,toView=34963,nodeIdx=1,changeCycle=0,myNode=546baaf5...,timecost=0.602
info|2020-01-01 02:59:27.589755|[g:1][CONSENSUS][PBFT]checkAndChangeView: Reach consensus,org_view=34962,org_changeCycle=0,cur_changeCycle=0,to_view=34963
info|2020-01-01 02:59:28.594554|[g:1][CONSENSUS]addRawPrepare,height=89,reqIdx=3,hash=254e972a...
info|2020-01-01 02:59:28.594925|[g:1][CONSENSUS][PBFT]checkTimeout Succ,view=34963,toView=34964,nodeIdx=1,changeCycle=0,myNode=546baaf5...,timecost=0.257
info|2020-01-01 02:59:28.597708|[g:1][CONSENSUS][PBFT]checkAndChangeView: Reach consensus,org_view=34963,org_changeCycle=0,cur_changeCycle=0,to_view=34964
info|2020-01-01 02:59:29.285117|[P2P][Service] heartBeat,connected count=3
info|2020-01-01 02:59:29.601065|[g:1][CONSENSUS]addRawPrepare,height=89,reqIdx=0,hash=bc0c4d81...
info|2020-01-01 02:59:29.601592|[g:1][CONSENSUS][PBFT]checkTimeout Succ,view=34964,toView=34965,nodeIdx=1,changeCycle=0,myNode=546baaf5...,timecost=0.399
info|2020-01-01 02:59:29.606130|[g:1][CONSENSUS][PBFT]checkAndChangeView: Reach consensus,org_view=34964,org_changeCycle=0,cur_changeCycle=0,to_view=34965
info|2020-01-01 02:59:30.607943|[g:1][CONSENSUS][SEALER]++++++++++++++++ Generating seal on,blkNum=89,tx=0,nodeIdx=1,hash=f9d70123...
info|2020-01-01 02:59:30.614903|[g:1][CONSENSUS][PBFT]checkTimeout Succ,view=34965,toView=34966,nodeIdx=1,changeCycle=0,myNode=546baaf5...,timecost=0.536
info|2020-01-01 02:59:30.615864|[g:1][CONSENSUS][PBFT]checkAndChangeView: Reach consensus,org_view=34965,org_changeCycle=0,cur_changeCycle=0,to_view=34966
info|2020-01-01 02:59:31.616684|[g:1][CONSENSUS]addRawPrepare,height=89,reqIdx=2,hash=6a67690e...
info|2020-01-01 02:59:31.618811|[g:1][CONSENSUS][PBFT]checkTimeout Succ,view=34966,toView=34967,nodeIdx=1,changeCycle=0,myNode=546baaf5...,timecost=1.721
info|2020-01-01 02:59:31.627467|[g:1][CONSENSUS][PBFT]checkAndChangeView: Reach consensus,org_view=34966,org_changeCycle=0,cur_changeCycle=0,to_view=34967
info|2020-01-01 02:59:32.627464|[g:1][CONSENSUS]addRawPrepare,height=89,reqIdx=3,hash=1c611fba...
info|2020-01-01 02:59:32.628200|[g:1][CONSENSUS][PBFT]checkTimeout Succ,view=34967,toView=34968,nodeIdx=1,changeCycle=0,myNode=546baaf5...,timecost=0.528
info|2020-01-01 02:59:32.634591|[g:1][CONSENSUS][PBFT]checkAndChangeView: Reach consensus,org_view=34967,org_changeCycle=0,cur_changeCycle=0,to_view=34968
info|2020-01-01 02:59:33.636997|[g:1][CONSENSUS]addRawPrepare,height=89,reqIdx=0,hash=9077e230...
info|2020-01-01 02:59:33.637445|[g:1][CONSENSUS][PBFT]checkTimeout Succ,view=34968,toView=34969,nodeIdx=1,changeCycle=0,myNode=546baaf5...,timecost=0.331
info|2020-01-01 02:59:33.640596|[g:1][CONSENSUS][PBFT]checkAndChangeView: Reach consensus,org_view=34968,org_changeCycle=0,cur_changeCycle=0,to_view=34969
info|2020-01-01 02:59:34.640920|[g:1][CONSENSUS][SEALER]++++++++++++++++ Generating seal on,blkNum=89,tx=0,nodeIdx=1,hash=115d5248...
info|2020-01-01 02:59:34.648471|[g:1][CONSENSUS][PBFT]checkTimeout Succ,view=34969,toView=34970,nodeIdx=1,changeCycle=0,myNode=546baaf5...,timecost=0.394
info|2020-01-01 02:59:34.649549|[g:1][CONSENSUS][PBFT]checkAndChangeView: Reach consensus,org_view=34969,org_changeCycle=0,cur_changeCycle=0,to_view=34970
info|2020-01-01 02:59:35.648138|[g:1][CONSENSUS]addRawPrepare,height=89,reqIdx=2,hash=73e750da...
info|2020-01-01 02:59:35.648870|[g:1][CONSENSUS][PBFT]checkTimeout Succ,view=34970,toView=34971,nodeIdx=1,changeCycle=0,myNode=546baaf5...,timecost=0.386
info|2020-01-01 02:59:35.658497|[g:1][CONSENSUS][PBFT]checkAndChangeView: Reach consensus,org_view=34970,org_changeCycle=0,cur_changeCycle=0,to_view=34971
info|2020-01-01 02:59:36.660200|[g:1][CONSENSUS]addRawPrepare,height=89,reqIdx=3,hash=d7fa37a8...
info|2020-01-01 02:59:36.660654|[g:1][CONSENSUS][PBFT]checkTimeout Succ,view=34971,toView=34972,nodeIdx=1,changeCycle=0,myNode=546baaf5...,timecost=0.335
info|2020-01-01 02:59:36.662877|[g:1][CONSENSUS][PBFT]checkAndChangeView: Reach consensus,org_view=34971,org_changeCycle=0,cur_changeCycle=0,to_view=34972
info|2020-01-01 02:59:37.665656|[g:1][CONSENSUS]addRawPrepare,height=89,reqIdx=0,hash=88e25400...
info|2020-01-01 02:59:37.666103|[g:1][CONSENSUS][PBFT]checkTimeout Succ,view=34972,toView=34973,nodeIdx=1,changeCycle=0,myNode=546baaf5...,timecost=0.313
info|2020-01-01 02:59:37.668853|[g:1][CONSENSUS][PBFT]checkAndChangeView: Reach consensus,org_view=34972,org_changeCycle=0,cur_changeCycle=0,to_view=34973
info|2020-01-01 02:59:38.670118|[g:1][CONSENSUS][SEALER]++++++++++++++++ Generating seal on,blkNum=89,tx=0,nodeIdx=1,hash=d59d1813...
info|2020-01-01 02:59:38.682470|[g:1][CONSENSUS][PBFT]checkTimeout Succ,view=34973,toView=34974,nodeIdx=1,changeCycle=0,myNode=546baaf5...,timecost=0.454
info|2020-01-01 02:59:38.687499|[g:1][CONSENSUS][PBFT]checkAndChangeView: Reach consensus,org_view=34973,org_changeCycle=0,cur_changeCycle=0,to_view=34974
info|2020-01-01 02:59:39.285608|[P2P][Service] heartBeat,connected count=3
info|2020-01-01 02:59:39.684266|[g:1][CONSENSUS]addRawPrepare,height=89,reqIdx=2,hash=f8711d24...
info|2020-01-01 02:59:39.685141|[g:1][CONSENSUS][PBFT]checkTimeout Succ,view=34974,toView=34975,nodeIdx=1,changeCycle=0,myNode=546baaf5...,timecost=0.656
info|2020-01-01 02:59:39.691913|[g:1][CONSENSUS][PBFT]checkAndChangeView: Reach consensus,org_view=34974,org_changeCycle=0,cur_changeCycle=0,to_view=34975
info|2020-01-01 02:59:40.693556|[g:1][CONSENSUS]addRawPrepare,height=89,reqIdx=3,hash=e59ebb40...
info|2020-01-01 02:59:40.694123|[g:1][CONSENSUS][PBFT]checkTimeout Succ,view=34975,toView=34976,nodeIdx=1,changeCycle=0,myNode=546baaf5...,timecost=0.457
info|2020-01-01 02:59:40.696953|[g:1][CONSENSUS][PBFT]checkAndChangeView: Reach consensus,org_view=34975,org_changeCycle=0,cur_changeCycle=0,to_view=34976
info|2020-01-01 02:59:41.698601|[g:1][CONSENSUS]addRawPrepare,height=89,reqIdx=0,hash=8eb8c1c4...
info|2020-01-01 02:59:41.699523|[g:1][CONSENSUS][PBFT]checkTimeout Succ,view=34976,toView=34977,nodeIdx=1,changeCycle=0,myNode=546baaf5...,timecost=0.469
info|2020-01-01 02:59:41.702888|[g:1][CONSENSUS][PBFT]checkAndChangeView: Reach consensus,org_view=34976,org_changeCycle=0,cur_changeCycle=0,to_view=34977
info|2020-01-01 02:59:42.703096|[g:1][CONSENSUS][SEALER]++++++++++++++++ Generating seal on,blkNum=89,tx=0,nodeIdx=1,hash=9ac8a923...
info|2020-01-01 02:59:42.713818|[g:1][CONSENSUS][PBFT]checkTimeout Succ,view=34977,toView=34978,nodeIdx=1,changeCycle=0,myNode=546baaf5...,timecost=0.487
info|2020-01-01 02:59:42.715476|[g:1][CONSENSUS][PBFT]checkAndChangeView: Reach consensus,org_view=34977,org_changeCycle=0,cur_changeCycle=0,to_view=34978
info|2020-01-01 02:59:43.712844|[g:1][CONSENSUS]addRawPrepare,height=89,reqIdx=2,hash=d71f69be...
info|2020-01-01 02:59:43.713535|[g:1][CONSENSUS][PBFT]checkTimeout Succ,view=34978,toView=34979,nodeIdx=1,changeCycle=0,myNode=546baaf5...,timecost=1.819
info|2020-01-01 02:59:43.720836|[g:1][CONSENSUS][PBFT]checkAndChangeView: Reach consensus,org_view=34978,org_changeCycle=0,cur_changeCycle=0,to_view=34979
info|2020-01-01 02:59:44.718942|[g:1][CONSENSUS]addRawPrepare,height=89,reqIdx=3,hash=b102eb83...
info|2020-01-01 02:59:44.719421|[g:1][CONSENSUS][PBFT]checkTimeout Succ,view=34979,toView=34980,nodeIdx=1,changeCycle=0,myNode=546baaf5...,timecost=0.358
info|2020-01-01 02:59:44.723283|[g:1][CONSENSUS][PBFT]checkAndChangeView: Reach consensus,org_view=34979,org_changeCycle=0,cur_changeCycle=0,to_view=34980
info|2020-01-01 02:59:45.724225|[g:1][CONSENSUS]addRawPrepare,height=89,reqIdx=0,hash=437d2e2e...
info|2020-01-01 02:59:45.724812|[g:1][CONSENSUS][PBFT]checkTimeout Succ,view=34980,toView=34981,nodeIdx=1,changeCycle=0,myNode=546baaf5...,timecost=0.457
info|2020-01-01 02:59:45.730983|[g:1][CONSENSUS][PBFT]checkAndChangeView: Reach consensus,org_view=34980,org_changeCycle=0,cur_changeCycle=0,to_view=34981
info|2020-01-01 02:59:46.733415|[g:1][CONSENSUS][SEALER]++++++++++++++++ Generating seal on,blkNum=89,tx=0,nodeIdx=1,hash=4bf0b16f...
info|2020-01-01 02:59:46.757151|[g:1][CONSENSUS][PBFT]checkTimeout Succ,view=34981,toView=34982,nodeIdx=1,changeCycle=0,myNode=546baaf5...,timecost=14.698
info|2020-01-01 02:59:46.794674|[g:1][CONSENSUS][PBFT]checkAndChangeView: Reach consensus,org_view=34981,org_changeCycle=0,cur_changeCycle=0,to_view=34982
info|2020-01-01 02:59:47.745117|[g:1][CONSENSUS]addRawPrepare,height=89,reqIdx=2,hash=07cf2702...
info|2020-01-01 02:59:47.749443|[g:1][CONSENSUS][PBFT]checkTimeout Succ,view=34982,toView=34983,nodeIdx=1,changeCycle=0,myNode=546baaf5...,timecost=4.174
info|2020-01-01 02:59:47.750973|[g:1][CONSENSUS][PBFT]checkAndChangeView: Reach consensus,org_view=34982,org_changeCycle=0,cur_changeCycle=0,to_view=34983
info|2020-01-01 02:59:48.755271|[g:1][CONSENSUS]addRawPrepare,height=89,reqIdx=3,hash=3f3fb624...
info|2020-01-01 02:59:48.755697|[g:1][CONSENSUS][PBFT]checkTimeout Succ,view=34983,toView=34984,nodeIdx=1,changeCycle=0,myNode=546baaf5...,timecost=0.338
info|2020-01-01 02:59:48.758661|[g:1][CONSENSUS][PBFT]checkAndChangeView: Reach consensus,org_view=34983,org_changeCycle=0,cur_changeCycle=0,to_view=34984
info|2020-01-01 02:59:49.285772|[P2P][Service] heartBeat,connected count=3
info|2020-01-01 02:59:49.759556|[g:1][CONSENSUS]addRawPrepare,height=89,reqIdx=0,hash=b4fbdaab...
info|2020-01-01 02:59:49.759952|[g:1][CONSENSUS][PBFT]checkTimeout Succ,view=34984,toView=34985,nodeIdx=1,changeCycle=0,myNode=546baaf5...,timecost=0.285
info|2020-01-01 02:59:49.762974|[g:1][CONSENSUS][PBFT]checkAndChangeView: Reach consensus,org_view=34984,org_changeCycle=0,cur_changeCycle=0,to_view=34985
info|2020-01-01 02:59:50.781073|[g:1][CONSENSUS][SEALER]++++++++++++++++ Generating seal on,blkNum=89,tx=0,nodeIdx=1,hash=d6117439...
info|2020-01-01 02:59:50.812896|[g:1][CONSENSUS][PBFT]checkTimeout Succ,view=34985,toView=34986,nodeIdx=1,changeCycle=0,myNode=546baaf5...,timecost=0.459
info|2020-01-01 02:59:50.829261|[g:1][CONSENSUS][PBFT]checkAndChangeView: Reach consensus,org_view=34985,org_changeCycle=0,cur_changeCycle=0,to_view=34986
info|2020-01-01 02:59:51.827714|[g:1][CONSENSUS]addRawPrepare,height=89,reqIdx=2,hash=46fc6aba...
info|2020-01-01 02:59:51.828106|[g:1][CONSENSUS][PBFT]checkTimeout Succ,view=34986,toView=34987,nodeIdx=1,changeCycle=0,myNode=546baaf5...,timecost=0.26
info|2020-01-01 02:59:51.833456|[g:1][CONSENSUS][PBFT]checkAndChangeView: Reach consensus,org_view=34986,org_changeCycle=0,cur_changeCycle=0,to_view=34987
info|2020-01-01 02:59:52.838404|[g:1][CONSENSUS]addRawPrepare,height=89,reqIdx=3,hash=1ccc62cb...
info|2020-01-01 02:59:52.838747|[g:1][CONSENSUS][PBFT]checkTimeout Succ,view=34987,toView=34988,nodeIdx=1,changeCycle=0,myNode=546baaf5...,timecost=0.293
info|2020-01-01 02:59:52.843217|[g:1][CONSENSUS][PBFT]checkAndChangeView: Reach consensus,org_view=34987,org_changeCycle=0,cur_changeCycle=0,to_view=34988
info|2020-01-01 02:59:53.843289|[g:1][CONSENSUS]addRawPrepare,height=89,reqIdx=0,hash=732995a7...
info|2020-01-01 02:59:53.847927|[g:1][CONSENSUS][PBFT]checkTimeout Succ,view=34988,toView=34989,nodeIdx=1,changeCycle=0,myNode=546baaf5...,timecost=2.16
info|2020-01-01 02:59:53.851957|[g:1][CONSENSUS][PBFT]checkAndChangeView: Reach consensus,org_view=34988,org_changeCycle=0,cur_changeCycle=0,to_view=34989
info|2020-01-01 02:59:54.851614|[g:1][CONSENSUS][SEALER]++++++++++++++++ Generating seal on,blkNum=89,tx=0,nodeIdx=1,hash=f2716717...
info|2020-01-01 02:59:54.861120|[g:1][CONSENSUS][PBFT]checkTimeout Succ,view=34989,toView=34990,nodeIdx=1,changeCycle=0,myNode=546baaf5...,timecost=0.295
info|2020-01-01 02:59:54.862477|[g:1][CONSENSUS][PBFT]checkAndChangeView: Reach consensus,org_view=34989,org_changeCycle=0,cur_changeCycle=0,to_view=34990
info|2020-01-01 02:59:55.861131|[g:1][CONSENSUS]addRawPrepare,height=89,reqIdx=2,hash=dabd4562...
info|2020-01-01 02:59:55.861510|[g:1][CONSENSUS][PBFT]checkTimeout Succ,view=34990,toView=34991,nodeIdx=1,changeCycle=0,myNode=546baaf5...,timecost=0.25
info|2020-01-01 02:59:55.869525|[g:1][CONSENSUS][PBFT]checkAndChangeView: Reach consensus,org_view=34990,org_changeCycle=0,cur_changeCycle=0,to_view=34991
info|2020-01-01 02:59:56.876144|[g:1][CONSENSUS]addRawPrepare,height=89,reqIdx=3,hash=5fe7d0c0...
info|2020-01-01 02:59:56.876471|[g:1][CONSENSUS][PBFT]checkTimeout Succ,view=34991,toView=34992,nodeIdx=1,changeCycle=0,myNode=546baaf5...,timecost=0.273
info|2020-01-01 02:59:56.880183|[g:1][CONSENSUS][PBFT]checkAndChangeView: Reach consensus,org_view=34991,org_changeCycle=0,cur_changeCycle=0,to_view=34992
info|2020-01-01 02:59:57.884115|[g:1][CONSENSUS]addRawPrepare,height=89,reqIdx=0,hash=3c138157...
info|2020-01-01 02:59:57.890935|[g:1][CONSENSUS][PBFT]checkTimeout Succ,view=34992,toView=34993,nodeIdx=1,changeCycle=0,myNode=546baaf5...,timecost=2.936
info|2020-01-01 02:59:57.893494|[g:1][CONSENSUS][PBFT]checkAndChangeView: Reach consensus,org_view=34992,org_changeCycle=0,cur_changeCycle=0,to_view=34993
info|2020-01-01 02:59:58.893958|[g:1][CONSENSUS][SEALER]++++++++++++++++ Generating seal on,blkNum=89,tx=0,nodeIdx=1,hash=a7862472...
info|2020-01-01 02:59:58.904182|[g:1][CONSENSUS][PBFT]checkTimeout Succ,view=34993,toView=34994,nodeIdx=1,changeCycle=0,myNode=546baaf5...,timecost=0.319
info|2020-01-01 02:59:58.905576|[g:1][CONSENSUS][PBFT]checkAndChangeView: Reach consensus,org_view=34993,org_changeCycle=0,cur_changeCycle=0,to_view=34994
info|2020-01-01 02:59:59.286276|[P2P][Service] heartBeat,connected count=3
info|2020-01-01 02:59:59.902945|[g:1][CONSENSUS]addRawPrepare,height=89,reqIdx=2,hash=8b8f0f4d...
info|2020-01-01 02:59:59.903316|[g:1][CONSENSUS][PBFT]checkTimeout Succ,view=34994,toView=34995,nodeIdx=1,changeCycle=0,myNode=546baaf5...,timecost=0.255
info|2020-01-01 02:59:59.910076|[g:1][CONSENSUS][PBFT]checkAndChangeView: Reach consensus,org_view=34994,org_changeCycle=0,cur_changeCycle=0,to_view=34995
