info|2019-12-30 08:35:55.893383|[g:1][CONSENSUS][PBFT]checkAndChangeView: Reach consensus,org_view=5234,org_changeCycle=1,cur_changeCycle=1,to_view=5235
info|2019-12-30 15:29:08.848834|[g:1][CONSENSUS][SEALER]++++++++++++++++ Generating seal on,blkNum=23,tx=0,nodeIdx=1,hash=4307a513...
info|2019-12-30 15:29:09.202669|[g:1][CONSENSUS][PBFT]checkTimeout Succ,view=5235,toView=5236,nodeIdx=1,changeCycle=0,myNode=546baaf5...,timecost=0.473
info|2019-12-30 15:29:09.549392|[g:1][CONSENSUS][PBFT]checkAndChangeView: Reach consensus,org_view=5235,org_changeCycle=0,cur_changeCycle=0,to_view=5236
info|2019-12-30 15:29:10.690609|[g:1][CONSENSUS]addRawPrepare,height=23,reqIdx=2,hash=2cd6d5d8...
info|2019-12-30 15:29:10.691191|[g:1][CONSENSUS][PBFT]checkTimeout Succ,view=5236,toView=5237,nodeIdx=1,changeCycle=0,myNode=546baaf5...,timecost=0.407
info|2019-12-30 15:29:11.168052|[g:1][CONSENSUS][PBFT]checkAndChangeView: Reach consensus,org_view=5236,org_changeCycle=0,cur_changeCycle=0,to_view=5237
info|2019-12-30 15:29:12.273677|[g:1][CONSENSUS]addRawPrepare,height=23,reqIdx=3,hash=4d6815b5...
info|2019-12-30 15:29:12.280700|[g:1][CONSENSUS][PBFT]checkTimeout Succ,view=5237,toView=5238,nodeIdx=1,changeCycle=0,myNode=546baaf5...,timecost=6.963
info|2019-12-30 15:29:12.360285|[g:1][CONSENSUS][PBFT]checkAndChangeView: Reach consensus,org_view=5237,org_changeCycle=0,cur_changeCycle=0,to_view=5238
info|2019-12-30 15:29:13.404361|[P2P][Service] heartBeat,connected count=3
info|2019-12-30 15:29:13.495708|[g:1][CONSENSUS]addRawPrepare,height=23,reqIdx=0,hash=f813c061...
info|2019-12-30 15:29:13.496489|[g:1][CONSENSUS][PBFT]checkTimeout Succ,view=5238,toView=5239,nodeIdx=1,changeCycle=0,myNode=546baaf5...,timecost=0.41
info|2019-12-30 15:29:13.834959|[g:1][CONSENSUS][PBFT]checkAndChangeView: Reach consensus,org_view=5238,org_changeCycle=0,cur_changeCycle=0,to_view=5239
info|2019-12-30 15:29:14.846906|[g:1][CONSENSUS][SEALER]++++++++++++++++ Generating seal on,blkNum=23,tx=0,nodeIdx=1,hash=e57cb501...
info|2019-12-30 15:29:14.853499|[g:1][CONSENSUS][PBFT]checkTimeout Succ,view=5239,toView=5240,nodeIdx=1,changeCycle=0,myNode=546baaf5...,timecost=1.431
info|2019-12-30 15:29:14.930327|[g:1][CONSENSUS][PBFT]checkAndChangeView: Reach consensus,org_view=5239,org_changeCycle=0,cur_changeCycle=0,to_view=5240
info|2019-12-30 15:29:15.941031|[g:1][CONSENSUS]addRawPrepare,height=23,reqIdx=2,hash=623dad30...
info|2019-12-30 15:29:15.941688|[g:1][CONSENSUS][PBFT]checkTimeout Succ,view=5240,toView=5241,nodeIdx=1,changeCycle=0,myNode=546baaf5...,timecost=0.542
info|2019-12-30 15:29:16.021999|[g:1][CONSENSUS][PBFT]checkAndChangeView: Reach consensus,org_view=5240,org_changeCycle=0,cur_changeCycle=0,to_view=5241
info|2019-12-30 15:29:17.034320|[g:1][CONSENSUS]addRawPrepare,height=23,reqIdx=3,hash=49bf9260...
info|2019-12-30 15:29:17.041670|[g:1][CONSENSUS][PBFT]checkTimeout Succ,view=5241,toView=5242,nodeIdx=1,changeCycle=0,myNode=546baaf5...,timecost=7.206
info|2019-12-30 15:29:17.066790|[g:1][CONSENSUS][PBFT]checkAndChangeView: Reach consensus,org_view=5241,org_changeCycle=0,cur_changeCycle=0,to_view=5242
info|2019-12-30 15:29:18.118653|[g:1][CONSENSUS]addRawPrepare,height=23,reqIdx=0,hash=b3a31b0e...
info|2019-12-30 15:29:18.122505|[g:1][CONSENSUS][PBFT]checkTimeout Succ,view=5242,toView=5243,nodeIdx=1,changeCycle=0,myNode=546baaf5...,timecost=0.488
info|2019-12-30 15:29:18.135151|[g:1][CONSENSUS][PBFT]checkAndChangeView: Reach consensus,org_view=5242,org_changeCycle=0,cur_changeCycle=0,to_view=5243
info|2019-12-30 15:29:19.312470|[g:1][CONSENSUS][SEALER]++++++++++++++++ Generating seal on,blkNum=23,tx=0,nodeIdx=1,hash=5d6fe5d0...
info|2019-12-30 15:29:19.322948|[g:1][CONSENSUS][PBFT]checkTimeout Succ,view=5243,toView=5244,nodeIdx=1,changeCycle=0,myNode=546baaf5...,timecost=1.276
info|2019-12-30 15:29:19.555334|[g:1][CONSENSUS][PBFT]checkAndChangeView: Reach consensus,org_view=5243,org_changeCycle=0,cur_changeCycle=0,to_view=5244
info|2019-12-30 15:29:20.566656|[g:1][CONSENSUS]addRawPrepare,height=23,reqIdx=2,hash=86285bf3...
info|2019-12-30 15:29:20.595823|[g:1][CONSENSUS][PBFT]checkTimeout Succ,view=5244,toView=5245,nodeIdx=1,changeCycle=0,myNode=546baaf5...,timecost=0.547
info|2019-12-30 15:29:20.679579|[g:1][CONSENSUS][PBFT]checkAndChangeView: Reach consensus,org_view=5244,org_changeCycle=0,cur_changeCycle=0,to_view=5245
info|2019-12-30 15:29:21.689725|[g:1][CONSENSUS]addRawPrepare,height=23,reqIdx=3,hash=5b76acf3...
info|2019-12-30 15:29:21.690343|[g:1][CONSENSUS][PBFT]checkTimeout Succ,view=5245,toView=5246,nodeIdx=1,changeCycle=0,myNode=546baaf5...,timecost=0.461
info|2019-12-30 15:29:21.698269|[g:1][CONSENSUS][PBFT]checkAndChangeView: Reach consensus,org_view=5245,org_changeCycle=0,cur_changeCycle=0,to_view=5246
info|2019-12-30 15:29:22.705337|[g:1][CONSENSUS]addRawPrepare,height=23,reqIdx=0,hash=bcb157b8...
info|2019-12-30 15:29:22.707383|[g:1][CONSENSUS][PBFT]checkTimeout Succ,view=5246,toView=5247,nodeIdx=1,changeCycle=0,myNode=546baaf5...,timecost=1.11
info|2019-12-30 15:29:22.717499|[g:1][CONSENSUS][PBFT]checkAndChangeView: Reach consensus,org_view=5246,org_changeCycle=0,cur_changeCycle=0,to_view=5247
info|2019-12-30 15:29:23.404559|[P2P][Service] heartBeat,connected count=3
info|2019-12-30 15:29:23.717985|[g:1][CONSENSUS][SEALER]++++++++++++++++ Generating seal on,blkNum=23,tx=0,nodeIdx=1,hash=b8bb946f...
info|2019-12-30 15:29:23.725477|[g:1][CONSENSUS][PBFT]checkTimeout Succ,view=5247,toView=5248,nodeIdx=1,changeCycle=0,myNode=546baaf5...,timecost=0.773
info|2019-12-30 15:29:23.741074|[g:1][CONSENSUS][PBFT]checkAndChangeView: Reach consensus,org_view=5247,org_changeCycle=0,cur_changeCycle=0,to_view=5248
info|2019-12-30 15:29:24.750947|[g:1][CONSENSUS]addRawPrepare,height=23,reqIdx=2,hash=9b203224...
info|2019-12-30 15:29:24.751509|[g:1][CONSENSUS][PBFT]checkTimeout Succ,view=5248,toView=5249,nodeIdx=1,changeCycle=0,myNode=546baaf5...,timecost=0.406
info|2019-12-30 15:29:24.781291|[g:1][CONSENSUS][PBFT]checkAndChangeView: Reach consensus,org_view=5248,org_changeCycle=0,cur_changeCycle=0,to_view=5249
info|2019-12-30 15:29:25.791948|[g:1][CONSENSUS]addRawPrepare,height=23,reqIdx=3,hash=0bc6a1f8...
info|2019-12-30 15:29:25.792639|[g:1][CONSENSUS][PBFT]checkTimeout Succ,view=5249,toView=5250,nodeIdx=1,changeCycle=0,myNode=546baaf5...,timecost=0.514
info|2019-12-30 15:29:25.874439|[g:1][CONSENSUS][PBFT]checkAndChangeView: Reach consensus,org_view=5249,org_changeCycle=0,cur_changeCycle=0,to_view=5250
info|2019-12-30 15:29:26.873809|[g:1][CONSENSUS]addRawPrepare,height=23,reqIdx=0,hash=4940e37e...
info|2019-12-30 15:29:26.874412|[g:1][CONSENSUS][PBFT]checkTimeout Succ,view=5250,toView=5251,nodeIdx=1,changeCycle=0,myNode=546baaf5...,timecost=0.473
info|2019-12-30 15:29:26.882294|[g:1][CONSENSUS][PBFT]checkAndChangeView: Reach consensus,org_view=5250,org_changeCycle=0,cur_changeCycle=0,to_view=5251
info|2019-12-30 15:29:27.882187|[g:1][CONSENSUS][SEALER]++++++++++++++++ Generating seal on,blkNum=23,tx=0,nodeIdx=1,hash=66733abe...
info|2019-12-30 15:29:27.888667|[g:1][CONSENSUS][PBFT]checkTimeout Succ,view=5251,toView=5252,nodeIdx=1,changeCycle=0,myNode=546baaf5...,timecost=0.38
info|2019-12-30 15:29:27.889190|[g:1][CONSENSUS][PBFT]checkAndChangeView: Reach consensus,org_view=5251,org_changeCycle=0,cur_changeCycle=0,to_view=5252
info|2019-12-30 15:29:28.899226|[g:1][CONSENSUS]addRawPrepare,height=23,reqIdx=2,hash=cb7f9abd...
info|2019-12-30 15:29:28.906597|[g:1][CONSENSUS][PBFT]checkTimeout Succ,view=5252,toView=5253,nodeIdx=1,changeCycle=0,myNode=546baaf5...,timecost=4.599
info|2019-12-30 15:29:28.910516|[g:1][CONSENSUS][PBFT]checkAndChangeView: Reach consensus,org_view=5252,org_changeCycle=0,cur_changeCycle=0,to_view=5253
info|2019-12-30 15:29:29.919490|[g:1][CONSENSUS]addRawPrepare,height=23,reqIdx=3,hash=479392a3...
info|2019-12-30 15:29:29.925516|[g:1][CONSENSUS][PBFT]checkTimeout Succ,view=5253,toView=5254,nodeIdx=1,changeCycle=0,myNode=546baaf5...,timecost=4.249
info|2019-12-30 15:29:29.936284|[g:1][CONSENSUS][PBFT]checkAndChangeView: Reach consensus,org_view=5253,org_changeCycle=0,cur_changeCycle=0,to_view=5254
info|2019-12-30 15:29:30.940742|[g:1][CONSENSUS]addRawPrepare,height=23,reqIdx=0,hash=7faede14...
info|2019-12-30 15:29:30.944584|[g:1][CONSENSUS][PBFT]checkTimeout Succ,view=5254,toView=5255,nodeIdx=1,changeCycle=0,myNode=546baaf5...,timecost=1.987
info|2019-12-30 15:29:30.948299|[g:1][CONSENSUS][PBFT]checkAndChangeView: Reach consensus,org_view=5254,org_changeCycle=0,cur_changeCycle=0,to_view=5255
info|2019-12-30 15:29:31.948577|[g:1][CONSENSUS][SEALER]++++++++++++++++ Generating seal on,blkNum=23,tx=0,nodeIdx=1,hash=bed232cb...
info|2019-12-30 15:29:31.953564|[g:1][CONSENSUS][PBFT]checkTimeout Succ,view=5255,toView=5256,nodeIdx=1,changeCycle=0,myNode=546baaf5...,timecost=3.494
info|2019-12-30 15:29:31.962885|[g:1][CONSENSUS][PBFT]checkAndChangeView: Reach consensus,org_view=5255,org_changeCycle=0,cur_changeCycle=0,to_view=5256
info|2019-12-30 15:29:32.974087|[g:1][CONSENSUS]addRawPrepare,height=23,reqIdx=2,hash=a7daa4bc...
info|2019-12-30 15:29:32.975695|[g:1][CONSENSUS][PBFT]checkTimeout Succ,view=5256,toView=5257,nodeIdx=1,changeCycle=0,myNode=546baaf5...,timecost=0.414
info|2019-12-30 15:29:33.026147|[g:1][CONSENSUS][PBFT]checkAndChangeView: Reach consensus,org_view=5256,org_changeCycle=0,cur_changeCycle=0,to_view=5257
info|2019-12-30 15:29:33.404732|[P2P][Service] heartBeat,connected count=3
info|2019-12-30 15:29:34.030595|[g:1][CONSENSUS]addRawPrepare,height=23,reqIdx=3,hash=c4fda87b...
info|2019-12-30 15:29:34.031233|[g:1][CONSENSUS][PBFT]checkTimeout Succ,view=5257,toView=5258,nodeIdx=1,changeCycle=0,myNode=546baaf5...,timecost=0.486
info|2019-12-30 15:29:34.036530|[g:1][CONSENSUS][PBFT]checkAndChangeView: Reach consensus,org_view=5257,org_changeCycle=0,cur_changeCycle=0,to_view=5258
info|2019-12-30 15:29:35.046189|[g:1][CONSENSUS]addRawPrepare,height=23,reqIdx=0,hash=44e83667...
info|2019-12-30 15:29:35.051147|[g:1][CONSENSUS][PBFT]checkTimeout Succ,view=5258,toView=5259,nodeIdx=1,changeCycle=0,myNode=546baaf5...,timecost=4.164
info|2019-12-30 15:29:35.071972|[g:1][CONSENSUS][PBFT]checkAndChangeView: Reach consensus,org_view=5258,org_changeCycle=0,cur_changeCycle=0,to_view=5259
info|2019-12-30 15:29:36.083522|[g:1][CONSENSUS][SEALER]++++++++++++++++ Generating seal on,blkNum=23,tx=0,nodeIdx=1,hash=feaef905...
info|2019-12-30 15:29:36.114385|[g:1][CONSENSUS][PBFT]checkTimeout Succ,view=5259,toView=5260,nodeIdx=1,changeCycle=0,myNode=546baaf5...,timecost=0.461
info|2019-12-30 15:29:36.148698|[g:1][CONSENSUS][PBFT]checkAndChangeView: Reach consensus,org_view=5259,org_changeCycle=0,cur_changeCycle=0,to_view=5260
info|2019-12-30 15:29:37.190138|[g:1][CONSENSUS]addRawPrepare,height=23,reqIdx=2,hash=c187355a...
info|2019-12-30 15:29:37.190784|[g:1][CONSENSUS][PBFT]checkTimeout Succ,view=5260,toView=5261,nodeIdx=1,changeCycle=0,myNode=546baaf5...,timecost=0.464
info|2019-12-30 15:29:37.202189|[g:1][CONSENSUS][PBFT]checkAndChangeView: Reach consensus,org_view=5260,org_changeCycle=0,cur_changeCycle=0,to_view=5261
warning|2019-12-30 15:29:42.261594|[g:1][CONSENSUS][PBFT]ViewChangeWarning: not caused by omit empty block ,v=5261,toV=5262,curNum=22,hash=15bda79c...,nodeIdx=1,myNode=546baaf5...
info|2019-12-30 15:29:42.262451|[g:1][CONSENSUS][PBFT]checkTimeout Succ,view=5261,toView=5262,nodeIdx=1,changeCycle=1,myNode=546baaf5...,timecost=1.388
