info|2019-12-18 02:55:59.869992|[INITIALIZER][initGlobalConfig],enableCompress=true,compatibilityVersion=2.1.0,versionNumber=33619968,chainId=1
info|2019-12-18 02:56:00.174041|[NETWORK][Host]Connecting to node,endpoint=127.0.0.1:30300
info|2019-12-18 02:56:00.174348|[NETWORK][Host]Connecting to node,endpoint=127.0.0.1:30301
info|2019-12-18 02:56:00.174474|[NETWORK][Host]Connecting to node,endpoint=127.0.0.1:30302
info|2019-12-18 02:56:00.174577|[NETWORK][Host]Connecting to node,endpoint=127.0.0.1:30303
info|2019-12-18 02:56:00.174703|[P2P][Service] heartBeat,connected count=0
info|2019-12-18 02:56:00.187565|[NETWORK][Host]P2P StartAccept,Host=0.0.0.0:30301
info|2019-12-18 02:56:00.189137|[NETWORK][ASIO]asyncResolveConnect,endpoint=127.0.0.1:30300
info|2019-12-18 02:56:00.190507|[NETWORK][ASIO]asyncResolveConnect,endpoint=127.0.0.1:30301
info|2019-12-18 02:56:00.191574|[NETWORK][ASIO]asyncResolveConnect,endpoint=127.0.0.1:30302
info|2019-12-18 02:56:00.192515|[NETWORK][ASIO]asyncResolveConnect,endpoint=127.0.0.1:30303
info|2019-12-18 02:56:00.193054|[CHANNEL]ChannelRPCServer started
info|2019-12-18 02:56:00.193164|[INITIALIZER][RPCInitializer]ChannelRPCHttpServer started.
info|2019-12-18 02:56:00.193260|[LedgerInitializer],groupConfigPath=conf/
info|2019-12-18 02:56:00.193671|[INITIALIZER][initSingleLedger] [GroupId]:  1
info|2019-12-18 02:56:00.193755|[g:1][LEDGER]LedgerConstructor,configPath=conf/group.1.genesis,baseDir=data//group1
info|2019-12-18 02:56:00.193801|[g:1][LEDGER][initGenesisConfig]initConsensusConfig/initDBConfig/initTxConfig,configFile=conf/group.1.genesis
info|2019-12-18 02:56:00.194243|[g:1][LEDGER][initConsensusConfig],it.first=95edd296a1b637d90acc7f7b0c99a233fc816f6a2bb84564c90f991b0d0766417de5e4025c78fd6918ad831178ee39c387e3ffc45bda061945d45e367660a209
info|2019-12-18 02:56:00.194335|[g:1][LEDGER][initConsensusConfig],it.first=493ace4fab92d0185d161d2091601fd0138eaff9538dc0461bb51097ebd4eab28e98f6432e4063239467cc37d96a1e1ace7a0e1ebb02a0c17ef726dc00a5a93b
info|2019-12-18 02:56:00.194454|[g:1][LEDGER][initConsensusConfig],it.first=d2f5130fbde32fe8ae68a12df7c51d3e16d8526eb2a54cfd864330987063242acdce510cf7b40823cd2d90b20776c4e2925757b25dea2a1995320eea155fefca
info|2019-12-18 02:56:00.194709|[g:1][LEDGER][initConsensusConfig],it.first=546baaf5b229fc2052feeaeddd778fbacc56bae0761f0713179899dfd87ec367186805dc44b2459507fcf2c7cbbcf0ef04b9bfcf0698236b3490848a83922697
info|2019-12-18 02:56:00.194898|[g:1][LEDGER][initIniConfig]initTxPoolConfig/initSyncConfig/initTxExecuteConfig,configFile=conf/group.1.ini
info|2019-12-18 02:56:00.195322|[g:1][LEDGER][initLedger][DBInitializer]
info|2019-12-18 02:56:00.195420|[g:1][DBINITIALIZER] [initRocksDBStorage]
warning|2019-12-18 02:56:00.203209|[NETWORK][Host]TCP Connection refused by node,endpoint=127.0.0.1:30300,message=Connection refused
warning|2019-12-18 02:56:00.203367|[P2P][Service] onConnect,errorCode=5,what=Connect failed
info|2019-12-18 02:56:00.203708|[NETWORK][Host]P2P Recv Connect, From=127.0.0.1:47794
info|2019-12-18 02:56:00.203935|[NETWORK][Host]P2P StartAccept,Host=0.0.0.0:30301
info|2019-12-18 02:56:00.219685|[g:1][ROCKSDB]open rocksDB handler
info|2019-12-18 02:56:00.233054|[NETWORK][Host]P2P Recv Connect, From=127.0.0.1:47802
info|2019-12-18 02:56:00.250211|[NETWORK][Host]P2P StartAccept,Host=0.0.0.0:30301
info|2019-12-18 02:56:00.356719|[g:1][g:0][STORAGE][CachedStorage]Init flushStorage thread
info|2019-12-18 02:56:00.358896|[g:1][g:1][STORAGE][CachedStorage]CachedStorage commit: 4 hash: 2396c71454ab0ebabae85ebf0de677be06ddc43c771c6f30631a1b1d77350764 num: 0
info|2019-12-18 02:56:00.374500|[g:1][STORAGE]Submited block task: 0, current syncd block: 0
info|2019-12-18 02:56:00.374657|[g:1][BLOCKCHAIN][#checkAndBuildGenesisBlock]Insert the 0th block
info|2019-12-18 02:56:00.375952|[g:1][CONSENSUS][PBFT]Register handler for PBFTEngine
info|2019-12-18 02:56:00.376018|[g:1][CONSENSUS][PBFT],minBlockGenerationTime=500
info|2019-12-18 02:56:00.376069|[LedgerInitializer init group succ],groupID=1
info|2019-12-18 02:56:00.379628|[STORAGE]Start commit block: 0 to backend storage
info|2019-12-18 02:56:00.385516|[STORAGE][g:1]
---------------------------------------------------------------------
Commit block: 0 to backend storage finished, current cached block: 0
Flush elapsed time: 0.0070s
---------------------------------------------------------------------

info|2019-12-18 02:56:00.377799|[INITIALIZER][RPCInitializer]JsonrpcHttpServer started.
info|2019-12-18 02:56:00.388688|[g:1][LEDGER]startAll...
info|2019-12-18 02:56:00.401007|[g:1][CONSENSUS][PBFT]^^^^^^^^Report,num=0,sealerIdx=0,hash=2396c714...,next=1,tx=0,nodeIdx=0
info|2019-12-18 02:56:00.426718|[g:1][CONSENSUS][PBFT][PBFT init env successfully]
info|2019-12-18 02:56:00.427785|[g:1][CONSENSUS][ConsensusEngine][Start ConsensusEngineBase]
info|2019-12-18 02:56:00.432635|[g:1][CONSENSUS][PBFT][Start PBFTEngine...]
info|2019-12-18 02:56:00.432792|[g:1][CONSENSUS][SEALER][Start sealer module]
info|2019-12-18 02:56:00.435352|[g:1][CONSENSUS][PBFT]^^^^^^^^Report,num=0,sealerIdx=0,hash=2396c714...,next=1,tx=0,nodeIdx=0
info|2019-12-18 02:56:00.444439|[g:1][EVENT][EventLogFilterManager]start,m_maxBlockRange=0,m_maxBlockPerLoopFilter=3
info|2019-12-18 02:56:00.490730|[NETWORK][Host]startPeerSession, From=127.0.0.1:47794,nodeID=493ace4f...
info|2019-12-18 02:56:00.519871|[NETWORK][Host]startPeerSession, From=127.0.0.1:30301,nodeID=493ace4f...
info|2019-12-18 02:56:00.541490|[P2P][Service] Connection established,nodeID=95edd296...,endpoint=127.0.0.1:47802
info|2019-12-18 02:56:00.541673|[NETWORK][Host]startPeerSession, From=127.0.0.1:47802,nodeID=95edd296...
info|2019-12-18 02:56:00.542161|[P2P][Service] Connection established,nodeID=546baaf5...,endpoint=127.0.0.1:30303
info|2019-12-18 02:56:00.542249|[NETWORK][Host]startPeerSession, From=127.0.0.1:30303,nodeID=546baaf5...
info|2019-12-18 02:56:00.542904|[P2P][Service] Connection established,nodeID=d2f5130f...,endpoint=127.0.0.1:30302
info|2019-12-18 02:56:00.542996|[NETWORK][Host]startPeerSession, From=127.0.0.1:30302,nodeID=d2f5130f...
warning|2019-12-18 02:56:00.603953|[SYNC][id:493ace4f...][Status]Peer data not found,nodeId=d2f5130f...
warning|2019-12-18 02:56:00.623883|[SYNC][id:493ace4f...][Status]Peer data not found,nodeId=546baaf5...
info|2019-12-18 02:56:01.427944|[g:1][CONSENSUS][SEALER]++++++++++++++++ Generating seal on,blkNum=1,tx=0,nodeIdx=0,hash=6fe30463...
info|2019-12-18 02:56:01.470470|[g:1][CONSENSUS][PBFT]checkTimeout Succ,view=0,toView=1,nodeIdx=0,changeCycle=0,myNode=493ace4f...,timecost=1.653
info|2019-12-18 02:56:01.495624|[g:1][CONSENSUS][PBFT]checkAndChangeView: Reach consensus,org_view=0,org_changeCycle=0,cur_changeCycle=0,to_view=1
info|2019-12-18 02:56:02.543496|[g:1][CONSENSUS]addRawPrepare,height=1,reqIdx=1,hash=9f801824...
info|2019-12-18 02:56:02.547078|[g:1][CONSENSUS][PBFT]checkTimeout Succ,view=1,toView=2,nodeIdx=0,changeCycle=0,myNode=493ace4f...,timecost=3.202
info|2019-12-18 02:56:02.564555|[g:1][CONSENSUS][PBFT]checkAndChangeView: Reach consensus,org_view=1,org_changeCycle=0,cur_changeCycle=0,to_view=2
info|2019-12-18 02:56:03.583611|[g:1][CONSENSUS]addRawPrepare,height=1,reqIdx=2,hash=476209d1...
info|2019-12-18 02:56:03.589291|[g:1][CONSENSUS][PBFT]checkTimeout Succ,view=2,toView=3,nodeIdx=0,changeCycle=0,myNode=493ace4f...,timecost=5.386
info|2019-12-18 02:56:03.606882|[g:1][CONSENSUS][PBFT]checkAndChangeView: Reach consensus,org_view=2,org_changeCycle=0,cur_changeCycle=0,to_view=3
info|2019-12-18 02:56:04.663600|[g:1][CONSENSUS]addRawPrepare,height=1,reqIdx=3,hash=ef7a8a31...
info|2019-12-18 02:56:04.684475|[g:1][CONSENSUS][PBFT]checkTimeout Succ,view=3,toView=4,nodeIdx=0,changeCycle=0,myNode=493ace4f...,timecost=3.1
info|2019-12-18 02:56:04.704054|[g:1][CONSENSUS][PBFT]checkAndChangeView: Reach consensus,org_view=3,org_changeCycle=0,cur_changeCycle=0,to_view=4
info|2019-12-18 02:56:05.710609|[g:1][CONSENSUS][SEALER]++++++++++++++++ Generating seal on,blkNum=1,tx=0,nodeIdx=0,hash=d2e467c0...
info|2019-12-18 02:56:05.782255|[g:1][CONSENSUS][PBFT]checkTimeout Succ,view=4,toView=5,nodeIdx=0,changeCycle=0,myNode=493ace4f...,timecost=1.647
info|2019-12-18 02:56:05.833721|[g:1][CONSENSUS][PBFT]checkAndChangeView: Reach consensus,org_view=4,org_changeCycle=0,cur_changeCycle=0,to_view=5
info|2019-12-18 02:56:06.858069|[g:1][CONSENSUS]addRawPrepare,height=1,reqIdx=1,hash=333abb85...
info|2019-12-18 02:56:06.869608|[g:1][CONSENSUS][PBFT]checkTimeout Succ,view=5,toView=6,nodeIdx=0,changeCycle=0,myNode=493ace4f...,timecost=11.095
info|2019-12-18 02:56:06.898386|[g:1][CONSENSUS][PBFT]checkAndChangeView: Reach consensus,org_view=5,org_changeCycle=0,cur_changeCycle=0,to_view=6
info|2019-12-18 02:56:07.917259|[g:1][CONSENSUS]addRawPrepare,height=1,reqIdx=2,hash=af68aa32...
info|2019-12-18 02:56:07.919561|[g:1][CONSENSUS][PBFT]checkTimeout Succ,view=6,toView=7,nodeIdx=0,changeCycle=0,myNode=493ace4f...,timecost=1.233
info|2019-12-18 02:56:07.953965|[g:1][CONSENSUS][PBFT]checkAndChangeView: Reach consensus,org_view=6,org_changeCycle=0,cur_changeCycle=0,to_view=7
info|2019-12-18 02:56:08.959205|[g:1][CONSENSUS]addRawPrepare,height=1,reqIdx=3,hash=8006f96a...
info|2019-12-18 02:56:08.960439|[g:1][CONSENSUS][PBFT]checkTimeout Succ,view=7,toView=8,nodeIdx=0,changeCycle=0,myNode=493ace4f...,timecost=0.968
info|2019-12-18 02:56:08.983013|[g:1][CONSENSUS][PBFT]checkAndChangeView: Reach consensus,org_view=7,org_changeCycle=0,cur_changeCycle=0,to_view=8
info|2019-12-18 02:56:09.984549|[g:1][CONSENSUS][SEALER]++++++++++++++++ Generating seal on,blkNum=1,tx=0,nodeIdx=0,hash=faba0a9c...
info|2019-12-18 02:56:09.988077|[g:1][CONSENSUS][PBFT]checkTimeout Succ,view=8,toView=9,nodeIdx=0,changeCycle=0,myNode=493ace4f...,timecost=1.732
info|2019-12-18 02:56:10.018636|[g:1][CONSENSUS][PBFT]checkAndChangeView: Reach consensus,org_view=8,org_changeCycle=0,cur_changeCycle=0,to_view=9
info|2019-12-18 02:56:10.154488|[NETWORK][Host]P2P Recv Connect, From=127.0.0.1:47810
info|2019-12-18 02:56:10.154580|[NETWORK][Host]P2P StartAccept,Host=0.0.0.0:30301
info|2019-12-18 02:56:10.200257|[NETWORK][Host]P2P Recv Connect, From=127.0.0.1:47814
info|2019-12-18 02:56:10.204732|[NETWORK][Host]P2P StartAccept,Host=0.0.0.0:30301
info|2019-12-18 02:56:10.204916|[NETWORK][Host]Connecting to node,endpoint=127.0.0.1:30300
info|2019-12-18 02:56:10.205149|[P2P][Service] heartBeat,connected count=3
info|2019-12-18 02:56:10.227615|[NETWORK][ASIO]asyncResolveConnect,endpoint=127.0.0.1:30300
info|2019-12-18 02:56:10.278399|[NETWORK][Host]startPeerSession, From=127.0.0.1:47814,nodeID=d2f5130f...
info|2019-12-18 02:56:10.291238|[NETWORK][Host]startPeerSession, From=127.0.0.1:47810,nodeID=546baaf5...
info|2019-12-18 02:56:10.294327|[NETWORK][Host]startPeerSession, From=127.0.0.1:30300,nodeID=95edd296...
info|2019-12-18 02:56:11.023570|[g:1][CONSENSUS]addRawPrepare,height=1,reqIdx=1,hash=bfebf9ce...
info|2019-12-18 02:56:11.025522|[g:1][CONSENSUS][PBFT]checkTimeout Succ,view=9,toView=10,nodeIdx=0,changeCycle=0,myNode=493ace4f...,timecost=1.519
info|2019-12-18 02:56:11.044908|[g:1][CONSENSUS][PBFT]checkAndChangeView: Reach consensus,org_view=9,org_changeCycle=0,cur_changeCycle=0,to_view=10
info|2019-12-18 02:56:12.070157|[g:1][CONSENSUS]addRawPrepare,height=1,reqIdx=2,hash=2c6eee5c...
info|2019-12-18 02:56:12.073733|[g:1][CONSENSUS][PBFT]checkTimeout Succ,view=10,toView=11,nodeIdx=0,changeCycle=0,myNode=493ace4f...,timecost=2.251
info|2019-12-18 02:56:12.100733|[g:1][CONSENSUS][PBFT]checkAndChangeView: Reach consensus,org_view=10,org_changeCycle=0,cur_changeCycle=0,to_view=11
info|2019-12-18 02:56:13.162218|[g:1][CONSENSUS]addRawPrepare,height=1,reqIdx=3,hash=a4f528cf...
info|2019-12-18 02:56:13.169627|[g:1][CONSENSUS][PBFT]checkTimeout Succ,view=11,toView=12,nodeIdx=0,changeCycle=0,myNode=493ace4f...,timecost=4.614
info|2019-12-18 02:56:13.185334|[g:1][CONSENSUS][PBFT]checkAndChangeView: Reach consensus,org_view=11,org_changeCycle=0,cur_changeCycle=0,to_view=12
info|2019-12-18 02:56:14.191326|[g:1][CONSENSUS][SEALER]++++++++++++++++ Generating seal on,blkNum=1,tx=0,nodeIdx=0,hash=a291121b...
info|2019-12-18 02:56:14.204948|[g:1][CONSENSUS][PBFT]checkTimeout Succ,view=12,toView=13,nodeIdx=0,changeCycle=0,myNode=493ace4f...,timecost=2.175
info|2019-12-18 02:56:14.212654|[g:1][CONSENSUS][PBFT]checkAndChangeView: Reach consensus,org_view=12,org_changeCycle=0,cur_changeCycle=0,to_view=13
info|2019-12-18 02:56:15.254366|[g:1][CONSENSUS]addRawPrepare,height=1,reqIdx=1,hash=d4bb2c77...
info|2019-12-18 02:56:15.268007|[g:1][CONSENSUS][PBFT]checkTimeout Succ,view=13,toView=14,nodeIdx=0,changeCycle=0,myNode=493ace4f...,timecost=8.001
info|2019-12-18 02:56:15.285576|[g:1][CONSENSUS][PBFT]checkAndChangeView: Reach consensus,org_view=13,org_changeCycle=0,cur_changeCycle=0,to_view=14
info|2019-12-18 02:56:16.310576|[g:1][CONSENSUS]addRawPrepare,height=1,reqIdx=2,hash=d931222f...
info|2019-12-18 02:56:16.321491|[g:1][CONSENSUS][PBFT]checkTimeout Succ,view=14,toView=15,nodeIdx=0,changeCycle=0,myNode=493ace4f...,timecost=7.62
info|2019-12-18 02:56:16.340729|[g:1][CONSENSUS][PBFT]checkAndChangeView: Reach consensus,org_view=14,org_changeCycle=0,cur_changeCycle=0,to_view=15
info|2019-12-18 02:56:17.356671|[g:1][CONSENSUS]addRawPrepare,height=1,reqIdx=3,hash=2e6a7538...
info|2019-12-18 02:56:17.381856|[g:1][CONSENSUS][PBFT]checkTimeout Succ,view=15,toView=16,nodeIdx=0,changeCycle=0,myNode=493ace4f...,timecost=21.542
info|2019-12-18 02:56:17.398039|[g:1][CONSENSUS][PBFT]checkAndChangeView: Reach consensus,org_view=15,org_changeCycle=0,cur_changeCycle=0,to_view=16
info|2019-12-18 02:56:18.400225|[g:1][CONSENSUS][SEALER]++++++++++++++++ Generating seal on,blkNum=1,tx=0,nodeIdx=0,hash=ee3ae2b3...
info|2019-12-18 02:56:18.468904|[g:1][CONSENSUS][PBFT]checkTimeout Succ,view=16,toView=17,nodeIdx=0,changeCycle=0,myNode=493ace4f...,timecost=5.185
info|2019-12-18 02:56:18.479032|[g:1][CONSENSUS][PBFT]checkAndChangeView: Reach consensus,org_view=16,org_changeCycle=0,cur_changeCycle=0,to_view=17
info|2019-12-18 02:56:19.524102|[g:1][CONSENSUS]addRawPrepare,height=1,reqIdx=1,hash=bc31abbf...
info|2019-12-18 02:56:19.529039|[g:1][CONSENSUS][PBFT]checkTimeout Succ,view=17,toView=18,nodeIdx=0,changeCycle=0,myNode=493ace4f...,timecost=0.934
info|2019-12-18 02:56:19.560234|[g:1][CONSENSUS][PBFT]checkAndChangeView: Reach consensus,org_view=17,org_changeCycle=0,cur_changeCycle=0,to_view=18
info|2019-12-18 02:56:20.206240|[P2P][Service] heartBeat,connected count=3
info|2019-12-18 02:56:20.578334|[g:1][CONSENSUS]addRawPrepare,height=1,reqIdx=2,hash=bd7bf537...
info|2019-12-18 02:56:20.588714|[g:1][CONSENSUS][PBFT]checkTimeout Succ,view=18,toView=19,nodeIdx=0,changeCycle=0,myNode=493ace4f...,timecost=10.043
info|2019-12-18 02:56:20.597473|[g:1][CONSENSUS][PBFT]checkAndChangeView: Reach consensus,org_view=18,org_changeCycle=0,cur_changeCycle=0,to_view=19
info|2019-12-18 02:56:21.598490|[g:1][CONSENSUS]addRawPrepare,height=1,reqIdx=3,hash=b102f682...
info|2019-12-18 02:56:21.599306|[g:1][CONSENSUS][PBFT]checkTimeout Succ,view=19,toView=20,nodeIdx=0,changeCycle=0,myNode=493ace4f...,timecost=0.556
info|2019-12-18 02:56:21.604375|[g:1][CONSENSUS][PBFT]checkAndChangeView: Reach consensus,org_view=19,org_changeCycle=0,cur_changeCycle=0,to_view=20
info|2019-12-18 02:56:22.605869|[g:1][CONSENSUS][SEALER]++++++++++++++++ Generating seal on,blkNum=1,tx=0,nodeIdx=0,hash=810f7c28...
info|2019-12-18 02:56:22.612797|[g:1][CONSENSUS][PBFT]checkTimeout Succ,view=20,toView=21,nodeIdx=0,changeCycle=0,myNode=493ace4f...,timecost=1.399
info|2019-12-18 02:56:22.633648|[g:1][CONSENSUS][PBFT]checkAndChangeView: Reach consensus,org_view=20,org_changeCycle=0,cur_changeCycle=0,to_view=21
info|2019-12-18 02:56:23.693715|[g:1][CONSENSUS]addRawPrepare,height=1,reqIdx=1,hash=54872c99...
info|2019-12-18 02:56:23.732306|[g:1][CONSENSUS][PBFT]checkTimeout Succ,view=21,toView=22,nodeIdx=0,changeCycle=0,myNode=493ace4f...,timecost=29.636
info|2019-12-18 02:56:23.754560|[g:1][CONSENSUS][PBFT]checkAndChangeView: Reach consensus,org_view=21,org_changeCycle=0,cur_changeCycle=0,to_view=22
info|2019-12-18 02:56:24.784932|[g:1][CONSENSUS]addRawPrepare,height=1,reqIdx=2,hash=746442a1...
info|2019-12-18 02:56:24.913718|[g:1][CONSENSUS][PBFT]checkTimeout Succ,view=22,toView=23,nodeIdx=0,changeCycle=0,myNode=493ace4f...,timecost=94.343
info|2019-12-18 02:56:25.049851|[g:1][CONSENSUS][PBFT]checkAndChangeView: Reach consensus,org_view=22,org_changeCycle=0,cur_changeCycle=0,to_view=23
info|2019-12-18 02:56:26.215604|[g:1][CONSENSUS]addRawPrepare,height=1,reqIdx=3,hash=101c34b4...
info|2019-12-18 02:56:26.229061|[g:1][CONSENSUS][PBFT]checkTimeout Succ,view=23,toView=24,nodeIdx=0,changeCycle=0,myNode=493ace4f...,timecost=7.692
info|2019-12-18 02:56:26.279474|[g:1][CONSENSUS][PBFT]checkAndChangeView: Reach consensus,org_view=23,org_changeCycle=0,cur_changeCycle=0,to_view=24
info|2019-12-18 02:56:27.280572|[g:1][CONSENSUS][SEALER]++++++++++++++++ Generating seal on,blkNum=1,tx=0,nodeIdx=0,hash=3421ea32...
info|2019-12-18 02:56:27.283154|[g:1][CONSENSUS][PBFT]checkTimeout Succ,view=24,toView=25,nodeIdx=0,changeCycle=0,myNode=493ace4f...,timecost=1.406
info|2019-12-18 02:56:27.302178|[g:1][CONSENSUS][PBFT]checkAndChangeView: Reach consensus,org_view=24,org_changeCycle=0,cur_changeCycle=0,to_view=25
info|2019-12-18 02:56:28.313722|[g:1][CONSENSUS]addRawPrepare,height=1,reqIdx=1,hash=95cebbe1...
info|2019-12-18 02:56:28.328875|[g:1][CONSENSUS][PBFT]checkTimeout Succ,view=25,toView=26,nodeIdx=0,changeCycle=0,myNode=493ace4f...,timecost=7.827
info|2019-12-18 02:56:28.369038|[g:1][CONSENSUS][PBFT]checkAndChangeView: Reach consensus,org_view=25,org_changeCycle=0,cur_changeCycle=0,to_view=26
info|2019-12-18 02:56:29.462980|[g:1][CONSENSUS]addRawPrepare,height=1,reqIdx=2,hash=8e5352df...
info|2019-12-18 02:56:29.604065|[g:1][CONSENSUS][PBFT]checkTimeout Succ,view=26,toView=27,nodeIdx=0,changeCycle=0,myNode=493ace4f...,timecost=136.133
info|2019-12-18 02:56:29.704543|[g:1][CONSENSUS][PBFT]checkAndChangeView: Reach consensus,org_view=26,org_changeCycle=0,cur_changeCycle=0,to_view=27
info|2019-12-18 02:56:30.207362|[P2P][Service] heartBeat,connected count=3
info|2019-12-18 02:56:30.782883|[g:1][CONSENSUS]addRawPrepare,height=1,reqIdx=3,hash=a518a3b1...
info|2019-12-18 02:56:30.793491|[g:1][CONSENSUS][PBFT]checkTimeout Succ,view=27,toView=28,nodeIdx=0,changeCycle=0,myNode=493ace4f...,timecost=2.227
info|2019-12-18 02:56:30.808469|[g:1][CONSENSUS][PBFT]checkAndChangeView: Reach consensus,org_view=27,org_changeCycle=0,cur_changeCycle=0,to_view=28
info|2019-12-18 02:56:31.813444|[g:1][CONSENSUS][SEALER]++++++++++++++++ Generating seal on,blkNum=1,tx=0,nodeIdx=0,hash=71ba405f...
info|2019-12-18 02:56:31.849598|[g:1][CONSENSUS][PBFT]checkTimeout Succ,view=28,toView=29,nodeIdx=0,changeCycle=0,myNode=493ace4f...,timecost=16.707
info|2019-12-18 02:56:31.973060|[g:1][CONSENSUS][PBFT]checkAndChangeView: Reach consensus,org_view=28,org_changeCycle=0,cur_changeCycle=0,to_view=29
info|2019-12-18 02:56:33.031383|[g:1][CONSENSUS]addRawPrepare,height=1,reqIdx=1,hash=44b1415f...
info|2019-12-18 02:56:33.049700|[g:1][CONSENSUS][PBFT]checkTimeout Succ,view=29,toView=30,nodeIdx=0,changeCycle=0,myNode=493ace4f...,timecost=6.085
info|2019-12-18 02:56:33.073636|[g:1][CONSENSUS][PBFT]checkAndChangeView: Reach consensus,org_view=29,org_changeCycle=0,cur_changeCycle=0,to_view=30
info|2019-12-18 02:56:34.099167|[g:1][CONSENSUS]addRawPrepare,height=1,reqIdx=2,hash=9446ac97...
info|2019-12-18 02:56:34.176063|[g:1][CONSENSUS][PBFT]checkTimeout Succ,view=30,toView=31,nodeIdx=0,changeCycle=0,myNode=493ace4f...,timecost=40.783
info|2019-12-18 02:56:34.201873|[g:1][CONSENSUS][PBFT]checkAndChangeView: Reach consensus,org_view=30,org_changeCycle=0,cur_changeCycle=0,to_view=31
info|2019-12-18 02:56:35.188298|[g:1][CONSENSUS]addRawPrepare,height=1,reqIdx=3,hash=bb9c1c4c...
info|2019-12-18 02:56:35.239142|[g:1][CONSENSUS][PBFT]checkTimeout Succ,view=31,toView=32,nodeIdx=0,changeCycle=0,myNode=493ace4f...,timecost=13.962
info|2019-12-18 02:56:35.259570|[g:1][CONSENSUS][PBFT]checkAndChangeView: Reach consensus,org_view=31,org_changeCycle=0,cur_changeCycle=0,to_view=32
info|2019-12-18 02:56:36.260157|[g:1][CONSENSUS][SEALER]++++++++++++++++ Generating seal on,blkNum=1,tx=0,nodeIdx=0,hash=2c7986db...
info|2019-12-18 02:56:36.265105|[g:1][CONSENSUS][PBFT]checkTimeout Succ,view=32,toView=33,nodeIdx=0,changeCycle=0,myNode=493ace4f...,timecost=0.955
info|2019-12-18 02:56:36.282294|[g:1][CONSENSUS][PBFT]checkAndChangeView: Reach consensus,org_view=32,org_changeCycle=0,cur_changeCycle=0,to_view=33
info|2019-12-18 02:56:37.298772|[g:1][CONSENSUS]addRawPrepare,height=1,reqIdx=1,hash=cc0b3661...
info|2019-12-18 02:56:37.301492|[g:1][CONSENSUS][PBFT]checkTimeout Succ,view=33,toView=34,nodeIdx=0,changeCycle=0,myNode=493ace4f...,timecost=2.435
info|2019-12-18 02:56:37.321392|[g:1][CONSENSUS][PBFT]checkAndChangeView: Reach consensus,org_view=33,org_changeCycle=0,cur_changeCycle=0,to_view=34
info|2019-12-18 02:56:38.326397|[g:1][CONSENSUS]addRawPrepare,height=1,reqIdx=2,hash=75a7d845...
info|2019-12-18 02:56:38.349283|[g:1][CONSENSUS][PBFT]checkTimeout Succ,view=34,toView=35,nodeIdx=0,changeCycle=0,myNode=493ace4f...,timecost=22.029
info|2019-12-18 02:56:38.361175|[g:1][CONSENSUS][PBFT]checkAndChangeView: Reach consensus,org_view=34,org_changeCycle=0,cur_changeCycle=0,to_view=35
info|2019-12-18 02:56:39.393667|[g:1][CONSENSUS]addRawPrepare,height=1,reqIdx=3,hash=1cea3fa4...
info|2019-12-18 02:56:39.417303|[g:1][CONSENSUS][PBFT]checkTimeout Succ,view=35,toView=36,nodeIdx=0,changeCycle=0,myNode=493ace4f...,timecost=10.074
info|2019-12-18 02:56:39.436760|[g:1][CONSENSUS][PBFT]checkAndChangeView: Reach consensus,org_view=35,org_changeCycle=0,cur_changeCycle=0,to_view=36
info|2019-12-18 02:56:40.208082|[P2P][Service] heartBeat,connected count=3
info|2019-12-18 02:56:40.437092|[g:1][CONSENSUS][SEALER]++++++++++++++++ Generating seal on,blkNum=1,tx=0,nodeIdx=0,hash=ec0ada36...
info|2019-12-18 02:56:40.468660|[g:1][CONSENSUS][PBFT]checkTimeout Succ,view=36,toView=37,nodeIdx=0,changeCycle=0,myNode=493ace4f...,timecost=2.632
info|2019-12-18 02:56:40.561411|[g:1][CONSENSUS][PBFT]checkAndChangeView: Reach consensus,org_view=36,org_changeCycle=0,cur_changeCycle=0,to_view=37
info|2019-12-18 02:56:41.611868|[g:1][CONSENSUS]addRawPrepare,height=1,reqIdx=1,hash=8272ebc1...
info|2019-12-18 02:56:41.680899|[g:1][CONSENSUS][PBFT]checkTimeout Succ,view=37,toView=38,nodeIdx=0,changeCycle=0,myNode=493ace4f...,timecost=17.216
info|2019-12-18 02:56:41.703449|[g:1][CONSENSUS][PBFT]checkAndChangeView: Reach consensus,org_view=37,org_changeCycle=0,cur_changeCycle=0,to_view=38
info|2019-12-18 02:56:42.713183|[g:1][CONSENSUS]addRawPrepare,height=1,reqIdx=2,hash=eccb5f0d...
info|2019-12-18 02:56:42.804870|[g:1][CONSENSUS][PBFT]checkTimeout Succ,view=38,toView=39,nodeIdx=0,changeCycle=0,myNode=493ace4f...,timecost=81.934
info|2019-12-18 02:56:42.847603|[g:1][CONSENSUS][PBFT]checkAndChangeView: Reach consensus,org_view=38,org_changeCycle=0,cur_changeCycle=0,to_view=39
info|2019-12-18 02:56:43.806719|[g:1][CONSENSUS]addRawPrepare,height=1,reqIdx=3,hash=0bcebb6b...
info|2019-12-18 02:56:43.816149|[g:1][CONSENSUS][PBFT]checkTimeout Succ,view=39,toView=40,nodeIdx=0,changeCycle=0,myNode=493ace4f...,timecost=9.134
info|2019-12-18 02:56:43.838840|[g:1][CONSENSUS][PBFT]checkAndChangeView: Reach consensus,org_view=39,org_changeCycle=0,cur_changeCycle=0,to_view=40
info|2019-12-18 02:56:44.841503|[g:1][CONSENSUS][SEALER]++++++++++++++++ Generating seal on,blkNum=1,tx=0,nodeIdx=0,hash=ae62bcbf...
info|2019-12-18 02:56:44.867908|[g:1][CONSENSUS][PBFT]checkTimeout Succ,view=40,toView=41,nodeIdx=0,changeCycle=0,myNode=493ace4f...,timecost=1.371
info|2019-12-18 02:56:44.877392|[g:1][CONSENSUS][PBFT]checkAndChangeView: Reach consensus,org_view=40,org_changeCycle=0,cur_changeCycle=0,to_view=41
info|2019-12-18 02:56:45.953685|[g:1][CONSENSUS]addRawPrepare,height=1,reqIdx=1,hash=aa7a82b3...
info|2019-12-18 02:56:46.058475|[g:1][CONSENSUS][PBFT]checkTimeout Succ,view=41,toView=42,nodeIdx=0,changeCycle=0,myNode=493ace4f...,timecost=6.068
info|2019-12-18 02:56:46.208217|[g:1][CONSENSUS][PBFT]checkAndChangeView: Reach consensus,org_view=41,org_changeCycle=0,cur_changeCycle=0,to_view=42
info|2019-12-18 02:56:47.223525|[g:1][CONSENSUS]addRawPrepare,height=1,reqIdx=2,hash=c4758f4a...
info|2019-12-18 02:56:47.232018|[g:1][CONSENSUS][PBFT]checkTimeout Succ,view=42,toView=43,nodeIdx=0,changeCycle=0,myNode=493ace4f...,timecost=2.605
info|2019-12-18 02:56:47.241145|[g:1][CONSENSUS][PBFT]checkAndChangeView: Reach consensus,org_view=42,org_changeCycle=0,cur_changeCycle=0,to_view=43
info|2019-12-18 02:56:48.251753|[g:1][CONSENSUS]addRawPrepare,height=1,reqIdx=3,hash=58b0dd2b...
info|2019-12-18 02:56:48.271089|[g:1][CONSENSUS][PBFT]checkTimeout Succ,view=43,toView=44,nodeIdx=0,changeCycle=0,myNode=493ace4f...,timecost=9.787
info|2019-12-18 02:56:48.292786|[g:1][CONSENSUS][PBFT]checkAndChangeView: Reach consensus,org_view=43,org_changeCycle=0,cur_changeCycle=0,to_view=44
info|2019-12-18 02:56:49.293565|[g:1][CONSENSUS][SEALER]++++++++++++++++ Generating seal on,blkNum=1,tx=0,nodeIdx=0,hash=f62b03ed...
info|2019-12-18 02:56:49.320293|[g:1][CONSENSUS][PBFT]checkTimeout Succ,view=44,toView=45,nodeIdx=0,changeCycle=0,myNode=493ace4f...,timecost=1.517
info|2019-12-18 02:56:49.331621|[g:1][CONSENSUS][PBFT]checkAndChangeView: Reach consensus,org_view=44,org_changeCycle=0,cur_changeCycle=0,to_view=45
info|2019-12-18 02:56:50.209092|[P2P][Service] heartBeat,connected count=3
info|2019-12-18 02:56:50.358868|[g:1][CONSENSUS]addRawPrepare,height=1,reqIdx=1,hash=075bac7b...
info|2019-12-18 02:56:50.364292|[g:1][CONSENSUS][PBFT]checkTimeout Succ,view=45,toView=46,nodeIdx=0,changeCycle=0,myNode=493ace4f...,timecost=5.081
info|2019-12-18 02:56:50.394135|[g:1][CONSENSUS][PBFT]checkAndChangeView: Reach consensus,org_view=45,org_changeCycle=0,cur_changeCycle=0,to_view=46
info|2019-12-18 02:56:51.397407|[g:1][CONSENSUS]addRawPrepare,height=1,reqIdx=2,hash=f2529872...
info|2019-12-18 02:56:51.405731|[g:1][CONSENSUS][PBFT]checkTimeout Succ,view=46,toView=47,nodeIdx=0,changeCycle=0,myNode=493ace4f...,timecost=7.911
info|2019-12-18 02:56:51.422890|[g:1][CONSENSUS][PBFT]checkAndChangeView: Reach consensus,org_view=46,org_changeCycle=0,cur_changeCycle=0,to_view=47
info|2019-12-18 02:56:52.448561|[g:1][CONSENSUS]addRawPrepare,height=1,reqIdx=3,hash=2f632eb2...
info|2019-12-18 02:56:52.489437|[g:1][CONSENSUS][PBFT]checkTimeout Succ,view=47,toView=48,nodeIdx=0,changeCycle=0,myNode=493ace4f...,timecost=19.862
info|2019-12-18 02:56:52.506624|[g:1][CONSENSUS][PBFT]checkAndChangeView: Reach consensus,org_view=47,org_changeCycle=0,cur_changeCycle=0,to_view=48
info|2019-12-18 02:56:53.506768|[g:1][CONSENSUS][SEALER]++++++++++++++++ Generating seal on,blkNum=1,tx=0,nodeIdx=0,hash=c8916137...
info|2019-12-18 02:56:53.519529|[g:1][CONSENSUS][PBFT]checkTimeout Succ,view=48,toView=49,nodeIdx=0,changeCycle=0,myNode=493ace4f...,timecost=2.598
info|2019-12-18 02:56:53.549966|[g:1][CONSENSUS][PBFT]checkAndChangeView: Reach consensus,org_view=48,org_changeCycle=0,cur_changeCycle=0,to_view=49
info|2019-12-18 02:56:54.579029|[g:1][CONSENSUS]addRawPrepare,height=1,reqIdx=1,hash=c222f671...
info|2019-12-18 02:56:54.588778|[g:1][CONSENSUS][PBFT]checkTimeout Succ,view=49,toView=50,nodeIdx=0,changeCycle=0,myNode=493ace4f...,timecost=9.554
info|2019-12-18 02:56:54.624121|[g:1][CONSENSUS][PBFT]checkAndChangeView: Reach consensus,org_view=49,org_changeCycle=0,cur_changeCycle=0,to_view=50
info|2019-12-18 02:56:55.657557|[g:1][CONSENSUS]addRawPrepare,height=1,reqIdx=2,hash=9b2d2ca3...
info|2019-12-18 02:56:55.688496|[g:1][CONSENSUS][PBFT]checkTimeout Succ,view=50,toView=51,nodeIdx=0,changeCycle=0,myNode=493ace4f...,timecost=30.471
info|2019-12-18 02:56:55.725316|[g:1][CONSENSUS][PBFT]checkAndChangeView: Reach consensus,org_view=50,org_changeCycle=0,cur_changeCycle=0,to_view=51
info|2019-12-18 02:56:56.699374|[g:1][CONSENSUS]addRawPrepare,height=1,reqIdx=3,hash=1f8c2aae...
info|2019-12-18 02:56:56.730696|[g:1][CONSENSUS][PBFT]checkTimeout Succ,view=51,toView=52,nodeIdx=0,changeCycle=0,myNode=493ace4f...,timecost=23.397
info|2019-12-18 02:56:56.756491|[g:1][CONSENSUS][PBFT]checkAndChangeView: Reach consensus,org_view=51,org_changeCycle=0,cur_changeCycle=0,to_view=52
info|2019-12-18 02:56:57.760221|[g:1][CONSENSUS][SEALER]++++++++++++++++ Generating seal on,blkNum=1,tx=0,nodeIdx=0,hash=0404565b...
info|2019-12-18 02:56:57.799733|[g:1][CONSENSUS][PBFT]checkTimeout Succ,view=52,toView=53,nodeIdx=0,changeCycle=0,myNode=493ace4f...,timecost=7.317
info|2019-12-18 02:56:57.828849|[g:1][CONSENSUS][PBFT]checkAndChangeView: Reach consensus,org_view=52,org_changeCycle=0,cur_changeCycle=0,to_view=53
info|2019-12-18 02:56:58.825556|[g:1][CONSENSUS]addRawPrepare,height=1,reqIdx=1,hash=9956f06d...
info|2019-12-18 02:56:58.865187|[g:1][CONSENSUS][PBFT]checkTimeout Succ,view=53,toView=54,nodeIdx=0,changeCycle=0,myNode=493ace4f...,timecost=19.84
info|2019-12-18 02:56:58.884261|[g:1][CONSENSUS][PBFT]checkAndChangeView: Reach consensus,org_view=53,org_changeCycle=0,cur_changeCycle=0,to_view=54
info|2019-12-18 02:56:59.889652|[g:1][CONSENSUS]addRawPrepare,height=1,reqIdx=2,hash=5fa6f8b0...
info|2019-12-18 02:56:59.897781|[g:1][CONSENSUS][PBFT]checkTimeout Succ,view=54,toView=55,nodeIdx=0,changeCycle=0,myNode=493ace4f...,timecost=7.867
info|2019-12-18 02:56:59.929016|[g:1][CONSENSUS][PBFT]checkAndChangeView: Reach consensus,org_view=54,org_changeCycle=0,cur_changeCycle=0,to_view=55
info|2019-12-18 02:57:00.211228|[P2P][Service] heartBeat,connected count=3
info|2019-12-18 02:57:00.912177|[g:1][CONSENSUS]addRawPrepare,height=1,reqIdx=3,hash=b20d9f6b...
info|2019-12-18 02:57:00.931238|[g:1][CONSENSUS][PBFT]checkTimeout Succ,view=55,toView=56,nodeIdx=0,changeCycle=0,myNode=493ace4f...,timecost=18.628
info|2019-12-18 02:57:00.961945|[g:1][CONSENSUS][PBFT]checkAndChangeView: Reach consensus,org_view=55,org_changeCycle=0,cur_changeCycle=0,to_view=56
info|2019-12-18 02:57:01.964356|[g:1][CONSENSUS][SEALER]++++++++++++++++ Generating seal on,blkNum=1,tx=0,nodeIdx=0,hash=d379f017...
info|2019-12-18 02:57:01.997368|[g:1][CONSENSUS][PBFT]checkTimeout Succ,view=56,toView=57,nodeIdx=0,changeCycle=0,myNode=493ace4f...,timecost=2.339
info|2019-12-18 02:57:02.008159|[g:1][CONSENSUS][PBFT]checkAndChangeView: Reach consensus,org_view=56,org_changeCycle=0,cur_changeCycle=0,to_view=57
info|2019-12-18 02:57:03.053409|[g:1][CONSENSUS]addRawPrepare,height=1,reqIdx=1,hash=ac37cab3...
info|2019-12-18 02:57:03.060122|[g:1][CONSENSUS][PBFT]checkTimeout Succ,view=57,toView=58,nodeIdx=0,changeCycle=0,myNode=493ace4f...,timecost=6.501
info|2019-12-18 02:57:03.095296|[g:1][CONSENSUS][PBFT]checkAndChangeView: Reach consensus,org_view=57,org_changeCycle=0,cur_changeCycle=0,to_view=58
info|2019-12-18 02:57:04.144515|[g:1][CONSENSUS]addRawPrepare,height=1,reqIdx=2,hash=651b32d3...
info|2019-12-18 02:57:04.169796|[g:1][CONSENSUS][PBFT]checkTimeout Succ,view=58,toView=59,nodeIdx=0,changeCycle=0,myNode=493ace4f...,timecost=18.178
info|2019-12-18 02:57:04.192939|[g:1][CONSENSUS][PBFT]checkAndChangeView: Reach consensus,org_view=58,org_changeCycle=0,cur_changeCycle=0,to_view=59
info|2019-12-18 02:57:05.169214|[g:1][CONSENSUS]addRawPrepare,height=1,reqIdx=3,hash=ad364d59...
info|2019-12-18 02:57:05.213670|[g:1][CONSENSUS][PBFT]checkTimeout Succ,view=59,toView=60,nodeIdx=0,changeCycle=0,myNode=493ace4f...,timecost=29.377
info|2019-12-18 02:57:05.225957|[g:1][CONSENSUS][PBFT]checkAndChangeView: Reach consensus,org_view=59,org_changeCycle=0,cur_changeCycle=0,to_view=60
info|2019-12-18 02:57:06.228965|[g:1][CONSENSUS][SEALER]++++++++++++++++ Generating seal on,blkNum=1,tx=0,nodeIdx=0,hash=60fc5189...
info|2019-12-18 02:57:06.267768|[g:1][CONSENSUS][PBFT]checkTimeout Succ,view=60,toView=61,nodeIdx=0,changeCycle=0,myNode=493ace4f...,timecost=1.774
info|2019-12-18 02:57:06.276415|[g:1][CONSENSUS][PBFT]checkAndChangeView: Reach consensus,org_view=60,org_changeCycle=0,cur_changeCycle=0,to_view=61
info|2019-12-18 02:57:07.317902|[g:1][CONSENSUS]addRawPrepare,height=1,reqIdx=1,hash=f241c37e...
info|2019-12-18 02:57:07.329787|[g:1][CONSENSUS][PBFT]checkTimeout Succ,view=61,toView=62,nodeIdx=0,changeCycle=0,myNode=493ace4f...,timecost=8.495
info|2019-12-18 02:57:07.373512|[g:1][CONSENSUS][PBFT]checkAndChangeView: Reach consensus,org_view=61,org_changeCycle=0,cur_changeCycle=0,to_view=62
info|2019-12-18 02:57:08.364030|[g:1][CONSENSUS]addRawPrepare,height=1,reqIdx=2,hash=c1c8670d...
info|2019-12-18 02:57:08.373050|[g:1][CONSENSUS][PBFT]checkTimeout Succ,view=62,toView=63,nodeIdx=0,changeCycle=0,myNode=493ace4f...,timecost=8.683
info|2019-12-18 02:57:08.420434|[g:1][CONSENSUS][PBFT]checkAndChangeView: Reach consensus,org_view=62,org_changeCycle=0,cur_changeCycle=0,to_view=63
info|2019-12-18 02:57:09.432626|[g:1][CONSENSUS]addRawPrepare,height=1,reqIdx=3,hash=b51cf6b2...
info|2019-12-18 02:57:09.461771|[g:1][CONSENSUS][PBFT]checkTimeout Succ,view=63,toView=64,nodeIdx=0,changeCycle=0,myNode=493ace4f...,timecost=16.149
info|2019-12-18 02:57:09.503608|[g:1][CONSENSUS][PBFT]checkAndChangeView: Reach consensus,org_view=63,org_changeCycle=0,cur_changeCycle=0,to_view=64
info|2019-12-18 02:57:10.212080|[P2P][Service] heartBeat,connected count=3
info|2019-12-18 02:57:10.503533|[g:1][CONSENSUS][SEALER]++++++++++++++++ Generating seal on,blkNum=1,tx=0,nodeIdx=0,hash=b5953614...
info|2019-12-18 02:57:10.532652|[g:1][CONSENSUS][PBFT]checkTimeout Succ,view=64,toView=65,nodeIdx=0,changeCycle=0,myNode=493ace4f...,timecost=1.541
info|2019-12-18 02:57:10.548704|[g:1][CONSENSUS][PBFT]checkAndChangeView: Reach consensus,org_view=64,org_changeCycle=0,cur_changeCycle=0,to_view=65
info|2019-12-18 02:57:11.607841|[g:1][CONSENSUS]addRawPrepare,height=1,reqIdx=1,hash=8b632480...
info|2019-12-18 02:57:11.625389|[g:1][CONSENSUS][PBFT]checkTimeout Succ,view=65,toView=66,nodeIdx=0,changeCycle=0,myNode=493ace4f...,timecost=17.221
info|2019-12-18 02:57:11.659548|[g:1][CONSENSUS][PBFT]checkAndChangeView: Reach consensus,org_view=65,org_changeCycle=0,cur_changeCycle=0,to_view=66
info|2019-12-18 02:57:12.682467|[g:1][CONSENSUS]addRawPrepare,height=1,reqIdx=2,hash=6f68f2aa...
info|2019-12-18 02:57:12.693845|[g:1][CONSENSUS][PBFT]checkTimeout Succ,view=66,toView=67,nodeIdx=0,changeCycle=0,myNode=493ace4f...,timecost=10.798
info|2019-12-18 02:57:12.745118|[g:1][CONSENSUS][PBFT]checkAndChangeView: Reach consensus,org_view=66,org_changeCycle=0,cur_changeCycle=0,to_view=67
info|2019-12-18 02:57:13.775372|[g:1][CONSENSUS]addRawPrepare,height=1,reqIdx=3,hash=8e6e2ce3...
info|2019-12-18 02:57:13.799026|[g:1][CONSENSUS][PBFT]checkTimeout Succ,view=67,toView=68,nodeIdx=0,changeCycle=0,myNode=493ace4f...,timecost=17.42
info|2019-12-18 02:57:13.834510|[g:1][CONSENSUS][PBFT]checkAndChangeView: Reach consensus,org_view=67,org_changeCycle=0,cur_changeCycle=0,to_view=68
info|2019-12-18 02:57:14.839617|[g:1][CONSENSUS][SEALER]++++++++++++++++ Generating seal on,blkNum=1,tx=0,nodeIdx=0,hash=7a754300...
info|2019-12-18 02:57:14.891646|[g:1][CONSENSUS][PBFT]checkTimeout Succ,view=68,toView=69,nodeIdx=0,changeCycle=0,myNode=493ace4f...,timecost=2.709
info|2019-12-18 02:57:14.899960|[g:1][CONSENSUS][PBFT]checkAndChangeView: Reach consensus,org_view=68,org_changeCycle=0,cur_changeCycle=0,to_view=69
info|2019-12-18 02:57:15.932119|[g:1][CONSENSUS]addRawPrepare,height=1,reqIdx=1,hash=ec83c4fb...
info|2019-12-18 02:57:15.944052|[g:1][CONSENSUS][PBFT]checkTimeout Succ,view=69,toView=70,nodeIdx=0,changeCycle=0,myNode=493ace4f...,timecost=11.739
info|2019-12-18 02:57:16.004095|[g:1][CONSENSUS][PBFT]checkAndChangeView: Reach consensus,org_view=69,org_changeCycle=0,cur_changeCycle=0,to_view=70
info|2019-12-18 02:57:17.047147|[g:1][CONSENSUS]addRawPrepare,height=1,reqIdx=2,hash=14c3e62b...
info|2019-12-18 02:57:17.054781|[g:1][CONSENSUS][PBFT]checkTimeout Succ,view=70,toView=71,nodeIdx=0,changeCycle=0,myNode=493ace4f...,timecost=6.581
info|2019-12-18 02:57:17.066794|[g:1][CONSENSUS][PBFT]checkAndChangeView: Reach consensus,org_view=70,org_changeCycle=0,cur_changeCycle=0,to_view=71
info|2019-12-18 02:57:18.069510|[g:1][CONSENSUS]addRawPrepare,height=1,reqIdx=3,hash=a6c60c06...
info|2019-12-18 02:57:18.086295|[g:1][CONSENSUS][PBFT]checkTimeout Succ,view=71,toView=72,nodeIdx=0,changeCycle=0,myNode=493ace4f...,timecost=15.314
info|2019-12-18 02:57:18.112738|[g:1][CONSENSUS][PBFT]checkAndChangeView: Reach consensus,org_view=71,org_changeCycle=0,cur_changeCycle=0,to_view=72
info|2019-12-18 02:57:19.113223|[g:1][CONSENSUS][SEALER]++++++++++++++++ Generating seal on,blkNum=1,tx=0,nodeIdx=0,hash=2d9a802f...
info|2019-12-18 02:57:19.147332|[g:1][CONSENSUS][PBFT]checkTimeout Succ,view=72,toView=73,nodeIdx=0,changeCycle=0,myNode=493ace4f...,timecost=2.011
info|2019-12-18 02:57:19.162617|[g:1][CONSENSUS][PBFT]checkAndChangeView: Reach consensus,org_view=72,org_changeCycle=0,cur_changeCycle=0,to_view=73
info|2019-12-18 02:57:20.179698|[g:1][CONSENSUS]addRawPrepare,height=1,reqIdx=1,hash=2478a02a...
info|2019-12-18 02:57:20.190607|[g:1][CONSENSUS][PBFT]checkTimeout Succ,view=73,toView=74,nodeIdx=0,changeCycle=0,myNode=493ace4f...,timecost=10.632
info|2019-12-18 02:57:20.226130|[P2P][Service] heartBeat,connected count=3
info|2019-12-18 02:57:20.241893|[g:1][CONSENSUS][PBFT]checkAndChangeView: Reach consensus,org_view=73,org_changeCycle=0,cur_changeCycle=0,to_view=74
info|2019-12-18 02:57:21.247577|[g:1][CONSENSUS]addRawPrepare,height=1,reqIdx=2,hash=cff9da38...
info|2019-12-18 02:57:21.284672|[g:1][CONSENSUS][PBFT]checkTimeout Succ,view=74,toView=75,nodeIdx=0,changeCycle=0,myNode=493ace4f...,timecost=12.108
info|2019-12-18 02:57:21.315684|[g:1][CONSENSUS][PBFT]checkAndChangeView: Reach consensus,org_view=74,org_changeCycle=0,cur_changeCycle=0,to_view=75
info|2019-12-18 02:57:22.314446|[g:1][CONSENSUS]addRawPrepare,height=1,reqIdx=3,hash=bb5db3ca...
info|2019-12-18 02:57:22.346332|[g:1][CONSENSUS][PBFT]checkTimeout Succ,view=75,toView=76,nodeIdx=0,changeCycle=0,myNode=493ace4f...,timecost=15.115
info|2019-12-18 02:57:22.386778|[g:1][CONSENSUS][PBFT]checkAndChangeView: Reach consensus,org_view=75,org_changeCycle=0,cur_changeCycle=0,to_view=76
info|2019-12-18 02:57:23.387627|[g:1][CONSENSUS][SEALER]++++++++++++++++ Generating seal on,blkNum=1,tx=0,nodeIdx=0,hash=8432c89a...
info|2019-12-18 02:57:23.429296|[g:1][CONSENSUS][PBFT]checkTimeout Succ,view=76,toView=77,nodeIdx=0,changeCycle=0,myNode=493ace4f...,timecost=3.077
info|2019-12-18 02:57:23.437801|[g:1][CONSENSUS][PBFT]checkAndChangeView: Reach consensus,org_view=76,org_changeCycle=0,cur_changeCycle=0,to_view=77
info|2019-12-18 02:57:24.465958|[g:1][CONSENSUS]addRawPrepare,height=1,reqIdx=1,hash=410c8638...
info|2019-12-18 02:57:24.481162|[g:1][CONSENSUS][PBFT]checkTimeout Succ,view=77,toView=78,nodeIdx=0,changeCycle=0,myNode=493ace4f...,timecost=2.067
info|2019-12-18 02:57:24.524868|[g:1][CONSENSUS][PBFT]checkAndChangeView: Reach consensus,org_view=77,org_changeCycle=0,cur_changeCycle=0,to_view=78
info|2019-12-18 02:57:25.529175|[g:1][CONSENSUS]addRawPrepare,height=1,reqIdx=2,hash=fb925aae...
info|2019-12-18 02:57:25.534174|[g:1][CONSENSUS][PBFT]checkTimeout Succ,view=78,toView=79,nodeIdx=0,changeCycle=0,myNode=493ace4f...,timecost=3.421
info|2019-12-18 02:57:25.553488|[g:1][CONSENSUS][PBFT]checkAndChangeView: Reach consensus,org_view=78,org_changeCycle=0,cur_changeCycle=0,to_view=79
info|2019-12-18 02:57:26.595366|[g:1][CONSENSUS]addRawPrepare,height=1,reqIdx=3,hash=d2e87ee9...
info|2019-12-18 02:57:26.619076|[g:1][CONSENSUS][PBFT]checkTimeout Succ,view=79,toView=80,nodeIdx=0,changeCycle=0,myNode=493ace4f...,timecost=7.042
info|2019-12-18 02:57:26.658269|[g:1][CONSENSUS][PBFT]checkAndChangeView: Reach consensus,org_view=79,org_changeCycle=0,cur_changeCycle=0,to_view=80
info|2019-12-18 02:57:27.660957|[g:1][CONSENSUS][SEALER]++++++++++++++++ Generating seal on,blkNum=1,tx=0,nodeIdx=0,hash=474ee44c...
info|2019-12-18 02:57:27.673333|[g:1][CONSENSUS][PBFT]checkTimeout Succ,view=80,toView=81,nodeIdx=0,changeCycle=0,myNode=493ace4f...,timecost=1.543
info|2019-12-18 02:57:27.709739|[g:1][CONSENSUS][PBFT]checkAndChangeView: Reach consensus,org_view=80,org_changeCycle=0,cur_changeCycle=0,to_view=81
info|2019-12-18 02:57:28.739342|[g:1][CONSENSUS]addRawPrepare,height=1,reqIdx=1,hash=648c9ac4...
info|2019-12-18 02:57:28.773886|[g:1][CONSENSUS][PBFT]checkTimeout Succ,view=81,toView=82,nodeIdx=0,changeCycle=0,myNode=493ace4f...,timecost=27.585
info|2019-12-18 02:57:28.799695|[g:1][CONSENSUS][PBFT]checkAndChangeView: Reach consensus,org_view=81,org_changeCycle=0,cur_changeCycle=0,to_view=82
info|2019-12-18 02:57:29.796971|[g:1][CONSENSUS]addRawPrepare,height=1,reqIdx=2,hash=a28c107f...
info|2019-12-18 02:57:29.803196|[g:1][CONSENSUS][PBFT]checkTimeout Succ,view=82,toView=83,nodeIdx=0,changeCycle=0,myNode=493ace4f...,timecost=1.674
info|2019-12-18 02:57:29.844076|[g:1][CONSENSUS][PBFT]checkAndChangeView: Reach consensus,org_view=82,org_changeCycle=0,cur_changeCycle=0,to_view=83
info|2019-12-18 02:57:30.227058|[P2P][Service] heartBeat,connected count=3
info|2019-12-18 02:57:30.858593|[g:1][CONSENSUS]addRawPrepare,height=1,reqIdx=3,hash=6b7a3a14...
info|2019-12-18 02:57:30.901082|[g:1][CONSENSUS][PBFT]checkTimeout Succ,view=83,toView=84,nodeIdx=0,changeCycle=0,myNode=493ace4f...,timecost=41.688
info|2019-12-18 02:57:30.919598|[g:1][CONSENSUS][PBFT]checkAndChangeView: Reach consensus,org_view=83,org_changeCycle=0,cur_changeCycle=0,to_view=84
info|2019-12-18 02:57:31.921641|[g:1][CONSENSUS][SEALER]++++++++++++++++ Generating seal on,blkNum=1,tx=0,nodeIdx=0,hash=6ecc49f5...
info|2019-12-18 02:57:31.943920|[g:1][CONSENSUS][PBFT]checkTimeout Succ,view=84,toView=85,nodeIdx=0,changeCycle=0,myNode=493ace4f...,timecost=13.298
info|2019-12-18 02:57:31.983825|[g:1][CONSENSUS][PBFT]checkAndChangeView: Reach consensus,org_view=84,org_changeCycle=0,cur_changeCycle=0,to_view=85
info|2019-12-18 02:57:33.022639|[g:1][CONSENSUS]addRawPrepare,height=1,reqIdx=1,hash=07e9731a...
info|2019-12-18 02:57:33.042612|[g:1][CONSENSUS][PBFT]checkTimeout Succ,view=85,toView=86,nodeIdx=0,changeCycle=0,myNode=493ace4f...,timecost=16.231
info|2019-12-18 02:57:33.083975|[g:1][CONSENSUS][PBFT]checkAndChangeView: Reach consensus,org_view=85,org_changeCycle=0,cur_changeCycle=0,to_view=86
info|2019-12-18 02:57:34.091910|[g:1][CONSENSUS]addRawPrepare,height=1,reqIdx=2,hash=bf9245f8...
info|2019-12-18 02:57:34.115604|[g:1][CONSENSUS][PBFT]checkTimeout Succ,view=86,toView=87,nodeIdx=0,changeCycle=0,myNode=493ace4f...,timecost=15.263
info|2019-12-18 02:57:34.169643|[g:1][CONSENSUS][PBFT]checkAndChangeView: Reach consensus,org_view=86,org_changeCycle=0,cur_changeCycle=0,to_view=87
info|2019-12-18 02:57:35.151723|[g:1][CONSENSUS]addRawPrepare,height=1,reqIdx=3,hash=089785e6...
info|2019-12-18 02:57:35.174568|[g:1][CONSENSUS][PBFT]checkTimeout Succ,view=87,toView=88,nodeIdx=0,changeCycle=0,myNode=493ace4f...,timecost=21.131
info|2019-12-18 02:57:35.193307|[g:1][CONSENSUS][PBFT]checkAndChangeView: Reach consensus,org_view=87,org_changeCycle=0,cur_changeCycle=0,to_view=88
info|2019-12-18 02:57:36.194556|[g:1][CONSENSUS][SEALER]++++++++++++++++ Generating seal on,blkNum=1,tx=0,nodeIdx=0,hash=a3cb00ae...
info|2019-12-18 02:57:36.232902|[g:1][CONSENSUS][PBFT]checkTimeout Succ,view=88,toView=89,nodeIdx=0,changeCycle=0,myNode=493ace4f...,timecost=2.302
info|2019-12-18 02:57:36.244335|[g:1][CONSENSUS][PBFT]checkAndChangeView: Reach consensus,org_view=88,org_changeCycle=0,cur_changeCycle=0,to_view=89
info|2019-12-18 02:57:37.254413|[g:1][CONSENSUS]addRawPrepare,height=1,reqIdx=1,hash=b5881dce...
info|2019-12-18 02:57:37.267116|[g:1][CONSENSUS][PBFT]checkTimeout Succ,view=89,toView=90,nodeIdx=0,changeCycle=0,myNode=493ace4f...,timecost=11.734
info|2019-12-18 02:57:37.305615|[g:1][CONSENSUS][PBFT]checkAndChangeView: Reach consensus,org_view=89,org_changeCycle=0,cur_changeCycle=0,to_view=90
info|2019-12-18 02:57:38.352799|[g:1][CONSENSUS]addRawPrepare,height=1,reqIdx=2,hash=7533155f...
info|2019-12-18 02:57:38.366960|[g:1][CONSENSUS][PBFT]checkTimeout Succ,view=90,toView=91,nodeIdx=0,changeCycle=0,myNode=493ace4f...,timecost=9.884
info|2019-12-18 02:57:38.385950|[g:1][CONSENSUS][PBFT]checkAndChangeView: Reach consensus,org_view=90,org_changeCycle=0,cur_changeCycle=0,to_view=91
info|2019-12-18 02:57:39.421240|[g:1][CONSENSUS]addRawPrepare,height=1,reqIdx=3,hash=0742b320...
info|2019-12-18 02:57:39.427519|[g:1][CONSENSUS][PBFT]checkTimeout Succ,view=91,toView=92,nodeIdx=0,changeCycle=0,myNode=493ace4f...,timecost=5.778
info|2019-12-18 02:57:39.455493|[g:1][CONSENSUS][PBFT]checkAndChangeView: Reach consensus,org_view=91,org_changeCycle=0,cur_changeCycle=0,to_view=92
info|2019-12-18 02:57:40.231066|[P2P][Service] heartBeat,connected count=3
info|2019-12-18 02:57:40.456579|[g:1][CONSENSUS][SEALER]++++++++++++++++ Generating seal on,blkNum=1,tx=0,nodeIdx=0,hash=47aec797...
info|2019-12-18 02:57:40.484769|[g:1][CONSENSUS][PBFT]checkTimeout Succ,view=92,toView=93,nodeIdx=0,changeCycle=0,myNode=493ace4f...,timecost=7.364
info|2019-12-18 02:57:40.493642|[g:1][CONSENSUS][PBFT]checkAndChangeView: Reach consensus,org_view=92,org_changeCycle=0,cur_changeCycle=0,to_view=93
info|2019-12-18 02:57:41.516231|[g:1][CONSENSUS]addRawPrepare,height=1,reqIdx=1,hash=e8160a24...
info|2019-12-18 02:57:41.525950|[g:1][CONSENSUS][PBFT]checkTimeout Succ,view=93,toView=94,nodeIdx=0,changeCycle=0,myNode=493ace4f...,timecost=4.824
info|2019-12-18 02:57:41.540915|[g:1][CONSENSUS][PBFT]checkAndChangeView: Reach consensus,org_view=93,org_changeCycle=0,cur_changeCycle=0,to_view=94
info|2019-12-18 02:57:42.589110|[g:1][CONSENSUS]addRawPrepare,height=1,reqIdx=2,hash=50e0e673...
info|2019-12-18 02:57:42.621680|[g:1][CONSENSUS][PBFT]checkTimeout Succ,view=94,toView=95,nodeIdx=0,changeCycle=0,myNode=493ace4f...,timecost=11.601
info|2019-12-18 02:57:42.641329|[g:1][CONSENSUS][PBFT]checkAndChangeView: Reach consensus,org_view=94,org_changeCycle=0,cur_changeCycle=0,to_view=95
info|2019-12-18 02:57:43.648684|[g:1][CONSENSUS]addRawPrepare,height=1,reqIdx=3,hash=e85582fd...
info|2019-12-18 02:57:43.673248|[g:1][CONSENSUS][PBFT]checkTimeout Succ,view=95,toView=96,nodeIdx=0,changeCycle=0,myNode=493ace4f...,timecost=20.186
info|2019-12-18 02:57:43.706848|[g:1][CONSENSUS][PBFT]checkAndChangeView: Reach consensus,org_view=95,org_changeCycle=0,cur_changeCycle=0,to_view=96
info|2019-12-18 02:57:44.710110|[g:1][CONSENSUS][SEALER]++++++++++++++++ Generating seal on,blkNum=1,tx=0,nodeIdx=0,hash=d7ed53e7...
info|2019-12-18 02:57:44.740720|[g:1][CONSENSUS][PBFT]checkTimeout Succ,view=96,toView=97,nodeIdx=0,changeCycle=0,myNode=493ace4f...,timecost=13.304
info|2019-12-18 02:57:44.781591|[g:1][CONSENSUS][PBFT]checkAndChangeView: Reach consensus,org_view=96,org_changeCycle=0,cur_changeCycle=0,to_view=97
info|2019-12-18 02:57:45.798564|[g:1][CONSENSUS]addRawPrepare,height=1,reqIdx=1,hash=b776f43d...
info|2019-12-18 02:57:45.801610|[g:1][CONSENSUS][PBFT]checkTimeout Succ,view=97,toView=98,nodeIdx=0,changeCycle=0,myNode=493ace4f...,timecost=2.654
info|2019-12-18 02:57:45.832112|[g:1][CONSENSUS][PBFT]checkAndChangeView: Reach consensus,org_view=97,org_changeCycle=0,cur_changeCycle=0,to_view=98
info|2019-12-18 02:57:46.847919|[g:1][CONSENSUS]addRawPrepare,height=1,reqIdx=2,hash=ed396d9d...
info|2019-12-18 02:57:46.866666|[g:1][CONSENSUS][PBFT]checkTimeout Succ,view=98,toView=99,nodeIdx=0,changeCycle=0,myNode=493ace4f...,timecost=17.382
info|2019-12-18 02:57:46.894984|[g:1][CONSENSUS][PBFT]checkAndChangeView: Reach consensus,org_view=98,org_changeCycle=0,cur_changeCycle=0,to_view=99
info|2019-12-18 02:57:47.899654|[g:1][CONSENSUS]addRawPrepare,height=1,reqIdx=3,hash=855de965...
info|2019-12-18 02:57:47.903398|[g:1][CONSENSUS][PBFT]checkTimeout Succ,view=99,toView=100,nodeIdx=0,changeCycle=0,myNode=493ace4f...,timecost=2.978
info|2019-12-18 02:57:47.949927|[g:1][CONSENSUS][PBFT]checkAndChangeView: Reach consensus,org_view=99,org_changeCycle=0,cur_changeCycle=0,to_view=100
info|2019-12-18 02:57:48.953737|[g:1][CONSENSUS][SEALER]++++++++++++++++ Generating seal on,blkNum=1,tx=0,nodeIdx=0,hash=aa9f6629...
info|2019-12-18 02:57:48.980390|[g:1][CONSENSUS][PBFT]checkTimeout Succ,view=100,toView=101,nodeIdx=0,changeCycle=0,myNode=493ace4f...,timecost=12.347
info|2019-12-18 02:57:49.008209|[g:1][CONSENSUS][PBFT]checkAndChangeView: Reach consensus,org_view=100,org_changeCycle=0,cur_changeCycle=0,to_view=101
info|2019-12-18 02:57:50.015837|[g:1][CONSENSUS]addRawPrepare,height=1,reqIdx=1,hash=8f5a9e3e...
info|2019-12-18 02:57:50.034376|[g:1][CONSENSUS][PBFT]checkTimeout Succ,view=101,toView=102,nodeIdx=0,changeCycle=0,myNode=493ace4f...,timecost=13.595
info|2019-12-18 02:57:50.069515|[g:1][CONSENSUS][PBFT]checkAndChangeView: Reach consensus,org_view=101,org_changeCycle=0,cur_changeCycle=0,to_view=102
info|2019-12-18 02:57:50.232610|[P2P][Service] heartBeat,connected count=3
info|2019-12-18 02:57:51.050105|[g:1][CONSENSUS]addRawPrepare,height=1,reqIdx=2,hash=b9298588...
info|2019-12-18 02:57:51.073726|[g:1][CONSENSUS][PBFT]checkTimeout Succ,view=102,toView=103,nodeIdx=0,changeCycle=0,myNode=493ace4f...,timecost=8.801
info|2019-12-18 02:57:51.106005|[g:1][CONSENSUS][PBFT]checkAndChangeView: Reach consensus,org_view=102,org_changeCycle=0,cur_changeCycle=0,to_view=103
info|2019-12-18 02:57:52.124663|[g:1][CONSENSUS]addRawPrepare,height=1,reqIdx=3,hash=f51a2242...
info|2019-12-18 02:57:52.147815|[g:1][CONSENSUS][PBFT]checkTimeout Succ,view=103,toView=104,nodeIdx=0,changeCycle=0,myNode=493ace4f...,timecost=20.647
info|2019-12-18 02:57:52.176102|[g:1][CONSENSUS][PBFT]checkAndChangeView: Reach consensus,org_view=103,org_changeCycle=0,cur_changeCycle=0,to_view=104
info|2019-12-18 02:57:53.177868|[g:1][CONSENSUS][SEALER]++++++++++++++++ Generating seal on,blkNum=1,tx=0,nodeIdx=0,hash=f3c21e22...
info|2019-12-18 02:57:53.195707|[g:1][CONSENSUS][PBFT]checkTimeout Succ,view=104,toView=105,nodeIdx=0,changeCycle=0,myNode=493ace4f...,timecost=3.096
info|2019-12-18 02:57:53.244943|[g:1][CONSENSUS][PBFT]checkAndChangeView: Reach consensus,org_view=104,org_changeCycle=0,cur_changeCycle=0,to_view=105
info|2019-12-18 02:57:54.267226|[g:1][CONSENSUS]addRawPrepare,height=1,reqIdx=1,hash=cdad6958...
info|2019-12-18 02:57:54.288564|[g:1][CONSENSUS][PBFT]checkTimeout Succ,view=105,toView=106,nodeIdx=0,changeCycle=0,myNode=493ace4f...,timecost=19.391
info|2019-12-18 02:57:54.318808|[g:1][CONSENSUS][PBFT]checkAndChangeView: Reach consensus,org_view=105,org_changeCycle=0,cur_changeCycle=0,to_view=106
info|2019-12-18 02:57:55.319520|[g:1][CONSENSUS]addRawPrepare,height=1,reqIdx=2,hash=65651209...
info|2019-12-18 02:57:55.334951|[g:1][CONSENSUS][PBFT]checkTimeout Succ,view=106,toView=107,nodeIdx=0,changeCycle=0,myNode=493ace4f...,timecost=15.058
info|2019-12-18 02:57:55.368273|[g:1][CONSENSUS][PBFT]checkAndChangeView: Reach consensus,org_view=106,org_changeCycle=0,cur_changeCycle=0,to_view=107
info|2019-12-18 02:57:56.343857|[g:1][CONSENSUS]addRawPrepare,height=1,reqIdx=3,hash=3aecbc0f...
info|2019-12-18 02:57:56.366582|[g:1][CONSENSUS][PBFT]checkTimeout Succ,view=107,toView=108,nodeIdx=0,changeCycle=0,myNode=493ace4f...,timecost=8.67
info|2019-12-18 02:57:56.392776|[g:1][CONSENSUS][PBFT]checkAndChangeView: Reach consensus,org_view=107,org_changeCycle=0,cur_changeCycle=0,to_view=108
info|2019-12-18 02:57:57.394589|[g:1][CONSENSUS][SEALER]++++++++++++++++ Generating seal on,blkNum=1,tx=0,nodeIdx=0,hash=88dad573...
info|2019-12-18 02:57:57.404075|[g:1][CONSENSUS][PBFT]checkTimeout Succ,view=108,toView=109,nodeIdx=0,changeCycle=0,myNode=493ace4f...,timecost=1.841
info|2019-12-18 02:57:57.452785|[g:1][CONSENSUS][PBFT]checkAndChangeView: Reach consensus,org_view=108,org_changeCycle=0,cur_changeCycle=0,to_view=109
info|2019-12-18 02:57:58.487032|[g:1][CONSENSUS]addRawPrepare,height=1,reqIdx=1,hash=6268fbb4...
info|2019-12-18 02:57:58.493245|[g:1][CONSENSUS][PBFT]checkTimeout Succ,view=109,toView=110,nodeIdx=0,changeCycle=0,myNode=493ace4f...,timecost=5.884
info|2019-12-18 02:57:58.516244|[g:1][CONSENSUS][PBFT]checkAndChangeView: Reach consensus,org_view=109,org_changeCycle=0,cur_changeCycle=0,to_view=110
info|2019-12-18 02:57:59.598834|[g:1][CONSENSUS]addRawPrepare,height=1,reqIdx=2,hash=8ddf6a8d...
info|2019-12-18 02:57:59.614832|[g:1][CONSENSUS][PBFT]checkTimeout Succ,view=110,toView=111,nodeIdx=0,changeCycle=0,myNode=493ace4f...,timecost=10.104
info|2019-12-18 02:57:59.635759|[g:1][CONSENSUS][PBFT]checkAndChangeView: Reach consensus,org_view=110,org_changeCycle=0,cur_changeCycle=0,to_view=111
info|2019-12-18 02:58:00.233383|[P2P][Service] heartBeat,connected count=3
info|2019-12-18 02:58:00.600626|[g:1][CONSENSUS]addRawPrepare,height=1,reqIdx=3,hash=6af89762...
info|2019-12-18 02:58:00.624807|[g:1][CONSENSUS][PBFT]checkTimeout Succ,view=111,toView=112,nodeIdx=0,changeCycle=0,myNode=493ace4f...,timecost=11.349
info|2019-12-18 02:58:00.661791|[g:1][CONSENSUS][PBFT]checkAndChangeView: Reach consensus,org_view=111,org_changeCycle=0,cur_changeCycle=0,to_view=112
info|2019-12-18 02:58:01.664105|[g:1][CONSENSUS][SEALER]++++++++++++++++ Generating seal on,blkNum=1,tx=0,nodeIdx=0,hash=ac92d13a...
info|2019-12-18 02:58:01.701034|[g:1][CONSENSUS][PBFT]checkTimeout Succ,view=112,toView=113,nodeIdx=0,changeCycle=0,myNode=493ace4f...,timecost=6.463
info|2019-12-18 02:58:01.722951|[g:1][CONSENSUS][PBFT]checkAndChangeView: Reach consensus,org_view=112,org_changeCycle=0,cur_changeCycle=0,to_view=113
info|2019-12-18 02:58:02.738838|[g:1][CONSENSUS]addRawPrepare,height=1,reqIdx=1,hash=6a871b9c...
info|2019-12-18 02:58:02.747022|[g:1][CONSENSUS][PBFT]checkTimeout Succ,view=113,toView=114,nodeIdx=0,changeCycle=0,myNode=493ace4f...,timecost=6.306
info|2019-12-18 02:58:02.784790|[g:1][CONSENSUS][PBFT]checkAndChangeView: Reach consensus,org_view=113,org_changeCycle=0,cur_changeCycle=0,to_view=114
info|2019-12-18 02:58:03.805910|[g:1][CONSENSUS]addRawPrepare,height=1,reqIdx=2,hash=491e1f10...
info|2019-12-18 02:58:03.844715|[g:1][CONSENSUS][PBFT]checkTimeout Succ,view=114,toView=115,nodeIdx=0,changeCycle=0,myNode=493ace4f...,timecost=22.18
info|2019-12-18 02:58:03.874596|[g:1][CONSENSUS][PBFT]checkAndChangeView: Reach consensus,org_view=114,org_changeCycle=0,cur_changeCycle=0,to_view=115
info|2019-12-18 02:58:04.895925|[g:1][CONSENSUS]addRawPrepare,height=1,reqIdx=3,hash=8654bcaf...
info|2019-12-18 02:58:04.915458|[g:1][CONSENSUS][PBFT]checkTimeout Succ,view=115,toView=116,nodeIdx=0,changeCycle=0,myNode=493ace4f...,timecost=19.208
info|2019-12-18 02:58:04.934786|[g:1][CONSENSUS][PBFT]checkAndChangeView: Reach consensus,org_view=115,org_changeCycle=0,cur_changeCycle=0,to_view=116
info|2019-12-18 02:58:05.937283|[g:1][CONSENSUS][SEALER]++++++++++++++++ Generating seal on,blkNum=1,tx=0,nodeIdx=0,hash=7e4481e9...
info|2019-12-18 02:58:05.955775|[g:1][CONSENSUS][PBFT]checkTimeout Succ,view=116,toView=117,nodeIdx=0,changeCycle=0,myNode=493ace4f...,timecost=2.237
info|2019-12-18 02:58:05.980357|[g:1][CONSENSUS][PBFT]checkAndChangeView: Reach consensus,org_view=116,org_changeCycle=0,cur_changeCycle=0,to_view=117
info|2019-12-18 02:58:07.012641|[g:1][CONSENSUS]addRawPrepare,height=1,reqIdx=1,hash=9f3b8a65...
info|2019-12-18 02:58:07.056095|[g:1][CONSENSUS][PBFT]checkTimeout Succ,view=117,toView=118,nodeIdx=0,changeCycle=0,myNode=493ace4f...,timecost=10.71
info|2019-12-18 02:58:07.090147|[g:1][CONSENSUS][PBFT]checkAndChangeView: Reach consensus,org_view=117,org_changeCycle=0,cur_changeCycle=0,to_view=118
info|2019-12-18 02:58:08.053834|[g:1][CONSENSUS]addRawPrepare,height=1,reqIdx=2,hash=44264646...
info|2019-12-18 02:58:08.057339|[g:1][CONSENSUS][PBFT]checkTimeout Succ,view=118,toView=119,nodeIdx=0,changeCycle=0,myNode=493ace4f...,timecost=1.701
info|2019-12-18 02:58:08.118333|[g:1][CONSENSUS][PBFT]checkAndChangeView: Reach consensus,org_view=118,org_changeCycle=0,cur_changeCycle=0,to_view=119
info|2019-12-18 02:58:09.113340|[g:1][CONSENSUS]addRawPrepare,height=1,reqIdx=3,hash=d4143c9b...
info|2019-12-18 02:58:09.134089|[g:1][CONSENSUS][PBFT]checkTimeout Succ,view=119,toView=120,nodeIdx=0,changeCycle=0,myNode=493ace4f...,timecost=1.582
info|2019-12-18 02:58:09.171071|[g:1][CONSENSUS][PBFT]checkAndChangeView: Reach consensus,org_view=119,org_changeCycle=0,cur_changeCycle=0,to_view=120
info|2019-12-18 02:58:10.172960|[g:1][CONSENSUS][SEALER]++++++++++++++++ Generating seal on,blkNum=1,tx=0,nodeIdx=0,hash=2ed41df8...
info|2019-12-18 02:58:10.203081|[g:1][CONSENSUS][PBFT]checkTimeout Succ,view=120,toView=121,nodeIdx=0,changeCycle=0,myNode=493ace4f...,timecost=2.629
info|2019-12-18 02:58:10.223203|[g:1][CONSENSUS][PBFT]checkAndChangeView: Reach consensus,org_view=120,org_changeCycle=0,cur_changeCycle=0,to_view=121
info|2019-12-18 02:58:10.234547|[P2P][Service] heartBeat,connected count=3
info|2019-12-18 02:58:11.265763|[g:1][CONSENSUS]addRawPrepare,height=1,reqIdx=1,hash=bc892f44...
info|2019-12-18 02:58:11.278361|[g:1][CONSENSUS][PBFT]checkTimeout Succ,view=121,toView=122,nodeIdx=0,changeCycle=0,myNode=493ace4f...,timecost=12.407
info|2019-12-18 02:58:11.306465|[g:1][CONSENSUS][PBFT]checkAndChangeView: Reach consensus,org_view=121,org_changeCycle=0,cur_changeCycle=0,to_view=122
info|2019-12-18 02:58:12.310079|[g:1][CONSENSUS]addRawPrepare,height=1,reqIdx=2,hash=b38f22f7...
info|2019-12-18 02:58:12.320419|[g:1][CONSENSUS][PBFT]checkTimeout Succ,view=122,toView=123,nodeIdx=0,changeCycle=0,myNode=493ace4f...,timecost=1.751
info|2019-12-18 02:58:12.366998|[g:1][CONSENSUS][PBFT]checkAndChangeView: Reach consensus,org_view=122,org_changeCycle=0,cur_changeCycle=0,to_view=123
info|2019-12-18 02:58:13.351187|[g:1][CONSENSUS]addRawPrepare,height=1,reqIdx=3,hash=172a1714...
info|2019-12-18 02:58:13.374787|[g:1][CONSENSUS][PBFT]checkTimeout Succ,view=123,toView=124,nodeIdx=0,changeCycle=0,myNode=493ace4f...,timecost=14.529
info|2019-12-18 02:58:13.402954|[g:1][CONSENSUS][PBFT]checkAndChangeView: Reach consensus,org_view=123,org_changeCycle=0,cur_changeCycle=0,to_view=124
info|2019-12-18 02:58:14.408084|[g:1][CONSENSUS][SEALER]++++++++++++++++ Generating seal on,blkNum=1,tx=0,nodeIdx=0,hash=37c033bc...
info|2019-12-18 02:58:14.444831|[g:1][CONSENSUS][PBFT]checkTimeout Succ,view=124,toView=125,nodeIdx=0,changeCycle=0,myNode=493ace4f...,timecost=1.527
info|2019-12-18 02:58:14.452986|[g:1][CONSENSUS][PBFT]checkAndChangeView: Reach consensus,org_view=124,org_changeCycle=0,cur_changeCycle=0,to_view=125
info|2019-12-18 02:58:15.490939|[g:1][CONSENSUS]addRawPrepare,height=1,reqIdx=1,hash=49a7a60a...
info|2019-12-18 02:58:15.493597|[g:1][CONSENSUS][PBFT]checkTimeout Succ,view=125,toView=126,nodeIdx=0,changeCycle=0,myNode=493ace4f...,timecost=2.396
info|2019-12-18 02:58:15.502410|[g:1][CONSENSUS][PBFT]checkAndChangeView: Reach consensus,org_view=125,org_changeCycle=0,cur_changeCycle=0,to_view=126
info|2019-12-18 02:58:16.532361|[g:1][CONSENSUS]addRawPrepare,height=1,reqIdx=2,hash=24a1ff6b...
info|2019-12-18 02:58:16.542907|[g:1][CONSENSUS][PBFT]checkTimeout Succ,view=126,toView=127,nodeIdx=0,changeCycle=0,myNode=493ace4f...,timecost=9.376
info|2019-12-18 02:58:16.561190|[g:1][CONSENSUS][PBFT]checkAndChangeView: Reach consensus,org_view=126,org_changeCycle=0,cur_changeCycle=0,to_view=127
info|2019-12-18 02:58:17.593996|[g:1][CONSENSUS]addRawPrepare,height=1,reqIdx=3,hash=4e0a4234...
info|2019-12-18 02:58:17.606198|[g:1][CONSENSUS][PBFT]checkTimeout Succ,view=127,toView=128,nodeIdx=0,changeCycle=0,myNode=493ace4f...,timecost=9.191
info|2019-12-18 02:58:17.638385|[g:1][CONSENSUS][PBFT]checkAndChangeView: Reach consensus,org_view=127,org_changeCycle=0,cur_changeCycle=0,to_view=128
info|2019-12-18 02:58:18.639569|[g:1][CONSENSUS][SEALER]++++++++++++++++ Generating seal on,blkNum=1,tx=0,nodeIdx=0,hash=80f86dd3...
info|2019-12-18 02:58:18.651321|[g:1][CONSENSUS][PBFT]checkTimeout Succ,view=128,toView=129,nodeIdx=0,changeCycle=0,myNode=493ace4f...,timecost=9.337
info|2019-12-18 02:58:18.679211|[g:1][CONSENSUS][PBFT]checkAndChangeView: Reach consensus,org_view=128,org_changeCycle=0,cur_changeCycle=0,to_view=129
info|2019-12-18 02:58:19.712806|[g:1][CONSENSUS]addRawPrepare,height=1,reqIdx=1,hash=822672e4...
info|2019-12-18 02:58:19.733855|[g:1][CONSENSUS][PBFT]checkTimeout Succ,view=129,toView=130,nodeIdx=0,changeCycle=0,myNode=493ace4f...,timecost=9.011
info|2019-12-18 02:58:19.773747|[g:1][CONSENSUS][PBFT]checkAndChangeView: Reach consensus,org_view=129,org_changeCycle=0,cur_changeCycle=0,to_view=130
info|2019-12-18 02:58:20.235649|[P2P][Service] heartBeat,connected count=3
info|2019-12-18 02:58:20.796334|[g:1][CONSENSUS]addRawPrepare,height=1,reqIdx=2,hash=4bc7fd62...
info|2019-12-18 02:58:20.809398|[g:1][CONSENSUS][PBFT]checkTimeout Succ,view=130,toView=131,nodeIdx=0,changeCycle=0,myNode=493ace4f...,timecost=8.517
info|2019-12-18 02:58:20.833051|[g:1][CONSENSUS][PBFT]checkAndChangeView: Reach consensus,org_view=130,org_changeCycle=0,cur_changeCycle=0,to_view=131
info|2019-12-18 02:58:21.899365|[g:1][CONSENSUS]addRawPrepare,height=1,reqIdx=3,hash=83a1919a...
info|2019-12-18 02:58:21.923660|[g:1][CONSENSUS][PBFT]checkTimeout Succ,view=131,toView=132,nodeIdx=0,changeCycle=0,myNode=493ace4f...,timecost=22.06
info|2019-12-18 02:58:22.017273|[g:1][CONSENSUS][PBFT]checkAndChangeView: Reach consensus,org_view=131,org_changeCycle=0,cur_changeCycle=0,to_view=132
info|2019-12-18 02:58:23.020115|[g:1][CONSENSUS][SEALER]++++++++++++++++ Generating seal on,blkNum=1,tx=0,nodeIdx=0,hash=5c68d90f...
info|2019-12-18 02:58:23.023470|[g:1][CONSENSUS][PBFT]checkTimeout Succ,view=132,toView=133,nodeIdx=0,changeCycle=0,myNode=493ace4f...,timecost=1.808
info|2019-12-18 02:58:23.056636|[g:1][CONSENSUS][PBFT]checkAndChangeView: Reach consensus,org_view=132,org_changeCycle=0,cur_changeCycle=0,to_view=133
info|2019-12-18 02:58:24.078998|[g:1][CONSENSUS]addRawPrepare,height=1,reqIdx=1,hash=701ff03f...
info|2019-12-18 02:58:24.080027|[g:1][CONSENSUS][PBFT]checkTimeout Succ,view=133,toView=134,nodeIdx=0,changeCycle=0,myNode=493ace4f...,timecost=0.825
info|2019-12-18 02:58:24.088947|[g:1][CONSENSUS][PBFT]checkAndChangeView: Reach consensus,org_view=133,org_changeCycle=0,cur_changeCycle=0,to_view=134
info|2019-12-18 02:58:25.103611|[g:1][CONSENSUS]addRawPrepare,height=1,reqIdx=2,hash=4c396f41...
info|2019-12-18 02:58:25.104817|[g:1][CONSENSUS][PBFT]checkTimeout Succ,view=134,toView=135,nodeIdx=0,changeCycle=0,myNode=493ace4f...,timecost=0.887
info|2019-12-18 02:58:25.122554|[g:1][CONSENSUS][PBFT]checkAndChangeView: Reach consensus,org_view=134,org_changeCycle=0,cur_changeCycle=0,to_view=135
info|2019-12-18 02:58:26.126067|[g:1][CONSENSUS]addRawPrepare,height=1,reqIdx=3,hash=2a721d1d...
info|2019-12-18 02:58:26.134863|[g:1][CONSENSUS][PBFT]checkTimeout Succ,view=135,toView=136,nodeIdx=0,changeCycle=0,myNode=493ace4f...,timecost=7.428
info|2019-12-18 02:58:26.145695|[g:1][CONSENSUS][PBFT]checkAndChangeView: Reach consensus,org_view=135,org_changeCycle=0,cur_changeCycle=0,to_view=136
info|2019-12-18 02:58:27.147931|[g:1][CONSENSUS][SEALER]++++++++++++++++ Generating seal on,blkNum=1,tx=0,nodeIdx=0,hash=3151b7dc...
info|2019-12-18 02:58:27.150155|[g:1][CONSENSUS][PBFT]checkTimeout Succ,view=136,toView=137,nodeIdx=0,changeCycle=0,myNode=493ace4f...,timecost=1.052
info|2019-12-18 02:58:27.177187|[g:1][CONSENSUS][PBFT]checkAndChangeView: Reach consensus,org_view=136,org_changeCycle=0,cur_changeCycle=0,to_view=137
info|2019-12-18 02:58:28.178761|[g:1][CONSENSUS]addRawPrepare,height=1,reqIdx=1,hash=5d3a12b2...
info|2019-12-18 02:58:28.179935|[g:1][CONSENSUS][PBFT]checkTimeout Succ,view=137,toView=138,nodeIdx=0,changeCycle=0,myNode=493ace4f...,timecost=0.541
info|2019-12-18 02:58:28.187316|[g:1][CONSENSUS][PBFT]checkAndChangeView: Reach consensus,org_view=137,org_changeCycle=0,cur_changeCycle=0,to_view=138
info|2019-12-18 02:58:29.217508|[g:1][CONSENSUS]addRawPrepare,height=1,reqIdx=2,hash=e4d2e9bb...
info|2019-12-18 02:58:29.238682|[g:1][CONSENSUS][PBFT]checkTimeout Succ,view=138,toView=139,nodeIdx=0,changeCycle=0,myNode=493ace4f...,timecost=19.937
info|2019-12-18 02:58:29.256887|[g:1][CONSENSUS][PBFT]checkAndChangeView: Reach consensus,org_view=138,org_changeCycle=0,cur_changeCycle=0,to_view=139
info|2019-12-18 02:58:30.237088|[P2P][Service] heartBeat,connected count=3
info|2019-12-18 02:58:30.257333|[g:1][CONSENSUS]addRawPrepare,height=1,reqIdx=3,hash=576d6d66...
info|2019-12-18 02:58:30.320520|[g:1][CONSENSUS][PBFT]checkTimeout Succ,view=139,toView=140,nodeIdx=0,changeCycle=0,myNode=493ace4f...,timecost=8.975
info|2019-12-18 02:58:30.367992|[g:1][CONSENSUS][PBFT]checkAndChangeView: Reach consensus,org_view=139,org_changeCycle=0,cur_changeCycle=0,to_view=140
info|2019-12-18 02:58:31.369328|[g:1][CONSENSUS][SEALER]++++++++++++++++ Generating seal on,blkNum=1,tx=0,nodeIdx=0,hash=63091a71...
info|2019-12-18 02:58:31.404469|[g:1][CONSENSUS][PBFT]checkTimeout Succ,view=140,toView=141,nodeIdx=0,changeCycle=0,myNode=493ace4f...,timecost=1.128
info|2019-12-18 02:58:31.411458|[g:1][CONSENSUS][PBFT]checkAndChangeView: Reach consensus,org_view=140,org_changeCycle=0,cur_changeCycle=0,to_view=141
info|2019-12-18 02:58:32.466963|[g:1][CONSENSUS]addRawPrepare,height=1,reqIdx=1,hash=5eb3562b...
info|2019-12-18 02:58:32.493395|[g:1][CONSENSUS][PBFT]checkTimeout Succ,view=141,toView=142,nodeIdx=0,changeCycle=0,myNode=493ace4f...,timecost=17.659
info|2019-12-18 02:58:32.528778|[g:1][CONSENSUS][PBFT]checkAndChangeView: Reach consensus,org_view=141,org_changeCycle=0,cur_changeCycle=0,to_view=142
info|2019-12-18 02:58:33.533030|[g:1][CONSENSUS]addRawPrepare,height=1,reqIdx=2,hash=464848cc...
info|2019-12-18 02:58:33.537230|[g:1][CONSENSUS][PBFT]checkTimeout Succ,view=142,toView=143,nodeIdx=0,changeCycle=0,myNode=493ace4f...,timecost=1.662
info|2019-12-18 02:58:33.586628|[g:1][CONSENSUS][PBFT]checkAndChangeView: Reach consensus,org_view=142,org_changeCycle=0,cur_changeCycle=0,to_view=143
info|2019-12-18 02:58:34.605894|[g:1][CONSENSUS]addRawPrepare,height=1,reqIdx=3,hash=fd794b5a...
info|2019-12-18 02:58:34.621571|[g:1][CONSENSUS][PBFT]checkTimeout Succ,view=143,toView=144,nodeIdx=0,changeCycle=0,myNode=493ace4f...,timecost=20.974
info|2019-12-18 02:58:34.656243|[g:1][CONSENSUS][PBFT]checkAndChangeView: Reach consensus,org_view=143,org_changeCycle=0,cur_changeCycle=0,to_view=144
info|2019-12-18 02:58:35.663110|[g:1][CONSENSUS][SEALER]++++++++++++++++ Generating seal on,blkNum=1,tx=0,nodeIdx=0,hash=3bea1b7c...
info|2019-12-18 02:58:35.712025|[g:1][CONSENSUS][PBFT]checkTimeout Succ,view=144,toView=145,nodeIdx=0,changeCycle=0,myNode=493ace4f...,timecost=3.602
info|2019-12-18 02:58:35.736119|[g:1][CONSENSUS][PBFT]checkAndChangeView: Reach consensus,org_view=144,org_changeCycle=0,cur_changeCycle=0,to_view=145
info|2019-12-18 02:58:36.792795|[g:1][CONSENSUS]addRawPrepare,height=1,reqIdx=1,hash=d380231f...
info|2019-12-18 02:58:36.803010|[g:1][CONSENSUS][PBFT]checkTimeout Succ,view=145,toView=146,nodeIdx=0,changeCycle=0,myNode=493ace4f...,timecost=1.907
info|2019-12-18 02:58:36.856953|[g:1][CONSENSUS][PBFT]checkAndChangeView: Reach consensus,org_view=145,org_changeCycle=0,cur_changeCycle=0,to_view=146
info|2019-12-18 02:58:37.878585|[g:1][CONSENSUS]addRawPrepare,height=1,reqIdx=2,hash=c71c7948...
info|2019-12-18 02:58:37.882463|[g:1][CONSENSUS][PBFT]checkTimeout Succ,view=146,toView=147,nodeIdx=0,changeCycle=0,myNode=493ace4f...,timecost=3.646
info|2019-12-18 02:58:37.893381|[g:1][CONSENSUS][PBFT]checkAndChangeView: Reach consensus,org_view=146,org_changeCycle=0,cur_changeCycle=0,to_view=147
info|2019-12-18 02:58:38.932742|[g:1][CONSENSUS]addRawPrepare,height=1,reqIdx=3,hash=e9be7beb...
info|2019-12-18 02:58:38.961916|[g:1][CONSENSUS][PBFT]checkTimeout Succ,view=147,toView=148,nodeIdx=0,changeCycle=0,myNode=493ace4f...,timecost=25.319
info|2019-12-18 02:58:38.991147|[g:1][CONSENSUS][PBFT]checkAndChangeView: Reach consensus,org_view=147,org_changeCycle=0,cur_changeCycle=0,to_view=148
info|2019-12-18 02:58:39.992082|[g:1][CONSENSUS][SEALER]++++++++++++++++ Generating seal on,blkNum=1,tx=0,nodeIdx=0,hash=ba8fa814...
info|2019-12-18 02:58:40.008203|[g:1][CONSENSUS][PBFT]checkTimeout Succ,view=148,toView=149,nodeIdx=0,changeCycle=0,myNode=493ace4f...,timecost=12.563
info|2019-12-18 02:58:40.041372|[g:1][CONSENSUS][PBFT]checkAndChangeView: Reach consensus,org_view=148,org_changeCycle=0,cur_changeCycle=0,to_view=149
info|2019-12-18 02:58:40.238113|[P2P][Service] heartBeat,connected count=3
info|2019-12-18 02:58:41.062275|[g:1][CONSENSUS]addRawPrepare,height=1,reqIdx=1,hash=6171bb0f...
info|2019-12-18 02:58:41.084674|[g:1][CONSENSUS][PBFT]checkTimeout Succ,view=149,toView=150,nodeIdx=0,changeCycle=0,myNode=493ace4f...,timecost=11.994
info|2019-12-18 02:58:41.100579|[g:1][CONSENSUS][PBFT]checkAndChangeView: Reach consensus,org_view=149,org_changeCycle=0,cur_changeCycle=0,to_view=150
info|2019-12-18 02:58:42.131611|[g:1][CONSENSUS]addRawPrepare,height=1,reqIdx=2,hash=d60468b2...
info|2019-12-18 02:58:42.145679|[g:1][CONSENSUS][PBFT]checkTimeout Succ,view=150,toView=151,nodeIdx=0,changeCycle=0,myNode=493ace4f...,timecost=13.03
info|2019-12-18 02:58:42.182968|[g:1][CONSENSUS][PBFT]checkAndChangeView: Reach consensus,org_view=150,org_changeCycle=0,cur_changeCycle=0,to_view=151
info|2019-12-18 02:58:43.206193|[g:1][CONSENSUS]addRawPrepare,height=1,reqIdx=3,hash=bd3c7e4c...
info|2019-12-18 02:58:43.226145|[g:1][CONSENSUS][PBFT]checkTimeout Succ,view=151,toView=152,nodeIdx=0,changeCycle=0,myNode=493ace4f...,timecost=12.257
info|2019-12-18 02:58:43.244241|[g:1][CONSENSUS][PBFT]checkAndChangeView: Reach consensus,org_view=151,org_changeCycle=0,cur_changeCycle=0,to_view=152
info|2019-12-18 02:58:44.247877|[g:1][CONSENSUS][SEALER]++++++++++++++++ Generating seal on,blkNum=1,tx=0,nodeIdx=0,hash=75825d0f...
info|2019-12-18 02:58:44.258437|[g:1][CONSENSUS][PBFT]checkTimeout Succ,view=152,toView=153,nodeIdx=0,changeCycle=0,myNode=493ace4f...,timecost=2.636
info|2019-12-18 02:58:44.291063|[g:1][CONSENSUS][PBFT]checkAndChangeView: Reach consensus,org_view=152,org_changeCycle=0,cur_changeCycle=0,to_view=153
info|2019-12-18 02:58:45.315061|[g:1][CONSENSUS]addRawPrepare,height=1,reqIdx=1,hash=4c315ec2...
info|2019-12-18 02:58:45.336676|[g:1][CONSENSUS][PBFT]checkTimeout Succ,view=153,toView=154,nodeIdx=0,changeCycle=0,myNode=493ace4f...,timecost=19.277
info|2019-12-18 02:58:45.384110|[g:1][CONSENSUS][PBFT]checkAndChangeView: Reach consensus,org_view=153,org_changeCycle=0,cur_changeCycle=0,to_view=154
info|2019-12-18 02:58:46.408158|[g:1][CONSENSUS]addRawPrepare,height=1,reqIdx=2,hash=580f0eb7...
info|2019-12-18 02:58:46.411919|[g:1][CONSENSUS][PBFT]checkTimeout Succ,view=154,toView=155,nodeIdx=0,changeCycle=0,myNode=493ace4f...,timecost=2.489
info|2019-12-18 02:58:46.431043|[g:1][CONSENSUS][PBFT]checkAndChangeView: Reach consensus,org_view=154,org_changeCycle=0,cur_changeCycle=0,to_view=155
info|2019-12-18 02:58:47.451855|[g:1][CONSENSUS]addRawPrepare,height=1,reqIdx=3,hash=cebf4b37...
info|2019-12-18 02:58:47.460879|[g:1][CONSENSUS][PBFT]checkTimeout Succ,view=155,toView=156,nodeIdx=0,changeCycle=0,myNode=493ace4f...,timecost=4.335
info|2019-12-18 02:58:47.493084|[g:1][CONSENSUS][PBFT]checkAndChangeView: Reach consensus,org_view=155,org_changeCycle=0,cur_changeCycle=0,to_view=156
info|2019-12-18 02:58:48.493924|[g:1][CONSENSUS][SEALER]++++++++++++++++ Generating seal on,blkNum=1,tx=0,nodeIdx=0,hash=ab1c2046...
info|2019-12-18 02:58:48.541575|[g:1][CONSENSUS][PBFT]checkTimeout Succ,view=156,toView=157,nodeIdx=0,changeCycle=0,myNode=493ace4f...,timecost=36.131
info|2019-12-18 02:58:48.554782|[g:1][CONSENSUS][PBFT]checkAndChangeView: Reach consensus,org_view=156,org_changeCycle=0,cur_changeCycle=0,to_view=157
info|2019-12-18 02:58:49.564601|[g:1][CONSENSUS]addRawPrepare,height=1,reqIdx=1,hash=aa8d81ad...
info|2019-12-18 02:58:49.572333|[g:1][CONSENSUS][PBFT]checkTimeout Succ,view=157,toView=158,nodeIdx=0,changeCycle=0,myNode=493ace4f...,timecost=4.842
info|2019-12-18 02:58:49.592957|[g:1][CONSENSUS][PBFT]checkAndChangeView: Reach consensus,org_view=157,org_changeCycle=0,cur_changeCycle=0,to_view=158
info|2019-12-18 02:58:50.239069|[P2P][Service] heartBeat,connected count=3
info|2019-12-18 02:58:50.631905|[g:1][CONSENSUS]addRawPrepare,height=1,reqIdx=2,hash=48e8b3fa...
info|2019-12-18 02:58:50.635042|[g:1][CONSENSUS][PBFT]checkTimeout Succ,view=158,toView=159,nodeIdx=0,changeCycle=0,myNode=493ace4f...,timecost=2.58
info|2019-12-18 02:58:50.656956|[g:1][CONSENSUS][PBFT]checkAndChangeView: Reach consensus,org_view=158,org_changeCycle=0,cur_changeCycle=0,to_view=159
info|2019-12-18 02:58:51.695126|[g:1][CONSENSUS]addRawPrepare,height=1,reqIdx=3,hash=aa21d80a...
info|2019-12-18 02:58:51.699674|[g:1][CONSENSUS][PBFT]checkTimeout Succ,view=159,toView=160,nodeIdx=0,changeCycle=0,myNode=493ace4f...,timecost=3.334
info|2019-12-18 02:58:51.729336|[g:1][CONSENSUS][PBFT]checkAndChangeView: Reach consensus,org_view=159,org_changeCycle=0,cur_changeCycle=0,to_view=160
info|2019-12-18 02:58:52.731168|[g:1][CONSENSUS][SEALER]++++++++++++++++ Generating seal on,blkNum=1,tx=0,nodeIdx=0,hash=b2586aad...
info|2019-12-18 02:58:52.747010|[g:1][CONSENSUS][PBFT]checkTimeout Succ,view=160,toView=161,nodeIdx=0,changeCycle=0,myNode=493ace4f...,timecost=4.321
info|2019-12-18 02:58:52.781654|[g:1][CONSENSUS][PBFT]checkAndChangeView: Reach consensus,org_view=160,org_changeCycle=0,cur_changeCycle=0,to_view=161
info|2019-12-18 02:58:53.804949|[g:1][CONSENSUS]addRawPrepare,height=1,reqIdx=1,hash=32fc5002...
info|2019-12-18 02:58:53.814167|[g:1][CONSENSUS][PBFT]checkTimeout Succ,view=161,toView=162,nodeIdx=0,changeCycle=0,myNode=493ace4f...,timecost=5.586
info|2019-12-18 02:58:53.838038|[g:1][CONSENSUS][PBFT]checkAndChangeView: Reach consensus,org_view=161,org_changeCycle=0,cur_changeCycle=0,to_view=162
info|2019-12-18 02:58:54.854477|[g:1][CONSENSUS]addRawPrepare,height=1,reqIdx=2,hash=b7d1176d...
info|2019-12-18 02:58:54.861373|[g:1][CONSENSUS][PBFT]checkTimeout Succ,view=162,toView=163,nodeIdx=0,changeCycle=0,myNode=493ace4f...,timecost=1.832
info|2019-12-18 02:58:54.912618|[g:1][CONSENSUS][PBFT]checkAndChangeView: Reach consensus,org_view=162,org_changeCycle=0,cur_changeCycle=0,to_view=163
info|2019-12-18 02:58:55.925910|[g:1][CONSENSUS]addRawPrepare,height=1,reqIdx=3,hash=aa4e95cd...
info|2019-12-18 02:58:55.940612|[g:1][CONSENSUS][PBFT]checkTimeout Succ,view=163,toView=164,nodeIdx=0,changeCycle=0,myNode=493ace4f...,timecost=14.372
info|2019-12-18 02:58:55.988959|[g:1][CONSENSUS][PBFT]checkAndChangeView: Reach consensus,org_view=163,org_changeCycle=0,cur_changeCycle=0,to_view=164
info|2019-12-18 02:58:56.991086|[g:1][CONSENSUS][SEALER]++++++++++++++++ Generating seal on,blkNum=1,tx=0,nodeIdx=0,hash=0d873358...
info|2019-12-18 02:58:57.016554|[g:1][CONSENSUS][PBFT]checkTimeout Succ,view=164,toView=165,nodeIdx=0,changeCycle=0,myNode=493ace4f...,timecost=12.315
info|2019-12-18 02:58:57.044177|[g:1][CONSENSUS][PBFT]checkAndChangeView: Reach consensus,org_view=164,org_changeCycle=0,cur_changeCycle=0,to_view=165
info|2019-12-18 02:58:58.088889|[g:1][CONSENSUS]addRawPrepare,height=1,reqIdx=1,hash=016588ae...
info|2019-12-18 02:58:58.132525|[g:1][CONSENSUS][PBFT]checkTimeout Succ,view=165,toView=166,nodeIdx=0,changeCycle=0,myNode=493ace4f...,timecost=42.364
info|2019-12-18 02:58:58.145349|[g:1][CONSENSUS][PBFT]checkAndChangeView: Reach consensus,org_view=165,org_changeCycle=0,cur_changeCycle=0,to_view=166
info|2019-12-18 02:58:59.148450|[g:1][CONSENSUS]addRawPrepare,height=1,reqIdx=2,hash=6735b661...
info|2019-12-18 02:58:59.156435|[g:1][CONSENSUS][PBFT]checkTimeout Succ,view=166,toView=167,nodeIdx=0,changeCycle=0,myNode=493ace4f...,timecost=5.085
info|2019-12-18 02:58:59.201057|[g:1][CONSENSUS][PBFT]checkAndChangeView: Reach consensus,org_view=166,org_changeCycle=0,cur_changeCycle=0,to_view=167
info|2019-12-18 02:59:00.232715|[g:1][CONSENSUS]addRawPrepare,height=1,reqIdx=3,hash=496d8c40...
info|2019-12-18 02:59:00.237700|[g:1][CONSENSUS][PBFT]checkTimeout Succ,view=167,toView=168,nodeIdx=0,changeCycle=0,myNode=493ace4f...,timecost=2.784
info|2019-12-18 02:59:00.240017|[P2P][Service] heartBeat,connected count=3
info|2019-12-18 02:59:00.275978|[g:1][CONSENSUS][PBFT]checkAndChangeView: Reach consensus,org_view=167,org_changeCycle=0,cur_changeCycle=0,to_view=168
info|2019-12-18 02:59:01.277038|[g:1][CONSENSUS][SEALER]++++++++++++++++ Generating seal on,blkNum=1,tx=0,nodeIdx=0,hash=2a001d9b...
info|2019-12-18 02:59:01.294814|[g:1][CONSENSUS][PBFT]checkTimeout Succ,view=168,toView=169,nodeIdx=0,changeCycle=0,myNode=493ace4f...,timecost=8.082
info|2019-12-18 02:59:01.334782|[g:1][CONSENSUS][PBFT]checkAndChangeView: Reach consensus,org_view=168,org_changeCycle=0,cur_changeCycle=0,to_view=169
info|2019-12-18 02:59:02.361615|[g:1][CONSENSUS]addRawPrepare,height=1,reqIdx=1,hash=135d2b34...
info|2019-12-18 02:59:02.379278|[g:1][CONSENSUS][PBFT]checkTimeout Succ,view=169,toView=170,nodeIdx=0,changeCycle=0,myNode=493ace4f...,timecost=12.394
info|2019-12-18 02:59:02.399517|[g:1][CONSENSUS][PBFT]checkAndChangeView: Reach consensus,org_view=169,org_changeCycle=0,cur_changeCycle=0,to_view=170
info|2019-12-18 02:59:03.416439|[g:1][CONSENSUS]addRawPrepare,height=1,reqIdx=2,hash=7defd677...
info|2019-12-18 02:59:03.424580|[g:1][CONSENSUS][PBFT]checkTimeout Succ,view=170,toView=171,nodeIdx=0,changeCycle=0,myNode=493ace4f...,timecost=2.109
info|2019-12-18 02:59:03.452651|[g:1][CONSENSUS][PBFT]checkAndChangeView: Reach consensus,org_view=170,org_changeCycle=0,cur_changeCycle=0,to_view=171
info|2019-12-18 02:59:04.466859|[g:1][CONSENSUS]addRawPrepare,height=1,reqIdx=3,hash=e2dbb443...
info|2019-12-18 02:59:04.477843|[g:1][CONSENSUS][PBFT]checkTimeout Succ,view=171,toView=172,nodeIdx=0,changeCycle=0,myNode=493ace4f...,timecost=4.688
info|2019-12-18 02:59:04.494010|[g:1][CONSENSUS][PBFT]checkAndChangeView: Reach consensus,org_view=171,org_changeCycle=0,cur_changeCycle=0,to_view=172
info|2019-12-18 02:59:05.495791|[g:1][CONSENSUS][SEALER]++++++++++++++++ Generating seal on,blkNum=1,tx=0,nodeIdx=0,hash=98367c67...
info|2019-12-18 02:59:05.509042|[g:1][CONSENSUS][PBFT]checkTimeout Succ,view=172,toView=173,nodeIdx=0,changeCycle=0,myNode=493ace4f...,timecost=2.295
info|2019-12-18 02:59:05.550846|[g:1][CONSENSUS][PBFT]checkAndChangeView: Reach consensus,org_view=172,org_changeCycle=0,cur_changeCycle=0,to_view=173
info|2019-12-18 02:59:06.583884|[g:1][CONSENSUS]addRawPrepare,height=1,reqIdx=1,hash=94798d1a...
info|2019-12-18 02:59:06.594491|[g:1][CONSENSUS][PBFT]checkTimeout Succ,view=173,toView=174,nodeIdx=0,changeCycle=0,myNode=493ace4f...,timecost=9.982
info|2019-12-18 02:59:06.611577|[g:1][CONSENSUS][PBFT]checkAndChangeView: Reach consensus,org_view=173,org_changeCycle=0,cur_changeCycle=0,to_view=174
info|2019-12-18 02:59:07.645712|[g:1][CONSENSUS]addRawPrepare,height=1,reqIdx=2,hash=4b51a46d...
info|2019-12-18 02:59:07.665289|[g:1][CONSENSUS][PBFT]checkTimeout Succ,view=174,toView=175,nodeIdx=0,changeCycle=0,myNode=493ace4f...,timecost=11.946
info|2019-12-18 02:59:07.693559|[g:1][CONSENSUS][PBFT]checkAndChangeView: Reach consensus,org_view=174,org_changeCycle=0,cur_changeCycle=0,to_view=175
info|2019-12-18 02:59:08.731621|[g:1][CONSENSUS]addRawPrepare,height=1,reqIdx=3,hash=3f77211e...
info|2019-12-18 02:59:08.737804|[g:1][CONSENSUS][PBFT]checkTimeout Succ,view=175,toView=176,nodeIdx=0,changeCycle=0,myNode=493ace4f...,timecost=4.52
info|2019-12-18 02:59:08.782292|[g:1][CONSENSUS][PBFT]checkAndChangeView: Reach consensus,org_view=175,org_changeCycle=0,cur_changeCycle=0,to_view=176
info|2019-12-18 02:59:09.788376|[g:1][CONSENSUS][SEALER]++++++++++++++++ Generating seal on,blkNum=1,tx=0,nodeIdx=0,hash=153c0e7c...
info|2019-12-18 02:59:09.796646|[g:1][CONSENSUS][PBFT]checkTimeout Succ,view=176,toView=177,nodeIdx=0,changeCycle=0,myNode=493ace4f...,timecost=1.941
info|2019-12-18 02:59:09.824390|[g:1][CONSENSUS][PBFT]checkAndChangeView: Reach consensus,org_view=176,org_changeCycle=0,cur_changeCycle=0,to_view=177
info|2019-12-18 02:59:10.240275|[P2P][Service] heartBeat,connected count=3
info|2019-12-18 02:59:10.873094|[g:1][CONSENSUS]addRawPrepare,height=1,reqIdx=1,hash=e0adda22...
info|2019-12-18 02:59:10.895806|[g:1][CONSENSUS][PBFT]checkTimeout Succ,view=177,toView=178,nodeIdx=0,changeCycle=0,myNode=493ace4f...,timecost=8.624
info|2019-12-18 02:59:10.920835|[g:1][CONSENSUS][PBFT]checkAndChangeView: Reach consensus,org_view=177,org_changeCycle=0,cur_changeCycle=0,to_view=178
info|2019-12-18 02:59:11.914922|[g:1][CONSENSUS]addRawPrepare,height=1,reqIdx=2,hash=f7b52345...
info|2019-12-18 02:59:11.950561|[g:1][CONSENSUS][PBFT]checkTimeout Succ,view=178,toView=179,nodeIdx=0,changeCycle=0,myNode=493ace4f...,timecost=16.618
info|2019-12-18 02:59:11.985966|[g:1][CONSENSUS][PBFT]checkAndChangeView: Reach consensus,org_view=178,org_changeCycle=0,cur_changeCycle=0,to_view=179
info|2019-12-18 02:59:13.000350|[g:1][CONSENSUS]addRawPrepare,height=1,reqIdx=3,hash=d92cbde4...
info|2019-12-18 02:59:13.048987|[g:1][CONSENSUS][PBFT]checkTimeout Succ,view=179,toView=180,nodeIdx=0,changeCycle=0,myNode=493ace4f...,timecost=35.995
info|2019-12-18 02:59:13.080877|[g:1][CONSENSUS][PBFT]checkAndChangeView: Reach consensus,org_view=179,org_changeCycle=0,cur_changeCycle=0,to_view=180
info|2019-12-18 02:59:14.083054|[g:1][CONSENSUS][SEALER]++++++++++++++++ Generating seal on,blkNum=1,tx=0,nodeIdx=0,hash=9879901a...
info|2019-12-18 02:59:14.130228|[g:1][CONSENSUS][PBFT]checkTimeout Succ,view=180,toView=181,nodeIdx=0,changeCycle=0,myNode=493ace4f...,timecost=2.592
info|2019-12-18 02:59:14.165275|[g:1][CONSENSUS][PBFT]checkAndChangeView: Reach consensus,org_view=180,org_changeCycle=0,cur_changeCycle=0,to_view=181
info|2019-12-18 02:59:15.173190|[g:1][CONSENSUS]addRawPrepare,height=1,reqIdx=1,hash=5732172f...
info|2019-12-18 02:59:15.184018|[g:1][CONSENSUS][PBFT]checkTimeout Succ,view=181,toView=182,nodeIdx=0,changeCycle=0,myNode=493ace4f...,timecost=10.537
info|2019-12-18 02:59:15.216627|[g:1][CONSENSUS][PBFT]checkAndChangeView: Reach consensus,org_view=181,org_changeCycle=0,cur_changeCycle=0,to_view=182
info|2019-12-18 02:59:16.247382|[g:1][CONSENSUS]addRawPrepare,height=1,reqIdx=2,hash=bf526de1...
info|2019-12-18 02:59:16.276543|[g:1][CONSENSUS][PBFT]checkTimeout Succ,view=182,toView=183,nodeIdx=0,changeCycle=0,myNode=493ace4f...,timecost=16.158
info|2019-12-18 02:59:16.300988|[g:1][CONSENSUS][PBFT]checkAndChangeView: Reach consensus,org_view=182,org_changeCycle=0,cur_changeCycle=0,to_view=183
info|2019-12-18 02:59:17.296074|[g:1][CONSENSUS]addRawPrepare,height=1,reqIdx=3,hash=7eb48e19...
info|2019-12-18 02:59:17.315552|[g:1][CONSENSUS][PBFT]checkTimeout Succ,view=183,toView=184,nodeIdx=0,changeCycle=0,myNode=493ace4f...,timecost=17.774
info|2019-12-18 02:59:17.326114|[g:1][CONSENSUS][PBFT]checkAndChangeView: Reach consensus,org_view=183,org_changeCycle=0,cur_changeCycle=0,to_view=184
info|2019-12-18 02:59:18.351419|[g:1][CONSENSUS][SEALER]++++++++++++++++ Generating seal on,blkNum=1,tx=0,nodeIdx=0,hash=556eba64...
info|2019-12-18 02:59:18.372202|[g:1][CONSENSUS][PBFT]checkTimeout Succ,view=184,toView=185,nodeIdx=0,changeCycle=0,myNode=493ace4f...,timecost=2.449
info|2019-12-18 02:59:18.388117|[g:1][CONSENSUS][PBFT]checkAndChangeView: Reach consensus,org_view=184,org_changeCycle=0,cur_changeCycle=0,to_view=185
info|2019-12-18 02:59:19.406882|[g:1][CONSENSUS]addRawPrepare,height=1,reqIdx=1,hash=510b6ffd...
info|2019-12-18 02:59:19.422292|[g:1][CONSENSUS][PBFT]checkTimeout Succ,view=185,toView=186,nodeIdx=0,changeCycle=0,myNode=493ace4f...,timecost=15.187
info|2019-12-18 02:59:19.455841|[g:1][CONSENSUS][PBFT]checkAndChangeView: Reach consensus,org_view=185,org_changeCycle=0,cur_changeCycle=0,to_view=186
info|2019-12-18 02:59:20.241011|[P2P][Service] heartBeat,connected count=3
info|2019-12-18 02:59:20.475053|[g:1][CONSENSUS]addRawPrepare,height=1,reqIdx=2,hash=609fc819...
info|2019-12-18 02:59:20.497529|[g:1][CONSENSUS][PBFT]checkTimeout Succ,view=186,toView=187,nodeIdx=0,changeCycle=0,myNode=493ace4f...,timecost=12.614
info|2019-12-18 02:59:20.523350|[g:1][CONSENSUS][PBFT]checkAndChangeView: Reach consensus,org_view=186,org_changeCycle=0,cur_changeCycle=0,to_view=187
info|2019-12-18 02:59:21.558953|[g:1][CONSENSUS]addRawPrepare,height=1,reqIdx=3,hash=da33fc4d...
info|2019-12-18 02:59:21.566771|[g:1][CONSENSUS][PBFT]checkTimeout Succ,view=187,toView=188,nodeIdx=0,changeCycle=0,myNode=493ace4f...,timecost=3.401
info|2019-12-18 02:59:21.590563|[g:1][CONSENSUS][PBFT]checkAndChangeView: Reach consensus,org_view=187,org_changeCycle=0,cur_changeCycle=0,to_view=188
info|2019-12-18 02:59:22.598614|[g:1][CONSENSUS][SEALER]++++++++++++++++ Generating seal on,blkNum=1,tx=0,nodeIdx=0,hash=b994e81f...
info|2019-12-18 02:59:22.633000|[g:1][CONSENSUS][PBFT]checkTimeout Succ,view=188,toView=189,nodeIdx=0,changeCycle=0,myNode=493ace4f...,timecost=1.46
info|2019-12-18 02:59:22.648003|[g:1][CONSENSUS][PBFT]checkAndChangeView: Reach consensus,org_view=188,org_changeCycle=0,cur_changeCycle=0,to_view=189
info|2019-12-18 02:59:23.681975|[g:1][CONSENSUS]addRawPrepare,height=1,reqIdx=1,hash=3aca0995...
info|2019-12-18 02:59:23.701763|[g:1][CONSENSUS][PBFT]checkTimeout Succ,view=189,toView=190,nodeIdx=0,changeCycle=0,myNode=493ace4f...,timecost=8.925
info|2019-12-18 02:59:23.755576|[g:1][CONSENSUS][PBFT]checkAndChangeView: Reach consensus,org_view=189,org_changeCycle=0,cur_changeCycle=0,to_view=190
info|2019-12-18 02:59:24.819162|[g:1][CONSENSUS]addRawPrepare,height=1,reqIdx=2,hash=11f7e5c8...
info|2019-12-18 02:59:24.835567|[g:1][CONSENSUS][PBFT]checkTimeout Succ,view=190,toView=191,nodeIdx=0,changeCycle=0,myNode=493ace4f...,timecost=15.926
info|2019-12-18 02:59:24.853007|[g:1][CONSENSUS][PBFT]checkAndChangeView: Reach consensus,org_view=190,org_changeCycle=0,cur_changeCycle=0,to_view=191
info|2019-12-18 02:59:25.821772|[g:1][CONSENSUS]addRawPrepare,height=1,reqIdx=3,hash=fe4632c0...
info|2019-12-18 02:59:25.859074|[g:1][CONSENSUS][PBFT]checkTimeout Succ,view=191,toView=192,nodeIdx=0,changeCycle=0,myNode=493ace4f...,timecost=30.689
info|2019-12-18 02:59:25.893694|[g:1][CONSENSUS][PBFT]checkAndChangeView: Reach consensus,org_view=191,org_changeCycle=0,cur_changeCycle=0,to_view=192
info|2019-12-18 02:59:26.894228|[g:1][CONSENSUS][SEALER]++++++++++++++++ Generating seal on,blkNum=1,tx=0,nodeIdx=0,hash=ecb3f53a...
info|2019-12-18 02:59:26.945004|[g:1][CONSENSUS][PBFT]checkTimeout Succ,view=192,toView=193,nodeIdx=0,changeCycle=0,myNode=493ace4f...,timecost=37.634
info|2019-12-18 02:59:26.974105|[g:1][CONSENSUS][PBFT]checkAndChangeView: Reach consensus,org_view=192,org_changeCycle=0,cur_changeCycle=0,to_view=193
info|2019-12-18 02:59:27.974928|[g:1][CONSENSUS]addRawPrepare,height=1,reqIdx=1,hash=4520fb6c...
info|2019-12-18 02:59:27.991518|[g:1][CONSENSUS][PBFT]checkTimeout Succ,view=193,toView=194,nodeIdx=0,changeCycle=0,myNode=493ace4f...,timecost=16.239
info|2019-12-18 02:59:28.033670|[g:1][CONSENSUS][PBFT]checkAndChangeView: Reach consensus,org_view=193,org_changeCycle=0,cur_changeCycle=0,to_view=194
info|2019-12-18 02:59:29.037961|[g:1][CONSENSUS]addRawPrepare,height=1,reqIdx=2,hash=7f496fc3...
info|2019-12-18 02:59:29.045531|[g:1][CONSENSUS][PBFT]checkTimeout Succ,view=194,toView=195,nodeIdx=0,changeCycle=0,myNode=493ace4f...,timecost=6.452
info|2019-12-18 02:59:29.054809|[g:1][CONSENSUS][PBFT]checkAndChangeView: Reach consensus,org_view=194,org_changeCycle=0,cur_changeCycle=0,to_view=195
info|2019-12-18 02:59:30.088860|[g:1][CONSENSUS]addRawPrepare,height=1,reqIdx=3,hash=f13117da...
info|2019-12-18 02:59:30.099308|[g:1][CONSENSUS][PBFT]checkTimeout Succ,view=195,toView=196,nodeIdx=0,changeCycle=0,myNode=493ace4f...,timecost=7.609
info|2019-12-18 02:59:30.123222|[g:1][CONSENSUS][PBFT]checkAndChangeView: Reach consensus,org_view=195,org_changeCycle=0,cur_changeCycle=0,to_view=196
info|2019-12-18 02:59:30.241908|[P2P][Service] heartBeat,connected count=3
info|2019-12-18 02:59:31.125016|[g:1][CONSENSUS][SEALER]++++++++++++++++ Generating seal on,blkNum=1,tx=0,nodeIdx=0,hash=e024cad7...
info|2019-12-18 02:59:31.137237|[g:1][CONSENSUS][PBFT]checkTimeout Succ,view=196,toView=197,nodeIdx=0,changeCycle=0,myNode=493ace4f...,timecost=2.41
info|2019-12-18 02:59:31.180561|[g:1][CONSENSUS][PBFT]checkAndChangeView: Reach consensus,org_view=196,org_changeCycle=0,cur_changeCycle=0,to_view=197
info|2019-12-18 02:59:32.220883|[g:1][CONSENSUS]addRawPrepare,height=1,reqIdx=1,hash=aebf47c7...
info|2019-12-18 02:59:32.243931|[g:1][CONSENSUS][PBFT]checkTimeout Succ,view=197,toView=198,nodeIdx=0,changeCycle=0,myNode=493ace4f...,timecost=21.734
info|2019-12-18 02:59:32.279176|[g:1][CONSENSUS][PBFT]checkAndChangeView: Reach consensus,org_view=197,org_changeCycle=0,cur_changeCycle=0,to_view=198
info|2019-12-18 02:59:33.302566|[g:1][CONSENSUS]addRawPrepare,height=1,reqIdx=2,hash=eb885750...
info|2019-12-18 02:59:33.326817|[g:1][CONSENSUS][PBFT]checkTimeout Succ,view=198,toView=199,nodeIdx=0,changeCycle=0,myNode=493ace4f...,timecost=23.363
info|2019-12-18 02:59:33.346925|[g:1][CONSENSUS][PBFT]checkAndChangeView: Reach consensus,org_view=198,org_changeCycle=0,cur_changeCycle=0,to_view=199
info|2019-12-18 02:59:34.363964|[g:1][CONSENSUS]addRawPrepare,height=1,reqIdx=3,hash=b1001e67...
info|2019-12-18 02:59:34.368589|[g:1][CONSENSUS][PBFT]checkTimeout Succ,view=199,toView=200,nodeIdx=0,changeCycle=0,myNode=493ace4f...,timecost=3.585
info|2019-12-18 02:59:34.395530|[g:1][CONSENSUS][PBFT]checkAndChangeView: Reach consensus,org_view=199,org_changeCycle=0,cur_changeCycle=0,to_view=200
info|2019-12-18 02:59:35.398932|[g:1][CONSENSUS][SEALER]++++++++++++++++ Generating seal on,blkNum=1,tx=0,nodeIdx=0,hash=9cf13d8b...
info|2019-12-18 02:59:35.432619|[g:1][CONSENSUS][PBFT]checkTimeout Succ,view=200,toView=201,nodeIdx=0,changeCycle=0,myNode=493ace4f...,timecost=5.93
info|2019-12-18 02:59:35.452810|[g:1][CONSENSUS][PBFT]checkAndChangeView: Reach consensus,org_view=200,org_changeCycle=0,cur_changeCycle=0,to_view=201
info|2019-12-18 02:59:36.463107|[g:1][CONSENSUS]addRawPrepare,height=1,reqIdx=1,hash=2112b421...
info|2019-12-18 02:59:36.470776|[g:1][CONSENSUS][PBFT]checkTimeout Succ,view=201,toView=202,nodeIdx=0,changeCycle=0,myNode=493ace4f...,timecost=4.239
info|2019-12-18 02:59:36.484183|[g:1][CONSENSUS][PBFT]checkAndChangeView: Reach consensus,org_view=201,org_changeCycle=0,cur_changeCycle=0,to_view=202
info|2019-12-18 02:59:37.507347|[g:1][CONSENSUS]addRawPrepare,height=1,reqIdx=2,hash=7cd0f30f...
info|2019-12-18 02:59:37.522920|[g:1][CONSENSUS][PBFT]checkTimeout Succ,view=202,toView=203,nodeIdx=0,changeCycle=0,myNode=493ace4f...,timecost=7.231
info|2019-12-18 02:59:37.559470|[g:1][CONSENSUS][PBFT]checkAndChangeView: Reach consensus,org_view=202,org_changeCycle=0,cur_changeCycle=0,to_view=203
info|2019-12-18 02:59:38.579823|[g:1][CONSENSUS]addRawPrepare,height=1,reqIdx=3,hash=075c5945...
info|2019-12-18 02:59:38.584453|[g:1][CONSENSUS][PBFT]checkTimeout Succ,view=203,toView=204,nodeIdx=0,changeCycle=0,myNode=493ace4f...,timecost=3.706
info|2019-12-18 02:59:38.620087|[g:1][CONSENSUS][PBFT]checkAndChangeView: Reach consensus,org_view=203,org_changeCycle=0,cur_changeCycle=0,to_view=204
info|2019-12-18 02:59:39.622821|[g:1][CONSENSUS][SEALER]++++++++++++++++ Generating seal on,blkNum=1,tx=0,nodeIdx=0,hash=642774ae...
info|2019-12-18 02:59:39.646502|[g:1][CONSENSUS][PBFT]checkTimeout Succ,view=204,toView=205,nodeIdx=0,changeCycle=0,myNode=493ace4f...,timecost=13.882
info|2019-12-18 02:59:39.670071|[g:1][CONSENSUS][PBFT]checkAndChangeView: Reach consensus,org_view=204,org_changeCycle=0,cur_changeCycle=0,to_view=205
info|2019-12-18 02:59:40.242909|[P2P][Service] heartBeat,connected count=3
info|2019-12-18 02:59:40.703141|[g:1][CONSENSUS]addRawPrepare,height=1,reqIdx=1,hash=63ac53c9...
info|2019-12-18 02:59:40.717831|[g:1][CONSENSUS][PBFT]checkTimeout Succ,view=205,toView=206,nodeIdx=0,changeCycle=0,myNode=493ace4f...,timecost=14.365
info|2019-12-18 02:59:40.761177|[g:1][CONSENSUS][PBFT]checkAndChangeView: Reach consensus,org_view=205,org_changeCycle=0,cur_changeCycle=0,to_view=206
info|2019-12-18 02:59:41.737130|[g:1][CONSENSUS]addRawPrepare,height=1,reqIdx=2,hash=407fed99...
info|2019-12-18 02:59:41.776083|[g:1][CONSENSUS][PBFT]checkTimeout Succ,view=206,toView=207,nodeIdx=0,changeCycle=0,myNode=493ace4f...,timecost=27.407
info|2019-12-18 02:59:41.800964|[g:1][CONSENSUS][PBFT]checkAndChangeView: Reach consensus,org_view=206,org_changeCycle=0,cur_changeCycle=0,to_view=207
info|2019-12-18 02:59:42.823506|[g:1][CONSENSUS]addRawPrepare,height=1,reqIdx=3,hash=c3180a7a...
info|2019-12-18 02:59:42.845789|[g:1][CONSENSUS][PBFT]checkTimeout Succ,view=207,toView=208,nodeIdx=0,changeCycle=0,myNode=493ace4f...,timecost=8.919
info|2019-12-18 02:59:42.860258|[g:1][CONSENSUS][PBFT]checkAndChangeView: Reach consensus,org_view=207,org_changeCycle=0,cur_changeCycle=0,to_view=208
info|2019-12-18 02:59:43.861047|[g:1][CONSENSUS][SEALER]++++++++++++++++ Generating seal on,blkNum=1,tx=0,nodeIdx=0,hash=6a49a490...
info|2019-12-18 02:59:43.885082|[g:1][CONSENSUS][PBFT]checkTimeout Succ,view=208,toView=209,nodeIdx=0,changeCycle=0,myNode=493ace4f...,timecost=10.463
info|2019-12-18 02:59:43.941056|[g:1][CONSENSUS][PBFT]checkAndChangeView: Reach consensus,org_view=208,org_changeCycle=0,cur_changeCycle=0,to_view=209
info|2019-12-18 02:59:44.966107|[g:1][CONSENSUS]addRawPrepare,height=1,reqIdx=1,hash=1cd598ad...
info|2019-12-18 02:59:44.975635|[g:1][CONSENSUS][PBFT]checkTimeout Succ,view=209,toView=210,nodeIdx=0,changeCycle=0,myNode=493ace4f...,timecost=7.135
info|2019-12-18 02:59:44.986479|[g:1][CONSENSUS][PBFT]checkAndChangeView: Reach consensus,org_view=209,org_changeCycle=0,cur_changeCycle=0,to_view=210
info|2019-12-18 02:59:46.038782|[g:1][CONSENSUS]addRawPrepare,height=1,reqIdx=2,hash=367430f5...
info|2019-12-18 02:59:46.060210|[g:1][CONSENSUS][PBFT]checkTimeout Succ,view=210,toView=211,nodeIdx=0,changeCycle=0,myNode=493ace4f...,timecost=19.677
info|2019-12-18 02:59:46.077967|[g:1][CONSENSUS][PBFT]checkAndChangeView: Reach consensus,org_view=210,org_changeCycle=0,cur_changeCycle=0,to_view=211
info|2019-12-18 02:59:47.104925|[g:1][CONSENSUS]addRawPrepare,height=1,reqIdx=3,hash=a897a473...
info|2019-12-18 02:59:47.118978|[g:1][CONSENSUS][PBFT]checkTimeout Succ,view=211,toView=212,nodeIdx=0,changeCycle=0,myNode=493ace4f...,timecost=6.891
info|2019-12-18 02:59:47.140579|[g:1][CONSENSUS][PBFT]checkAndChangeView: Reach consensus,org_view=211,org_changeCycle=0,cur_changeCycle=0,to_view=212
info|2019-12-18 02:59:48.142272|[g:1][CONSENSUS][SEALER]++++++++++++++++ Generating seal on,blkNum=1,tx=0,nodeIdx=0,hash=006afd36...
info|2019-12-18 02:59:48.147772|[g:1][CONSENSUS][PBFT]checkTimeout Succ,view=212,toView=213,nodeIdx=0,changeCycle=0,myNode=493ace4f...,timecost=3.308
info|2019-12-18 02:59:48.181866|[g:1][CONSENSUS][PBFT]checkAndChangeView: Reach consensus,org_view=212,org_changeCycle=0,cur_changeCycle=0,to_view=213
info|2019-12-18 02:59:49.220549|[g:1][CONSENSUS]addRawPrepare,height=1,reqIdx=1,hash=df1c0550...
info|2019-12-18 02:59:49.242914|[g:1][CONSENSUS][PBFT]checkTimeout Succ,view=213,toView=214,nodeIdx=0,changeCycle=0,myNode=493ace4f...,timecost=21.615
info|2019-12-18 02:59:49.261553|[g:1][CONSENSUS][PBFT]checkAndChangeView: Reach consensus,org_view=213,org_changeCycle=0,cur_changeCycle=0,to_view=214
info|2019-12-18 02:59:50.244000|[P2P][Service] heartBeat,connected count=3
info|2019-12-18 02:59:50.256558|[g:1][CONSENSUS]addRawPrepare,height=1,reqIdx=2,hash=b394573b...
info|2019-12-18 02:59:50.266230|[g:1][CONSENSUS][PBFT]checkTimeout Succ,view=214,toView=215,nodeIdx=0,changeCycle=0,myNode=493ace4f...,timecost=8.818
info|2019-12-18 02:59:50.309077|[g:1][CONSENSUS][PBFT]checkAndChangeView: Reach consensus,org_view=214,org_changeCycle=0,cur_changeCycle=0,to_view=215
info|2019-12-18 02:59:51.307087|[g:1][CONSENSUS]addRawPrepare,height=1,reqIdx=3,hash=8a84bf6c...
info|2019-12-18 02:59:51.310177|[g:1][CONSENSUS][PBFT]checkTimeout Succ,view=215,toView=216,nodeIdx=0,changeCycle=0,myNode=493ace4f...,timecost=2.446
info|2019-12-18 02:59:51.327717|[g:1][CONSENSUS][PBFT]checkAndChangeView: Reach consensus,org_view=215,org_changeCycle=0,cur_changeCycle=0,to_view=216
info|2019-12-18 02:59:52.327915|[g:1][CONSENSUS][SEALER]++++++++++++++++ Generating seal on,blkNum=1,tx=0,nodeIdx=0,hash=43b76a0f...
info|2019-12-18 02:59:52.332897|[g:1][CONSENSUS][PBFT]checkTimeout Succ,view=216,toView=217,nodeIdx=0,changeCycle=0,myNode=493ace4f...,timecost=1.836
info|2019-12-18 02:59:52.368227|[g:1][CONSENSUS][PBFT]checkAndChangeView: Reach consensus,org_view=216,org_changeCycle=0,cur_changeCycle=0,to_view=217
info|2019-12-18 02:59:53.404095|[g:1][CONSENSUS]addRawPrepare,height=1,reqIdx=1,hash=9751e34d...
info|2019-12-18 02:59:53.440312|[g:1][CONSENSUS][PBFT]checkTimeout Succ,view=217,toView=218,nodeIdx=0,changeCycle=0,myNode=493ace4f...,timecost=35.266
info|2019-12-18 02:59:53.477623|[g:1][CONSENSUS][PBFT]checkAndChangeView: Reach consensus,org_view=217,org_changeCycle=0,cur_changeCycle=0,to_view=218
info|2019-12-18 02:59:54.482695|[g:1][CONSENSUS]addRawPrepare,height=1,reqIdx=2,hash=1df4c2c5...
info|2019-12-18 02:59:54.522587|[g:1][CONSENSUS][PBFT]checkTimeout Succ,view=218,toView=219,nodeIdx=0,changeCycle=0,myNode=493ace4f...,timecost=16.393
info|2019-12-18 02:59:54.533785|[g:1][CONSENSUS][PBFT]checkAndChangeView: Reach consensus,org_view=218,org_changeCycle=0,cur_changeCycle=0,to_view=219
info|2019-12-18 02:59:55.514881|[g:1][CONSENSUS]addRawPrepare,height=1,reqIdx=3,hash=f049d92f...
info|2019-12-18 02:59:55.524808|[g:1][CONSENSUS][PBFT]checkTimeout Succ,view=219,toView=220,nodeIdx=0,changeCycle=0,myNode=493ace4f...,timecost=2.65
info|2019-12-18 02:59:55.532661|[g:1][CONSENSUS][PBFT]checkAndChangeView: Reach consensus,org_view=219,org_changeCycle=0,cur_changeCycle=0,to_view=220
info|2019-12-18 02:59:56.534337|[g:1][CONSENSUS][SEALER]++++++++++++++++ Generating seal on,blkNum=1,tx=0,nodeIdx=0,hash=1441acf4...
info|2019-12-18 02:59:56.563591|[g:1][CONSENSUS][PBFT]checkTimeout Succ,view=220,toView=221,nodeIdx=0,changeCycle=0,myNode=493ace4f...,timecost=17.577
info|2019-12-18 02:59:56.575703|[g:1][CONSENSUS][PBFT]checkAndChangeView: Reach consensus,org_view=220,org_changeCycle=0,cur_changeCycle=0,to_view=221
info|2019-12-18 02:59:57.598835|[g:1][CONSENSUS]addRawPrepare,height=1,reqIdx=1,hash=0f973063...
info|2019-12-18 02:59:57.602685|[g:1][CONSENSUS][PBFT]checkTimeout Succ,view=221,toView=222,nodeIdx=0,changeCycle=0,myNode=493ace4f...,timecost=2.953
info|2019-12-18 02:59:57.625036|[g:1][CONSENSUS][PBFT]checkAndChangeView: Reach consensus,org_view=221,org_changeCycle=0,cur_changeCycle=0,to_view=222
info|2019-12-18 02:59:58.659796|[g:1][CONSENSUS]addRawPrepare,height=1,reqIdx=2,hash=46245947...
info|2019-12-18 02:59:58.670392|[g:1][CONSENSUS][PBFT]checkTimeout Succ,view=222,toView=223,nodeIdx=0,changeCycle=0,myNode=493ace4f...,timecost=4.86
info|2019-12-18 02:59:58.684609|[g:1][CONSENSUS][PBFT]checkAndChangeView: Reach consensus,org_view=222,org_changeCycle=0,cur_changeCycle=0,to_view=223
info|2019-12-18 02:59:59.732028|[g:1][CONSENSUS]addRawPrepare,height=1,reqIdx=3,hash=7ad633ab...
info|2019-12-18 02:59:59.745753|[g:1][CONSENSUS][PBFT]checkTimeout Succ,view=223,toView=224,nodeIdx=0,changeCycle=0,myNode=493ace4f...,timecost=4.21
info|2019-12-18 02:59:59.768137|[g:1][CONSENSUS][PBFT]checkAndChangeView: Reach consensus,org_view=223,org_changeCycle=0,cur_changeCycle=0,to_view=224
