info|2019-12-31 10:00:00.968804|[g:1][CONSENSUS]addRawPrepare,height=89,reqIdx=1,hash=6be5f785...
info|2019-12-31 10:00:00.971657|[g:1][CONSENSUS][PBFT]checkTimeout Succ,view=12097,toView=12098,nodeIdx=0,changeCycle=0,myNode=493ace4f...,timecost=2.674
info|2019-12-31 10:00:00.987280|[g:1][CONSENSUS][PBFT]checkAndChangeView: Reach consensus,org_view=12097,org_changeCycle=0,cur_changeCycle=0,to_view=12098
info|2019-12-31 10:00:02.016161|[g:1][CONSENSUS]addRawPrepare,height=89,reqIdx=2,hash=96cb5af2...
info|2019-12-31 10:00:02.029724|[g:1][CONSENSUS][PBFT]checkTimeout Succ,view=12098,toView=12099,nodeIdx=0,changeCycle=0,myNode=493ace4f...,timecost=13.242
info|2019-12-31 10:00:02.063228|[g:1][CONSENSUS][PBFT]checkAndChangeView: Reach consensus,org_view=12098,org_changeCycle=0,cur_changeCycle=0,to_view=12099
info|2019-12-31 10:00:03.084549|[g:1][CONSENSUS]addRawPrepare,height=89,reqIdx=3,hash=dfed927e...
info|2019-12-31 10:00:03.101944|[g:1][CONSENSUS][PBFT]checkTimeout Succ,view=12099,toView=12100,nodeIdx=0,changeCycle=0,myNode=493ace4f...,timecost=16.117
info|2019-12-31 10:00:03.141367|[g:1][CONSENSUS][PBFT]checkAndChangeView: Reach consensus,org_view=12099,org_changeCycle=0,cur_changeCycle=0,to_view=12100
info|2019-12-31 10:00:04.141945|[g:1][CONSENSUS][SEALER]++++++++++++++++ Generating seal on,blkNum=89,tx=0,nodeIdx=0,hash=e533810b...
info|2019-12-31 10:00:04.161726|[g:1][CONSENSUS][PBFT]checkTimeout Succ,view=12100,toView=12101,nodeIdx=0,changeCycle=0,myNode=493ace4f...,timecost=4.731
info|2019-12-31 10:00:04.186269|[g:1][CONSENSUS][PBFT]checkAndChangeView: Reach consensus,org_view=12100,org_changeCycle=0,cur_changeCycle=0,to_view=12101
info|2019-12-31 10:00:05.194064|[g:1][CONSENSUS]addRawPrepare,height=89,reqIdx=1,hash=45defde4...
info|2019-12-31 10:00:05.208427|[g:1][CONSENSUS][PBFT]checkTimeout Succ,view=12101,toView=12102,nodeIdx=0,changeCycle=0,myNode=493ace4f...,timecost=1.436
info|2019-12-31 10:00:05.227401|[g:1][CONSENSUS][PBFT]checkAndChangeView: Reach consensus,org_view=12101,org_changeCycle=0,cur_changeCycle=0,to_view=12102
info|2019-12-31 10:00:06.233017|[g:1][CONSENSUS]addRawPrepare,height=89,reqIdx=2,hash=7814c968...
info|2019-12-31 10:00:06.248534|[g:1][CONSENSUS][PBFT]checkTimeout Succ,view=12102,toView=12103,nodeIdx=0,changeCycle=0,myNode=493ace4f...,timecost=14.834
info|2019-12-31 10:00:06.269844|[g:1][CONSENSUS][PBFT]checkAndChangeView: Reach consensus,org_view=12102,org_changeCycle=0,cur_changeCycle=0,to_view=12103
info|2019-12-31 10:00:07.284107|[g:1][CONSENSUS]addRawPrepare,height=89,reqIdx=3,hash=874776c6...
info|2019-12-31 10:00:07.296698|[g:1][CONSENSUS][PBFT]checkTimeout Succ,view=12103,toView=12104,nodeIdx=0,changeCycle=0,myNode=493ace4f...,timecost=10.077
info|2019-12-31 10:00:07.322503|[g:1][CONSENSUS][PBFT]checkAndChangeView: Reach consensus,org_view=12103,org_changeCycle=0,cur_changeCycle=0,to_view=12104
info|2019-12-31 10:00:08.322965|[g:1][CONSENSUS][SEALER]++++++++++++++++ Generating seal on,blkNum=89,tx=0,nodeIdx=0,hash=11fc1c32...
info|2019-12-31 10:00:08.355146|[g:1][CONSENSUS][PBFT]checkTimeout Succ,view=12104,toView=12105,nodeIdx=0,changeCycle=0,myNode=493ace4f...,timecost=26.931
info|2019-12-31 10:00:08.380467|[g:1][CONSENSUS][PBFT]checkAndChangeView: Reach consensus,org_view=12104,org_changeCycle=0,cur_changeCycle=0,to_view=12105
info|2019-12-31 10:00:08.905127|[P2P][Service] heartBeat,connected count=3
info|2019-12-31 10:00:09.380850|[g:1][CONSENSUS]addRawPrepare,height=89,reqIdx=1,hash=c2c820a5...
info|2019-12-31 10:00:09.407734|[g:1][CONSENSUS][PBFT]checkTimeout Succ,view=12105,toView=12106,nodeIdx=0,changeCycle=0,myNode=493ace4f...,timecost=13.628
info|2019-12-31 10:00:09.416809|[g:1][CONSENSUS][PBFT]checkAndChangeView: Reach consensus,org_view=12105,org_changeCycle=0,cur_changeCycle=0,to_view=12106
info|2019-12-31 10:00:10.427058|[g:1][CONSENSUS]addRawPrepare,height=89,reqIdx=2,hash=2800aca7...
info|2019-12-31 10:00:10.440086|[g:1][CONSENSUS][PBFT]checkTimeout Succ,view=12106,toView=12107,nodeIdx=0,changeCycle=0,myNode=493ace4f...,timecost=12.478
info|2019-12-31 10:00:10.459453|[g:1][CONSENSUS][PBFT]checkAndChangeView: Reach consensus,org_view=12106,org_changeCycle=0,cur_changeCycle=0,to_view=12107
info|2019-12-31 10:00:11.474654|[g:1][CONSENSUS]addRawPrepare,height=89,reqIdx=3,hash=6a6759e9...
info|2019-12-31 10:00:11.497175|[g:1][CONSENSUS][PBFT]checkTimeout Succ,view=12107,toView=12108,nodeIdx=0,changeCycle=0,myNode=493ace4f...,timecost=17.954
info|2019-12-31 10:00:11.527869|[g:1][CONSENSUS][PBFT]checkAndChangeView: Reach consensus,org_view=12107,org_changeCycle=0,cur_changeCycle=0,to_view=12108
info|2019-12-31 10:00:12.529511|[g:1][CONSENSUS][SEALER]++++++++++++++++ Generating seal on,blkNum=89,tx=0,nodeIdx=0,hash=fb85ff85...
info|2019-12-31 10:00:12.547963|[g:1][CONSENSUS][PBFT]checkTimeout Succ,view=12108,toView=12109,nodeIdx=0,changeCycle=0,myNode=493ace4f...,timecost=3.625
info|2019-12-31 10:00:12.571100|[g:1][CONSENSUS][PBFT]checkAndChangeView: Reach consensus,org_view=12108,org_changeCycle=0,cur_changeCycle=0,to_view=12109
info|2019-12-31 10:00:13.603203|[g:1][CONSENSUS]addRawPrepare,height=89,reqIdx=1,hash=594446e2...
info|2019-12-31 10:00:13.639173|[g:1][CONSENSUS][PBFT]checkTimeout Succ,view=12109,toView=12110,nodeIdx=0,changeCycle=0,myNode=493ace4f...,timecost=34.999
info|2019-12-31 10:00:13.660813|[g:1][CONSENSUS][PBFT]checkAndChangeView: Reach consensus,org_view=12109,org_changeCycle=0,cur_changeCycle=0,to_view=12110
info|2019-12-31 10:00:14.754746|[g:1][CONSENSUS]addRawPrepare,height=89,reqIdx=2,hash=7e18ff53...
info|2019-12-31 10:00:14.773138|[g:1][CONSENSUS][PBFT]checkTimeout Succ,view=12110,toView=12111,nodeIdx=0,changeCycle=0,myNode=493ace4f...,timecost=3.255
info|2019-12-31 10:00:14.831968|[g:1][CONSENSUS][PBFT]checkAndChangeView: Reach consensus,org_view=12110,org_changeCycle=0,cur_changeCycle=0,to_view=12111
info|2019-12-31 10:00:15.856178|[g:1][CONSENSUS]addRawPrepare,height=89,reqIdx=3,hash=86aed006...
info|2019-12-31 10:00:15.860794|[g:1][CONSENSUS][PBFT]checkTimeout Succ,view=12111,toView=12112,nodeIdx=0,changeCycle=0,myNode=493ace4f...,timecost=3.229
info|2019-12-31 10:00:15.897240|[g:1][CONSENSUS][PBFT]checkAndChangeView: Reach consensus,org_view=12111,org_changeCycle=0,cur_changeCycle=0,to_view=12112
info|2019-12-31 10:00:16.898048|[g:1][CONSENSUS][SEALER]++++++++++++++++ Generating seal on,blkNum=89,tx=0,nodeIdx=0,hash=56f3fcc5...
info|2019-12-31 10:00:16.930981|[g:1][CONSENSUS][PBFT]checkTimeout Succ,view=12112,toView=12113,nodeIdx=0,changeCycle=0,myNode=493ace4f...,timecost=13.787
info|2019-12-31 10:00:17.014510|[g:1][CONSENSUS][PBFT]checkAndChangeView: Reach consensus,org_view=12112,org_changeCycle=0,cur_changeCycle=0,to_view=12113
info|2019-12-31 10:00:18.053714|[g:1][CONSENSUS]addRawPrepare,height=89,reqIdx=1,hash=e264c205...
info|2019-12-31 10:00:18.097422|[g:1][CONSENSUS][PBFT]checkTimeout Succ,view=12113,toView=12114,nodeIdx=0,changeCycle=0,myNode=493ace4f...,timecost=17.625
info|2019-12-31 10:00:18.512168|[g:1][CONSENSUS][PBFT]checkAndChangeView: Reach consensus,org_view=12113,org_changeCycle=0,cur_changeCycle=0,to_view=12114
info|2019-12-31 10:00:18.906492|[P2P][Service] heartBeat,connected count=3
info|2019-12-31 10:00:19.189281|[g:1][CONSENSUS]addRawPrepare,height=89,reqIdx=2,hash=ae5db9af...
info|2019-12-31 10:00:19.225840|[g:1][CONSENSUS][PBFT]checkTimeout Succ,view=12114,toView=12115,nodeIdx=0,changeCycle=0,myNode=493ace4f...,timecost=30.562
info|2019-12-31 10:00:19.244902|[g:1][CONSENSUS][PBFT]checkAndChangeView: Reach consensus,org_view=12114,org_changeCycle=0,cur_changeCycle=0,to_view=12115
info|2019-12-31 10:00:20.225484|[g:1][CONSENSUS]addRawPrepare,height=89,reqIdx=3,hash=a0aedea6...
info|2019-12-31 10:00:20.237303|[g:1][CONSENSUS][PBFT]checkTimeout Succ,view=12115,toView=12116,nodeIdx=0,changeCycle=0,myNode=493ace4f...,timecost=5.48
info|2019-12-31 10:00:20.256945|[g:1][CONSENSUS][PBFT]checkAndChangeView: Reach consensus,org_view=12115,org_changeCycle=0,cur_changeCycle=0,to_view=12116
info|2019-12-31 10:00:21.261517|[g:1][CONSENSUS][SEALER]++++++++++++++++ Generating seal on,blkNum=89,tx=0,nodeIdx=0,hash=e2820af2...
info|2019-12-31 10:00:21.355747|[g:1][CONSENSUS][PBFT]checkTimeout Succ,view=12116,toView=12117,nodeIdx=0,changeCycle=0,myNode=493ace4f...,timecost=6.973
info|2019-12-31 10:00:21.387633|[g:1][CONSENSUS][PBFT]checkAndChangeView: Reach consensus,org_view=12116,org_changeCycle=0,cur_changeCycle=0,to_view=12117
info|2019-12-31 10:00:22.393434|[g:1][CONSENSUS]addRawPrepare,height=89,reqIdx=1,hash=421017db...
info|2019-12-31 10:00:22.400346|[g:1][CONSENSUS][PBFT]checkTimeout Succ,view=12117,toView=12118,nodeIdx=0,changeCycle=0,myNode=493ace4f...,timecost=6.451
info|2019-12-31 10:00:22.414209|[g:1][CONSENSUS][PBFT]checkAndChangeView: Reach consensus,org_view=12117,org_changeCycle=0,cur_changeCycle=0,to_view=12118
info|2019-12-31 10:00:23.456651|[g:1][CONSENSUS]addRawPrepare,height=89,reqIdx=2,hash=f7153432...
info|2019-12-31 10:00:23.461591|[g:1][CONSENSUS][PBFT]checkTimeout Succ,view=12118,toView=12119,nodeIdx=0,changeCycle=0,myNode=493ace4f...,timecost=3.452
info|2019-12-31 10:00:23.482473|[g:1][CONSENSUS][PBFT]checkAndChangeView: Reach consensus,org_view=12118,org_changeCycle=0,cur_changeCycle=0,to_view=12119
info|2019-12-31 10:00:24.542615|[g:1][CONSENSUS]addRawPrepare,height=89,reqIdx=3,hash=7914cfa3...
info|2019-12-31 10:00:24.562204|[g:1][CONSENSUS][PBFT]checkTimeout Succ,view=12119,toView=12120,nodeIdx=0,changeCycle=0,myNode=493ace4f...,timecost=16.751
info|2019-12-31 10:00:24.578541|[g:1][CONSENSUS][PBFT]checkAndChangeView: Reach consensus,org_view=12119,org_changeCycle=0,cur_changeCycle=0,to_view=12120
info|2019-12-31 10:00:25.579686|[g:1][CONSENSUS][SEALER]++++++++++++++++ Generating seal on,blkNum=89,tx=0,nodeIdx=0,hash=adb83902...
info|2019-12-31 10:00:25.597667|[g:1][CONSENSUS][PBFT]checkTimeout Succ,view=12120,toView=12121,nodeIdx=0,changeCycle=0,myNode=493ace4f...,timecost=6.315
info|2019-12-31 10:00:25.611429|[g:1][CONSENSUS][PBFT]checkAndChangeView: Reach consensus,org_view=12120,org_changeCycle=0,cur_changeCycle=0,to_view=12121
info|2019-12-31 10:00:26.655489|[g:1][CONSENSUS]addRawPrepare,height=89,reqIdx=1,hash=3e70dc4c...
info|2019-12-31 10:00:26.678894|[g:1][CONSENSUS][PBFT]checkTimeout Succ,view=12121,toView=12122,nodeIdx=0,changeCycle=0,myNode=493ace4f...,timecost=18.335
info|2019-12-31 10:00:26.711962|[g:1][CONSENSUS][PBFT]checkAndChangeView: Reach consensus,org_view=12121,org_changeCycle=0,cur_changeCycle=0,to_view=12122
info|2019-12-31 10:00:27.769076|[g:1][CONSENSUS]addRawPrepare,height=89,reqIdx=2,hash=97af6660...
info|2019-12-31 10:00:27.824602|[g:1][CONSENSUS][PBFT]checkTimeout Succ,view=12122,toView=12123,nodeIdx=0,changeCycle=0,myNode=493ace4f...,timecost=4.365
info|2019-12-31 10:00:27.849621|[g:1][CONSENSUS][PBFT]checkAndChangeView: Reach consensus,org_view=12122,org_changeCycle=0,cur_changeCycle=0,to_view=12123
info|2019-12-31 10:00:28.907640|[P2P][Service] heartBeat,connected count=3
info|2019-12-31 10:00:28.955663|[g:1][CONSENSUS]addRawPrepare,height=89,reqIdx=3,hash=4e69615f...
info|2019-12-31 10:00:28.981795|[g:1][CONSENSUS][PBFT]checkTimeout Succ,view=12123,toView=12124,nodeIdx=0,changeCycle=0,myNode=493ace4f...,timecost=24.838
info|2019-12-31 10:00:29.016385|[g:1][CONSENSUS][PBFT]checkAndChangeView: Reach consensus,org_view=12123,org_changeCycle=0,cur_changeCycle=0,to_view=12124
info|2019-12-31 10:00:30.046869|[g:1][CONSENSUS][SEALER]++++++++++++++++ Generating seal on,blkNum=89,tx=0,nodeIdx=0,hash=72176953...
info|2019-12-31 10:00:30.085075|[g:1][CONSENSUS][PBFT]checkTimeout Succ,view=12124,toView=12125,nodeIdx=0,changeCycle=0,myNode=493ace4f...,timecost=7.975
info|2019-12-31 10:00:30.115593|[g:1][CONSENSUS][PBFT]checkAndChangeView: Reach consensus,org_view=12124,org_changeCycle=0,cur_changeCycle=0,to_view=12125
info|2019-12-31 10:00:31.147903|[g:1][CONSENSUS]addRawPrepare,height=89,reqIdx=1,hash=9d6e120f...
info|2019-12-31 10:00:31.179729|[g:1][CONSENSUS][PBFT]checkTimeout Succ,view=12125,toView=12126,nodeIdx=0,changeCycle=0,myNode=493ace4f...,timecost=31.131
info|2019-12-31 10:00:31.203958|[g:1][CONSENSUS][PBFT]checkAndChangeView: Reach consensus,org_view=12125,org_changeCycle=0,cur_changeCycle=0,to_view=12126
info|2019-12-31 10:00:32.260431|[g:1][CONSENSUS]addRawPrepare,height=89,reqIdx=2,hash=8c83038a...
info|2019-12-31 10:00:32.274506|[g:1][CONSENSUS][PBFT]checkTimeout Succ,view=12126,toView=12127,nodeIdx=0,changeCycle=0,myNode=493ace4f...,timecost=13.756
info|2019-12-31 10:00:32.281600|[g:1][CONSENSUS][PBFT]checkAndChangeView: Reach consensus,org_view=12126,org_changeCycle=0,cur_changeCycle=0,to_view=12127
info|2019-12-31 10:00:33.305707|[g:1][CONSENSUS]addRawPrepare,height=89,reqIdx=3,hash=a898af4f...
info|2019-12-31 10:00:33.315293|[g:1][CONSENSUS][PBFT]checkTimeout Succ,view=12127,toView=12128,nodeIdx=0,changeCycle=0,myNode=493ace4f...,timecost=9.204
info|2019-12-31 10:00:33.367445|[g:1][CONSENSUS][PBFT]checkAndChangeView: Reach consensus,org_view=12127,org_changeCycle=0,cur_changeCycle=0,to_view=12128
info|2019-12-31 10:00:34.367456|[g:1][CONSENSUS][SEALER]++++++++++++++++ Generating seal on,blkNum=89,tx=0,nodeIdx=0,hash=29d1acd1...
info|2019-12-31 10:00:34.433557|[g:1][CONSENSUS][PBFT]checkTimeout Succ,view=12128,toView=12129,nodeIdx=0,changeCycle=0,myNode=493ace4f...,timecost=2.062
info|2019-12-31 10:00:34.465655|[g:1][CONSENSUS][PBFT]checkAndChangeView: Reach consensus,org_view=12128,org_changeCycle=0,cur_changeCycle=0,to_view=12129
info|2019-12-31 10:00:35.724891|[g:1][CONSENSUS]addRawPrepare,height=89,reqIdx=1,hash=a7f18588...
info|2019-12-31 10:00:35.863339|[g:1][CONSENSUS][PBFT]checkTimeout Succ,view=12129,toView=12130,nodeIdx=0,changeCycle=0,myNode=493ace4f...,timecost=5.479
info|2019-12-31 10:00:35.883410|[g:1][CONSENSUS][PBFT]checkAndChangeView: Reach consensus,org_view=12129,org_changeCycle=0,cur_changeCycle=0,to_view=12130
info|2019-12-31 10:00:36.881967|[g:1][CONSENSUS]addRawPrepare,height=89,reqIdx=2,hash=6c809488...
info|2019-12-31 10:00:36.906826|[g:1][CONSENSUS][PBFT]checkTimeout Succ,view=12130,toView=12131,nodeIdx=0,changeCycle=0,myNode=493ace4f...,timecost=12.854
info|2019-12-31 10:00:36.959220|[g:1][CONSENSUS][PBFT]checkAndChangeView: Reach consensus,org_view=12130,org_changeCycle=0,cur_changeCycle=0,to_view=12131
info|2019-12-31 10:00:37.962250|[g:1][CONSENSUS]addRawPrepare,height=89,reqIdx=3,hash=952dc495...
info|2019-12-31 10:00:37.971631|[g:1][CONSENSUS][PBFT]checkTimeout Succ,view=12131,toView=12132,nodeIdx=0,changeCycle=0,myNode=493ace4f...,timecost=2.864
info|2019-12-31 10:00:37.978340|[g:1][CONSENSUS][PBFT]checkAndChangeView: Reach consensus,org_view=12131,org_changeCycle=0,cur_changeCycle=0,to_view=12132
info|2019-12-31 10:00:38.911682|[P2P][Service] heartBeat,connected count=3
info|2019-12-31 10:00:38.981145|[g:1][CONSENSUS][SEALER]++++++++++++++++ Generating seal on,blkNum=89,tx=0,nodeIdx=0,hash=cec8ca30...
info|2019-12-31 10:00:39.009550|[g:1][CONSENSUS][PBFT]checkTimeout Succ,view=12132,toView=12133,nodeIdx=0,changeCycle=0,myNode=493ace4f...,timecost=6.882
info|2019-12-31 10:00:39.022479|[g:1][CONSENSUS][PBFT]checkAndChangeView: Reach consensus,org_view=12132,org_changeCycle=0,cur_changeCycle=0,to_view=12133
info|2019-12-31 10:00:40.026052|[g:1][CONSENSUS]addRawPrepare,height=89,reqIdx=1,hash=e586ed57...
info|2019-12-31 10:00:40.028768|[g:1][CONSENSUS][PBFT]checkTimeout Succ,view=12133,toView=12134,nodeIdx=0,changeCycle=0,myNode=493ace4f...,timecost=2.478
info|2019-12-31 10:00:40.049779|[g:1][CONSENSUS][PBFT]checkAndChangeView: Reach consensus,org_view=12133,org_changeCycle=0,cur_changeCycle=0,to_view=12134
info|2019-12-31 10:00:41.058950|[g:1][CONSENSUS]addRawPrepare,height=89,reqIdx=2,hash=b96c8886...
info|2019-12-31 10:00:41.069207|[g:1][CONSENSUS][PBFT]checkTimeout Succ,view=12134,toView=12135,nodeIdx=0,changeCycle=0,myNode=493ace4f...,timecost=7.551
info|2019-12-31 10:00:41.090962|[g:1][CONSENSUS][PBFT]checkAndChangeView: Reach consensus,org_view=12134,org_changeCycle=0,cur_changeCycle=0,to_view=12135
info|2019-12-31 10:00:42.091023|[g:1][CONSENSUS]addRawPrepare,height=89,reqIdx=3,hash=ba191931...
info|2019-12-31 10:00:42.095078|[g:1][CONSENSUS][PBFT]checkTimeout Succ,view=12135,toView=12136,nodeIdx=0,changeCycle=0,myNode=493ace4f...,timecost=0.601
info|2019-12-31 10:00:42.145089|[g:1][CONSENSUS][PBFT]checkAndChangeView: Reach consensus,org_view=12135,org_changeCycle=0,cur_changeCycle=0,to_view=12136
info|2019-12-31 10:00:43.145990|[g:1][CONSENSUS][SEALER]++++++++++++++++ Generating seal on,blkNum=89,tx=0,nodeIdx=0,hash=77a84ba8...
info|2019-12-31 10:00:43.181596|[g:1][CONSENSUS][PBFT]checkTimeout Succ,view=12136,toView=12137,nodeIdx=0,changeCycle=0,myNode=493ace4f...,timecost=14.225
info|2019-12-31 10:00:43.194684|[g:1][CONSENSUS][PBFT]checkAndChangeView: Reach consensus,org_view=12136,org_changeCycle=0,cur_changeCycle=0,to_view=12137
info|2019-12-31 10:00:44.192155|[g:1][CONSENSUS]addRawPrepare,height=89,reqIdx=1,hash=2e08bd46...
info|2019-12-31 10:00:44.196094|[g:1][CONSENSUS][PBFT]checkTimeout Succ,view=12137,toView=12138,nodeIdx=0,changeCycle=0,myNode=493ace4f...,timecost=3.585
info|2019-12-31 10:00:44.203002|[g:1][CONSENSUS][PBFT]checkAndChangeView: Reach consensus,org_view=12137,org_changeCycle=0,cur_changeCycle=0,to_view=12138
info|2019-12-31 10:00:45.278899|[g:1][CONSENSUS]addRawPrepare,height=89,reqIdx=2,hash=9a4566f0...
info|2019-12-31 10:00:45.279506|[g:1][CONSENSUS][PBFT]checkTimeout Succ,view=12138,toView=12139,nodeIdx=0,changeCycle=0,myNode=493ace4f...,timecost=0.399
info|2019-12-31 10:00:45.303337|[g:1][CONSENSUS][PBFT]checkAndChangeView: Reach consensus,org_view=12138,org_changeCycle=0,cur_changeCycle=0,to_view=12139
info|2019-12-31 10:00:46.364132|[g:1][CONSENSUS]addRawPrepare,height=89,reqIdx=3,hash=817e8f78...
info|2019-12-31 10:00:46.366622|[g:1][CONSENSUS][PBFT]checkTimeout Succ,view=12139,toView=12140,nodeIdx=0,changeCycle=0,myNode=493ace4f...,timecost=2.287
info|2019-12-31 10:00:46.379504|[g:1][CONSENSUS][PBFT]checkAndChangeView: Reach consensus,org_view=12139,org_changeCycle=0,cur_changeCycle=0,to_view=12140
info|2019-12-31 10:00:47.379367|[g:1][CONSENSUS][SEALER]++++++++++++++++ Generating seal on,blkNum=89,tx=0,nodeIdx=0,hash=af531dd2...
info|2019-12-31 10:00:47.390046|[g:1][CONSENSUS][PBFT]checkTimeout Succ,view=12140,toView=12141,nodeIdx=0,changeCycle=0,myNode=493ace4f...,timecost=0.398
info|2019-12-31 10:00:47.392349|[g:1][CONSENSUS][PBFT]checkAndChangeView: Reach consensus,org_view=12140,org_changeCycle=0,cur_changeCycle=0,to_view=12141
info|2019-12-31 10:00:52.461630|[P2P][Service] heartBeat,connected count=3
warning|2019-12-31 10:00:52.704056|[g:1][CONSENSUS][PBFT]ViewChangeWarning: not caused by omit empty block ,v=12141,toV=12142,curNum=88,hash=825347b7...,nodeIdx=0,myNode=493ace4f...
info|2019-12-31 10:00:52.704272|[g:1][CONSENSUS][PBFT]checkTimeout Succ,view=12141,toView=12142,nodeIdx=0,changeCycle=1,myNode=493ace4f...,timecost=7.786
