info|2020-01-01 00:57:31.973714|[g:1][CONSENSUS][PBFT]checkAndChangeView: Reach consensus,org_view=34912,org_changeCycle=1,cur_changeCycle=1,to_view=34913
info|2020-01-01 02:58:35.203822|[P2P][Service] heartBeat,connected count=3
warning|2020-01-01 02:58:35.576545|[g:1][CONSENSUS][PBFT]ViewChangeWarning: not caused by omit empty block ,v=34913,toV=34914,curNum=88,hash=825347b7...,nodeIdx=0,myNode=493ace4f...
info|2020-01-01 02:58:35.655006|[g:1][CONSENSUS][PBFT]checkTimeout Succ,view=34913,toView=34914,nodeIdx=0,changeCycle=2,myNode=493ace4f...,timecost=78.979
info|2020-01-01 02:58:36.004478|[g:1][CONSENSUS][PBFT]checkAndChangeView: Reach consensus,org_view=34913,org_changeCycle=2,cur_changeCycle=2,to_view=34914
info|2020-01-01 02:58:37.122601|[g:1][CONSENSUS]addRawPrepare,height=89,reqIdx=2,hash=62291e95...
info|2020-01-01 02:58:37.123572|[g:1][CONSENSUS][PBFT]checkTimeout Succ,view=34914,toView=34915,nodeIdx=0,changeCycle=0,myNode=493ace4f...,timecost=0.581
info|2020-01-01 02:58:37.124481|[g:1][CONSENSUS][PBFT]checkAndChangeView: Reach consensus,org_view=34914,org_changeCycle=0,cur_changeCycle=0,to_view=34915
info|2020-01-01 02:58:38.420083|[g:1][CONSENSUS]addRawPrepare,height=89,reqIdx=3,hash=0fba9182...
info|2020-01-01 02:58:38.420826|[g:1][CONSENSUS][PBFT]checkTimeout Succ,view=34915,toView=34916,nodeIdx=0,changeCycle=0,myNode=493ace4f...,timecost=0.487
info|2020-01-01 02:58:38.525456|[g:1][CONSENSUS][PBFT]checkAndChangeView: Reach consensus,org_view=34915,org_changeCycle=0,cur_changeCycle=0,to_view=34916
info|2020-01-01 02:58:39.558577|[g:1][CONSENSUS][SEALER]++++++++++++++++ Generating seal on,blkNum=89,tx=0,nodeIdx=0,hash=b7d81a9a...
info|2020-01-01 02:58:39.602306|[g:1][CONSENSUS][PBFT]checkTimeout Succ,view=34916,toView=34917,nodeIdx=0,changeCycle=0,myNode=493ace4f...,timecost=0.567
info|2020-01-01 02:58:39.695900|[g:1][CONSENSUS][PBFT]checkAndChangeView: Reach consensus,org_view=34916,org_changeCycle=0,cur_changeCycle=0,to_view=34917
info|2020-01-01 02:58:40.719571|[g:1][CONSENSUS]addRawPrepare,height=89,reqIdx=1,hash=d6ad5c2f...
info|2020-01-01 02:58:40.720375|[g:1][CONSENSUS][PBFT]checkTimeout Succ,view=34917,toView=34918,nodeIdx=0,changeCycle=0,myNode=493ace4f...,timecost=0.723
info|2020-01-01 02:58:40.721775|[g:1][CONSENSUS][PBFT]checkAndChangeView: Reach consensus,org_view=34917,org_changeCycle=0,cur_changeCycle=0,to_view=34918
info|2020-01-01 02:58:41.775700|[g:1][CONSENSUS]addRawPrepare,height=89,reqIdx=2,hash=ac2faf8e...
info|2020-01-01 02:58:41.777209|[g:1][CONSENSUS][PBFT]checkTimeout Succ,view=34918,toView=34919,nodeIdx=0,changeCycle=0,myNode=493ace4f...,timecost=0.687
info|2020-01-01 02:58:41.835929|[g:1][CONSENSUS][PBFT]checkAndChangeView: Reach consensus,org_view=34918,org_changeCycle=0,cur_changeCycle=0,to_view=34919
info|2020-01-01 02:58:42.955820|[g:1][CONSENSUS]addRawPrepare,height=89,reqIdx=3,hash=2d9d8ee3...
info|2020-01-01 02:58:42.957443|[g:1][CONSENSUS][PBFT]checkTimeout Succ,view=34919,toView=34920,nodeIdx=0,changeCycle=0,myNode=493ace4f...,timecost=1.128
info|2020-01-01 02:58:42.964006|[g:1][CONSENSUS][PBFT]checkAndChangeView: Reach consensus,org_view=34919,org_changeCycle=0,cur_changeCycle=0,to_view=34920
info|2020-01-01 02:58:43.964825|[g:1][CONSENSUS][SEALER]++++++++++++++++ Generating seal on,blkNum=89,tx=0,nodeIdx=0,hash=b3352fc0...
info|2020-01-01 02:58:43.985421|[g:1][CONSENSUS][PBFT]checkTimeout Succ,view=34920,toView=34921,nodeIdx=0,changeCycle=0,myNode=493ace4f...,timecost=0.94
info|2020-01-01 02:58:43.986815|[g:1][CONSENSUS][PBFT]checkAndChangeView: Reach consensus,org_view=34920,org_changeCycle=0,cur_changeCycle=0,to_view=34921
info|2020-01-01 02:58:45.008116|[g:1][CONSENSUS]addRawPrepare,height=89,reqIdx=1,hash=04af7fae...
info|2020-01-01 02:58:45.008927|[g:1][CONSENSUS][PBFT]checkTimeout Succ,view=34921,toView=34922,nodeIdx=0,changeCycle=0,myNode=493ace4f...,timecost=0.671
info|2020-01-01 02:58:45.021460|[g:1][CONSENSUS][PBFT]checkAndChangeView: Reach consensus,org_view=34921,org_changeCycle=0,cur_changeCycle=0,to_view=34922
info|2020-01-01 02:58:45.204342|[P2P][Service] heartBeat,connected count=3
info|2020-01-01 02:58:46.033705|[g:1][CONSENSUS]addRawPrepare,height=89,reqIdx=2,hash=194b1c9b...
info|2020-01-01 02:58:46.034749|[g:1][CONSENSUS][PBFT]checkTimeout Succ,view=34922,toView=34923,nodeIdx=0,changeCycle=0,myNode=493ace4f...,timecost=0.672
info|2020-01-01 02:58:46.039417|[g:1][CONSENSUS][PBFT]checkAndChangeView: Reach consensus,org_view=34922,org_changeCycle=0,cur_changeCycle=0,to_view=34923
info|2020-01-01 02:58:47.044292|[g:1][CONSENSUS]addRawPrepare,height=89,reqIdx=3,hash=363f9942...
info|2020-01-01 02:58:47.045184|[g:1][CONSENSUS][PBFT]checkTimeout Succ,view=34923,toView=34924,nodeIdx=0,changeCycle=0,myNode=493ace4f...,timecost=0.412
info|2020-01-01 02:58:47.051207|[g:1][CONSENSUS][PBFT]checkAndChangeView: Reach consensus,org_view=34923,org_changeCycle=0,cur_changeCycle=0,to_view=34924
info|2020-01-01 02:58:48.052462|[g:1][CONSENSUS][SEALER]++++++++++++++++ Generating seal on,blkNum=89,tx=0,nodeIdx=0,hash=f9286319...
info|2020-01-01 02:58:48.154963|[g:1][CONSENSUS][PBFT]checkTimeout Succ,view=34924,toView=34925,nodeIdx=0,changeCycle=0,myNode=493ace4f...,timecost=0.489
info|2020-01-01 02:58:48.300822|[g:1][CONSENSUS][PBFT]checkAndChangeView: Reach consensus,org_view=34924,org_changeCycle=0,cur_changeCycle=0,to_view=34925
info|2020-01-01 02:58:49.337488|[g:1][CONSENSUS]addRawPrepare,height=89,reqIdx=1,hash=d4feca3d...
info|2020-01-01 02:58:49.341879|[g:1][CONSENSUS][PBFT]checkTimeout Succ,view=34925,toView=34926,nodeIdx=0,changeCycle=0,myNode=493ace4f...,timecost=4.658
info|2020-01-01 02:58:49.349061|[g:1][CONSENSUS][PBFT]checkAndChangeView: Reach consensus,org_view=34925,org_changeCycle=0,cur_changeCycle=0,to_view=34926
info|2020-01-01 02:58:50.350205|[g:1][CONSENSUS]addRawPrepare,height=89,reqIdx=2,hash=39f78907...
info|2020-01-01 02:58:50.350896|[g:1][CONSENSUS][PBFT]checkTimeout Succ,view=34926,toView=34927,nodeIdx=0,changeCycle=0,myNode=493ace4f...,timecost=0.541
info|2020-01-01 02:58:50.358517|[g:1][CONSENSUS][PBFT]checkAndChangeView: Reach consensus,org_view=34926,org_changeCycle=0,cur_changeCycle=0,to_view=34927
info|2020-01-01 02:58:51.374549|[g:1][CONSENSUS]addRawPrepare,height=89,reqIdx=3,hash=fa6ba59b...
info|2020-01-01 02:58:51.375345|[g:1][CONSENSUS][PBFT]checkTimeout Succ,view=34927,toView=34928,nodeIdx=0,changeCycle=0,myNode=493ace4f...,timecost=0.61
info|2020-01-01 02:58:51.390264|[g:1][CONSENSUS][PBFT]checkAndChangeView: Reach consensus,org_view=34927,org_changeCycle=0,cur_changeCycle=0,to_view=34928
info|2020-01-01 02:58:52.391319|[g:1][CONSENSUS][SEALER]++++++++++++++++ Generating seal on,blkNum=89,tx=0,nodeIdx=0,hash=6f007f07...
info|2020-01-01 02:58:52.424957|[g:1][CONSENSUS][PBFT]checkTimeout Succ,view=34928,toView=34929,nodeIdx=0,changeCycle=0,myNode=493ace4f...,timecost=0.626
info|2020-01-01 02:58:52.449016|[g:1][CONSENSUS][PBFT]checkAndChangeView: Reach consensus,org_view=34928,org_changeCycle=0,cur_changeCycle=0,to_view=34929
info|2020-01-01 02:58:53.464197|[g:1][CONSENSUS]addRawPrepare,height=89,reqIdx=1,hash=b21c717b...
info|2020-01-01 02:58:53.465025|[g:1][CONSENSUS][PBFT]checkTimeout Succ,view=34929,toView=34930,nodeIdx=0,changeCycle=0,myNode=493ace4f...,timecost=0.622
info|2020-01-01 02:58:53.590082|[g:1][CONSENSUS][PBFT]checkAndChangeView: Reach consensus,org_view=34929,org_changeCycle=0,cur_changeCycle=0,to_view=34930
info|2020-01-01 02:58:54.602110|[g:1][CONSENSUS]addRawPrepare,height=89,reqIdx=2,hash=96f8ad77...
info|2020-01-01 02:58:54.602889|[g:1][CONSENSUS][PBFT]checkTimeout Succ,view=34930,toView=34931,nodeIdx=0,changeCycle=0,myNode=493ace4f...,timecost=0.587
info|2020-01-01 02:58:54.607230|[g:1][CONSENSUS][PBFT]checkAndChangeView: Reach consensus,org_view=34930,org_changeCycle=0,cur_changeCycle=0,to_view=34931
info|2020-01-01 02:58:55.204509|[P2P][Service] heartBeat,connected count=3
info|2020-01-01 02:58:55.615935|[g:1][CONSENSUS]addRawPrepare,height=89,reqIdx=3,hash=6d277d5e...
info|2020-01-01 02:58:55.627743|[g:1][CONSENSUS][PBFT]checkTimeout Succ,view=34931,toView=34932,nodeIdx=0,changeCycle=0,myNode=493ace4f...,timecost=1.877
info|2020-01-01 02:58:55.655944|[g:1][CONSENSUS][PBFT]checkAndChangeView: Reach consensus,org_view=34931,org_changeCycle=0,cur_changeCycle=0,to_view=34932
info|2020-01-01 02:58:56.657429|[g:1][CONSENSUS][SEALER]++++++++++++++++ Generating seal on,blkNum=89,tx=0,nodeIdx=0,hash=dca17763...
info|2020-01-01 02:58:56.678042|[g:1][CONSENSUS][PBFT]checkTimeout Succ,view=34932,toView=34933,nodeIdx=0,changeCycle=0,myNode=493ace4f...,timecost=1.965
info|2020-01-01 02:58:56.679996|[g:1][CONSENSUS][PBFT]checkAndChangeView: Reach consensus,org_view=34932,org_changeCycle=0,cur_changeCycle=0,to_view=34933
info|2020-01-01 02:58:57.697296|[g:1][CONSENSUS]addRawPrepare,height=89,reqIdx=1,hash=3fdca1a0...
info|2020-01-01 02:58:57.699631|[g:1][CONSENSUS][PBFT]checkTimeout Succ,view=34933,toView=34934,nodeIdx=0,changeCycle=0,myNode=493ace4f...,timecost=0.779
info|2020-01-01 02:58:57.701822|[g:1][CONSENSUS][PBFT]checkAndChangeView: Reach consensus,org_view=34933,org_changeCycle=0,cur_changeCycle=0,to_view=34934
info|2020-01-01 02:58:58.701261|[g:1][CONSENSUS]addRawPrepare,height=89,reqIdx=2,hash=66c99746...
info|2020-01-01 02:58:58.702797|[g:1][CONSENSUS][PBFT]checkTimeout Succ,view=34934,toView=34935,nodeIdx=0,changeCycle=0,myNode=493ace4f...,timecost=1.336
info|2020-01-01 02:58:58.708039|[g:1][CONSENSUS][PBFT]checkAndChangeView: Reach consensus,org_view=34934,org_changeCycle=0,cur_changeCycle=0,to_view=34935
info|2020-01-01 02:58:59.711418|[g:1][CONSENSUS]addRawPrepare,height=89,reqIdx=3,hash=158ec957...
info|2020-01-01 02:58:59.711980|[g:1][CONSENSUS][PBFT]checkTimeout Succ,view=34935,toView=34936,nodeIdx=0,changeCycle=0,myNode=493ace4f...,timecost=0.412
info|2020-01-01 02:58:59.714440|[g:1][CONSENSUS][PBFT]checkAndChangeView: Reach consensus,org_view=34935,org_changeCycle=0,cur_changeCycle=0,to_view=34936
info|2020-01-01 02:59:00.714795|[g:1][CONSENSUS][SEALER]++++++++++++++++ Generating seal on,blkNum=89,tx=0,nodeIdx=0,hash=a663e890...
info|2020-01-01 02:59:00.731476|[g:1][CONSENSUS][PBFT]checkTimeout Succ,view=34936,toView=34937,nodeIdx=0,changeCycle=0,myNode=493ace4f...,timecost=0.516
info|2020-01-01 02:59:00.739627|[g:1][CONSENSUS][PBFT]checkAndChangeView: Reach consensus,org_view=34936,org_changeCycle=0,cur_changeCycle=0,to_view=34937
info|2020-01-01 02:59:01.745431|[g:1][CONSENSUS]addRawPrepare,height=89,reqIdx=1,hash=6be05a19...
info|2020-01-01 02:59:01.746058|[g:1][CONSENSUS][PBFT]checkTimeout Succ,view=34937,toView=34938,nodeIdx=0,changeCycle=0,myNode=493ace4f...,timecost=0.533
info|2020-01-01 02:59:01.761975|[g:1][CONSENSUS][PBFT]checkAndChangeView: Reach consensus,org_view=34937,org_changeCycle=0,cur_changeCycle=0,to_view=34938
info|2020-01-01 02:59:02.800664|[g:1][CONSENSUS]addRawPrepare,height=89,reqIdx=2,hash=13ce68ee...
info|2020-01-01 02:59:02.801170|[g:1][CONSENSUS][PBFT]checkTimeout Succ,view=34938,toView=34939,nodeIdx=0,changeCycle=0,myNode=493ace4f...,timecost=0.453
info|2020-01-01 02:59:02.817730|[g:1][CONSENSUS][PBFT]checkAndChangeView: Reach consensus,org_view=34938,org_changeCycle=0,cur_changeCycle=0,to_view=34939
info|2020-01-01 02:59:03.903263|[g:1][CONSENSUS]addRawPrepare,height=89,reqIdx=3,hash=c3c6f378...
info|2020-01-01 02:59:03.904049|[g:1][CONSENSUS][PBFT]checkTimeout Succ,view=34939,toView=34940,nodeIdx=0,changeCycle=0,myNode=493ace4f...,timecost=0.443
info|2020-01-01 02:59:03.996436|[g:1][CONSENSUS][PBFT]checkAndChangeView: Reach consensus,org_view=34939,org_changeCycle=0,cur_changeCycle=0,to_view=34940
info|2020-01-01 02:59:04.998369|[g:1][CONSENSUS][SEALER]++++++++++++++++ Generating seal on,blkNum=89,tx=0,nodeIdx=0,hash=99924941...
info|2020-01-01 02:59:04.999983|[g:1][CONSENSUS][PBFT]checkTimeout Succ,view=34940,toView=34941,nodeIdx=0,changeCycle=0,myNode=493ace4f...,timecost=0.477
info|2020-01-01 02:59:05.028913|[g:1][CONSENSUS][PBFT]checkAndChangeView: Reach consensus,org_view=34940,org_changeCycle=0,cur_changeCycle=0,to_view=34941
info|2020-01-01 02:59:05.211135|[P2P][Service] heartBeat,connected count=3
info|2020-01-01 02:59:06.037710|[g:1][CONSENSUS]addRawPrepare,height=89,reqIdx=1,hash=812fabc3...
info|2020-01-01 02:59:06.038968|[g:1][CONSENSUS][PBFT]checkTimeout Succ,view=34941,toView=34942,nodeIdx=0,changeCycle=0,myNode=493ace4f...,timecost=8.246
info|2020-01-01 02:59:06.196844|[g:1][CONSENSUS][PBFT]checkAndChangeView: Reach consensus,org_view=34941,org_changeCycle=0,cur_changeCycle=0,to_view=34942
info|2020-01-01 02:59:07.138563|[g:1][CONSENSUS]addRawPrepare,height=89,reqIdx=2,hash=93629ee7...
info|2020-01-01 02:59:07.163847|[g:1][CONSENSUS][PBFT]checkTimeout Succ,view=34942,toView=34943,nodeIdx=0,changeCycle=0,myNode=493ace4f...,timecost=17.754
info|2020-01-01 02:59:07.167091|[g:1][CONSENSUS][PBFT]checkAndChangeView: Reach consensus,org_view=34942,org_changeCycle=0,cur_changeCycle=0,to_view=34943
info|2020-01-01 02:59:08.166920|[g:1][CONSENSUS]addRawPrepare,height=89,reqIdx=3,hash=caf03097...
info|2020-01-01 02:59:08.168107|[g:1][CONSENSUS][PBFT]checkTimeout Succ,view=34943,toView=34944,nodeIdx=0,changeCycle=0,myNode=493ace4f...,timecost=1.114
info|2020-01-01 02:59:08.171251|[g:1][CONSENSUS][PBFT]checkAndChangeView: Reach consensus,org_view=34943,org_changeCycle=0,cur_changeCycle=0,to_view=34944
info|2020-01-01 02:59:09.172483|[g:1][CONSENSUS][SEALER]++++++++++++++++ Generating seal on,blkNum=89,tx=0,nodeIdx=0,hash=af750608...
info|2020-01-01 02:59:09.174948|[g:1][CONSENSUS][PBFT]checkTimeout Succ,view=34944,toView=34945,nodeIdx=0,changeCycle=0,myNode=493ace4f...,timecost=0.464
info|2020-01-01 02:59:09.187172|[g:1][CONSENSUS][PBFT]checkAndChangeView: Reach consensus,org_view=34944,org_changeCycle=0,cur_changeCycle=0,to_view=34945
info|2020-01-01 02:59:10.191614|[g:1][CONSENSUS]addRawPrepare,height=89,reqIdx=1,hash=dfb708d5...
info|2020-01-01 02:59:10.192207|[g:1][CONSENSUS][PBFT]checkTimeout Succ,view=34945,toView=34946,nodeIdx=0,changeCycle=0,myNode=493ace4f...,timecost=0.498
info|2020-01-01 02:59:10.196755|[g:1][CONSENSUS][PBFT]checkAndChangeView: Reach consensus,org_view=34945,org_changeCycle=0,cur_changeCycle=0,to_view=34946
info|2020-01-01 02:59:11.199525|[g:1][CONSENSUS]addRawPrepare,height=89,reqIdx=2,hash=948fa1ef...
info|2020-01-01 02:59:11.200368|[g:1][CONSENSUS][PBFT]checkTimeout Succ,view=34946,toView=34947,nodeIdx=0,changeCycle=0,myNode=493ace4f...,timecost=0.488
info|2020-01-01 02:59:11.202806|[g:1][CONSENSUS][PBFT]checkAndChangeView: Reach consensus,org_view=34946,org_changeCycle=0,cur_changeCycle=0,to_view=34947
info|2020-01-01 02:59:12.210047|[g:1][CONSENSUS]addRawPrepare,height=89,reqIdx=3,hash=acf85c64...
info|2020-01-01 02:59:12.218378|[g:1][CONSENSUS][PBFT]checkTimeout Succ,view=34947,toView=34948,nodeIdx=0,changeCycle=0,myNode=493ace4f...,timecost=8.116
info|2020-01-01 02:59:12.220594|[g:1][CONSENSUS][PBFT]checkAndChangeView: Reach consensus,org_view=34947,org_changeCycle=0,cur_changeCycle=0,to_view=34948
info|2020-01-01 02:59:13.220570|[g:1][CONSENSUS][SEALER]++++++++++++++++ Generating seal on,blkNum=89,tx=0,nodeIdx=0,hash=60f1b0c0...
info|2020-01-01 02:59:13.289818|[g:1][CONSENSUS][PBFT]checkTimeout Succ,view=34948,toView=34949,nodeIdx=0,changeCycle=0,myNode=493ace4f...,timecost=4.759
info|2020-01-01 02:59:13.291405|[g:1][CONSENSUS][PBFT]checkAndChangeView: Reach consensus,org_view=34948,org_changeCycle=0,cur_changeCycle=0,to_view=34949
info|2020-01-01 02:59:14.252680|[g:1][CONSENSUS]addRawPrepare,height=89,reqIdx=1,hash=c70dd343...
info|2020-01-01 02:59:14.253294|[g:1][CONSENSUS][PBFT]checkTimeout Succ,view=34949,toView=34950,nodeIdx=0,changeCycle=0,myNode=493ace4f...,timecost=0.418
info|2020-01-01 02:59:14.257710|[g:1][CONSENSUS][PBFT]checkAndChangeView: Reach consensus,org_view=34949,org_changeCycle=0,cur_changeCycle=0,to_view=34950
info|2020-01-01 02:59:15.211945|[P2P][Service] heartBeat,connected count=3
info|2020-01-01 02:59:15.283095|[g:1][CONSENSUS]addRawPrepare,height=89,reqIdx=2,hash=f2cf3cf1...
info|2020-01-01 02:59:15.284563|[g:1][CONSENSUS][PBFT]checkTimeout Succ,view=34950,toView=34951,nodeIdx=0,changeCycle=0,myNode=493ace4f...,timecost=1.359
info|2020-01-01 02:59:15.316350|[g:1][CONSENSUS][PBFT]checkAndChangeView: Reach consensus,org_view=34950,org_changeCycle=0,cur_changeCycle=0,to_view=34951
info|2020-01-01 02:59:16.317173|[g:1][CONSENSUS]addRawPrepare,height=89,reqIdx=3,hash=ad3f7207...
info|2020-01-01 02:59:16.317651|[g:1][CONSENSUS][PBFT]checkTimeout Succ,view=34951,toView=34952,nodeIdx=0,changeCycle=0,myNode=493ace4f...,timecost=0.341
info|2020-01-01 02:59:16.320637|[g:1][CONSENSUS][PBFT]checkAndChangeView: Reach consensus,org_view=34951,org_changeCycle=0,cur_changeCycle=0,to_view=34952
info|2020-01-01 02:59:17.321062|[g:1][CONSENSUS][SEALER]++++++++++++++++ Generating seal on,blkNum=89,tx=0,nodeIdx=0,hash=7733ae3a...
info|2020-01-01 02:59:17.322214|[g:1][CONSENSUS][PBFT]checkTimeout Succ,view=34952,toView=34953,nodeIdx=0,changeCycle=0,myNode=493ace4f...,timecost=0.437
info|2020-01-01 02:59:17.329704|[g:1][CONSENSUS][PBFT]checkAndChangeView: Reach consensus,org_view=34952,org_changeCycle=0,cur_changeCycle=0,to_view=34953
info|2020-01-01 02:59:18.338132|[g:1][CONSENSUS]addRawPrepare,height=89,reqIdx=1,hash=f138db69...
info|2020-01-01 02:59:18.338620|[g:1][CONSENSUS][PBFT]checkTimeout Succ,view=34953,toView=34954,nodeIdx=0,changeCycle=0,myNode=493ace4f...,timecost=0.347
info|2020-01-01 02:59:18.340305|[g:1][CONSENSUS][PBFT]checkAndChangeView: Reach consensus,org_view=34953,org_changeCycle=0,cur_changeCycle=0,to_view=34954
info|2020-01-01 02:59:19.345881|[g:1][CONSENSUS]addRawPrepare,height=89,reqIdx=2,hash=c74e91d0...
info|2020-01-01 02:59:19.346310|[g:1][CONSENSUS][PBFT]checkTimeout Succ,view=34954,toView=34955,nodeIdx=0,changeCycle=0,myNode=493ace4f...,timecost=0.372
info|2020-01-01 02:59:19.347146|[g:1][CONSENSUS][PBFT]checkAndChangeView: Reach consensus,org_view=34954,org_changeCycle=0,cur_changeCycle=0,to_view=34955
info|2020-01-01 02:59:20.351208|[g:1][CONSENSUS]addRawPrepare,height=89,reqIdx=3,hash=263c002d...
info|2020-01-01 02:59:20.351993|[g:1][CONSENSUS][PBFT]checkTimeout Succ,view=34955,toView=34956,nodeIdx=0,changeCycle=0,myNode=493ace4f...,timecost=0.508
info|2020-01-01 02:59:20.357233|[g:1][CONSENSUS][PBFT]checkAndChangeView: Reach consensus,org_view=34955,org_changeCycle=0,cur_changeCycle=0,to_view=34956
info|2020-01-01 02:59:21.359558|[g:1][CONSENSUS][SEALER]++++++++++++++++ Generating seal on,blkNum=89,tx=0,nodeIdx=0,hash=f75aa298...
info|2020-01-01 02:59:21.366221|[g:1][CONSENSUS][PBFT]checkTimeout Succ,view=34956,toView=34957,nodeIdx=0,changeCycle=0,myNode=493ace4f...,timecost=0.905
info|2020-01-01 02:59:21.375095|[g:1][CONSENSUS][PBFT]checkAndChangeView: Reach consensus,org_view=34956,org_changeCycle=0,cur_changeCycle=0,to_view=34957
info|2020-01-01 02:59:22.379120|[g:1][CONSENSUS]addRawPrepare,height=89,reqIdx=1,hash=55bb518f...
info|2020-01-01 02:59:22.379819|[g:1][CONSENSUS][PBFT]checkTimeout Succ,view=34957,toView=34958,nodeIdx=0,changeCycle=0,myNode=493ace4f...,timecost=0.523
info|2020-01-01 02:59:22.381698|[g:1][CONSENSUS][PBFT]checkAndChangeView: Reach consensus,org_view=34957,org_changeCycle=0,cur_changeCycle=0,to_view=34958
info|2020-01-01 02:59:23.406961|[g:1][CONSENSUS]addRawPrepare,height=89,reqIdx=2,hash=b332c59a...
info|2020-01-01 02:59:23.417821|[g:1][CONSENSUS][PBFT]checkTimeout Succ,view=34958,toView=34959,nodeIdx=0,changeCycle=0,myNode=493ace4f...,timecost=8.961
info|2020-01-01 02:59:23.439807|[g:1][CONSENSUS][PBFT]checkAndChangeView: Reach consensus,org_view=34958,org_changeCycle=0,cur_changeCycle=0,to_view=34959
info|2020-01-01 02:59:24.491011|[g:1][CONSENSUS]addRawPrepare,height=89,reqIdx=3,hash=1c1aae58...
info|2020-01-01 02:59:24.491616|[g:1][CONSENSUS][PBFT]checkTimeout Succ,view=34959,toView=34960,nodeIdx=0,changeCycle=0,myNode=493ace4f...,timecost=0.417
info|2020-01-01 02:59:24.564509|[g:1][CONSENSUS][PBFT]checkAndChangeView: Reach consensus,org_view=34959,org_changeCycle=0,cur_changeCycle=0,to_view=34960
info|2020-01-01 02:59:25.212863|[P2P][Service] heartBeat,connected count=3
info|2020-01-01 02:59:25.564328|[g:1][CONSENSUS][SEALER]++++++++++++++++ Generating seal on,blkNum=89,tx=0,nodeIdx=0,hash=ff8c8d71...
info|2020-01-01 02:59:25.567413|[g:1][CONSENSUS][PBFT]checkTimeout Succ,view=34960,toView=34961,nodeIdx=0,changeCycle=0,myNode=493ace4f...,timecost=0.349
info|2020-01-01 02:59:25.575328|[g:1][CONSENSUS][PBFT]checkAndChangeView: Reach consensus,org_view=34960,org_changeCycle=0,cur_changeCycle=0,to_view=34961
info|2020-01-01 02:59:26.578305|[g:1][CONSENSUS]addRawPrepare,height=89,reqIdx=1,hash=d59869f0...
info|2020-01-01 02:59:26.578956|[g:1][CONSENSUS][PBFT]checkTimeout Succ,view=34961,toView=34962,nodeIdx=0,changeCycle=0,myNode=493ace4f...,timecost=0.401
info|2020-01-01 02:59:26.580609|[g:1][CONSENSUS][PBFT]checkAndChangeView: Reach consensus,org_view=34961,org_changeCycle=0,cur_changeCycle=0,to_view=34962
info|2020-01-01 02:59:27.585433|[g:1][CONSENSUS]addRawPrepare,height=89,reqIdx=2,hash=58d7ac89...
info|2020-01-01 02:59:27.588292|[g:1][CONSENSUS][PBFT]checkTimeout Succ,view=34962,toView=34963,nodeIdx=0,changeCycle=0,myNode=493ace4f...,timecost=2.572
info|2020-01-01 02:59:27.591455|[g:1][CONSENSUS][PBFT]checkAndChangeView: Reach consensus,org_view=34962,org_changeCycle=0,cur_changeCycle=0,to_view=34963
info|2020-01-01 02:59:28.593510|[g:1][CONSENSUS]addRawPrepare,height=89,reqIdx=3,hash=254e972a...
info|2020-01-01 02:59:28.594053|[g:1][CONSENSUS][PBFT]checkTimeout Succ,view=34963,toView=34964,nodeIdx=0,changeCycle=0,myNode=493ace4f...,timecost=0.366
info|2020-01-01 02:59:28.598248|[g:1][CONSENSUS][PBFT]checkAndChangeView: Reach consensus,org_view=34963,org_changeCycle=0,cur_changeCycle=0,to_view=34964
info|2020-01-01 02:59:29.599920|[g:1][CONSENSUS][SEALER]++++++++++++++++ Generating seal on,blkNum=89,tx=0,nodeIdx=0,hash=bc0c4d81...
info|2020-01-01 02:59:29.602495|[g:1][CONSENSUS][PBFT]checkTimeout Succ,view=34964,toView=34965,nodeIdx=0,changeCycle=0,myNode=493ace4f...,timecost=0.357
info|2020-01-01 02:59:29.605468|[g:1][CONSENSUS][PBFT]checkAndChangeView: Reach consensus,org_view=34964,org_changeCycle=0,cur_changeCycle=0,to_view=34965
info|2020-01-01 02:59:30.609386|[g:1][CONSENSUS]addRawPrepare,height=89,reqIdx=1,hash=f9d70123...
info|2020-01-01 02:59:30.610080|[g:1][CONSENSUS][PBFT]checkTimeout Succ,view=34965,toView=34966,nodeIdx=0,changeCycle=0,myNode=493ace4f...,timecost=0.498
info|2020-01-01 02:59:30.613545|[g:1][CONSENSUS][PBFT]checkAndChangeView: Reach consensus,org_view=34965,org_changeCycle=0,cur_changeCycle=0,to_view=34966
info|2020-01-01 02:59:31.622696|[g:1][CONSENSUS]addRawPrepare,height=89,reqIdx=2,hash=6a67690e...
info|2020-01-01 02:59:31.623333|[g:1][CONSENSUS][PBFT]checkTimeout Succ,view=34966,toView=34967,nodeIdx=0,changeCycle=0,myNode=493ace4f...,timecost=0.554
info|2020-01-01 02:59:31.625014|[g:1][CONSENSUS][PBFT]checkAndChangeView: Reach consensus,org_view=34966,org_changeCycle=0,cur_changeCycle=0,to_view=34967
info|2020-01-01 02:59:32.628837|[g:1][CONSENSUS]addRawPrepare,height=89,reqIdx=3,hash=1c611fba...
info|2020-01-01 02:59:32.629495|[g:1][CONSENSUS][PBFT]checkTimeout Succ,view=34967,toView=34968,nodeIdx=0,changeCycle=0,myNode=493ace4f...,timecost=0.481
info|2020-01-01 02:59:32.633427|[g:1][CONSENSUS][PBFT]checkAndChangeView: Reach consensus,org_view=34967,org_changeCycle=0,cur_changeCycle=0,to_view=34968
info|2020-01-01 02:59:33.635307|[g:1][CONSENSUS][SEALER]++++++++++++++++ Generating seal on,blkNum=89,tx=0,nodeIdx=0,hash=9077e230...
info|2020-01-01 02:59:33.638590|[g:1][CONSENSUS][PBFT]checkTimeout Succ,view=34968,toView=34969,nodeIdx=0,changeCycle=0,myNode=493ace4f...,timecost=0.323
info|2020-01-01 02:59:33.641471|[g:1][CONSENSUS][PBFT]checkAndChangeView: Reach consensus,org_view=34968,org_changeCycle=0,cur_changeCycle=0,to_view=34969
info|2020-01-01 02:59:34.642209|[g:1][CONSENSUS]addRawPrepare,height=89,reqIdx=1,hash=115d5248...
info|2020-01-01 02:59:34.642828|[g:1][CONSENSUS][PBFT]checkTimeout Succ,view=34969,toView=34970,nodeIdx=0,changeCycle=0,myNode=493ace4f...,timecost=0.407
info|2020-01-01 02:59:34.645606|[g:1][CONSENSUS][PBFT]checkAndChangeView: Reach consensus,org_view=34969,org_changeCycle=0,cur_changeCycle=0,to_view=34970
info|2020-01-01 02:59:35.213194|[P2P][Service] heartBeat,connected count=3
info|2020-01-01 02:59:35.653231|[g:1][CONSENSUS]addRawPrepare,height=89,reqIdx=2,hash=73e750da...
info|2020-01-01 02:59:35.655568|[g:1][CONSENSUS][PBFT]checkTimeout Succ,view=34970,toView=34971,nodeIdx=0,changeCycle=0,myNode=493ace4f...,timecost=1.225
info|2020-01-01 02:59:35.662184|[g:1][CONSENSUS][PBFT]checkAndChangeView: Reach consensus,org_view=34970,org_changeCycle=0,cur_changeCycle=0,to_view=34971
info|2020-01-01 02:59:36.659056|[g:1][CONSENSUS]addRawPrepare,height=89,reqIdx=3,hash=d7fa37a8...
info|2020-01-01 02:59:36.659555|[g:1][CONSENSUS][PBFT]checkTimeout Succ,view=34971,toView=34972,nodeIdx=0,changeCycle=0,myNode=493ace4f...,timecost=0.348
info|2020-01-01 02:59:36.663809|[g:1][CONSENSUS][PBFT]checkAndChangeView: Reach consensus,org_view=34971,org_changeCycle=0,cur_changeCycle=0,to_view=34972
info|2020-01-01 02:59:37.664065|[g:1][CONSENSUS][SEALER]++++++++++++++++ Generating seal on,blkNum=89,tx=0,nodeIdx=0,hash=88e25400...
info|2020-01-01 02:59:37.665004|[g:1][CONSENSUS][PBFT]checkTimeout Succ,view=34972,toView=34973,nodeIdx=0,changeCycle=0,myNode=493ace4f...,timecost=0.481
info|2020-01-01 02:59:37.669748|[g:1][CONSENSUS][PBFT]checkAndChangeView: Reach consensus,org_view=34972,org_changeCycle=0,cur_changeCycle=0,to_view=34973
info|2020-01-01 02:59:38.674727|[g:1][CONSENSUS]addRawPrepare,height=89,reqIdx=1,hash=d59d1813...
info|2020-01-01 02:59:38.675334|[g:1][CONSENSUS][PBFT]checkTimeout Succ,view=34973,toView=34974,nodeIdx=0,changeCycle=0,myNode=493ace4f...,timecost=0.386
info|2020-01-01 02:59:38.678936|[g:1][CONSENSUS][PBFT]checkAndChangeView: Reach consensus,org_view=34973,org_changeCycle=0,cur_changeCycle=0,to_view=34974
info|2020-01-01 02:59:39.686705|[g:1][CONSENSUS]addRawPrepare,height=89,reqIdx=2,hash=f8711d24...
info|2020-01-01 02:59:39.687783|[g:1][CONSENSUS][PBFT]checkTimeout Succ,view=34974,toView=34975,nodeIdx=0,changeCycle=0,myNode=493ace4f...,timecost=0.922
info|2020-01-01 02:59:39.688895|[g:1][CONSENSUS][PBFT]checkAndChangeView: Reach consensus,org_view=34974,org_changeCycle=0,cur_changeCycle=0,to_view=34975
info|2020-01-01 02:59:40.691706|[g:1][CONSENSUS]addRawPrepare,height=89,reqIdx=3,hash=e59ebb40...
info|2020-01-01 02:59:40.692342|[g:1][CONSENSUS][PBFT]checkTimeout Succ,view=34975,toView=34976,nodeIdx=0,changeCycle=0,myNode=493ace4f...,timecost=0.448
info|2020-01-01 02:59:40.696158|[g:1][CONSENSUS][PBFT]checkAndChangeView: Reach consensus,org_view=34975,org_changeCycle=0,cur_changeCycle=0,to_view=34976
info|2020-01-01 02:59:41.696174|[g:1][CONSENSUS][SEALER]++++++++++++++++ Generating seal on,blkNum=89,tx=0,nodeIdx=0,hash=8eb8c1c4...
info|2020-01-01 02:59:41.697444|[g:1][CONSENSUS][PBFT]checkTimeout Succ,view=34976,toView=34977,nodeIdx=0,changeCycle=0,myNode=493ace4f...,timecost=0.659
info|2020-01-01 02:59:41.704777|[g:1][CONSENSUS][PBFT]checkAndChangeView: Reach consensus,org_view=34976,org_changeCycle=0,cur_changeCycle=0,to_view=34977
info|2020-01-01 02:59:42.705822|[g:1][CONSENSUS]addRawPrepare,height=89,reqIdx=1,hash=9ac8a923...
info|2020-01-01 02:59:42.706341|[g:1][CONSENSUS][PBFT]checkTimeout Succ,view=34977,toView=34978,nodeIdx=0,changeCycle=0,myNode=493ace4f...,timecost=0.37
info|2020-01-01 02:59:42.709939|[g:1][CONSENSUS][PBFT]checkAndChangeView: Reach consensus,org_view=34977,org_changeCycle=0,cur_changeCycle=0,to_view=34978
info|2020-01-01 02:59:43.714092|[g:1][CONSENSUS]addRawPrepare,height=89,reqIdx=2,hash=d71f69be...
info|2020-01-01 02:59:43.714703|[g:1][CONSENSUS][PBFT]checkTimeout Succ,view=34978,toView=34979,nodeIdx=0,changeCycle=0,myNode=493ace4f...,timecost=0.332
info|2020-01-01 02:59:43.717550|[g:1][CONSENSUS][PBFT]checkAndChangeView: Reach consensus,org_view=34978,org_changeCycle=0,cur_changeCycle=0,to_view=34979
info|2020-01-01 02:59:44.719922|[g:1][CONSENSUS]addRawPrepare,height=89,reqIdx=3,hash=b102eb83...
info|2020-01-01 02:59:44.720259|[g:1][CONSENSUS][PBFT]checkTimeout Succ,view=34979,toView=34980,nodeIdx=0,changeCycle=0,myNode=493ace4f...,timecost=0.247
info|2020-01-01 02:59:44.721776|[g:1][CONSENSUS][PBFT]checkAndChangeView: Reach consensus,org_view=34979,org_changeCycle=0,cur_changeCycle=0,to_view=34980
info|2020-01-01 02:59:45.214096|[P2P][Service] heartBeat,connected count=3
info|2020-01-01 02:59:45.722239|[g:1][CONSENSUS][SEALER]++++++++++++++++ Generating seal on,blkNum=89,tx=0,nodeIdx=0,hash=437d2e2e...
info|2020-01-01 02:59:45.723391|[g:1][CONSENSUS][PBFT]checkTimeout Succ,view=34980,toView=34981,nodeIdx=0,changeCycle=0,myNode=493ace4f...,timecost=0.525
info|2020-01-01 02:59:45.732128|[g:1][CONSENSUS][PBFT]checkAndChangeView: Reach consensus,org_view=34980,org_changeCycle=0,cur_changeCycle=0,to_view=34981
info|2020-01-01 02:59:46.736074|[g:1][CONSENSUS]addRawPrepare,height=89,reqIdx=1,hash=4bf0b16f...
info|2020-01-01 02:59:46.738268|[g:1][CONSENSUS][PBFT]checkTimeout Succ,view=34981,toView=34982,nodeIdx=0,changeCycle=0,myNode=493ace4f...,timecost=0.632
info|2020-01-01 02:59:46.740445|[g:1][CONSENSUS][PBFT]checkAndChangeView: Reach consensus,org_view=34981,org_changeCycle=0,cur_changeCycle=0,to_view=34982
info|2020-01-01 02:59:47.744086|[g:1][CONSENSUS]addRawPrepare,height=89,reqIdx=2,hash=07cf2702...
info|2020-01-01 02:59:47.744590|[g:1][CONSENSUS][PBFT]checkTimeout Succ,view=34982,toView=34983,nodeIdx=0,changeCycle=0,myNode=493ace4f...,timecost=0.356
info|2020-01-01 02:59:47.748225|[g:1][CONSENSUS][PBFT]checkAndChangeView: Reach consensus,org_view=34982,org_changeCycle=0,cur_changeCycle=0,to_view=34983
info|2020-01-01 02:59:48.754187|[g:1][CONSENSUS]addRawPrepare,height=89,reqIdx=3,hash=3f3fb624...
info|2020-01-01 02:59:48.754660|[g:1][CONSENSUS][PBFT]checkTimeout Succ,view=34983,toView=34984,nodeIdx=0,changeCycle=0,myNode=493ace4f...,timecost=0.332
info|2020-01-01 02:59:48.757155|[g:1][CONSENSUS][PBFT]checkAndChangeView: Reach consensus,org_view=34983,org_changeCycle=0,cur_changeCycle=0,to_view=34984
info|2020-01-01 02:59:49.757853|[g:1][CONSENSUS][SEALER]++++++++++++++++ Generating seal on,blkNum=89,tx=0,nodeIdx=0,hash=b4fbdaab...
info|2020-01-01 02:59:49.758932|[g:1][CONSENSUS][PBFT]checkTimeout Succ,view=34984,toView=34985,nodeIdx=0,changeCycle=0,myNode=493ace4f...,timecost=0.388
info|2020-01-01 02:59:49.763774|[g:1][CONSENSUS][PBFT]checkAndChangeView: Reach consensus,org_view=34984,org_changeCycle=0,cur_changeCycle=0,to_view=34985
info|2020-01-01 02:59:50.804465|[g:1][CONSENSUS]addRawPrepare,height=89,reqIdx=1,hash=d6117439...
info|2020-01-01 02:59:50.807205|[g:1][CONSENSUS][PBFT]checkTimeout Succ,view=34985,toView=34986,nodeIdx=0,changeCycle=0,myNode=493ace4f...,timecost=2.697
info|2020-01-01 02:59:50.832451|[g:1][CONSENSUS][PBFT]checkAndChangeView: Reach consensus,org_view=34985,org_changeCycle=0,cur_changeCycle=0,to_view=34986
info|2020-01-01 02:59:51.831469|[g:1][CONSENSUS]addRawPrepare,height=89,reqIdx=2,hash=46fc6aba...
info|2020-01-01 02:59:51.832162|[g:1][CONSENSUS][PBFT]checkTimeout Succ,view=34986,toView=34987,nodeIdx=0,changeCycle=0,myNode=493ace4f...,timecost=0.586
info|2020-01-01 02:59:51.835442|[g:1][CONSENSUS][PBFT]checkAndChangeView: Reach consensus,org_view=34986,org_changeCycle=0,cur_changeCycle=0,to_view=34987
info|2020-01-01 02:59:52.839612|[g:1][CONSENSUS]addRawPrepare,height=89,reqIdx=3,hash=1ccc62cb...
info|2020-01-01 02:59:52.839926|[g:1][CONSENSUS][PBFT]checkTimeout Succ,view=34987,toView=34988,nodeIdx=0,changeCycle=0,myNode=493ace4f...,timecost=0.284
info|2020-01-01 02:59:52.841434|[g:1][CONSENSUS][PBFT]checkAndChangeView: Reach consensus,org_view=34987,org_changeCycle=0,cur_changeCycle=0,to_view=34988
info|2020-01-01 02:59:53.841924|[g:1][CONSENSUS][SEALER]++++++++++++++++ Generating seal on,blkNum=89,tx=0,nodeIdx=0,hash=732995a7...
info|2020-01-01 02:59:53.844718|[g:1][CONSENSUS][PBFT]checkTimeout Succ,view=34988,toView=34989,nodeIdx=0,changeCycle=0,myNode=493ace4f...,timecost=0.932
info|2020-01-01 02:59:53.850539|[g:1][CONSENSUS][PBFT]checkAndChangeView: Reach consensus,org_view=34988,org_changeCycle=0,cur_changeCycle=0,to_view=34989
info|2020-01-01 02:59:54.852614|[g:1][CONSENSUS]addRawPrepare,height=89,reqIdx=1,hash=f2716717...
info|2020-01-01 02:59:54.852991|[g:1][CONSENSUS][PBFT]checkTimeout Succ,view=34989,toView=34990,nodeIdx=0,changeCycle=0,myNode=493ace4f...,timecost=0.285
info|2020-01-01 02:59:54.858994|[g:1][CONSENSUS][PBFT]checkAndChangeView: Reach consensus,org_view=34989,org_changeCycle=0,cur_changeCycle=0,to_view=34990
info|2020-01-01 02:59:55.214431|[P2P][Service] heartBeat,connected count=3
info|2020-01-01 02:59:55.864584|[g:1][CONSENSUS]addRawPrepare,height=89,reqIdx=2,hash=dabd4562...
info|2020-01-01 02:59:55.865456|[g:1][CONSENSUS][PBFT]checkTimeout Succ,view=34990,toView=34991,nodeIdx=0,changeCycle=0,myNode=493ace4f...,timecost=0.678
info|2020-01-01 02:59:55.870907|[g:1][CONSENSUS][PBFT]checkAndChangeView: Reach consensus,org_view=34990,org_changeCycle=0,cur_changeCycle=0,to_view=34991
info|2020-01-01 02:59:56.874552|[g:1][CONSENSUS]addRawPrepare,height=89,reqIdx=3,hash=5fe7d0c0...
info|2020-01-01 02:59:56.875077|[g:1][CONSENSUS][PBFT]checkTimeout Succ,view=34991,toView=34992,nodeIdx=0,changeCycle=0,myNode=493ace4f...,timecost=0.371
info|2020-01-01 02:59:56.880858|[g:1][CONSENSUS][PBFT]checkAndChangeView: Reach consensus,org_view=34991,org_changeCycle=0,cur_changeCycle=0,to_view=34992
info|2020-01-01 02:59:57.882147|[g:1][CONSENSUS][SEALER]++++++++++++++++ Generating seal on,blkNum=89,tx=0,nodeIdx=0,hash=3c138157...
info|2020-01-01 02:59:57.886084|[g:1][CONSENSUS][PBFT]checkTimeout Succ,view=34992,toView=34993,nodeIdx=0,changeCycle=0,myNode=493ace4f...,timecost=0.345
info|2020-01-01 02:59:57.891596|[g:1][CONSENSUS][PBFT]checkAndChangeView: Reach consensus,org_view=34992,org_changeCycle=0,cur_changeCycle=0,to_view=34993
info|2020-01-01 02:59:58.896851|[g:1][CONSENSUS]addRawPrepare,height=89,reqIdx=1,hash=a7862472...
info|2020-01-01 02:59:58.897437|[g:1][CONSENSUS][PBFT]checkTimeout Succ,view=34993,toView=34994,nodeIdx=0,changeCycle=0,myNode=493ace4f...,timecost=0.446
info|2020-01-01 02:59:58.902965|[g:1][CONSENSUS][PBFT]checkAndChangeView: Reach consensus,org_view=34993,org_changeCycle=0,cur_changeCycle=0,to_view=34994
info|2020-01-01 02:59:59.905821|[g:1][CONSENSUS]addRawPrepare,height=89,reqIdx=2,hash=8b8f0f4d...
info|2020-01-01 02:59:59.906182|[g:1][CONSENSUS][PBFT]checkTimeout Succ,view=34994,toView=34995,nodeIdx=0,changeCycle=0,myNode=493ace4f...,timecost=0.334
info|2020-01-01 02:59:59.906795|[g:1][CONSENSUS][PBFT]checkAndChangeView: Reach consensus,org_view=34994,org_changeCycle=0,cur_changeCycle=0,to_view=34995
