warning|2019-12-30 15:29:09.147193|[g:1][CONSENSUS][PBFT]ViewChangeWarning: not caused by omit empty block ,v=5235,toV=5236,curNum=22,hash=15bda79c...,nodeIdx=0,myNode=493ace4f...
info|2019-12-30 15:29:09.147317|[g:1][CONSENSUS][PBFT]checkTimeout Succ,view=5235,toView=5236,nodeIdx=0,changeCycle=1,myNode=493ace4f...,timecost=0.457
info|2019-12-30 15:29:09.547903|[g:1][CONSENSUS][PBFT]checkAndChangeView: Reach consensus,org_view=5235,org_changeCycle=1,cur_changeCycle=1,to_view=5236
info|2019-12-30 15:29:10.735936|[g:1][CONSENSUS]addRawPrepare,height=23,reqIdx=2,hash=2cd6d5d8...
info|2019-12-30 15:29:10.970598|[g:1][CONSENSUS][PBFT]checkTimeout Succ,view=5236,toView=5237,nodeIdx=0,changeCycle=0,myNode=493ace4f...,timecost=234.47
info|2019-12-30 15:29:11.295127|[g:1][CONSENSUS][PBFT]checkAndChangeView: Reach consensus,org_view=5236,org_changeCycle=0,cur_changeCycle=0,to_view=5237
info|2019-12-30 15:29:12.290682|[g:1][CONSENSUS]addRawPrepare,height=23,reqIdx=3,hash=4d6815b5...
info|2019-12-30 15:29:12.361416|[g:1][CONSENSUS][PBFT]checkTimeout Succ,view=5237,toView=5238,nodeIdx=0,changeCycle=0,myNode=493ace4f...,timecost=70.658
info|2019-12-30 15:29:12.365351|[g:1][CONSENSUS][PBFT]checkAndChangeView: Reach consensus,org_view=5237,org_changeCycle=0,cur_changeCycle=0,to_view=5238
info|2019-12-30 15:29:12.569876|[P2P][Service] heartBeat,connected count=3
info|2019-12-30 15:29:13.367654|[g:1][CONSENSUS][SEALER]++++++++++++++++ Generating seal on,blkNum=23,tx=0,nodeIdx=0,hash=f813c061...
info|2019-12-30 15:29:13.486859|[g:1][CONSENSUS][PBFT]checkTimeout Succ,view=5238,toView=5239,nodeIdx=0,changeCycle=0,myNode=493ace4f...,timecost=0.477
info|2019-12-30 15:29:13.639224|[g:1][CONSENSUS][PBFT]checkAndChangeView: Reach consensus,org_view=5238,org_changeCycle=0,cur_changeCycle=0,to_view=5239
info|2019-12-30 15:29:14.859148|[g:1][CONSENSUS]addRawPrepare,height=23,reqIdx=1,hash=e57cb501...
info|2019-12-30 15:29:14.860809|[g:1][CONSENSUS][PBFT]checkTimeout Succ,view=5239,toView=5240,nodeIdx=0,changeCycle=0,myNode=493ace4f...,timecost=1.105
info|2019-12-30 15:29:14.943625|[g:1][CONSENSUS][PBFT]checkAndChangeView: Reach consensus,org_view=5239,org_changeCycle=0,cur_changeCycle=0,to_view=5240
info|2019-12-30 15:29:15.939906|[g:1][CONSENSUS]addRawPrepare,height=23,reqIdx=2,hash=623dad30...
info|2019-12-30 15:29:15.945649|[g:1][CONSENSUS][PBFT]checkTimeout Succ,view=5240,toView=5241,nodeIdx=0,changeCycle=0,myNode=493ace4f...,timecost=3.836
info|2019-12-30 15:29:16.032353|[g:1][CONSENSUS][PBFT]checkAndChangeView: Reach consensus,org_view=5240,org_changeCycle=0,cur_changeCycle=0,to_view=5241
info|2019-12-30 15:29:17.021189|[g:1][CONSENSUS]addRawPrepare,height=23,reqIdx=3,hash=49bf9260...
info|2019-12-30 15:29:17.086663|[g:1][CONSENSUS][PBFT]checkTimeout Succ,view=5241,toView=5242,nodeIdx=0,changeCycle=0,myNode=493ace4f...,timecost=56.501
info|2019-12-30 15:29:17.095924|[g:1][CONSENSUS][PBFT]checkAndChangeView: Reach consensus,org_view=5241,org_changeCycle=0,cur_changeCycle=0,to_view=5242
info|2019-12-30 15:29:18.108042|[g:1][CONSENSUS][SEALER]++++++++++++++++ Generating seal on,blkNum=23,tx=0,nodeIdx=0,hash=b3a31b0e...
info|2019-12-30 15:29:18.127565|[g:1][CONSENSUS][PBFT]checkTimeout Succ,view=5242,toView=5243,nodeIdx=0,changeCycle=0,myNode=493ace4f...,timecost=18.822
info|2019-12-30 15:29:18.130451|[g:1][CONSENSUS][PBFT]checkAndChangeView: Reach consensus,org_view=5242,org_changeCycle=0,cur_changeCycle=0,to_view=5243
info|2019-12-30 15:29:19.388859|[g:1][CONSENSUS][PBFT]Trigger fast-viewchange,view=5243,toView=5243,minView=5244,INFO=,reqNum=22,curNum=22,GenIdx=1,Cview=5244,view=5243,fromIdx=1,fromNode=546baaf5...,fromIp=127.0.0.1:30303,hash=15bda79c...,nodeIdx=0,myNode=493ace4f...
info|2019-12-30 15:29:19.389672|[g:1][CONSENSUS][PBFT]checkAndChangeView: Reach consensus,org_view=5243,org_changeCycle=0,cur_changeCycle=0,to_view=5244
info|2019-12-30 15:29:19.389844|[g:1][CONSENSUS][PBFT]checkTimeout Succ,view=5244,toView=5244,nodeIdx=0,changeCycle=0,myNode=493ace4f...,timecost=0.859
info|2019-12-30 15:29:20.537647|[g:1][CONSENSUS]addRawPrepare,height=23,reqIdx=2,hash=86285bf3...
info|2019-12-30 15:29:20.541953|[g:1][CONSENSUS][PBFT]checkTimeout Succ,view=5244,toView=5245,nodeIdx=0,changeCycle=0,myNode=493ace4f...,timecost=3.621
info|2019-12-30 15:29:20.676738|[g:1][CONSENSUS][PBFT]checkAndChangeView: Reach consensus,org_view=5244,org_changeCycle=0,cur_changeCycle=0,to_view=5245
info|2019-12-30 15:29:21.688254|[g:1][CONSENSUS]addRawPrepare,height=23,reqIdx=3,hash=5b76acf3...
info|2019-12-30 15:29:21.688795|[g:1][CONSENSUS][PBFT]checkTimeout Succ,view=5245,toView=5246,nodeIdx=0,changeCycle=0,myNode=493ace4f...,timecost=0.378
info|2019-12-30 15:29:21.697897|[g:1][CONSENSUS][PBFT]checkAndChangeView: Reach consensus,org_view=5245,org_changeCycle=0,cur_changeCycle=0,to_view=5246
info|2019-12-30 15:29:22.573702|[P2P][Service] heartBeat,connected count=3
info|2019-12-30 15:29:22.697806|[g:1][CONSENSUS][SEALER]++++++++++++++++ Generating seal on,blkNum=23,tx=0,nodeIdx=0,hash=bcb157b8...
info|2019-12-30 15:29:22.703268|[g:1][CONSENSUS][PBFT]checkTimeout Succ,view=5246,toView=5247,nodeIdx=0,changeCycle=0,myNode=493ace4f...,timecost=0.52
info|2019-12-30 15:29:22.715111|[g:1][CONSENSUS][PBFT]checkAndChangeView: Reach consensus,org_view=5246,org_changeCycle=0,cur_changeCycle=0,to_view=5247
info|2019-12-30 15:29:23.723993|[g:1][CONSENSUS]addRawPrepare,height=23,reqIdx=1,hash=b8bb946f...
info|2019-12-30 15:29:23.742156|[g:1][CONSENSUS][PBFT]checkTimeout Succ,view=5247,toView=5248,nodeIdx=0,changeCycle=0,myNode=493ace4f...,timecost=0.425
info|2019-12-30 15:29:23.750247|[g:1][CONSENSUS][PBFT]checkAndChangeView: Reach consensus,org_view=5247,org_changeCycle=0,cur_changeCycle=0,to_view=5248
info|2019-12-30 15:29:24.756162|[g:1][CONSENSUS]addRawPrepare,height=23,reqIdx=2,hash=9b203224...
info|2019-12-30 15:29:24.758166|[g:1][CONSENSUS][PBFT]checkTimeout Succ,view=5248,toView=5249,nodeIdx=0,changeCycle=0,myNode=493ace4f...,timecost=0.517
info|2019-12-30 15:29:24.784717|[g:1][CONSENSUS][PBFT]checkAndChangeView: Reach consensus,org_view=5248,org_changeCycle=0,cur_changeCycle=0,to_view=5249
info|2019-12-30 15:29:25.793897|[g:1][CONSENSUS]addRawPrepare,height=23,reqIdx=3,hash=0bc6a1f8...
info|2019-12-30 15:29:25.794936|[g:1][CONSENSUS][PBFT]checkTimeout Succ,view=5249,toView=5250,nodeIdx=0,changeCycle=0,myNode=493ace4f...,timecost=1.061
info|2019-12-30 15:29:25.872581|[g:1][CONSENSUS][PBFT]checkAndChangeView: Reach consensus,org_view=5249,org_changeCycle=0,cur_changeCycle=0,to_view=5250
info|2019-12-30 15:29:26.872640|[g:1][CONSENSUS][SEALER]++++++++++++++++ Generating seal on,blkNum=23,tx=0,nodeIdx=0,hash=4940e37e...
info|2019-12-30 15:29:26.884433|[g:1][CONSENSUS][PBFT]checkTimeout Succ,view=5250,toView=5251,nodeIdx=0,changeCycle=0,myNode=493ace4f...,timecost=0.723
info|2019-12-30 15:29:26.891033|[g:1][CONSENSUS][PBFT]checkAndChangeView: Reach consensus,org_view=5250,org_changeCycle=0,cur_changeCycle=0,to_view=5251
info|2019-12-30 15:29:27.883692|[g:1][CONSENSUS]addRawPrepare,height=23,reqIdx=1,hash=66733abe...
info|2019-12-30 15:29:27.884444|[g:1][CONSENSUS][PBFT]checkTimeout Succ,view=5251,toView=5252,nodeIdx=0,changeCycle=0,myNode=493ace4f...,timecost=0.551
info|2019-12-30 15:29:27.894215|[g:1][CONSENSUS][PBFT]checkAndChangeView: Reach consensus,org_view=5251,org_changeCycle=0,cur_changeCycle=0,to_view=5252
info|2019-12-30 15:29:28.898919|[g:1][CONSENSUS]addRawPrepare,height=23,reqIdx=2,hash=cb7f9abd...
info|2019-12-30 15:29:28.900149|[g:1][CONSENSUS][PBFT]checkTimeout Succ,view=5252,toView=5253,nodeIdx=0,changeCycle=0,myNode=493ace4f...,timecost=0.442
info|2019-12-30 15:29:28.905983|[g:1][CONSENSUS][PBFT]checkAndChangeView: Reach consensus,org_view=5252,org_changeCycle=0,cur_changeCycle=0,to_view=5253
info|2019-12-30 15:29:29.920209|[g:1][CONSENSUS]addRawPrepare,height=23,reqIdx=3,hash=479392a3...
info|2019-12-30 15:29:29.924443|[g:1][CONSENSUS][PBFT]checkTimeout Succ,view=5253,toView=5254,nodeIdx=0,changeCycle=0,myNode=493ace4f...,timecost=2.598
info|2019-12-30 15:29:29.938334|[g:1][CONSENSUS][PBFT]checkAndChangeView: Reach consensus,org_view=5253,org_changeCycle=0,cur_changeCycle=0,to_view=5254
info|2019-12-30 15:29:30.938217|[g:1][CONSENSUS][SEALER]++++++++++++++++ Generating seal on,blkNum=23,tx=0,nodeIdx=0,hash=7faede14...
info|2019-12-30 15:29:30.942500|[g:1][CONSENSUS][PBFT]checkTimeout Succ,view=5254,toView=5255,nodeIdx=0,changeCycle=0,myNode=493ace4f...,timecost=0.306
info|2019-12-30 15:29:30.947424|[g:1][CONSENSUS][PBFT]checkAndChangeView: Reach consensus,org_view=5254,org_changeCycle=0,cur_changeCycle=0,to_view=5255
info|2019-12-30 15:29:31.955724|[g:1][CONSENSUS]addRawPrepare,height=23,reqIdx=1,hash=bed232cb...
info|2019-12-30 15:29:31.963308|[g:1][CONSENSUS][PBFT]checkTimeout Succ,view=5255,toView=5256,nodeIdx=0,changeCycle=0,myNode=493ace4f...,timecost=3.407
info|2019-12-30 15:29:31.968994|[g:1][CONSENSUS][PBFT]checkAndChangeView: Reach consensus,org_view=5255,org_changeCycle=0,cur_changeCycle=0,to_view=5256
info|2019-12-30 15:29:32.574770|[P2P][Service] heartBeat,connected count=3
info|2019-12-30 15:29:32.975028|[g:1][CONSENSUS]addRawPrepare,height=23,reqIdx=2,hash=a7daa4bc...
info|2019-12-30 15:29:32.977991|[g:1][CONSENSUS][PBFT]checkTimeout Succ,view=5256,toView=5257,nodeIdx=0,changeCycle=0,myNode=493ace4f...,timecost=2.093
info|2019-12-30 15:29:33.026655|[g:1][CONSENSUS][PBFT]checkAndChangeView: Reach consensus,org_view=5256,org_changeCycle=0,cur_changeCycle=0,to_view=5257
info|2019-12-30 15:29:34.032741|[g:1][CONSENSUS]addRawPrepare,height=23,reqIdx=3,hash=c4fda87b...
info|2019-12-30 15:29:34.041778|[g:1][CONSENSUS][PBFT]checkTimeout Succ,view=5257,toView=5258,nodeIdx=0,changeCycle=0,myNode=493ace4f...,timecost=8.909
info|2019-12-30 15:29:34.042858|[g:1][CONSENSUS][PBFT]checkAndChangeView: Reach consensus,org_view=5257,org_changeCycle=0,cur_changeCycle=0,to_view=5258
info|2019-12-30 15:29:35.043877|[g:1][CONSENSUS][SEALER]++++++++++++++++ Generating seal on,blkNum=23,tx=0,nodeIdx=0,hash=44e83667...
info|2019-12-30 15:29:35.054646|[g:1][CONSENSUS][PBFT]checkTimeout Succ,view=5258,toView=5259,nodeIdx=0,changeCycle=0,myNode=493ace4f...,timecost=6.495
info|2019-12-30 15:29:35.072977|[g:1][CONSENSUS][PBFT]checkAndChangeView: Reach consensus,org_view=5258,org_changeCycle=0,cur_changeCycle=0,to_view=5259
info|2019-12-30 15:29:36.117227|[g:1][CONSENSUS]addRawPrepare,height=23,reqIdx=1,hash=feaef905...
info|2019-12-30 15:29:36.134244|[g:1][CONSENSUS][PBFT]checkTimeout Succ,view=5259,toView=5260,nodeIdx=0,changeCycle=0,myNode=493ace4f...,timecost=16.232
info|2019-12-30 15:29:36.152875|[g:1][CONSENSUS][PBFT]checkAndChangeView: Reach consensus,org_view=5259,org_changeCycle=0,cur_changeCycle=0,to_view=5260
info|2019-12-30 15:29:37.197864|[g:1][CONSENSUS]addRawPrepare,height=23,reqIdx=2,hash=c187355a...
info|2019-12-30 15:29:37.198550|[g:1][CONSENSUS][PBFT]checkTimeout Succ,view=5260,toView=5261,nodeIdx=0,changeCycle=0,myNode=493ace4f...,timecost=0.583
info|2019-12-30 15:29:37.199897|[g:1][CONSENSUS][PBFT]checkAndChangeView: Reach consensus,org_view=5260,org_changeCycle=0,cur_changeCycle=0,to_view=5261
warning|2019-12-30 15:29:42.254567|[g:1][CONSENSUS][PBFT]ViewChangeWarning: not caused by omit empty block ,v=5261,toV=5262,curNum=22,hash=15bda79c...,nodeIdx=0,myNode=493ace4f...
info|2019-12-30 15:29:42.255069|[g:1][CONSENSUS][PBFT]checkTimeout Succ,view=5261,toView=5262,nodeIdx=0,changeCycle=1,myNode=493ace4f...,timecost=1.224
