info|2020-01-05 03:00:00.863956|[g:1][CONSENSUS]addRawPrepare,height=821,reqIdx=1,hash=29af6bcc...
info|2020-01-05 03:00:00.870302|[g:1][CONSENSUS][PBFT]checkTimeout Succ,view=645,toView=646,nodeIdx=0,changeCycle=0,myNode=493ace4f...,timecost=5.713
info|2020-01-05 03:00:00.877776|[g:1][CONSENSUS][PBFT]checkAndChangeView: Reach consensus,org_view=645,org_changeCycle=0,cur_changeCycle=0,to_view=646
info|2020-01-05 03:00:01.898465|[g:1][CONSENSUS]addRawPrepare,height=821,reqIdx=2,hash=40a0c9f7...
info|2020-01-05 03:00:01.901050|[g:1][CONSENSUS][PBFT]checkTimeout Succ,view=646,toView=647,nodeIdx=0,changeCycle=0,myNode=493ace4f...,timecost=2.177
info|2020-01-05 03:00:01.952878|[g:1][CONSENSUS][PBFT]checkAndChangeView: Reach consensus,org_view=646,org_changeCycle=0,cur_changeCycle=0,to_view=647
info|2020-01-05 03:00:02.973327|[g:1][CONSENSUS]addRawPrepare,height=821,reqIdx=3,hash=50829b8f...
info|2020-01-05 03:00:02.974860|[g:1][CONSENSUS][PBFT]checkTimeout Succ,view=647,toView=648,nodeIdx=0,changeCycle=0,myNode=493ace4f...,timecost=1.068
info|2020-01-05 03:00:02.997386|[g:1][CONSENSUS][PBFT]checkAndChangeView: Reach consensus,org_view=647,org_changeCycle=0,cur_changeCycle=0,to_view=648
info|2020-01-05 03:00:03.482583|[P2P][Service] heartBeat,connected count=3
info|2020-01-05 03:00:04.001633|[g:1][CONSENSUS][SEALER]++++++++++++++++ Generating seal on,blkNum=821,tx=0,nodeIdx=0,hash=1f8740d7...
info|2020-01-05 03:00:04.033322|[g:1][CONSENSUS][PBFT]checkTimeout Succ,view=648,toView=649,nodeIdx=0,changeCycle=0,myNode=493ace4f...,timecost=1.136
info|2020-01-05 03:00:04.038897|[g:1][CONSENSUS][PBFT]checkAndChangeView: Reach consensus,org_view=648,org_changeCycle=0,cur_changeCycle=0,to_view=649
info|2020-01-05 03:00:05.044230|[g:1][CONSENSUS]addRawPrepare,height=821,reqIdx=1,hash=a74b9dfb...
info|2020-01-05 03:00:05.045566|[g:1][CONSENSUS][PBFT]checkTimeout Succ,view=649,toView=650,nodeIdx=0,changeCycle=0,myNode=493ace4f...,timecost=0.976
info|2020-01-05 03:00:05.068704|[g:1][CONSENSUS][PBFT]checkAndChangeView: Reach consensus,org_view=649,org_changeCycle=0,cur_changeCycle=0,to_view=650
info|2020-01-05 03:00:06.074611|[g:1][CONSENSUS]addRawPrepare,height=821,reqIdx=2,hash=4d41b9ed...
info|2020-01-05 03:00:06.092197|[g:1][CONSENSUS][PBFT]checkTimeout Succ,view=650,toView=651,nodeIdx=0,changeCycle=0,myNode=493ace4f...,timecost=17.366
info|2020-01-05 03:00:06.103841|[g:1][CONSENSUS][PBFT]checkAndChangeView: Reach consensus,org_view=650,org_changeCycle=0,cur_changeCycle=0,to_view=651
info|2020-01-05 03:00:07.133630|[g:1][CONSENSUS]addRawPrepare,height=821,reqIdx=3,hash=573c97e1...
info|2020-01-05 03:00:07.134679|[g:1][CONSENSUS][PBFT]checkTimeout Succ,view=651,toView=652,nodeIdx=0,changeCycle=0,myNode=493ace4f...,timecost=0.917
info|2020-01-05 03:00:07.152145|[g:1][CONSENSUS][PBFT]checkAndChangeView: Reach consensus,org_view=651,org_changeCycle=0,cur_changeCycle=0,to_view=652
info|2020-01-05 03:00:08.153286|[g:1][CONSENSUS][SEALER]++++++++++++++++ Generating seal on,blkNum=821,tx=0,nodeIdx=0,hash=59dfe35e...
info|2020-01-05 03:00:08.162896|[g:1][CONSENSUS][PBFT]checkTimeout Succ,view=652,toView=653,nodeIdx=0,changeCycle=0,myNode=493ace4f...,timecost=7.943
info|2020-01-05 03:00:08.192875|[g:1][CONSENSUS][PBFT]checkAndChangeView: Reach consensus,org_view=652,org_changeCycle=0,cur_changeCycle=0,to_view=653
info|2020-01-05 03:00:09.236613|[g:1][CONSENSUS]addRawPrepare,height=821,reqIdx=1,hash=b5a57da6...
info|2020-01-05 03:00:09.257327|[g:1][CONSENSUS][PBFT]checkTimeout Succ,view=653,toView=654,nodeIdx=0,changeCycle=0,myNode=493ace4f...,timecost=2.715
info|2020-01-05 03:00:09.277145|[g:1][CONSENSUS][PBFT]checkAndChangeView: Reach consensus,org_view=653,org_changeCycle=0,cur_changeCycle=0,to_view=654
info|2020-01-05 03:00:10.294348|[g:1][CONSENSUS]addRawPrepare,height=821,reqIdx=2,hash=6ecf625f...
info|2020-01-05 03:00:10.378664|[g:1][CONSENSUS][PBFT]checkTimeout Succ,view=654,toView=655,nodeIdx=0,changeCycle=0,myNode=493ace4f...,timecost=46.59
info|2020-01-05 03:00:10.465327|[g:1][CONSENSUS][PBFT]checkAndChangeView: Reach consensus,org_view=654,org_changeCycle=0,cur_changeCycle=0,to_view=655
info|2020-01-05 03:00:11.482148|[g:1][CONSENSUS]addRawPrepare,height=821,reqIdx=3,hash=60740dbe...
info|2020-01-05 03:00:11.503585|[g:1][CONSENSUS][PBFT]checkTimeout Succ,view=655,toView=656,nodeIdx=0,changeCycle=0,myNode=493ace4f...,timecost=21.036
info|2020-01-05 03:00:11.539278|[g:1][CONSENSUS][PBFT]checkAndChangeView: Reach consensus,org_view=655,org_changeCycle=0,cur_changeCycle=0,to_view=656
info|2020-01-05 03:00:12.541711|[g:1][CONSENSUS][SEALER]++++++++++++++++ Generating seal on,blkNum=821,tx=0,nodeIdx=0,hash=778ee92c...
info|2020-01-05 03:00:12.600132|[g:1][CONSENSUS][PBFT]checkTimeout Succ,view=656,toView=657,nodeIdx=0,changeCycle=0,myNode=493ace4f...,timecost=43.586
info|2020-01-05 03:00:12.618269|[g:1][CONSENSUS][PBFT]checkAndChangeView: Reach consensus,org_view=656,org_changeCycle=0,cur_changeCycle=0,to_view=657
info|2020-01-05 03:00:13.483333|[P2P][Service] heartBeat,connected count=3
info|2020-01-05 03:00:13.603301|[g:1][CONSENSUS]addRawPrepare,height=821,reqIdx=1,hash=c0027f08...
info|2020-01-05 03:00:13.658091|[g:1][CONSENSUS][PBFT]checkTimeout Succ,view=657,toView=658,nodeIdx=0,changeCycle=0,myNode=493ace4f...,timecost=20.948
info|2020-01-05 03:00:13.692559|[g:1][CONSENSUS][PBFT]checkAndChangeView: Reach consensus,org_view=657,org_changeCycle=0,cur_changeCycle=0,to_view=658
info|2020-01-05 03:00:14.701166|[g:1][CONSENSUS]addRawPrepare,height=821,reqIdx=2,hash=758f161c...
info|2020-01-05 03:00:14.705018|[g:1][CONSENSUS][PBFT]checkTimeout Succ,view=658,toView=659,nodeIdx=0,changeCycle=0,myNode=493ace4f...,timecost=3.447
info|2020-01-05 03:00:14.738626|[g:1][CONSENSUS][PBFT]checkAndChangeView: Reach consensus,org_view=658,org_changeCycle=0,cur_changeCycle=0,to_view=659
info|2020-01-05 03:00:15.791813|[g:1][CONSENSUS]addRawPrepare,height=821,reqIdx=3,hash=a4ee305a...
info|2020-01-05 03:00:15.807257|[g:1][CONSENSUS][PBFT]checkTimeout Succ,view=659,toView=660,nodeIdx=0,changeCycle=0,myNode=493ace4f...,timecost=10.831
info|2020-01-05 03:00:15.811866|[g:1][CONSENSUS][PBFT]checkAndChangeView: Reach consensus,org_view=659,org_changeCycle=0,cur_changeCycle=0,to_view=660
info|2020-01-05 03:00:16.825800|[g:1][CONSENSUS][SEALER]++++++++++++++++ Generating seal on,blkNum=821,tx=0,nodeIdx=0,hash=f432bd9d...
info|2020-01-05 03:00:16.863466|[g:1][CONSENSUS][PBFT]checkTimeout Succ,view=660,toView=661,nodeIdx=0,changeCycle=0,myNode=493ace4f...,timecost=2.77
info|2020-01-05 03:00:16.870477|[g:1][CONSENSUS][PBFT]checkAndChangeView: Reach consensus,org_view=660,org_changeCycle=0,cur_changeCycle=0,to_view=661
info|2020-01-05 03:00:17.927715|[g:1][CONSENSUS]addRawPrepare,height=821,reqIdx=1,hash=66724bac...
info|2020-01-05 03:00:17.976175|[g:1][CONSENSUS][PBFT]checkTimeout Succ,view=661,toView=662,nodeIdx=0,changeCycle=0,myNode=493ace4f...,timecost=34.549
info|2020-01-05 03:00:17.994683|[g:1][CONSENSUS][PBFT]checkAndChangeView: Reach consensus,org_view=661,org_changeCycle=0,cur_changeCycle=0,to_view=662
info|2020-01-05 03:00:19.023940|[g:1][CONSENSUS]addRawPrepare,height=821,reqIdx=2,hash=514a057f...
info|2020-01-05 03:00:19.114091|[g:1][CONSENSUS][PBFT]checkTimeout Succ,view=662,toView=663,nodeIdx=0,changeCycle=0,myNode=493ace4f...,timecost=25.449
info|2020-01-05 03:00:19.182414|[g:1][CONSENSUS][PBFT]checkAndChangeView: Reach consensus,org_view=662,org_changeCycle=0,cur_changeCycle=0,to_view=663
info|2020-01-05 03:00:20.176121|[g:1][CONSENSUS]addRawPrepare,height=821,reqIdx=3,hash=7eb4dc04...
info|2020-01-05 03:00:20.178604|[g:1][CONSENSUS][PBFT]checkTimeout Succ,view=663,toView=664,nodeIdx=0,changeCycle=0,myNode=493ace4f...,timecost=19.412
info|2020-01-05 03:00:20.322491|[g:1][CONSENSUS][PBFT]checkAndChangeView: Reach consensus,org_view=663,org_changeCycle=0,cur_changeCycle=0,to_view=664
info|2020-01-05 03:00:21.323684|[g:1][CONSENSUS][SEALER]++++++++++++++++ Generating seal on,blkNum=821,tx=0,nodeIdx=0,hash=493266bb...
info|2020-01-05 03:00:21.380812|[g:1][CONSENSUS][PBFT]checkTimeout Succ,view=664,toView=665,nodeIdx=0,changeCycle=0,myNode=493ace4f...,timecost=1.057
info|2020-01-05 03:00:21.382809|[g:1][CONSENSUS][PBFT]checkAndChangeView: Reach consensus,org_view=664,org_changeCycle=0,cur_changeCycle=0,to_view=665
info|2020-01-05 03:00:22.445001|[g:1][CONSENSUS]addRawPrepare,height=821,reqIdx=1,hash=7e5a26c1...
info|2020-01-05 03:00:22.445511|[g:1][CONSENSUS][PBFT]checkTimeout Succ,view=665,toView=666,nodeIdx=0,changeCycle=0,myNode=493ace4f...,timecost=0.455
info|2020-01-05 03:00:22.454335|[g:1][CONSENSUS][PBFT]checkAndChangeView: Reach consensus,org_view=665,org_changeCycle=0,cur_changeCycle=0,to_view=666
info|2020-01-05 03:00:23.458690|[g:1][CONSENSUS]addRawPrepare,height=821,reqIdx=2,hash=37db21fc...
info|2020-01-05 03:00:23.468686|[g:1][CONSENSUS][PBFT]checkTimeout Succ,view=666,toView=667,nodeIdx=0,changeCycle=0,myNode=493ace4f...,timecost=9.67
info|2020-01-05 03:00:23.479736|[g:1][CONSENSUS][PBFT]checkAndChangeView: Reach consensus,org_view=666,org_changeCycle=0,cur_changeCycle=0,to_view=667
info|2020-01-05 03:00:23.484914|[P2P][Service] heartBeat,connected count=3
info|2020-01-05 03:00:24.493599|[g:1][CONSENSUS]addRawPrepare,height=821,reqIdx=3,hash=d1067f51...
info|2020-01-05 03:00:24.494751|[g:1][CONSENSUS][PBFT]checkTimeout Succ,view=667,toView=668,nodeIdx=0,changeCycle=0,myNode=493ace4f...,timecost=1.06
info|2020-01-05 03:00:24.515092|[g:1][CONSENSUS][PBFT]checkAndChangeView: Reach consensus,org_view=667,org_changeCycle=0,cur_changeCycle=0,to_view=668
info|2020-01-05 03:00:25.518831|[g:1][CONSENSUS][SEALER]++++++++++++++++ Generating seal on,blkNum=821,tx=0,nodeIdx=0,hash=61085cd2...
info|2020-01-05 03:00:25.569840|[g:1][CONSENSUS][PBFT]checkTimeout Succ,view=668,toView=669,nodeIdx=0,changeCycle=0,myNode=493ace4f...,timecost=1.214
info|2020-01-05 03:00:25.581566|[g:1][CONSENSUS][PBFT]checkAndChangeView: Reach consensus,org_view=668,org_changeCycle=0,cur_changeCycle=0,to_view=669
info|2020-01-05 03:00:26.561167|[g:1][CONSENSUS]addRawPrepare,height=821,reqIdx=1,hash=fd0c66f0...
info|2020-01-05 03:00:26.562009|[g:1][CONSENSUS][PBFT]checkTimeout Succ,view=669,toView=670,nodeIdx=0,changeCycle=0,myNode=493ace4f...,timecost=0.741
info|2020-01-05 03:00:26.573719|[g:1][CONSENSUS][PBFT]checkAndChangeView: Reach consensus,org_view=669,org_changeCycle=0,cur_changeCycle=0,to_view=670
info|2020-01-05 03:00:27.583145|[g:1][CONSENSUS]addRawPrepare,height=821,reqIdx=2,hash=e9d2d696...
info|2020-01-05 03:00:27.592149|[g:1][CONSENSUS][PBFT]checkTimeout Succ,view=670,toView=671,nodeIdx=0,changeCycle=0,myNode=493ace4f...,timecost=8.8
info|2020-01-05 03:00:27.603807|[g:1][CONSENSUS][PBFT]checkAndChangeView: Reach consensus,org_view=670,org_changeCycle=0,cur_changeCycle=0,to_view=671
info|2020-01-05 03:00:28.619455|[g:1][CONSENSUS]addRawPrepare,height=821,reqIdx=3,hash=58520e1b...
info|2020-01-05 03:00:28.621331|[g:1][CONSENSUS][PBFT]checkTimeout Succ,view=671,toView=672,nodeIdx=0,changeCycle=0,myNode=493ace4f...,timecost=1.775
info|2020-01-05 03:00:28.631333|[g:1][CONSENSUS][PBFT]checkAndChangeView: Reach consensus,org_view=671,org_changeCycle=0,cur_changeCycle=0,to_view=672
info|2020-01-05 03:00:29.637619|[g:1][CONSENSUS][SEALER]++++++++++++++++ Generating seal on,blkNum=821,tx=0,nodeIdx=0,hash=70b8a8ea...
info|2020-01-05 03:00:29.703615|[g:1][CONSENSUS][PBFT]checkTimeout Succ,view=672,toView=673,nodeIdx=0,changeCycle=0,myNode=493ace4f...,timecost=1.573
info|2020-01-05 03:00:29.732847|[g:1][CONSENSUS][PBFT]checkAndChangeView: Reach consensus,org_view=672,org_changeCycle=0,cur_changeCycle=0,to_view=673
info|2020-01-05 03:00:30.704570|[g:1][CONSENSUS]addRawPrepare,height=821,reqIdx=1,hash=88cf44b6...
info|2020-01-05 03:00:30.715695|[g:1][CONSENSUS][PBFT]checkTimeout Succ,view=673,toView=674,nodeIdx=0,changeCycle=0,myNode=493ace4f...,timecost=11
info|2020-01-05 03:00:30.735360|[g:1][CONSENSUS][PBFT]checkAndChangeView: Reach consensus,org_view=673,org_changeCycle=0,cur_changeCycle=0,to_view=674
info|2020-01-05 03:00:31.768955|[g:1][CONSENSUS]addRawPrepare,height=821,reqIdx=2,hash=8e8ea1c6...
info|2020-01-05 03:00:31.899877|[g:1][CONSENSUS][PBFT]checkTimeout Succ,view=674,toView=675,nodeIdx=0,changeCycle=0,myNode=493ace4f...,timecost=3.4
info|2020-01-05 03:00:31.924882|[g:1][CONSENSUS][PBFT]checkAndChangeView: Reach consensus,org_view=674,org_changeCycle=0,cur_changeCycle=0,to_view=675
info|2020-01-05 03:00:32.908017|[g:1][CONSENSUS]addRawPrepare,height=821,reqIdx=3,hash=389ef7ca...
info|2020-01-05 03:00:32.938326|[g:1][CONSENSUS][PBFT]checkTimeout Succ,view=675,toView=676,nodeIdx=0,changeCycle=0,myNode=493ace4f...,timecost=28.84
info|2020-01-05 03:00:33.013407|[g:1][CONSENSUS][PBFT]checkAndChangeView: Reach consensus,org_view=675,org_changeCycle=0,cur_changeCycle=0,to_view=676
info|2020-01-05 03:00:33.485359|[P2P][Service] heartBeat,connected count=3
info|2020-01-05 03:00:34.013533|[g:1][CONSENSUS][SEALER]++++++++++++++++ Generating seal on,blkNum=821,tx=0,nodeIdx=0,hash=35d7c96e...
info|2020-01-05 03:00:34.093628|[g:1][CONSENSUS][PBFT]checkTimeout Succ,view=676,toView=677,nodeIdx=0,changeCycle=0,myNode=493ace4f...,timecost=77.849
info|2020-01-05 03:00:34.149441|[g:1][CONSENSUS][PBFT]checkAndChangeView: Reach consensus,org_view=676,org_changeCycle=0,cur_changeCycle=0,to_view=677
info|2020-01-05 03:00:35.150432|[g:1][CONSENSUS]addRawPrepare,height=821,reqIdx=1,hash=b8c7bf1c...
info|2020-01-05 03:00:35.156574|[g:1][CONSENSUS][PBFT]checkTimeout Succ,view=677,toView=678,nodeIdx=0,changeCycle=0,myNode=493ace4f...,timecost=1.532
info|2020-01-05 03:00:35.169091|[g:1][CONSENSUS][PBFT]checkAndChangeView: Reach consensus,org_view=677,org_changeCycle=0,cur_changeCycle=0,to_view=678
info|2020-01-05 03:00:36.239527|[g:1][CONSENSUS]addRawPrepare,height=821,reqIdx=2,hash=86d5c423...
info|2020-01-05 03:00:36.244100|[g:1][CONSENSUS][PBFT]checkTimeout Succ,view=678,toView=679,nodeIdx=0,changeCycle=0,myNode=493ace4f...,timecost=1.038
info|2020-01-05 03:00:36.309879|[g:1][CONSENSUS][PBFT]checkAndChangeView: Reach consensus,org_view=678,org_changeCycle=0,cur_changeCycle=0,to_view=679
info|2020-01-05 03:00:37.366821|[g:1][CONSENSUS]addRawPrepare,height=821,reqIdx=3,hash=38ccab5b...
info|2020-01-05 03:00:37.377010|[g:1][CONSENSUS][PBFT]checkTimeout Succ,view=679,toView=680,nodeIdx=0,changeCycle=0,myNode=493ace4f...,timecost=10.014
info|2020-01-05 03:00:37.381648|[g:1][CONSENSUS][PBFT]checkAndChangeView: Reach consensus,org_view=679,org_changeCycle=0,cur_changeCycle=0,to_view=680
info|2020-01-05 03:00:38.393803|[g:1][CONSENSUS][SEALER]++++++++++++++++ Generating seal on,blkNum=821,tx=0,nodeIdx=0,hash=b7dd540f...
info|2020-01-05 03:00:38.423551|[g:1][CONSENSUS][PBFT]checkTimeout Succ,view=680,toView=681,nodeIdx=0,changeCycle=0,myNode=493ace4f...,timecost=0.769
info|2020-01-05 03:00:38.442936|[g:1][CONSENSUS][PBFT]checkAndChangeView: Reach consensus,org_view=680,org_changeCycle=0,cur_changeCycle=0,to_view=681
info|2020-01-05 03:00:39.424978|[g:1][CONSENSUS]addRawPrepare,height=821,reqIdx=1,hash=5cea260c...
info|2020-01-05 03:00:39.432060|[g:1][CONSENSUS][PBFT]checkTimeout Succ,view=681,toView=682,nodeIdx=0,changeCycle=0,myNode=493ace4f...,timecost=7.059
info|2020-01-05 03:00:39.437051|[g:1][CONSENSUS][PBFT]checkAndChangeView: Reach consensus,org_view=681,org_changeCycle=0,cur_changeCycle=0,to_view=682
info|2020-01-05 03:00:40.437243|[g:1][CONSENSUS]addRawPrepare,height=821,reqIdx=2,hash=1c34f7d8...
info|2020-01-05 03:00:40.437873|[g:1][CONSENSUS][PBFT]checkTimeout Succ,view=682,toView=683,nodeIdx=0,changeCycle=0,myNode=493ace4f...,timecost=0.484
info|2020-01-05 03:00:40.453979|[g:1][CONSENSUS][PBFT]checkAndChangeView: Reach consensus,org_view=682,org_changeCycle=0,cur_changeCycle=0,to_view=683
info|2020-01-05 03:00:41.461058|[g:1][CONSENSUS]addRawPrepare,height=821,reqIdx=3,hash=4af5ae3c...
info|2020-01-05 03:00:41.480466|[g:1][CONSENSUS][PBFT]checkTimeout Succ,view=683,toView=684,nodeIdx=0,changeCycle=0,myNode=493ace4f...,timecost=9.696
info|2020-01-05 03:00:41.497375|[g:1][CONSENSUS][PBFT]checkAndChangeView: Reach consensus,org_view=683,org_changeCycle=0,cur_changeCycle=0,to_view=684
info|2020-01-05 03:00:42.516494|[g:1][CONSENSUS][SEALER]++++++++++++++++ Generating seal on,blkNum=821,tx=0,nodeIdx=0,hash=de948bcb...
info|2020-01-05 03:00:42.555285|[g:1][CONSENSUS][PBFT]checkTimeout Succ,view=684,toView=685,nodeIdx=0,changeCycle=0,myNode=493ace4f...,timecost=0.432
info|2020-01-05 03:00:42.559197|[g:1][CONSENSUS][PBFT]checkAndChangeView: Reach consensus,org_view=684,org_changeCycle=0,cur_changeCycle=0,to_view=685
info|2020-01-05 03:00:43.485630|[P2P][Service] heartBeat,connected count=3
info|2020-01-05 03:00:43.551077|[g:1][CONSENSUS]addRawPrepare,height=821,reqIdx=1,hash=b962f6d7...
info|2020-01-05 03:00:43.551687|[g:1][CONSENSUS][PBFT]checkTimeout Succ,view=685,toView=686,nodeIdx=0,changeCycle=0,myNode=493ace4f...,timecost=0.536
info|2020-01-05 03:00:43.564410|[g:1][CONSENSUS][PBFT]checkAndChangeView: Reach consensus,org_view=685,org_changeCycle=0,cur_changeCycle=0,to_view=686
info|2020-01-05 03:00:44.569861|[g:1][CONSENSUS]addRawPrepare,height=821,reqIdx=2,hash=ae9a67c6...
info|2020-01-05 03:00:44.616951|[g:1][CONSENSUS][PBFT]checkTimeout Succ,view=686,toView=687,nodeIdx=0,changeCycle=0,myNode=493ace4f...,timecost=34.452
info|2020-01-05 03:00:44.643374|[g:1][CONSENSUS][PBFT]checkAndChangeView: Reach consensus,org_view=686,org_changeCycle=0,cur_changeCycle=0,to_view=687
info|2020-01-05 03:00:45.658127|[g:1][CONSENSUS]addRawPrepare,height=821,reqIdx=3,hash=dd3a34b8...
info|2020-01-05 03:00:45.684207|[g:1][CONSENSUS][PBFT]checkTimeout Succ,view=687,toView=688,nodeIdx=0,changeCycle=0,myNode=493ace4f...,timecost=25.601
info|2020-01-05 03:00:45.722775|[g:1][CONSENSUS][PBFT]checkAndChangeView: Reach consensus,org_view=687,org_changeCycle=0,cur_changeCycle=0,to_view=688
info|2020-01-05 03:00:46.722362|[g:1][CONSENSUS][SEALER]++++++++++++++++ Generating seal on,blkNum=821,tx=0,nodeIdx=0,hash=1aa47d46...
info|2020-01-05 03:00:46.725402|[g:1][CONSENSUS][PBFT]checkTimeout Succ,view=688,toView=689,nodeIdx=0,changeCycle=0,myNode=493ace4f...,timecost=1.244
info|2020-01-05 03:00:46.771166|[g:1][CONSENSUS][PBFT]checkAndChangeView: Reach consensus,org_view=688,org_changeCycle=0,cur_changeCycle=0,to_view=689
info|2020-01-05 03:00:47.797457|[g:1][CONSENSUS]addRawPrepare,height=821,reqIdx=1,hash=a15576bc...
info|2020-01-05 03:00:47.798480|[g:1][CONSENSUS][PBFT]checkTimeout Succ,view=689,toView=690,nodeIdx=0,changeCycle=0,myNode=493ace4f...,timecost=0.925
info|2020-01-05 03:00:47.837377|[g:1][CONSENSUS][PBFT]checkAndChangeView: Reach consensus,org_view=689,org_changeCycle=0,cur_changeCycle=0,to_view=690
info|2020-01-05 03:00:48.852934|[g:1][CONSENSUS]addRawPrepare,height=821,reqIdx=2,hash=405d8826...
info|2020-01-05 03:00:48.854354|[g:1][CONSENSUS][PBFT]checkTimeout Succ,view=690,toView=691,nodeIdx=0,changeCycle=0,myNode=493ace4f...,timecost=1.128
info|2020-01-05 03:00:48.883252|[g:1][CONSENSUS][PBFT]checkAndChangeView: Reach consensus,org_view=690,org_changeCycle=0,cur_changeCycle=0,to_view=691
info|2020-01-05 03:00:49.913129|[g:1][CONSENSUS]addRawPrepare,height=821,reqIdx=3,hash=9783c110...
info|2020-01-05 03:00:49.914710|[g:1][CONSENSUS][PBFT]checkTimeout Succ,view=691,toView=692,nodeIdx=0,changeCycle=0,myNode=493ace4f...,timecost=1.241
info|2020-01-05 03:00:49.944972|[g:1][CONSENSUS][PBFT]checkAndChangeView: Reach consensus,org_view=691,org_changeCycle=0,cur_changeCycle=0,to_view=692
info|2020-01-05 03:00:50.945858|[g:1][CONSENSUS][SEALER]++++++++++++++++ Generating seal on,blkNum=821,tx=0,nodeIdx=0,hash=462099da...
info|2020-01-05 03:00:51.014769|[g:1][CONSENSUS][PBFT]checkTimeout Succ,view=692,toView=693,nodeIdx=0,changeCycle=0,myNode=493ace4f...,timecost=1.238
info|2020-01-05 03:00:51.061830|[g:1][CONSENSUS][PBFT]checkAndChangeView: Reach consensus,org_view=692,org_changeCycle=0,cur_changeCycle=0,to_view=693
info|2020-01-05 03:00:52.098438|[g:1][CONSENSUS]addRawPrepare,height=821,reqIdx=1,hash=3fe47e2f...
info|2020-01-05 03:00:52.099405|[g:1][CONSENSUS][PBFT]checkTimeout Succ,view=693,toView=694,nodeIdx=0,changeCycle=0,myNode=493ace4f...,timecost=0.652
info|2020-01-05 03:00:52.133243|[g:1][CONSENSUS][PBFT]checkAndChangeView: Reach consensus,org_view=693,org_changeCycle=0,cur_changeCycle=0,to_view=694
info|2020-01-05 03:00:53.155719|[g:1][CONSENSUS]addRawPrepare,height=821,reqIdx=2,hash=cd2488a1...
info|2020-01-05 03:00:53.160497|[g:1][CONSENSUS][PBFT]checkTimeout Succ,view=694,toView=695,nodeIdx=0,changeCycle=0,myNode=493ace4f...,timecost=2.087
info|2020-01-05 03:00:53.178855|[g:1][CONSENSUS][PBFT]checkAndChangeView: Reach consensus,org_view=694,org_changeCycle=0,cur_changeCycle=0,to_view=695
info|2020-01-05 03:00:53.486328|[P2P][Service] heartBeat,connected count=3
info|2020-01-05 03:00:54.553962|[g:1][CONSENSUS][PBFT]Trigger fast-viewchange,view=695,toView=695,minView=696,INFO=,reqNum=820,curNum=820,GenIdx=1,Cview=696,view=695,fromIdx=1,fromNode=546baaf5...,fromIp=127.0.0.1:37758,hash=49b94584...,nodeIdx=0,myNode=493ace4f...
info|2020-01-05 03:00:54.556042|[g:1][CONSENSUS][PBFT]checkAndChangeView: Reach consensus,org_view=695,org_changeCycle=0,cur_changeCycle=0,to_view=696
info|2020-01-05 03:00:54.556474|[g:1][CONSENSUS][PBFT]checkTimeout Succ,view=696,toView=696,nodeIdx=0,changeCycle=0,myNode=493ace4f...,timecost=2.27
info|2020-01-05 03:00:55.556430|[g:1][CONSENSUS][SEALER]++++++++++++++++ Generating seal on,blkNum=821,tx=0,nodeIdx=0,hash=f6ec2963...
info|2020-01-05 03:00:55.576733|[g:1][CONSENSUS][PBFT]checkTimeout Succ,view=696,toView=697,nodeIdx=0,changeCycle=0,myNode=493ace4f...,timecost=17.779
info|2020-01-05 03:00:55.636549|[g:1][CONSENSUS][PBFT]checkAndChangeView: Reach consensus,org_view=696,org_changeCycle=0,cur_changeCycle=0,to_view=697
info|2020-01-05 03:00:56.630960|[g:1][CONSENSUS]addRawPrepare,height=821,reqIdx=1,hash=d3d99f37...
info|2020-01-05 03:00:56.649436|[g:1][CONSENSUS][PBFT]checkTimeout Succ,view=697,toView=698,nodeIdx=0,changeCycle=0,myNode=493ace4f...,timecost=15.785
info|2020-01-05 03:00:56.681758|[g:1][CONSENSUS][PBFT]checkAndChangeView: Reach consensus,org_view=697,org_changeCycle=0,cur_changeCycle=0,to_view=698
info|2020-01-05 03:00:57.726041|[g:1][CONSENSUS]addRawPrepare,height=821,reqIdx=2,hash=b18ca1f4...
info|2020-01-05 03:00:57.733246|[g:1][CONSENSUS][PBFT]checkTimeout Succ,view=698,toView=699,nodeIdx=0,changeCycle=0,myNode=493ace4f...,timecost=6.943
info|2020-01-05 03:00:57.742931|[g:1][CONSENSUS][PBFT]checkAndChangeView: Reach consensus,org_view=698,org_changeCycle=0,cur_changeCycle=0,to_view=699
info|2020-01-05 03:00:58.734080|[g:1][CONSENSUS]addRawPrepare,height=821,reqIdx=3,hash=5c0c9c6c...
info|2020-01-05 03:00:58.735165|[g:1][CONSENSUS][PBFT]checkTimeout Succ,view=699,toView=700,nodeIdx=0,changeCycle=0,myNode=493ace4f...,timecost=0.755
info|2020-01-05 03:00:58.757010|[g:1][CONSENSUS][PBFT]checkAndChangeView: Reach consensus,org_view=699,org_changeCycle=0,cur_changeCycle=0,to_view=700
info|2020-01-05 03:00:59.757435|[g:1][CONSENSUS][SEALER]++++++++++++++++ Generating seal on,blkNum=821,tx=0,nodeIdx=0,hash=28a2032a...
info|2020-01-05 03:00:59.807614|[g:1][CONSENSUS][PBFT]checkTimeout Succ,view=700,toView=701,nodeIdx=0,changeCycle=0,myNode=493ace4f...,timecost=0.748
info|2020-01-05 03:00:59.814005|[g:1][CONSENSUS][PBFT]checkAndChangeView: Reach consensus,org_view=700,org_changeCycle=0,cur_changeCycle=0,to_view=701
info|2020-01-05 03:01:00.868615|[g:1][CONSENSUS]addRawPrepare,height=821,reqIdx=1,hash=c4a2467d...
info|2020-01-05 03:01:00.871185|[g:1][CONSENSUS][PBFT]checkTimeout Succ,view=701,toView=702,nodeIdx=0,changeCycle=0,myNode=493ace4f...,timecost=12.229
info|2020-01-05 03:01:00.898374|[g:1][CONSENSUS][PBFT]checkAndChangeView: Reach consensus,org_view=701,org_changeCycle=0,cur_changeCycle=0,to_view=702
info|2020-01-05 03:01:01.930653|[g:1][CONSENSUS]addRawPrepare,height=821,reqIdx=2,hash=d577a461...
info|2020-01-05 03:01:01.937189|[g:1][CONSENSUS][PBFT]checkTimeout Succ,view=702,toView=703,nodeIdx=0,changeCycle=0,myNode=493ace4f...,timecost=6.131
info|2020-01-05 03:01:01.949756|[g:1][CONSENSUS][PBFT]checkAndChangeView: Reach consensus,org_view=702,org_changeCycle=0,cur_changeCycle=0,to_view=703
info|2020-01-05 03:01:03.004710|[g:1][CONSENSUS]addRawPrepare,height=821,reqIdx=3,hash=54d774b9...
info|2020-01-05 03:01:03.096472|[g:1][CONSENSUS][PBFT]checkTimeout Succ,view=703,toView=704,nodeIdx=0,changeCycle=0,myNode=493ace4f...,timecost=83.494
info|2020-01-05 03:01:03.133382|[g:1][CONSENSUS][PBFT]checkAndChangeView: Reach consensus,org_view=703,org_changeCycle=0,cur_changeCycle=0,to_view=704
info|2020-01-05 03:01:03.488800|[P2P][Service] heartBeat,connected count=3
info|2020-01-05 03:01:04.137504|[g:1][CONSENSUS][SEALER]++++++++++++++++ Generating seal on,blkNum=821,tx=0,nodeIdx=0,hash=6240cfac...
info|2020-01-05 03:01:04.222202|[g:1][CONSENSUS][PBFT]checkTimeout Succ,view=704,toView=705,nodeIdx=0,changeCycle=0,myNode=493ace4f...,timecost=21.76
info|2020-01-05 03:01:04.261008|[g:1][CONSENSUS][PBFT]checkAndChangeView: Reach consensus,org_view=704,org_changeCycle=0,cur_changeCycle=0,to_view=705
info|2020-01-05 03:01:05.362623|[g:1][CONSENSUS]addRawPrepare,height=821,reqIdx=1,hash=295c1cac...
info|2020-01-05 03:01:05.381674|[g:1][CONSENSUS][PBFT]checkTimeout Succ,view=705,toView=706,nodeIdx=0,changeCycle=0,myNode=493ace4f...,timecost=13.348
info|2020-01-05 03:01:05.439291|[g:1][CONSENSUS][PBFT]checkAndChangeView: Reach consensus,org_view=705,org_changeCycle=0,cur_changeCycle=0,to_view=706
info|2020-01-05 03:01:07.648462|[g:1][CONSENSUS]addRawPrepare,height=821,reqIdx=2,hash=4978132f...
info|2020-01-05 03:01:07.652373|[g:1][CONSENSUS][PBFT]checkTimeout Succ,view=706,toView=707,nodeIdx=0,changeCycle=0,myNode=493ace4f...,timecost=3.856
info|2020-01-05 03:01:07.975301|[g:1][CONSENSUS][PBFT]checkAndChangeView: Reach consensus,org_view=706,org_changeCycle=0,cur_changeCycle=0,to_view=707
